*nic8*
30 tests ran; all pass.
Assembled examples...
fibForever:
int program[] = {0x04, 0x01, 0x2d, 0x17, 0x29, 0x35, 0x06, 0x02, 0xf3};
  0: 00000000 : (0x04) 00000100 : LIA
  1: 00000001 : (0x01) 00000001 : IMM 1
  2: 00000010 : (0x2d) 00101101 : OUT
  3: 00000011 : (0x17) 00010111 : ADDX
  4: 00000100 : (0x29) 00101001 : TAB
  5: 00000101 : (0x35) 00110101 : TXA
  6: 00000110 : (0x06) 00000110 : LIX
  7: 00000111 : (0x02) 00000010 : IMM 2
  8: 00001000 : (0xf3) 11110011 : JXU
Left (OutOfGas,[1,1,2,3,5,8,13,21,34,55,89,144,233,121,98,219,61,24,85,109,194,47,241,32,17])
openCountLoop:
int program[] = {0x08, 0x01, 0x15, 0x2d};
  0: 00000000 : (0x08) 00001000 : LIB
  1: 00000001 : (0x01) 00000001 : IMM 1
  2: 00000010 : (0x15) 00010101 : ADD
  3: 00000011 : (0x2d) 00101101 : OUT
Left (OutOfGas,[1,2])
tightCountLoop:
int program[] = {0x08, 0x01, 0x06, 0x04, 0x15, 0x2d, 0xf3};
  0: 00000000 : (0x08) 00001000 : LIB
  1: 00000001 : (0x01) 00000001 : IMM 1
  2: 00000010 : (0x06) 00000110 : LIX
  3: 00000011 : (0x04) 00000100 : IMM 4
  4: 00000100 : (0x15) 00010101 : ADD
  5: 00000101 : (0x2d) 00101101 : OUT
  6: 00000110 : (0xf3) 11110011 : JXU
Left (OutOfGas,[1,2,3,4,5,6,7,8,9,10,11,12,13,14,15,16,17,18,19,20,21,22,23,24,25,26,27,28,29,30,31,32,33,34,35,36,37,38,39,40,41,42,43,44,45,46,47,48,49])
varProg0:
int program[] = {0x08, 0x01, 0x06, 0x0b, 0x05, 0x2d, 0x15, 0x2b, 0x06, 0x02, 0xf3, 0x11};
  0: 00000000 : (0x08) 00001000 : LIB
  1: 00000001 : (0x01) 00000001 : IMM 1
  2: 00000010 : (0x06) 00000110 : LIX
  3: 00000011 : (0x0b) 00001011 : IMM 11
  4: 00000100 : (0x05) 00000101 : LXA
  5: 00000101 : (0x2d) 00101101 : OUT
  6: 00000110 : (0x15) 00010101 : ADD
  7: 00000111 : (0x2b) 00101011 : SXA
  8: 00001000 : (0x06) 00000110 : LIX
  9: 00001001 : (0x02) 00000010 : IMM 2
 10: 00001010 : (0xf3) 11110011 : JXU
 11: 00001011 : (0x11) 00010001 : IMM 17
Left (OutOfGas,[17,18,19,20,21,22,23,24,25,26,27,28,29,30,31,32,33,34,35,36,37])
countdownForeverZ:
int program[] = {0x08, 0x01, 0x04, 0x05, 0x2d, 0x06, 0x02, 0x73, 0x55, 0x06, 0x04, 0xf3};
  0: 00000000 : (0x08) 00001000 : LIB
  1: 00000001 : (0x01) 00000001 : IMM 1
  2: 00000010 : (0x04) 00000100 : LIA
  3: 00000011 : (0x05) 00000101 : IMM 5
  4: 00000100 : (0x2d) 00101101 : OUT
  5: 00000101 : (0x06) 00000110 : LIX
  6: 00000110 : (0x02) 00000010 : IMM 2
  7: 00000111 : (0x73) 01110011 : JXZ
  8: 00001000 : (0x55) 01010101 : SUB
  9: 00001001 : (0x06) 00000110 : LIX
 10: 00001010 : (0x04) 00000100 : IMM 4
 11: 00001011 : (0xf3) 11110011 : JXU
Left (OutOfGas,[5,4,3,2,1,0,5,4,3,2,1,0,5,4,3,2,1,0,5,4,3,2,1,0,5,4])
countdownForeverC:
int program[] = {0x08, 0x01, 0x04, 0x05, 0x2d, 0x55, 0x06, 0x04, 0xb3, 0x06, 0x02, 0xf3};
  0: 00000000 : (0x08) 00001000 : LIB
  1: 00000001 : (0x01) 00000001 : IMM 1
  2: 00000010 : (0x04) 00000100 : LIA
  3: 00000011 : (0x05) 00000101 : IMM 5
  4: 00000100 : (0x2d) 00101101 : OUT
  5: 00000101 : (0x55) 01010101 : SUB
  6: 00000110 : (0x06) 00000110 : LIX
  7: 00000111 : (0x04) 00000100 : IMM 4
  8: 00001000 : (0xb3) 10110011 : JXC
  9: 00001001 : (0x06) 00000110 : LIX
 10: 00001010 : (0x02) 00000010 : IMM 2
 11: 00001011 : (0xf3) 11110011 : JXU
Left (OutOfGas,[5,4,3,2,1,0,5,4,3,2,1,0,5,4,3,2,1,0,5,4,3,2,1,0,5,4,3,2,1,0,5,4,3,2])
primes:
int program[] = {0x0c, 0x02, 0x04, 0x3e, 0x06, 0x3d, 0x2b, 0x27, 0x07, 0x35, 0x06, 0x24, 0x73, 0x29, 0x06, 0x3c, 0x05, 0x55, 0x06, 0x2c, 0x73, 0x06, 0x11, 0xb3, 0x06, 0x3d, 0x05, 0x08, 0x01, 0x15, 0x06, 0x3d, 0x2b, 0x06, 0x07, 0xf3, 0x06, 0x3c, 0x05, 0x2d, 0x06, 0x3d, 0x07, 0x2b, 0x06, 0x3c, 0x05, 0x08, 0x02, 0x15, 0x06, 0x3c, 0x2b, 0x06, 0x3b, 0xb3, 0x06, 0x02, 0xf3, 0xff, 0x03, 0x3e};
  0: 00000000 : (0x0c) 00001100 : OUTI
  1: 00000001 : (0x02) 00000010 : IMM 2
  2: 00000010 : (0x04) 00000100 : LIA
  3: 00000011 : (0x3e) 00111110 : IMM 62
  4: 00000100 : (0x06) 00000110 : LIX
  5: 00000101 : (0x3d) 00111101 : IMM 61
  6: 00000110 : (0x2b) 00101011 : SXA
  7: 00000111 : (0x27) 00100111 : TAX
  8: 00001000 : (0x07) 00000111 : LXX
  9: 00001001 : (0x35) 00110101 : TXA
 10: 00001010 : (0x06) 00000110 : LIX
 11: 00001011 : (0x24) 00100100 : IMM 36
 12: 00001100 : (0x73) 01110011 : JXZ
 13: 00001101 : (0x29) 00101001 : TAB
 14: 00001110 : (0x06) 00000110 : LIX
 15: 00001111 : (0x3c) 00111100 : IMM 60
 16: 00010000 : (0x05) 00000101 : LXA
 17: 00010001 : (0x55) 01010101 : SUB
 18: 00010010 : (0x06) 00000110 : LIX
 19: 00010011 : (0x2c) 00101100 : IMM 44
 20: 00010100 : (0x73) 01110011 : JXZ
 21: 00010101 : (0x06) 00000110 : LIX
 22: 00010110 : (0x11) 00010001 : IMM 17
 23: 00010111 : (0xb3) 10110011 : JXC
 24: 00011000 : (0x06) 00000110 : LIX
 25: 00011001 : (0x3d) 00111101 : IMM 61
 26: 00011010 : (0x05) 00000101 : LXA
 27: 00011011 : (0x08) 00001000 : LIB
 28: 00011100 : (0x01) 00000001 : IMM 1
 29: 00011101 : (0x15) 00010101 : ADD
 30: 00011110 : (0x06) 00000110 : LIX
 31: 00011111 : (0x3d) 00111101 : IMM 61
 32: 00100000 : (0x2b) 00101011 : SXA
 33: 00100001 : (0x06) 00000110 : LIX
 34: 00100010 : (0x07) 00000111 : IMM 7
 35: 00100011 : (0xf3) 11110011 : JXU
 36: 00100100 : (0x06) 00000110 : LIX
 37: 00100101 : (0x3c) 00111100 : IMM 60
 38: 00100110 : (0x05) 00000101 : LXA
 39: 00100111 : (0x2d) 00101101 : OUT
 40: 00101000 : (0x06) 00000110 : LIX
 41: 00101001 : (0x3d) 00111101 : IMM 61
 42: 00101010 : (0x07) 00000111 : LXX
 43: 00101011 : (0x2b) 00101011 : SXA
 44: 00101100 : (0x06) 00000110 : LIX
 45: 00101101 : (0x3c) 00111100 : IMM 60
 46: 00101110 : (0x05) 00000101 : LXA
 47: 00101111 : (0x08) 00001000 : LIB
 48: 00110000 : (0x02) 00000010 : IMM 2
 49: 00110001 : (0x15) 00010101 : ADD
 50: 00110010 : (0x06) 00000110 : LIX
 51: 00110011 : (0x3c) 00111100 : IMM 60
 52: 00110100 : (0x2b) 00101011 : SXA
 53: 00110101 : (0x06) 00000110 : LIX
 54: 00110110 : (0x3b) 00111011 : IMM 59
 55: 00110111 : (0xb3) 10110011 : JXC
 56: 00111000 : (0x06) 00000110 : LIX
 57: 00111001 : (0x02) 00000010 : IMM 2
 58: 00111010 : (0xf3) 11110011 : JXU
 59: 00111011 : (0xff) 11111111 : HLT
 60: 00111100 : (0x03) 00000011 : IMM 3
 61: 00111101 : (0x3e) 00111110 : IMM 62
Left (OutOfGas,[2,3,5,7])
