*nic8 simulation*
-------------------------------------------------------
ticks(^)   PC AR BR XR IR  MEAX IPAXBMQ  i j  OUT  dbus
-------------------------------------------------------
   0(neg)  00 00 00 00 00 |1000|1000000| 1 0 {00}  55
   0(neg)  00 00 00 00 00 |1000|1000000| 1 0 {00}  08
   0(pos)  00 00 00 00 00 |1000|1000000| 1 0 {00}  08
   1(pos)  01 00 00 00 08 |1000|0000100| 1 0 {00}  01
   1(neg)  01 00 00 00 08 |1000|0000100| 1 0 {00}  01
   1(neg)  01 00 00 00 08 |1000|0000100| 1 0 {00}  01
   1(pos)  01 00 00 00 08 |1000|0000100| 1 0 {00}  01
   2(pos)  02 00 01 00 00 |1000|1000000| 1 0 {00}  04
   2(neg)  02 00 01 00 00 |1000|1000000| 1 0 {00}  04
   2(neg)  02 00 01 00 00 |1000|1000000| 1 0 {00}  04
   2(pos)  02 00 01 00 00 |1000|1000000| 1 0 {00}  04
   3(pos)  03 00 01 00 04 |1000|0010000| 1 0 {00}  05
   3(neg)  03 00 01 00 04 |1000|0010000| 1 0 {00}  05
   3(neg)  03 00 01 00 04 |1000|0010000| 1 0 {00}  05
   3(pos)  03 00 01 00 04 |1000|0010000| 1 0 {00}  05
   4(pos)  04 05 01 00 00 |1000|1000000| 1 0 {00}  2d
   4(neg)  04 05 01 00 00 |1000|1000000| 1 0 {00}  2d
   4(neg)  04 05 01 00 00 |1000|1000000| 1 0 {00}  2d
   4(pos)  04 05 01 00 00 |1000|1000000| 1 0 {00}  2d
   5(pos)  05 05 01 00 2d |0010|0000001| 0 0 {00}  05
   5(neg)  05 05 01 00 2d |0010|0000001| 0 0 {00}  05
   5(neg)  05 05 01 00 2d |0010|0000001| 0 0 {00}  05
   5(pos)  05 05 01 00 2d |0010|0000001| 0 0 {00}  05
   6(pos)  05 05 01 00 00 |1000|1000000| 1 0 {05}  06
   6(neg)  05 05 01 00 00 |1000|1000000| 1 0 {05}  06
   6(neg)  05 05 01 00 00 |1000|1000000| 1 0 {05}  06
   6(pos)  05 05 01 00 00 |1000|1000000| 1 0 {05}  06
   7(pos)  06 05 01 00 06 |1000|0001000| 1 0 {05}  02
   7(neg)  06 05 01 00 06 |1000|0001000| 1 0 {05}  02
   7(neg)  06 05 01 00 06 |1000|0001000| 1 0 {05}  02
   7(pos)  06 05 01 00 06 |1000|0001000| 1 0 {05}  02
   8(pos)  07 05 01 02 00 |1000|1000000| 1 0 {05}  73
   8(neg)  07 05 01 02 00 |1000|1000000| 1 0 {05}  73
   8(neg)  07 05 01 02 00 |1000|1000000| 1 0 {05}  73
   8(pos)  07 05 01 02 00 |1000|1000000| 1 0 {05}  73
   9(pos)  08 05 01 02 73 |0001|0100000| 0 0 {05}  02
   9(neg)  08 05 01 02 73 |0001|0100000| 0 0 {05}  02
   9(neg)  08 05 01 02 73 |0001|0100000| 0 0 {05}  02
   9(pos)  08 05 01 02 73 |0001|0100000| 0 0 {05}  02
  10(pos)  08 05 01 02 00 |1000|1000000| 1 0 {05}  55
  10(neg)  08 05 01 02 00 |1000|1000000| 1 0 {05}  55
  10(neg)  08 05 01 02 00 |1000|1000000| 1 0 {05}  55
  10(pos)  08 05 01 02 00 |1000|1000000| 1 0 {05}  55
  11(pos)  09 05 01 02 55 |0100|0010000| 0 0 {05}  04
  11(neg)  09 05 01 02 55 |0100|0010000| 0 0 {05}  04
  11(neg)  09 05 01 02 55 |0100|0010000| 0 0 {05}  04
  11(pos)  09 05 01 02 55 |0100|0010000| 0 0 {05}  04
  12(pos)  09 04 01 02 00 |1000|1000000| 1 0 {05}  c2
  12(neg)  09 04 01 02 00 |1000|1000000| 1 0 {05}  c2
  12(neg)  09 04 01 02 00 |1000|1000000| 1 0 {05}  c2
  12(pos)  09 04 01 02 00 |1000|1000000| 1 0 {05}  c2
  13(pos)  0a 04 01 02 c2 |1000|0100000| 1 1 {05}  04
  13(neg)  0a 04 01 02 c2 |1000|0100000| 1 1 {05}  04
  13(neg)  0a 04 01 02 c2 |1000|0100000| 1 1 {05}  04
  13(pos)  0a 04 01 02 c2 |1000|0100000| 1 1 {05}  04
  14(pos)  04 04 01 02 00 |1000|1000000| 1 0 {05}  2d
  14(neg)  04 04 01 02 00 |1000|1000000| 1 0 {05}  2d
  14(neg)  04 04 01 02 00 |1000|1000000| 1 0 {05}  2d
  14(pos)  04 04 01 02 00 |1000|1000000| 1 0 {05}  2d
  15(pos)  05 04 01 02 2d |0010|0000001| 0 0 {05}  04
  15(neg)  05 04 01 02 2d |0010|0000001| 0 0 {05}  04
  15(neg)  05 04 01 02 2d |0010|0000001| 0 0 {05}  04
  15(pos)  05 04 01 02 2d |0010|0000001| 0 0 {05}  04
  16(pos)  05 04 01 02 00 |1000|1000000| 1 0 {04}  06
  16(neg)  05 04 01 02 00 |1000|1000000| 1 0 {04}  06
  16(neg)  05 04 01 02 00 |1000|1000000| 1 0 {04}  06
  16(pos)  05 04 01 02 00 |1000|1000000| 1 0 {04}  06
  17(pos)  06 04 01 02 06 |1000|0001000| 1 0 {04}  02
  17(neg)  06 04 01 02 06 |1000|0001000| 1 0 {04}  02
  17(neg)  06 04 01 02 06 |1000|0001000| 1 0 {04}  02
  17(pos)  06 04 01 02 06 |1000|0001000| 1 0 {04}  02
  18(pos)  07 04 01 02 00 |1000|1000000| 1 0 {04}  73
  18(neg)  07 04 01 02 00 |1000|1000000| 1 0 {04}  73
  18(neg)  07 04 01 02 00 |1000|1000000| 1 0 {04}  73
  18(pos)  07 04 01 02 00 |1000|1000000| 1 0 {04}  73
  19(pos)  08 04 01 02 73 |0001|0100000| 0 0 {04}  02
  19(neg)  08 04 01 02 73 |0001|0100000| 0 0 {04}  02
  19(neg)  08 04 01 02 73 |0001|0100000| 0 0 {04}  02
  19(pos)  08 04 01 02 73 |0001|0100000| 0 0 {04}  02
  20(pos)  08 04 01 02 00 |1000|1000000| 1 0 {04}  55
  20(neg)  08 04 01 02 00 |1000|1000000| 1 0 {04}  55
  20(neg)  08 04 01 02 00 |1000|1000000| 1 0 {04}  55
  20(pos)  08 04 01 02 00 |1000|1000000| 1 0 {04}  55
  21(pos)  09 04 01 02 55 |0100|0010000| 0 0 {04}  03
  21(neg)  09 04 01 02 55 |0100|0010000| 0 0 {04}  03
  21(neg)  09 04 01 02 55 |0100|0010000| 0 0 {04}  03
  21(pos)  09 04 01 02 55 |0100|0010000| 0 0 {04}  03
  22(pos)  09 03 01 02 00 |1000|1000000| 1 0 {04}  c2
  22(neg)  09 03 01 02 00 |1000|1000000| 1 0 {04}  c2
  22(neg)  09 03 01 02 00 |1000|1000000| 1 0 {04}  c2
  22(pos)  09 03 01 02 00 |1000|1000000| 1 0 {04}  c2
  23(pos)  0a 03 01 02 c2 |1000|0100000| 1 1 {04}  04
  23(neg)  0a 03 01 02 c2 |1000|0100000| 1 1 {04}  04
  23(neg)  0a 03 01 02 c2 |1000|0100000| 1 1 {04}  04
  23(pos)  0a 03 01 02 c2 |1000|0100000| 1 1 {04}  04
  24(pos)  04 03 01 02 00 |1000|1000000| 1 0 {04}  2d
  24(neg)  04 03 01 02 00 |1000|1000000| 1 0 {04}  2d
  24(neg)  04 03 01 02 00 |1000|1000000| 1 0 {04}  2d
  24(pos)  04 03 01 02 00 |1000|1000000| 1 0 {04}  2d
  25(pos)  05 03 01 02 2d |0010|0000001| 0 0 {04}  03
  25(neg)  05 03 01 02 2d |0010|0000001| 0 0 {04}  03
  25(neg)  05 03 01 02 2d |0010|0000001| 0 0 {04}  03
  25(pos)  05 03 01 02 2d |0010|0000001| 0 0 {04}  03
  26(pos)  05 03 01 02 00 |1000|1000000| 1 0 {03}  06
  26(neg)  05 03 01 02 00 |1000|1000000| 1 0 {03}  06
  26(neg)  05 03 01 02 00 |1000|1000000| 1 0 {03}  06
  26(pos)  05 03 01 02 00 |1000|1000000| 1 0 {03}  06
  27(pos)  06 03 01 02 06 |1000|0001000| 1 0 {03}  02
  27(neg)  06 03 01 02 06 |1000|0001000| 1 0 {03}  02
  27(neg)  06 03 01 02 06 |1000|0001000| 1 0 {03}  02
  27(pos)  06 03 01 02 06 |1000|0001000| 1 0 {03}  02
  28(pos)  07 03 01 02 00 |1000|1000000| 1 0 {03}  73
  28(neg)  07 03 01 02 00 |1000|1000000| 1 0 {03}  73
  28(neg)  07 03 01 02 00 |1000|1000000| 1 0 {03}  73
  28(pos)  07 03 01 02 00 |1000|1000000| 1 0 {03}  73
  29(pos)  08 03 01 02 73 |0001|0100000| 0 0 {03}  02
  29(neg)  08 03 01 02 73 |0001|0100000| 0 0 {03}  02
  29(neg)  08 03 01 02 73 |0001|0100000| 0 0 {03}  02
  29(pos)  08 03 01 02 73 |0001|0100000| 0 0 {03}  02
  30(pos)  08 03 01 02 00 |1000|1000000| 1 0 {03}  55
  30(neg)  08 03 01 02 00 |1000|1000000| 1 0 {03}  55
  30(neg)  08 03 01 02 00 |1000|1000000| 1 0 {03}  55
  30(pos)  08 03 01 02 00 |1000|1000000| 1 0 {03}  55
  31(pos)  09 03 01 02 55 |0100|0010000| 0 0 {03}  02
  31(neg)  09 03 01 02 55 |0100|0010000| 0 0 {03}  02
  31(neg)  09 03 01 02 55 |0100|0010000| 0 0 {03}  02
  31(pos)  09 03 01 02 55 |0100|0010000| 0 0 {03}  02
  32(pos)  09 02 01 02 00 |1000|1000000| 1 0 {03}  c2
  32(neg)  09 02 01 02 00 |1000|1000000| 1 0 {03}  c2
  32(neg)  09 02 01 02 00 |1000|1000000| 1 0 {03}  c2
  32(pos)  09 02 01 02 00 |1000|1000000| 1 0 {03}  c2
  33(pos)  0a 02 01 02 c2 |1000|0100000| 1 1 {03}  04
  33(neg)  0a 02 01 02 c2 |1000|0100000| 1 1 {03}  04
  33(neg)  0a 02 01 02 c2 |1000|0100000| 1 1 {03}  04
  33(pos)  0a 02 01 02 c2 |1000|0100000| 1 1 {03}  04
  34(pos)  04 02 01 02 00 |1000|1000000| 1 0 {03}  2d
  34(neg)  04 02 01 02 00 |1000|1000000| 1 0 {03}  2d
  34(neg)  04 02 01 02 00 |1000|1000000| 1 0 {03}  2d
  34(pos)  04 02 01 02 00 |1000|1000000| 1 0 {03}  2d
  35(pos)  05 02 01 02 2d |0010|0000001| 0 0 {03}  02
  35(neg)  05 02 01 02 2d |0010|0000001| 0 0 {03}  02
  35(neg)  05 02 01 02 2d |0010|0000001| 0 0 {03}  02
  35(pos)  05 02 01 02 2d |0010|0000001| 0 0 {03}  02
  36(pos)  05 02 01 02 00 |1000|1000000| 1 0 {02}  06
  36(neg)  05 02 01 02 00 |1000|1000000| 1 0 {02}  06
  36(neg)  05 02 01 02 00 |1000|1000000| 1 0 {02}  06
  36(pos)  05 02 01 02 00 |1000|1000000| 1 0 {02}  06
  37(pos)  06 02 01 02 06 |1000|0001000| 1 0 {02}  02
  37(neg)  06 02 01 02 06 |1000|0001000| 1 0 {02}  02
  37(neg)  06 02 01 02 06 |1000|0001000| 1 0 {02}  02
  37(pos)  06 02 01 02 06 |1000|0001000| 1 0 {02}  02
  38(pos)  07 02 01 02 00 |1000|1000000| 1 0 {02}  73
  38(neg)  07 02 01 02 00 |1000|1000000| 1 0 {02}  73
  38(neg)  07 02 01 02 00 |1000|1000000| 1 0 {02}  73
  38(pos)  07 02 01 02 00 |1000|1000000| 1 0 {02}  73
  39(pos)  08 02 01 02 73 |0001|0100000| 0 0 {02}  02
  39(neg)  08 02 01 02 73 |0001|0100000| 0 0 {02}  02
  39(neg)  08 02 01 02 73 |0001|0100000| 0 0 {02}  02
  39(pos)  08 02 01 02 73 |0001|0100000| 0 0 {02}  02
  40(pos)  08 02 01 02 00 |1000|1000000| 1 0 {02}  55
  40(neg)  08 02 01 02 00 |1000|1000000| 1 0 {02}  55
  40(neg)  08 02 01 02 00 |1000|1000000| 1 0 {02}  55
  40(pos)  08 02 01 02 00 |1000|1000000| 1 0 {02}  55
  41(pos)  09 02 01 02 55 |0100|0010000| 0 0 {02}  01
  41(neg)  09 02 01 02 55 |0100|0010000| 0 0 {02}  01
  41(neg)  09 02 01 02 55 |0100|0010000| 0 0 {02}  01
  41(pos)  09 02 01 02 55 |0100|0010000| 0 0 {02}  01
  42(pos)  09 01 01 02 00 |1000|1000000| 1 0 {02}  c2
  42(neg)  09 01 01 02 00 |1000|1000000| 1 0 {02}  c2
  42(neg)  09 01 01 02 00 |1000|1000000| 1 0 {02}  c2
  42(pos)  09 01 01 02 00 |1000|1000000| 1 0 {02}  c2
  43(pos)  0a 01 01 02 c2 |1000|0100000| 1 1 {02}  04
  43(neg)  0a 01 01 02 c2 |1000|0100000| 1 1 {02}  04
  43(neg)  0a 01 01 02 c2 |1000|0100000| 1 1 {02}  04
  43(pos)  0a 01 01 02 c2 |1000|0100000| 1 1 {02}  04
  44(pos)  04 01 01 02 00 |1000|1000000| 1 0 {02}  2d
  44(neg)  04 01 01 02 00 |1000|1000000| 1 0 {02}  2d
  44(neg)  04 01 01 02 00 |1000|1000000| 1 0 {02}  2d
  44(pos)  04 01 01 02 00 |1000|1000000| 1 0 {02}  2d
  45(pos)  05 01 01 02 2d |0010|0000001| 0 0 {02}  01
  45(neg)  05 01 01 02 2d |0010|0000001| 0 0 {02}  01
  45(neg)  05 01 01 02 2d |0010|0000001| 0 0 {02}  01
  45(pos)  05 01 01 02 2d |0010|0000001| 0 0 {02}  01
  46(pos)  05 01 01 02 00 |1000|1000000| 1 0 {01}  06
  46(neg)  05 01 01 02 00 |1000|1000000| 1 0 {01}  06
  46(neg)  05 01 01 02 00 |1000|1000000| 1 0 {01}  06
  46(pos)  05 01 01 02 00 |1000|1000000| 1 0 {01}  06
  47(pos)  06 01 01 02 06 |1000|0001000| 1 0 {01}  02
  47(neg)  06 01 01 02 06 |1000|0001000| 1 0 {01}  02
  47(neg)  06 01 01 02 06 |1000|0001000| 1 0 {01}  02
  47(pos)  06 01 01 02 06 |1000|0001000| 1 0 {01}  02
  48(pos)  07 01 01 02 00 |1000|1000000| 1 0 {01}  73
  48(neg)  07 01 01 02 00 |1000|1000000| 1 0 {01}  73
  48(neg)  07 01 01 02 00 |1000|1000000| 1 0 {01}  73
  48(pos)  07 01 01 02 00 |1000|1000000| 1 0 {01}  73
  49(pos)  08 01 01 02 73 |0001|0100000| 0 0 {01}  02
  49(neg)  08 01 01 02 73 |0001|0100000| 0 0 {01}  02
  49(neg)  08 01 01 02 73 |0001|0100000| 0 0 {01}  02
  49(pos)  08 01 01 02 73 |0001|0100000| 0 0 {01}  02
  50(pos)  08 01 01 02 00 |1000|1000000| 1 0 {01}  55
  50(neg)  08 01 01 02 00 |1000|1000000| 1 0 {01}  55
  50(neg)  08 01 01 02 00 |1000|1000000| 1 0 {01}  55
  50(pos)  08 01 01 02 00 |1000|1000000| 1 0 {01}  55
  51(pos)  09 01 01 02 55 |0100|0010000| 0 0 {01}  00
  51(neg)  09 01 01 02 55 |0100|0010000| 0 0 {01}  00
  51(neg)  09 01 01 02 55 |0100|0010000| 0 0 {01}  00
  51(pos)  09 01 01 02 55 |0100|0010000| 0 0 {01}  00
  52(pos)  09 00 01 02 00 |1000|1000000| 1 0 {01}  c2
  52(neg)  09 00 01 02 00 |1000|1000000| 1 0 {01}  c2
  52(neg)  09 00 01 02 00 |1000|1000000| 1 0 {01}  c2
  52(pos)  09 00 01 02 00 |1000|1000000| 1 0 {01}  c2
  53(pos)  0a 00 01 02 c2 |1000|0100000| 1 1 {01}  04
  53(neg)  0a 00 01 02 c2 |1000|0100000| 1 1 {01}  04
  53(neg)  0a 00 01 02 c2 |1000|0100000| 1 1 {01}  04
  53(pos)  0a 00 01 02 c2 |1000|0100000| 1 1 {01}  04
  54(pos)  04 00 01 02 00 |1000|1000000| 1 0 {01}  2d
  54(neg)  04 00 01 02 00 |1000|1000000| 1 0 {01}  2d
  54(neg)  04 00 01 02 00 |1000|1000000| 1 0 {01}  2d
  54(pos)  04 00 01 02 00 |1000|1000000| 1 0 {01}  2d
  55(pos)  05 00 01 02 2d |0010|0000001| 0 0 {01}  00
  55(neg)  05 00 01 02 2d |0010|0000001| 0 0 {01}  00
  55(neg)  05 00 01 02 2d |0010|0000001| 0 0 {01}  00
  55(pos)  05 00 01 02 2d |0010|0000001| 0 0 {01}  00
  56(pos)  05 00 01 02 00 |1000|1000000| 1 0 {00}  06
  56(neg)  05 00 01 02 00 |1000|1000000| 1 0 {00}  06
  56(neg)  05 00 01 02 00 |1000|1000000| 1 0 {00}  06
  56(pos)  05 00 01 02 00 |1000|1000000| 1 0 {00}  06
  57(pos)  06 00 01 02 06 |1000|0001000| 1 0 {00}  02
  57(neg)  06 00 01 02 06 |1000|0001000| 1 0 {00}  02
  57(neg)  06 00 01 02 06 |1000|0001000| 1 0 {00}  02
  57(pos)  06 00 01 02 06 |1000|0001000| 1 0 {00}  02
  58(pos)  07 00 01 02 00 |1000|1000000| 1 0 {00}  73
  58(neg)  07 00 01 02 00 |1000|1000000| 1 0 {00}  73
  58(neg)  07 00 01 02 00 |1000|1000000| 1 0 {00}  73
  58(pos)  07 00 01 02 00 |1000|1000000| 1 0 {00}  73
  59(pos)  08 00 01 02 73 |0001|0100000| 0 1 {00}  02
  59(neg)  08 00 01 02 73 |0001|0100000| 0 1 {00}  02
  59(neg)  08 00 01 02 73 |0001|0100000| 0 1 {00}  02
  59(pos)  08 00 01 02 73 |0001|0100000| 0 1 {00}  02
  60(pos)  02 00 01 02 00 |1000|1000000| 1 0 {00}  04
  60(neg)  02 00 01 02 00 |1000|1000000| 1 0 {00}  04
  60(neg)  02 00 01 02 00 |1000|1000000| 1 0 {00}  04
  60(pos)  02 00 01 02 00 |1000|1000000| 1 0 {00}  04
  61(pos)  03 00 01 02 04 |1000|0010000| 1 0 {00}  05
  61(neg)  03 00 01 02 04 |1000|0010000| 1 0 {00}  05
  61(neg)  03 00 01 02 04 |1000|0010000| 1 0 {00}  05
  61(pos)  03 00 01 02 04 |1000|0010000| 1 0 {00}  05
  62(pos)  04 05 01 02 00 |1000|1000000| 1 0 {00}  2d
  62(neg)  04 05 01 02 00 |1000|1000000| 1 0 {00}  2d
  62(neg)  04 05 01 02 00 |1000|1000000| 1 0 {00}  2d
  62(pos)  04 05 01 02 00 |1000|1000000| 1 0 {00}  2d
  63(pos)  05 05 01 02 2d |0010|0000001| 0 0 {00}  05
  63(neg)  05 05 01 02 2d |0010|0000001| 0 0 {00}  05
  63(neg)  05 05 01 02 2d |0010|0000001| 0 0 {00}  05
  63(pos)  05 05 01 02 2d |0010|0000001| 0 0 {00}  05
  64(pos)  05 05 01 02 00 |1000|1000000| 1 0 {05}  06
  64(neg)  05 05 01 02 00 |1000|1000000| 1 0 {05}  06
  64(neg)  05 05 01 02 00 |1000|1000000| 1 0 {05}  06
  64(pos)  05 05 01 02 00 |1000|1000000| 1 0 {05}  06
  65(pos)  06 05 01 02 06 |1000|0001000| 1 0 {05}  02
  65(neg)  06 05 01 02 06 |1000|0001000| 1 0 {05}  02
  65(neg)  06 05 01 02 06 |1000|0001000| 1 0 {05}  02
  65(pos)  06 05 01 02 06 |1000|0001000| 1 0 {05}  02
  66(pos)  07 05 01 02 00 |1000|1000000| 1 0 {05}  73
  66(neg)  07 05 01 02 00 |1000|1000000| 1 0 {05}  73
  66(neg)  07 05 01 02 00 |1000|1000000| 1 0 {05}  73
  66(pos)  07 05 01 02 00 |1000|1000000| 1 0 {05}  73
  67(pos)  08 05 01 02 73 |0001|0100000| 0 0 {05}  02
  67(neg)  08 05 01 02 73 |0001|0100000| 0 0 {05}  02
  67(neg)  08 05 01 02 73 |0001|0100000| 0 0 {05}  02
  67(pos)  08 05 01 02 73 |0001|0100000| 0 0 {05}  02
  68(pos)  08 05 01 02 00 |1000|1000000| 1 0 {05}  55
  68(neg)  08 05 01 02 00 |1000|1000000| 1 0 {05}  55
  68(neg)  08 05 01 02 00 |1000|1000000| 1 0 {05}  55
  68(pos)  08 05 01 02 00 |1000|1000000| 1 0 {05}  55
  69(pos)  09 05 01 02 55 |0100|0010000| 0 0 {05}  04
  69(neg)  09 05 01 02 55 |0100|0010000| 0 0 {05}  04
  69(neg)  09 05 01 02 55 |0100|0010000| 0 0 {05}  04
  69(pos)  09 05 01 02 55 |0100|0010000| 0 0 {05}  04
  70(pos)  09 04 01 02 00 |1000|1000000| 1 0 {05}  c2
  70(neg)  09 04 01 02 00 |1000|1000000| 1 0 {05}  c2
  70(neg)  09 04 01 02 00 |1000|1000000| 1 0 {05}  c2
  70(pos)  09 04 01 02 00 |1000|1000000| 1 0 {05}  c2
  71(pos)  0a 04 01 02 c2 |1000|0100000| 1 1 {05}  04
  71(neg)  0a 04 01 02 c2 |1000|0100000| 1 1 {05}  04
  71(neg)  0a 04 01 02 c2 |1000|0100000| 1 1 {05}  04
  71(pos)  0a 04 01 02 c2 |1000|0100000| 1 1 {05}  04
  72(pos)  04 04 01 02 00 |1000|1000000| 1 0 {05}  2d
  72(neg)  04 04 01 02 00 |1000|1000000| 1 0 {05}  2d
  72(neg)  04 04 01 02 00 |1000|1000000| 1 0 {05}  2d
  72(pos)  04 04 01 02 00 |1000|1000000| 1 0 {05}  2d
  73(pos)  05 04 01 02 2d |0010|0000001| 0 0 {05}  04
  73(neg)  05 04 01 02 2d |0010|0000001| 0 0 {05}  04
  73(neg)  05 04 01 02 2d |0010|0000001| 0 0 {05}  04
  73(pos)  05 04 01 02 2d |0010|0000001| 0 0 {05}  04
  74(pos)  05 04 01 02 00 |1000|1000000| 1 0 {04}  06
  74(neg)  05 04 01 02 00 |1000|1000000| 1 0 {04}  06
  74(neg)  05 04 01 02 00 |1000|1000000| 1 0 {04}  06
  74(pos)  05 04 01 02 00 |1000|1000000| 1 0 {04}  06
  75(pos)  06 04 01 02 06 |1000|0001000| 1 0 {04}  02
  75(neg)  06 04 01 02 06 |1000|0001000| 1 0 {04}  02
  75(neg)  06 04 01 02 06 |1000|0001000| 1 0 {04}  02
  75(pos)  06 04 01 02 06 |1000|0001000| 1 0 {04}  02
  76(pos)  07 04 01 02 00 |1000|1000000| 1 0 {04}  73
  76(neg)  07 04 01 02 00 |1000|1000000| 1 0 {04}  73
  76(neg)  07 04 01 02 00 |1000|1000000| 1 0 {04}  73
  76(pos)  07 04 01 02 00 |1000|1000000| 1 0 {04}  73
  77(pos)  08 04 01 02 73 |0001|0100000| 0 0 {04}  02
  77(neg)  08 04 01 02 73 |0001|0100000| 0 0 {04}  02
  77(neg)  08 04 01 02 73 |0001|0100000| 0 0 {04}  02
  77(pos)  08 04 01 02 73 |0001|0100000| 0 0 {04}  02
  78(pos)  08 04 01 02 00 |1000|1000000| 1 0 {04}  55
  78(neg)  08 04 01 02 00 |1000|1000000| 1 0 {04}  55
  78(neg)  08 04 01 02 00 |1000|1000000| 1 0 {04}  55
  78(pos)  08 04 01 02 00 |1000|1000000| 1 0 {04}  55
  79(pos)  09 04 01 02 55 |0100|0010000| 0 0 {04}  03
  79(neg)  09 04 01 02 55 |0100|0010000| 0 0 {04}  03
  79(neg)  09 04 01 02 55 |0100|0010000| 0 0 {04}  03
  79(pos)  09 04 01 02 55 |0100|0010000| 0 0 {04}  03
  80(pos)  09 03 01 02 00 |1000|1000000| 1 0 {04}  c2
  80(neg)  09 03 01 02 00 |1000|1000000| 1 0 {04}  c2
  80(neg)  09 03 01 02 00 |1000|1000000| 1 0 {04}  c2
  80(pos)  09 03 01 02 00 |1000|1000000| 1 0 {04}  c2
  81(pos)  0a 03 01 02 c2 |1000|0100000| 1 1 {04}  04
  81(neg)  0a 03 01 02 c2 |1000|0100000| 1 1 {04}  04
  81(neg)  0a 03 01 02 c2 |1000|0100000| 1 1 {04}  04
  81(pos)  0a 03 01 02 c2 |1000|0100000| 1 1 {04}  04
  82(pos)  04 03 01 02 00 |1000|1000000| 1 0 {04}  2d
  82(neg)  04 03 01 02 00 |1000|1000000| 1 0 {04}  2d
  82(neg)  04 03 01 02 00 |1000|1000000| 1 0 {04}  2d
  82(pos)  04 03 01 02 00 |1000|1000000| 1 0 {04}  2d
  83(pos)  05 03 01 02 2d |0010|0000001| 0 0 {04}  03
  83(neg)  05 03 01 02 2d |0010|0000001| 0 0 {04}  03
  83(neg)  05 03 01 02 2d |0010|0000001| 0 0 {04}  03
  83(pos)  05 03 01 02 2d |0010|0000001| 0 0 {04}  03
  84(pos)  05 03 01 02 00 |1000|1000000| 1 0 {03}  06
  84(neg)  05 03 01 02 00 |1000|1000000| 1 0 {03}  06
  84(neg)  05 03 01 02 00 |1000|1000000| 1 0 {03}  06
  84(pos)  05 03 01 02 00 |1000|1000000| 1 0 {03}  06
  85(pos)  06 03 01 02 06 |1000|0001000| 1 0 {03}  02
  85(neg)  06 03 01 02 06 |1000|0001000| 1 0 {03}  02
  85(neg)  06 03 01 02 06 |1000|0001000| 1 0 {03}  02
  85(pos)  06 03 01 02 06 |1000|0001000| 1 0 {03}  02
  86(pos)  07 03 01 02 00 |1000|1000000| 1 0 {03}  73
  86(neg)  07 03 01 02 00 |1000|1000000| 1 0 {03}  73
  86(neg)  07 03 01 02 00 |1000|1000000| 1 0 {03}  73
  86(pos)  07 03 01 02 00 |1000|1000000| 1 0 {03}  73
  87(pos)  08 03 01 02 73 |0001|0100000| 0 0 {03}  02
  87(neg)  08 03 01 02 73 |0001|0100000| 0 0 {03}  02
  87(neg)  08 03 01 02 73 |0001|0100000| 0 0 {03}  02
  87(pos)  08 03 01 02 73 |0001|0100000| 0 0 {03}  02
  88(pos)  08 03 01 02 00 |1000|1000000| 1 0 {03}  55
  88(neg)  08 03 01 02 00 |1000|1000000| 1 0 {03}  55
  88(neg)  08 03 01 02 00 |1000|1000000| 1 0 {03}  55
  88(pos)  08 03 01 02 00 |1000|1000000| 1 0 {03}  55
  89(pos)  09 03 01 02 55 |0100|0010000| 0 0 {03}  02
  89(neg)  09 03 01 02 55 |0100|0010000| 0 0 {03}  02
  89(neg)  09 03 01 02 55 |0100|0010000| 0 0 {03}  02
  89(pos)  09 03 01 02 55 |0100|0010000| 0 0 {03}  02
  90(pos)  09 02 01 02 00 |1000|1000000| 1 0 {03}  c2
  90(neg)  09 02 01 02 00 |1000|1000000| 1 0 {03}  c2
  90(neg)  09 02 01 02 00 |1000|1000000| 1 0 {03}  c2
  90(pos)  09 02 01 02 00 |1000|1000000| 1 0 {03}  c2
  91(pos)  0a 02 01 02 c2 |1000|0100000| 1 1 {03}  04
  91(neg)  0a 02 01 02 c2 |1000|0100000| 1 1 {03}  04
  91(neg)  0a 02 01 02 c2 |1000|0100000| 1 1 {03}  04
  91(pos)  0a 02 01 02 c2 |1000|0100000| 1 1 {03}  04
  92(pos)  04 02 01 02 00 |1000|1000000| 1 0 {03}  2d
  92(neg)  04 02 01 02 00 |1000|1000000| 1 0 {03}  2d
  92(neg)  04 02 01 02 00 |1000|1000000| 1 0 {03}  2d
  92(pos)  04 02 01 02 00 |1000|1000000| 1 0 {03}  2d
  93(pos)  05 02 01 02 2d |0010|0000001| 0 0 {03}  02
  93(neg)  05 02 01 02 2d |0010|0000001| 0 0 {03}  02
  93(neg)  05 02 01 02 2d |0010|0000001| 0 0 {03}  02
  93(pos)  05 02 01 02 2d |0010|0000001| 0 0 {03}  02
  94(pos)  05 02 01 02 00 |1000|1000000| 1 0 {02}  06
  94(neg)  05 02 01 02 00 |1000|1000000| 1 0 {02}  06
  94(neg)  05 02 01 02 00 |1000|1000000| 1 0 {02}  06
  94(pos)  05 02 01 02 00 |1000|1000000| 1 0 {02}  06
  95(pos)  06 02 01 02 06 |1000|0001000| 1 0 {02}  02
  95(neg)  06 02 01 02 06 |1000|0001000| 1 0 {02}  02
  95(neg)  06 02 01 02 06 |1000|0001000| 1 0 {02}  02
  95(pos)  06 02 01 02 06 |1000|0001000| 1 0 {02}  02
  96(pos)  07 02 01 02 00 |1000|1000000| 1 0 {02}  73
  96(neg)  07 02 01 02 00 |1000|1000000| 1 0 {02}  73
  96(neg)  07 02 01 02 00 |1000|1000000| 1 0 {02}  73
  96(pos)  07 02 01 02 00 |1000|1000000| 1 0 {02}  73
  97(pos)  08 02 01 02 73 |0001|0100000| 0 0 {02}  02
  97(neg)  08 02 01 02 73 |0001|0100000| 0 0 {02}  02
  97(neg)  08 02 01 02 73 |0001|0100000| 0 0 {02}  02
  97(pos)  08 02 01 02 73 |0001|0100000| 0 0 {02}  02
  98(pos)  08 02 01 02 00 |1000|1000000| 1 0 {02}  55
  98(neg)  08 02 01 02 00 |1000|1000000| 1 0 {02}  55
  98(neg)  08 02 01 02 00 |1000|1000000| 1 0 {02}  55
  98(pos)  08 02 01 02 00 |1000|1000000| 1 0 {02}  55
  99(pos)  09 02 01 02 55 |0100|0010000| 0 0 {02}  01
  99(neg)  09 02 01 02 55 |0100|0010000| 0 0 {02}  01
  99(neg)  09 02 01 02 55 |0100|0010000| 0 0 {02}  01
  99(pos)  09 02 01 02 55 |0100|0010000| 0 0 {02}  01
 100(pos)  09 01 01 02 00 |1000|1000000| 1 0 {02}  c2
 100(neg)  09 01 01 02 00 |1000|1000000| 1 0 {02}  c2
 100(neg)  09 01 01 02 00 |1000|1000000| 1 0 {02}  c2
 100(pos)  09 01 01 02 00 |1000|1000000| 1 0 {02}  c2
 101(pos)  0a 01 01 02 c2 |1000|0100000| 1 1 {02}  04
 101(neg)  0a 01 01 02 c2 |1000|0100000| 1 1 {02}  04
 101(neg)  0a 01 01 02 c2 |1000|0100000| 1 1 {02}  04
 101(pos)  0a 01 01 02 c2 |1000|0100000| 1 1 {02}  04
 102(pos)  04 01 01 02 00 |1000|1000000| 1 0 {02}  2d
 102(neg)  04 01 01 02 00 |1000|1000000| 1 0 {02}  2d
 102(neg)  04 01 01 02 00 |1000|1000000| 1 0 {02}  2d
 102(pos)  04 01 01 02 00 |1000|1000000| 1 0 {02}  2d
 103(pos)  05 01 01 02 2d |0010|0000001| 0 0 {02}  01
 103(neg)  05 01 01 02 2d |0010|0000001| 0 0 {02}  01
 103(neg)  05 01 01 02 2d |0010|0000001| 0 0 {02}  01
 103(pos)  05 01 01 02 2d |0010|0000001| 0 0 {02}  01
 104(pos)  05 01 01 02 00 |1000|1000000| 1 0 {01}  06
 104(neg)  05 01 01 02 00 |1000|1000000| 1 0 {01}  06
 104(neg)  05 01 01 02 00 |1000|1000000| 1 0 {01}  06
 104(pos)  05 01 01 02 00 |1000|1000000| 1 0 {01}  06
 105(pos)  06 01 01 02 06 |1000|0001000| 1 0 {01}  02
 105(neg)  06 01 01 02 06 |1000|0001000| 1 0 {01}  02
 105(neg)  06 01 01 02 06 |1000|0001000| 1 0 {01}  02
 105(pos)  06 01 01 02 06 |1000|0001000| 1 0 {01}  02
 106(pos)  07 01 01 02 00 |1000|1000000| 1 0 {01}  73
 106(neg)  07 01 01 02 00 |1000|1000000| 1 0 {01}  73
 106(neg)  07 01 01 02 00 |1000|1000000| 1 0 {01}  73
 106(pos)  07 01 01 02 00 |1000|1000000| 1 0 {01}  73
 107(pos)  08 01 01 02 73 |0001|0100000| 0 0 {01}  02
 107(neg)  08 01 01 02 73 |0001|0100000| 0 0 {01}  02
 107(neg)  08 01 01 02 73 |0001|0100000| 0 0 {01}  02
 107(pos)  08 01 01 02 73 |0001|0100000| 0 0 {01}  02
 108(pos)  08 01 01 02 00 |1000|1000000| 1 0 {01}  55
 108(neg)  08 01 01 02 00 |1000|1000000| 1 0 {01}  55
 108(neg)  08 01 01 02 00 |1000|1000000| 1 0 {01}  55
 108(pos)  08 01 01 02 00 |1000|1000000| 1 0 {01}  55
 109(pos)  09 01 01 02 55 |0100|0010000| 0 0 {01}  00
 109(neg)  09 01 01 02 55 |0100|0010000| 0 0 {01}  00
 109(neg)  09 01 01 02 55 |0100|0010000| 0 0 {01}  00
 109(pos)  09 01 01 02 55 |0100|0010000| 0 0 {01}  00
 110(pos)  09 00 01 02 00 |1000|1000000| 1 0 {01}  c2
 110(neg)  09 00 01 02 00 |1000|1000000| 1 0 {01}  c2
 110(neg)  09 00 01 02 00 |1000|1000000| 1 0 {01}  c2
 110(pos)  09 00 01 02 00 |1000|1000000| 1 0 {01}  c2
 111(pos)  0a 00 01 02 c2 |1000|0100000| 1 1 {01}  04
 111(neg)  0a 00 01 02 c2 |1000|0100000| 1 1 {01}  04
 111(neg)  0a 00 01 02 c2 |1000|0100000| 1 1 {01}  04
 111(pos)  0a 00 01 02 c2 |1000|0100000| 1 1 {01}  04
 112(pos)  04 00 01 02 00 |1000|1000000| 1 0 {01}  2d
 112(neg)  04 00 01 02 00 |1000|1000000| 1 0 {01}  2d
 112(neg)  04 00 01 02 00 |1000|1000000| 1 0 {01}  2d
 112(pos)  04 00 01 02 00 |1000|1000000| 1 0 {01}  2d
 113(pos)  05 00 01 02 2d |0010|0000001| 0 0 {01}  00
 113(neg)  05 00 01 02 2d |0010|0000001| 0 0 {01}  00
 113(neg)  05 00 01 02 2d |0010|0000001| 0 0 {01}  00
 113(pos)  05 00 01 02 2d |0010|0000001| 0 0 {01}  00
 114(pos)  05 00 01 02 00 |1000|1000000| 1 0 {00}  06
 114(neg)  05 00 01 02 00 |1000|1000000| 1 0 {00}  06
 114(neg)  05 00 01 02 00 |1000|1000000| 1 0 {00}  06
 114(pos)  05 00 01 02 00 |1000|1000000| 1 0 {00}  06
 115(pos)  06 00 01 02 06 |1000|0001000| 1 0 {00}  02
 115(neg)  06 00 01 02 06 |1000|0001000| 1 0 {00}  02
 115(neg)  06 00 01 02 06 |1000|0001000| 1 0 {00}  02
 115(pos)  06 00 01 02 06 |1000|0001000| 1 0 {00}  02
 116(pos)  07 00 01 02 00 |1000|1000000| 1 0 {00}  73
 116(neg)  07 00 01 02 00 |1000|1000000| 1 0 {00}  73
 116(neg)  07 00 01 02 00 |1000|1000000| 1 0 {00}  73
 116(pos)  07 00 01 02 00 |1000|1000000| 1 0 {00}  73
 117(pos)  08 00 01 02 73 |0001|0100000| 0 1 {00}  02
 117(neg)  08 00 01 02 73 |0001|0100000| 0 1 {00}  02
 117(neg)  08 00 01 02 73 |0001|0100000| 0 1 {00}  02
 117(pos)  08 00 01 02 73 |0001|0100000| 0 1 {00}  02
 118(pos)  02 00 01 02 00 |1000|1000000| 1 0 {00}  04
 118(neg)  02 00 01 02 00 |1000|1000000| 1 0 {00}  04
 118(neg)  02 00 01 02 00 |1000|1000000| 1 0 {00}  04
 118(pos)  02 00 01 02 00 |1000|1000000| 1 0 {00}  04
 119(pos)  03 00 01 02 04 |1000|0010000| 1 0 {00}  05
 119(neg)  03 00 01 02 04 |1000|0010000| 1 0 {00}  05
 119(neg)  03 00 01 02 04 |1000|0010000| 1 0 {00}  05
 119(pos)  03 00 01 02 04 |1000|0010000| 1 0 {00}  05
 120(pos)  04 05 01 02 00 |1000|1000000| 1 0 {00}  2d
 120(neg)  04 05 01 02 00 |1000|1000000| 1 0 {00}  2d
 120(neg)  04 05 01 02 00 |1000|1000000| 1 0 {00}  2d
 120(pos)  04 05 01 02 00 |1000|1000000| 1 0 {00}  2d
 121(pos)  05 05 01 02 2d |0010|0000001| 0 0 {00}  05
 121(neg)  05 05 01 02 2d |0010|0000001| 0 0 {00}  05
 121(neg)  05 05 01 02 2d |0010|0000001| 0 0 {00}  05
 121(pos)  05 05 01 02 2d |0010|0000001| 0 0 {00}  05
 122(pos)  05 05 01 02 00 |1000|1000000| 1 0 {05}  06
 122(neg)  05 05 01 02 00 |1000|1000000| 1 0 {05}  06
 122(neg)  05 05 01 02 00 |1000|1000000| 1 0 {05}  06
 122(pos)  05 05 01 02 00 |1000|1000000| 1 0 {05}  06
 123(pos)  06 05 01 02 06 |1000|0001000| 1 0 {05}  02
 123(neg)  06 05 01 02 06 |1000|0001000| 1 0 {05}  02
 123(neg)  06 05 01 02 06 |1000|0001000| 1 0 {05}  02
 123(pos)  06 05 01 02 06 |1000|0001000| 1 0 {05}  02
 124(pos)  07 05 01 02 00 |1000|1000000| 1 0 {05}  73
 124(neg)  07 05 01 02 00 |1000|1000000| 1 0 {05}  73
 124(neg)  07 05 01 02 00 |1000|1000000| 1 0 {05}  73
 124(pos)  07 05 01 02 00 |1000|1000000| 1 0 {05}  73
 125(pos)  08 05 01 02 73 |0001|0100000| 0 0 {05}  02
 125(neg)  08 05 01 02 73 |0001|0100000| 0 0 {05}  02
 125(neg)  08 05 01 02 73 |0001|0100000| 0 0 {05}  02
 125(pos)  08 05 01 02 73 |0001|0100000| 0 0 {05}  02
 126(pos)  08 05 01 02 00 |1000|1000000| 1 0 {05}  55
 126(neg)  08 05 01 02 00 |1000|1000000| 1 0 {05}  55
 126(neg)  08 05 01 02 00 |1000|1000000| 1 0 {05}  55
 126(pos)  08 05 01 02 00 |1000|1000000| 1 0 {05}  55
 127(pos)  09 05 01 02 55 |0100|0010000| 0 0 {05}  04
 127(neg)  09 05 01 02 55 |0100|0010000| 0 0 {05}  04
 127(neg)  09 05 01 02 55 |0100|0010000| 0 0 {05}  04
 127(pos)  09 05 01 02 55 |0100|0010000| 0 0 {05}  04
 128(pos)  09 04 01 02 00 |1000|1000000| 1 0 {05}  c2
 128(neg)  09 04 01 02 00 |1000|1000000| 1 0 {05}  c2
 128(neg)  09 04 01 02 00 |1000|1000000| 1 0 {05}  c2
 128(pos)  09 04 01 02 00 |1000|1000000| 1 0 {05}  c2
 129(pos)  0a 04 01 02 c2 |1000|0100000| 1 1 {05}  04
 129(neg)  0a 04 01 02 c2 |1000|0100000| 1 1 {05}  04
 129(neg)  0a 04 01 02 c2 |1000|0100000| 1 1 {05}  04
 129(pos)  0a 04 01 02 c2 |1000|0100000| 1 1 {05}  04
 130(pos)  04 04 01 02 00 |1000|1000000| 1 0 {05}  2d
 130(neg)  04 04 01 02 00 |1000|1000000| 1 0 {05}  2d
 130(neg)  04 04 01 02 00 |1000|1000000| 1 0 {05}  2d
 130(pos)  04 04 01 02 00 |1000|1000000| 1 0 {05}  2d
 131(pos)  05 04 01 02 2d |0010|0000001| 0 0 {05}  04
 131(neg)  05 04 01 02 2d |0010|0000001| 0 0 {05}  04
 131(neg)  05 04 01 02 2d |0010|0000001| 0 0 {05}  04
 131(pos)  05 04 01 02 2d |0010|0000001| 0 0 {05}  04
 132(pos)  05 04 01 02 00 |1000|1000000| 1 0 {04}  06
 132(neg)  05 04 01 02 00 |1000|1000000| 1 0 {04}  06
 132(neg)  05 04 01 02 00 |1000|1000000| 1 0 {04}  06
 132(pos)  05 04 01 02 00 |1000|1000000| 1 0 {04}  06
 133(pos)  06 04 01 02 06 |1000|0001000| 1 0 {04}  02
 133(neg)  06 04 01 02 06 |1000|0001000| 1 0 {04}  02
 133(neg)  06 04 01 02 06 |1000|0001000| 1 0 {04}  02
 133(pos)  06 04 01 02 06 |1000|0001000| 1 0 {04}  02
 134(pos)  07 04 01 02 00 |1000|1000000| 1 0 {04}  73
 134(neg)  07 04 01 02 00 |1000|1000000| 1 0 {04}  73
 134(neg)  07 04 01 02 00 |1000|1000000| 1 0 {04}  73
 134(pos)  07 04 01 02 00 |1000|1000000| 1 0 {04}  73
 135(pos)  08 04 01 02 73 |0001|0100000| 0 0 {04}  02
 135(neg)  08 04 01 02 73 |0001|0100000| 0 0 {04}  02
 135(neg)  08 04 01 02 73 |0001|0100000| 0 0 {04}  02
 135(pos)  08 04 01 02 73 |0001|0100000| 0 0 {04}  02
 136(pos)  08 04 01 02 00 |1000|1000000| 1 0 {04}  55
 136(neg)  08 04 01 02 00 |1000|1000000| 1 0 {04}  55
 136(neg)  08 04 01 02 00 |1000|1000000| 1 0 {04}  55
 136(pos)  08 04 01 02 00 |1000|1000000| 1 0 {04}  55
 137(pos)  09 04 01 02 55 |0100|0010000| 0 0 {04}  03
 137(neg)  09 04 01 02 55 |0100|0010000| 0 0 {04}  03
 137(neg)  09 04 01 02 55 |0100|0010000| 0 0 {04}  03
 137(pos)  09 04 01 02 55 |0100|0010000| 0 0 {04}  03
 138(pos)  09 03 01 02 00 |1000|1000000| 1 0 {04}  c2
 138(neg)  09 03 01 02 00 |1000|1000000| 1 0 {04}  c2
 138(neg)  09 03 01 02 00 |1000|1000000| 1 0 {04}  c2
 138(pos)  09 03 01 02 00 |1000|1000000| 1 0 {04}  c2
 139(pos)  0a 03 01 02 c2 |1000|0100000| 1 1 {04}  04
 139(neg)  0a 03 01 02 c2 |1000|0100000| 1 1 {04}  04
 139(neg)  0a 03 01 02 c2 |1000|0100000| 1 1 {04}  04
 139(pos)  0a 03 01 02 c2 |1000|0100000| 1 1 {04}  04
 140(pos)  04 03 01 02 00 |1000|1000000| 1 0 {04}  2d
 140(neg)  04 03 01 02 00 |1000|1000000| 1 0 {04}  2d
 140(neg)  04 03 01 02 00 |1000|1000000| 1 0 {04}  2d
 140(pos)  04 03 01 02 00 |1000|1000000| 1 0 {04}  2d
 141(pos)  05 03 01 02 2d |0010|0000001| 0 0 {04}  03
 141(neg)  05 03 01 02 2d |0010|0000001| 0 0 {04}  03
 141(neg)  05 03 01 02 2d |0010|0000001| 0 0 {04}  03
 141(pos)  05 03 01 02 2d |0010|0000001| 0 0 {04}  03
 142(pos)  05 03 01 02 00 |1000|1000000| 1 0 {03}  06
 142(neg)  05 03 01 02 00 |1000|1000000| 1 0 {03}  06
 142(neg)  05 03 01 02 00 |1000|1000000| 1 0 {03}  06
 142(pos)  05 03 01 02 00 |1000|1000000| 1 0 {03}  06
 143(pos)  06 03 01 02 06 |1000|0001000| 1 0 {03}  02
 143(neg)  06 03 01 02 06 |1000|0001000| 1 0 {03}  02
 143(neg)  06 03 01 02 06 |1000|0001000| 1 0 {03}  02
 143(pos)  06 03 01 02 06 |1000|0001000| 1 0 {03}  02
 144(pos)  07 03 01 02 00 |1000|1000000| 1 0 {03}  73
 144(neg)  07 03 01 02 00 |1000|1000000| 1 0 {03}  73
 144(neg)  07 03 01 02 00 |1000|1000000| 1 0 {03}  73
 144(pos)  07 03 01 02 00 |1000|1000000| 1 0 {03}  73
 145(pos)  08 03 01 02 73 |0001|0100000| 0 0 {03}  02
 145(neg)  08 03 01 02 73 |0001|0100000| 0 0 {03}  02
 145(neg)  08 03 01 02 73 |0001|0100000| 0 0 {03}  02
 145(pos)  08 03 01 02 73 |0001|0100000| 0 0 {03}  02
 146(pos)  08 03 01 02 00 |1000|1000000| 1 0 {03}  55
 146(neg)  08 03 01 02 00 |1000|1000000| 1 0 {03}  55
 146(neg)  08 03 01 02 00 |1000|1000000| 1 0 {03}  55
 146(pos)  08 03 01 02 00 |1000|1000000| 1 0 {03}  55
 147(pos)  09 03 01 02 55 |0100|0010000| 0 0 {03}  02
 147(neg)  09 03 01 02 55 |0100|0010000| 0 0 {03}  02
 147(neg)  09 03 01 02 55 |0100|0010000| 0 0 {03}  02
 147(pos)  09 03 01 02 55 |0100|0010000| 0 0 {03}  02
 148(pos)  09 02 01 02 00 |1000|1000000| 1 0 {03}  c2
 148(neg)  09 02 01 02 00 |1000|1000000| 1 0 {03}  c2
 148(neg)  09 02 01 02 00 |1000|1000000| 1 0 {03}  c2
 148(pos)  09 02 01 02 00 |1000|1000000| 1 0 {03}  c2
 149(pos)  0a 02 01 02 c2 |1000|0100000| 1 1 {03}  04
 149(neg)  0a 02 01 02 c2 |1000|0100000| 1 1 {03}  04
 149(neg)  0a 02 01 02 c2 |1000|0100000| 1 1 {03}  04
 149(pos)  0a 02 01 02 c2 |1000|0100000| 1 1 {03}  04
 150(pos)  04 02 01 02 00 |1000|1000000| 1 0 {03}  2d
 150(neg)  04 02 01 02 00 |1000|1000000| 1 0 {03}  2d
 150(neg)  04 02 01 02 00 |1000|1000000| 1 0 {03}  2d
