*nic8 simulation*
-------------------------------------------------------
ticks(^)   PC AR BR XR IR  MEAX IPAXBMQ  i j  OUT  dbus
-------------------------------------------------------
   0(neg)  00 00 00 00 00 |1000|1000000| 1 0 {00}  b3
   0(neg)  00 00 00 00 00 |1000|1000000| 1 0 {00}  08
   0(pos)  00 00 00 00 00 |1000|1000000| 1 0 {00}  08
   1(pos)  01 00 00 00 08 |1000|0000100| 1 0 {00}  01
   1(neg)  01 00 00 00 08 |1000|0000100| 1 0 {00}  01
   1(neg)  01 00 00 00 08 |1000|0000100| 1 0 {00}  01
   1(pos)  01 00 00 00 08 |1000|0000100| 1 0 {00}  01
   2(pos)  02 00 01 00 00 |1000|1000000| 1 0 {00}  04
   2(neg)  02 00 01 00 00 |1000|1000000| 1 0 {00}  04
   2(neg)  02 00 01 00 00 |1000|1000000| 1 0 {00}  04
   2(pos)  02 00 01 00 00 |1000|1000000| 1 0 {00}  04
   3(pos)  03 00 01 00 04 |1000|0010000| 1 0 {00}  05
   3(neg)  03 00 01 00 04 |1000|0010000| 1 0 {00}  05
   3(neg)  03 00 01 00 04 |1000|0010000| 1 0 {00}  05
   3(pos)  03 00 01 00 04 |1000|0010000| 1 0 {00}  05
   4(pos)  04 05 01 00 00 |1000|1000000| 1 0 {00}  2d
   4(neg)  04 05 01 00 00 |1000|1000000| 1 0 {00}  2d
   4(neg)  04 05 01 00 00 |1000|1000000| 1 0 {00}  2d
   4(pos)  04 05 01 00 00 |1000|1000000| 1 0 {00}  2d
   5(pos)  05 05 01 00 2d |0010|0000001| 0 0 {00}  05
   5(neg)  05 05 01 00 2d |0010|0000001| 0 0 {00}  05
   5(neg)  05 05 01 00 2d |0010|0000001| 0 0 {00}  05
   5(pos)  05 05 01 00 2d |0010|0000001| 0 0 {00}  05
   6(pos)  05 05 01 00 00 |1000|1000000| 1 0 {05}  55
   6(neg)  05 05 01 00 00 |1000|1000000| 1 0 {05}  55
   6(neg)  05 05 01 00 00 |1000|1000000| 1 0 {05}  55
   6(pos)  05 05 01 00 00 |1000|1000000| 1 0 {05}  55
   7(pos)  06 05 01 00 55 |0100|0010000| 0 0 {05}  04
   7(neg)  06 05 01 00 55 |0100|0010000| 0 0 {05}  04
   7(neg)  06 05 01 00 55 |0100|0010000| 0 0 {05}  04
   7(pos)  06 05 01 00 55 |0100|0010000| 0 0 {05}  04
   8(pos)  06 04 01 00 00 |1000|1000000| 1 0 {05}  06
   8(neg)  06 04 01 00 00 |1000|1000000| 1 0 {05}  06
   8(neg)  06 04 01 00 00 |1000|1000000| 1 0 {05}  06
   8(pos)  06 04 01 00 00 |1000|1000000| 1 0 {05}  06
   9(pos)  07 04 01 00 06 |1000|0001000| 1 0 {05}  04
   9(neg)  07 04 01 00 06 |1000|0001000| 1 0 {05}  04
   9(neg)  07 04 01 00 06 |1000|0001000| 1 0 {05}  04
   9(pos)  07 04 01 00 06 |1000|0001000| 1 0 {05}  04
  10(pos)  08 04 01 04 00 |1000|1000000| 1 0 {05}  b3
  10(neg)  08 04 01 04 00 |1000|1000000| 1 0 {05}  b3
  10(neg)  08 04 01 04 00 |1000|1000000| 1 0 {05}  b3
  10(pos)  08 04 01 04 00 |1000|1000000| 1 0 {05}  b3
  11(pos)  09 04 01 04 b3 |0001|0100000| 0 1 {05}  04
  11(neg)  09 04 01 04 b3 |0001|0100000| 0 1 {05}  04
  11(neg)  09 04 01 04 b3 |0001|0100000| 0 1 {05}  04
  11(pos)  09 04 01 04 b3 |0001|0100000| 0 1 {05}  04
  12(pos)  04 04 01 04 00 |1000|1000000| 1 0 {05}  2d
  12(neg)  04 04 01 04 00 |1000|1000000| 1 0 {05}  2d
  12(neg)  04 04 01 04 00 |1000|1000000| 1 0 {05}  2d
  12(pos)  04 04 01 04 00 |1000|1000000| 1 0 {05}  2d
  13(pos)  05 04 01 04 2d |0010|0000001| 0 0 {05}  04
  13(neg)  05 04 01 04 2d |0010|0000001| 0 0 {05}  04
  13(neg)  05 04 01 04 2d |0010|0000001| 0 0 {05}  04
  13(pos)  05 04 01 04 2d |0010|0000001| 0 0 {05}  04
  14(pos)  05 04 01 04 00 |1000|1000000| 1 0 {04}  55
  14(neg)  05 04 01 04 00 |1000|1000000| 1 0 {04}  55
  14(neg)  05 04 01 04 00 |1000|1000000| 1 0 {04}  55
  14(pos)  05 04 01 04 00 |1000|1000000| 1 0 {04}  55
  15(pos)  06 04 01 04 55 |0100|0010000| 0 0 {04}  03
  15(neg)  06 04 01 04 55 |0100|0010000| 0 0 {04}  03
  15(neg)  06 04 01 04 55 |0100|0010000| 0 0 {04}  03
  15(pos)  06 04 01 04 55 |0100|0010000| 0 0 {04}  03
  16(pos)  06 03 01 04 00 |1000|1000000| 1 0 {04}  06
  16(neg)  06 03 01 04 00 |1000|1000000| 1 0 {04}  06
  16(neg)  06 03 01 04 00 |1000|1000000| 1 0 {04}  06
  16(pos)  06 03 01 04 00 |1000|1000000| 1 0 {04}  06
  17(pos)  07 03 01 04 06 |1000|0001000| 1 0 {04}  04
  17(neg)  07 03 01 04 06 |1000|0001000| 1 0 {04}  04
  17(neg)  07 03 01 04 06 |1000|0001000| 1 0 {04}  04
  17(pos)  07 03 01 04 06 |1000|0001000| 1 0 {04}  04
  18(pos)  08 03 01 04 00 |1000|1000000| 1 0 {04}  b3
  18(neg)  08 03 01 04 00 |1000|1000000| 1 0 {04}  b3
  18(neg)  08 03 01 04 00 |1000|1000000| 1 0 {04}  b3
  18(pos)  08 03 01 04 00 |1000|1000000| 1 0 {04}  b3
  19(pos)  09 03 01 04 b3 |0001|0100000| 0 1 {04}  04
  19(neg)  09 03 01 04 b3 |0001|0100000| 0 1 {04}  04
  19(neg)  09 03 01 04 b3 |0001|0100000| 0 1 {04}  04
  19(pos)  09 03 01 04 b3 |0001|0100000| 0 1 {04}  04
  20(pos)  04 03 01 04 00 |1000|1000000| 1 0 {04}  2d
  20(neg)  04 03 01 04 00 |1000|1000000| 1 0 {04}  2d
  20(neg)  04 03 01 04 00 |1000|1000000| 1 0 {04}  2d
  20(pos)  04 03 01 04 00 |1000|1000000| 1 0 {04}  2d
  21(pos)  05 03 01 04 2d |0010|0000001| 0 0 {04}  03
  21(neg)  05 03 01 04 2d |0010|0000001| 0 0 {04}  03
  21(neg)  05 03 01 04 2d |0010|0000001| 0 0 {04}  03
  21(pos)  05 03 01 04 2d |0010|0000001| 0 0 {04}  03
  22(pos)  05 03 01 04 00 |1000|1000000| 1 0 {03}  55
  22(neg)  05 03 01 04 00 |1000|1000000| 1 0 {03}  55
  22(neg)  05 03 01 04 00 |1000|1000000| 1 0 {03}  55
  22(pos)  05 03 01 04 00 |1000|1000000| 1 0 {03}  55
  23(pos)  06 03 01 04 55 |0100|0010000| 0 0 {03}  02
  23(neg)  06 03 01 04 55 |0100|0010000| 0 0 {03}  02
  23(neg)  06 03 01 04 55 |0100|0010000| 0 0 {03}  02
  23(pos)  06 03 01 04 55 |0100|0010000| 0 0 {03}  02
  24(pos)  06 02 01 04 00 |1000|1000000| 1 0 {03}  06
  24(neg)  06 02 01 04 00 |1000|1000000| 1 0 {03}  06
  24(neg)  06 02 01 04 00 |1000|1000000| 1 0 {03}  06
  24(pos)  06 02 01 04 00 |1000|1000000| 1 0 {03}  06
  25(pos)  07 02 01 04 06 |1000|0001000| 1 0 {03}  04
  25(neg)  07 02 01 04 06 |1000|0001000| 1 0 {03}  04
  25(neg)  07 02 01 04 06 |1000|0001000| 1 0 {03}  04
  25(pos)  07 02 01 04 06 |1000|0001000| 1 0 {03}  04
  26(pos)  08 02 01 04 00 |1000|1000000| 1 0 {03}  b3
  26(neg)  08 02 01 04 00 |1000|1000000| 1 0 {03}  b3
  26(neg)  08 02 01 04 00 |1000|1000000| 1 0 {03}  b3
  26(pos)  08 02 01 04 00 |1000|1000000| 1 0 {03}  b3
  27(pos)  09 02 01 04 b3 |0001|0100000| 0 1 {03}  04
  27(neg)  09 02 01 04 b3 |0001|0100000| 0 1 {03}  04
  27(neg)  09 02 01 04 b3 |0001|0100000| 0 1 {03}  04
  27(pos)  09 02 01 04 b3 |0001|0100000| 0 1 {03}  04
  28(pos)  04 02 01 04 00 |1000|1000000| 1 0 {03}  2d
  28(neg)  04 02 01 04 00 |1000|1000000| 1 0 {03}  2d
  28(neg)  04 02 01 04 00 |1000|1000000| 1 0 {03}  2d
  28(pos)  04 02 01 04 00 |1000|1000000| 1 0 {03}  2d
  29(pos)  05 02 01 04 2d |0010|0000001| 0 0 {03}  02
  29(neg)  05 02 01 04 2d |0010|0000001| 0 0 {03}  02
  29(neg)  05 02 01 04 2d |0010|0000001| 0 0 {03}  02
  29(pos)  05 02 01 04 2d |0010|0000001| 0 0 {03}  02
  30(pos)  05 02 01 04 00 |1000|1000000| 1 0 {02}  55
  30(neg)  05 02 01 04 00 |1000|1000000| 1 0 {02}  55
  30(neg)  05 02 01 04 00 |1000|1000000| 1 0 {02}  55
  30(pos)  05 02 01 04 00 |1000|1000000| 1 0 {02}  55
  31(pos)  06 02 01 04 55 |0100|0010000| 0 0 {02}  01
  31(neg)  06 02 01 04 55 |0100|0010000| 0 0 {02}  01
  31(neg)  06 02 01 04 55 |0100|0010000| 0 0 {02}  01
  31(pos)  06 02 01 04 55 |0100|0010000| 0 0 {02}  01
  32(pos)  06 01 01 04 00 |1000|1000000| 1 0 {02}  06
  32(neg)  06 01 01 04 00 |1000|1000000| 1 0 {02}  06
  32(neg)  06 01 01 04 00 |1000|1000000| 1 0 {02}  06
  32(pos)  06 01 01 04 00 |1000|1000000| 1 0 {02}  06
  33(pos)  07 01 01 04 06 |1000|0001000| 1 0 {02}  04
  33(neg)  07 01 01 04 06 |1000|0001000| 1 0 {02}  04
  33(neg)  07 01 01 04 06 |1000|0001000| 1 0 {02}  04
  33(pos)  07 01 01 04 06 |1000|0001000| 1 0 {02}  04
  34(pos)  08 01 01 04 00 |1000|1000000| 1 0 {02}  b3
  34(neg)  08 01 01 04 00 |1000|1000000| 1 0 {02}  b3
  34(neg)  08 01 01 04 00 |1000|1000000| 1 0 {02}  b3
  34(pos)  08 01 01 04 00 |1000|1000000| 1 0 {02}  b3
  35(pos)  09 01 01 04 b3 |0001|0100000| 0 1 {02}  04
  35(neg)  09 01 01 04 b3 |0001|0100000| 0 1 {02}  04
  35(neg)  09 01 01 04 b3 |0001|0100000| 0 1 {02}  04
  35(pos)  09 01 01 04 b3 |0001|0100000| 0 1 {02}  04
  36(pos)  04 01 01 04 00 |1000|1000000| 1 0 {02}  2d
  36(neg)  04 01 01 04 00 |1000|1000000| 1 0 {02}  2d
  36(neg)  04 01 01 04 00 |1000|1000000| 1 0 {02}  2d
  36(pos)  04 01 01 04 00 |1000|1000000| 1 0 {02}  2d
  37(pos)  05 01 01 04 2d |0010|0000001| 0 0 {02}  01
  37(neg)  05 01 01 04 2d |0010|0000001| 0 0 {02}  01
  37(neg)  05 01 01 04 2d |0010|0000001| 0 0 {02}  01
  37(pos)  05 01 01 04 2d |0010|0000001| 0 0 {02}  01
  38(pos)  05 01 01 04 00 |1000|1000000| 1 0 {01}  55
  38(neg)  05 01 01 04 00 |1000|1000000| 1 0 {01}  55
  38(neg)  05 01 01 04 00 |1000|1000000| 1 0 {01}  55
  38(pos)  05 01 01 04 00 |1000|1000000| 1 0 {01}  55
  39(pos)  06 01 01 04 55 |0100|0010000| 0 0 {01}  00
  39(neg)  06 01 01 04 55 |0100|0010000| 0 0 {01}  00
  39(neg)  06 01 01 04 55 |0100|0010000| 0 0 {01}  00
  39(pos)  06 01 01 04 55 |0100|0010000| 0 0 {01}  00
  40(pos)  06 00 01 04 00 |1000|1000000| 1 0 {01}  06
  40(neg)  06 00 01 04 00 |1000|1000000| 1 0 {01}  06
  40(neg)  06 00 01 04 00 |1000|1000000| 1 0 {01}  06
  40(pos)  06 00 01 04 00 |1000|1000000| 1 0 {01}  06
  41(pos)  07 00 01 04 06 |1000|0001000| 1 0 {01}  04
  41(neg)  07 00 01 04 06 |1000|0001000| 1 0 {01}  04
  41(neg)  07 00 01 04 06 |1000|0001000| 1 0 {01}  04
  41(pos)  07 00 01 04 06 |1000|0001000| 1 0 {01}  04
  42(pos)  08 00 01 04 00 |1000|1000000| 1 0 {01}  b3
  42(neg)  08 00 01 04 00 |1000|1000000| 1 0 {01}  b3
  42(neg)  08 00 01 04 00 |1000|1000000| 1 0 {01}  b3
  42(pos)  08 00 01 04 00 |1000|1000000| 1 0 {01}  b3
  43(pos)  09 00 01 04 b3 |0001|0100000| 0 1 {01}  04
  43(neg)  09 00 01 04 b3 |0001|0100000| 0 1 {01}  04
  43(neg)  09 00 01 04 b3 |0001|0100000| 0 1 {01}  04
  43(pos)  09 00 01 04 b3 |0001|0100000| 0 1 {01}  04
  44(pos)  04 00 01 04 00 |1000|1000000| 1 0 {01}  2d
  44(neg)  04 00 01 04 00 |1000|1000000| 1 0 {01}  2d
  44(neg)  04 00 01 04 00 |1000|1000000| 1 0 {01}  2d
  44(pos)  04 00 01 04 00 |1000|1000000| 1 0 {01}  2d
  45(pos)  05 00 01 04 2d |0010|0000001| 0 0 {01}  00
  45(neg)  05 00 01 04 2d |0010|0000001| 0 0 {01}  00
  45(neg)  05 00 01 04 2d |0010|0000001| 0 0 {01}  00
  45(pos)  05 00 01 04 2d |0010|0000001| 0 0 {01}  00
  46(pos)  05 00 01 04 00 |1000|1000000| 1 0 {00}  55
  46(neg)  05 00 01 04 00 |1000|1000000| 1 0 {00}  55
  46(neg)  05 00 01 04 00 |1000|1000000| 1 0 {00}  55
  46(pos)  05 00 01 04 00 |1000|1000000| 1 0 {00}  55
  47(pos)  06 00 01 04 55 |0100|0010000| 0 1 {00}  ff
  47(neg)  06 00 01 04 55 |0100|0010000| 0 1 {00}  ff
  47(neg)  06 00 01 04 55 |0100|0010000| 0 1 {00}  ff
  47(pos)  06 00 01 04 55 |0100|0010000| 0 1 {00}  ff
  48(pos)  06 ff 01 04 00 |1000|1000000| 1 0 {00}  06
  48(neg)  06 ff 01 04 00 |1000|1000000| 1 0 {00}  06
  48(neg)  06 ff 01 04 00 |1000|1000000| 1 0 {00}  06
  48(pos)  06 ff 01 04 00 |1000|1000000| 1 0 {00}  06
  49(pos)  07 ff 01 04 06 |1000|0001000| 1 0 {00}  04
  49(neg)  07 ff 01 04 06 |1000|0001000| 1 0 {00}  04
  49(neg)  07 ff 01 04 06 |1000|0001000| 1 0 {00}  04
  49(pos)  07 ff 01 04 06 |1000|0001000| 1 0 {00}  04
  50(pos)  08 ff 01 04 00 |1000|1000000| 1 0 {00}  b3
  50(neg)  08 ff 01 04 00 |1000|1000000| 1 0 {00}  b3
  50(neg)  08 ff 01 04 00 |1000|1000000| 1 0 {00}  b3
  50(pos)  08 ff 01 04 00 |1000|1000000| 1 0 {00}  b3
  51(pos)  09 ff 01 04 b3 |0001|0100000| 0 0 {00}  04
  51(neg)  09 ff 01 04 b3 |0001|0100000| 0 0 {00}  04
  51(neg)  09 ff 01 04 b3 |0001|0100000| 0 0 {00}  04
  51(pos)  09 ff 01 04 b3 |0001|0100000| 0 0 {00}  04
  52(pos)  09 ff 01 04 00 |1000|1000000| 1 0 {00}  06
  52(neg)  09 ff 01 04 00 |1000|1000000| 1 0 {00}  06
  52(neg)  09 ff 01 04 00 |1000|1000000| 1 0 {00}  06
  52(pos)  09 ff 01 04 00 |1000|1000000| 1 0 {00}  06
  53(pos)  0a ff 01 04 06 |1000|0001000| 1 0 {00}  02
  53(neg)  0a ff 01 04 06 |1000|0001000| 1 0 {00}  02
  53(neg)  0a ff 01 04 06 |1000|0001000| 1 0 {00}  02
  53(pos)  0a ff 01 04 06 |1000|0001000| 1 0 {00}  02
  54(pos)  0b ff 01 02 00 |1000|1000000| 1 0 {00}  f3
  54(neg)  0b ff 01 02 00 |1000|1000000| 1 0 {00}  f3
  54(neg)  0b ff 01 02 00 |1000|1000000| 1 0 {00}  f3
  54(pos)  0b ff 01 02 00 |1000|1000000| 1 0 {00}  f3
  55(pos)  0c ff 01 02 f3 |0001|0100000| 0 1 {00}  02
  55(neg)  0c ff 01 02 f3 |0001|0100000| 0 1 {00}  02
  55(neg)  0c ff 01 02 f3 |0001|0100000| 0 1 {00}  02
  55(pos)  0c ff 01 02 f3 |0001|0100000| 0 1 {00}  02
  56(pos)  02 ff 01 02 00 |1000|1000000| 1 0 {00}  04
  56(neg)  02 ff 01 02 00 |1000|1000000| 1 0 {00}  04
  56(neg)  02 ff 01 02 00 |1000|1000000| 1 0 {00}  04
  56(pos)  02 ff 01 02 00 |1000|1000000| 1 0 {00}  04
  57(pos)  03 ff 01 02 04 |1000|0010000| 1 0 {00}  05
  57(neg)  03 ff 01 02 04 |1000|0010000| 1 0 {00}  05
  57(neg)  03 ff 01 02 04 |1000|0010000| 1 0 {00}  05
  57(pos)  03 ff 01 02 04 |1000|0010000| 1 0 {00}  05
  58(pos)  04 05 01 02 00 |1000|1000000| 1 0 {00}  2d
  58(neg)  04 05 01 02 00 |1000|1000000| 1 0 {00}  2d
  58(neg)  04 05 01 02 00 |1000|1000000| 1 0 {00}  2d
  58(pos)  04 05 01 02 00 |1000|1000000| 1 0 {00}  2d
  59(pos)  05 05 01 02 2d |0010|0000001| 0 0 {00}  05
  59(neg)  05 05 01 02 2d |0010|0000001| 0 0 {00}  05
  59(neg)  05 05 01 02 2d |0010|0000001| 0 0 {00}  05
  59(pos)  05 05 01 02 2d |0010|0000001| 0 0 {00}  05
  60(pos)  05 05 01 02 00 |1000|1000000| 1 0 {05}  55
  60(neg)  05 05 01 02 00 |1000|1000000| 1 0 {05}  55
  60(neg)  05 05 01 02 00 |1000|1000000| 1 0 {05}  55
  60(pos)  05 05 01 02 00 |1000|1000000| 1 0 {05}  55
  61(pos)  06 05 01 02 55 |0100|0010000| 0 0 {05}  04
  61(neg)  06 05 01 02 55 |0100|0010000| 0 0 {05}  04
  61(neg)  06 05 01 02 55 |0100|0010000| 0 0 {05}  04
  61(pos)  06 05 01 02 55 |0100|0010000| 0 0 {05}  04
  62(pos)  06 04 01 02 00 |1000|1000000| 1 0 {05}  06
  62(neg)  06 04 01 02 00 |1000|1000000| 1 0 {05}  06
  62(neg)  06 04 01 02 00 |1000|1000000| 1 0 {05}  06
  62(pos)  06 04 01 02 00 |1000|1000000| 1 0 {05}  06
  63(pos)  07 04 01 02 06 |1000|0001000| 1 0 {05}  04
  63(neg)  07 04 01 02 06 |1000|0001000| 1 0 {05}  04
  63(neg)  07 04 01 02 06 |1000|0001000| 1 0 {05}  04
  63(pos)  07 04 01 02 06 |1000|0001000| 1 0 {05}  04
  64(pos)  08 04 01 04 00 |1000|1000000| 1 0 {05}  b3
  64(neg)  08 04 01 04 00 |1000|1000000| 1 0 {05}  b3
  64(neg)  08 04 01 04 00 |1000|1000000| 1 0 {05}  b3
  64(pos)  08 04 01 04 00 |1000|1000000| 1 0 {05}  b3
  65(pos)  09 04 01 04 b3 |0001|0100000| 0 1 {05}  04
  65(neg)  09 04 01 04 b3 |0001|0100000| 0 1 {05}  04
  65(neg)  09 04 01 04 b3 |0001|0100000| 0 1 {05}  04
  65(pos)  09 04 01 04 b3 |0001|0100000| 0 1 {05}  04
  66(pos)  04 04 01 04 00 |1000|1000000| 1 0 {05}  2d
  66(neg)  04 04 01 04 00 |1000|1000000| 1 0 {05}  2d
  66(neg)  04 04 01 04 00 |1000|1000000| 1 0 {05}  2d
  66(pos)  04 04 01 04 00 |1000|1000000| 1 0 {05}  2d
  67(pos)  05 04 01 04 2d |0010|0000001| 0 0 {05}  04
  67(neg)  05 04 01 04 2d |0010|0000001| 0 0 {05}  04
  67(neg)  05 04 01 04 2d |0010|0000001| 0 0 {05}  04
  67(pos)  05 04 01 04 2d |0010|0000001| 0 0 {05}  04
  68(pos)  05 04 01 04 00 |1000|1000000| 1 0 {04}  55
  68(neg)  05 04 01 04 00 |1000|1000000| 1 0 {04}  55
  68(neg)  05 04 01 04 00 |1000|1000000| 1 0 {04}  55
  68(pos)  05 04 01 04 00 |1000|1000000| 1 0 {04}  55
  69(pos)  06 04 01 04 55 |0100|0010000| 0 0 {04}  03
  69(neg)  06 04 01 04 55 |0100|0010000| 0 0 {04}  03
  69(neg)  06 04 01 04 55 |0100|0010000| 0 0 {04}  03
  69(pos)  06 04 01 04 55 |0100|0010000| 0 0 {04}  03
  70(pos)  06 03 01 04 00 |1000|1000000| 1 0 {04}  06
  70(neg)  06 03 01 04 00 |1000|1000000| 1 0 {04}  06
  70(neg)  06 03 01 04 00 |1000|1000000| 1 0 {04}  06
  70(pos)  06 03 01 04 00 |1000|1000000| 1 0 {04}  06
  71(pos)  07 03 01 04 06 |1000|0001000| 1 0 {04}  04
  71(neg)  07 03 01 04 06 |1000|0001000| 1 0 {04}  04
  71(neg)  07 03 01 04 06 |1000|0001000| 1 0 {04}  04
  71(pos)  07 03 01 04 06 |1000|0001000| 1 0 {04}  04
  72(pos)  08 03 01 04 00 |1000|1000000| 1 0 {04}  b3
  72(neg)  08 03 01 04 00 |1000|1000000| 1 0 {04}  b3
  72(neg)  08 03 01 04 00 |1000|1000000| 1 0 {04}  b3
  72(pos)  08 03 01 04 00 |1000|1000000| 1 0 {04}  b3
  73(pos)  09 03 01 04 b3 |0001|0100000| 0 1 {04}  04
  73(neg)  09 03 01 04 b3 |0001|0100000| 0 1 {04}  04
  73(neg)  09 03 01 04 b3 |0001|0100000| 0 1 {04}  04
  73(pos)  09 03 01 04 b3 |0001|0100000| 0 1 {04}  04
  74(pos)  04 03 01 04 00 |1000|1000000| 1 0 {04}  2d
  74(neg)  04 03 01 04 00 |1000|1000000| 1 0 {04}  2d
  74(neg)  04 03 01 04 00 |1000|1000000| 1 0 {04}  2d
  74(pos)  04 03 01 04 00 |1000|1000000| 1 0 {04}  2d
  75(pos)  05 03 01 04 2d |0010|0000001| 0 0 {04}  03
  75(neg)  05 03 01 04 2d |0010|0000001| 0 0 {04}  03
  75(neg)  05 03 01 04 2d |0010|0000001| 0 0 {04}  03
  75(pos)  05 03 01 04 2d |0010|0000001| 0 0 {04}  03
  76(pos)  05 03 01 04 00 |1000|1000000| 1 0 {03}  55
  76(neg)  05 03 01 04 00 |1000|1000000| 1 0 {03}  55
  76(neg)  05 03 01 04 00 |1000|1000000| 1 0 {03}  55
  76(pos)  05 03 01 04 00 |1000|1000000| 1 0 {03}  55
  77(pos)  06 03 01 04 55 |0100|0010000| 0 0 {03}  02
  77(neg)  06 03 01 04 55 |0100|0010000| 0 0 {03}  02
  77(neg)  06 03 01 04 55 |0100|0010000| 0 0 {03}  02
  77(pos)  06 03 01 04 55 |0100|0010000| 0 0 {03}  02
  78(pos)  06 02 01 04 00 |1000|1000000| 1 0 {03}  06
  78(neg)  06 02 01 04 00 |1000|1000000| 1 0 {03}  06
  78(neg)  06 02 01 04 00 |1000|1000000| 1 0 {03}  06
  78(pos)  06 02 01 04 00 |1000|1000000| 1 0 {03}  06
  79(pos)  07 02 01 04 06 |1000|0001000| 1 0 {03}  04
  79(neg)  07 02 01 04 06 |1000|0001000| 1 0 {03}  04
  79(neg)  07 02 01 04 06 |1000|0001000| 1 0 {03}  04
  79(pos)  07 02 01 04 06 |1000|0001000| 1 0 {03}  04
  80(pos)  08 02 01 04 00 |1000|1000000| 1 0 {03}  b3
  80(neg)  08 02 01 04 00 |1000|1000000| 1 0 {03}  b3
  80(neg)  08 02 01 04 00 |1000|1000000| 1 0 {03}  b3
  80(pos)  08 02 01 04 00 |1000|1000000| 1 0 {03}  b3
  81(pos)  09 02 01 04 b3 |0001|0100000| 0 1 {03}  04
  81(neg)  09 02 01 04 b3 |0001|0100000| 0 1 {03}  04
  81(neg)  09 02 01 04 b3 |0001|0100000| 0 1 {03}  04
  81(pos)  09 02 01 04 b3 |0001|0100000| 0 1 {03}  04
  82(pos)  04 02 01 04 00 |1000|1000000| 1 0 {03}  2d
  82(neg)  04 02 01 04 00 |1000|1000000| 1 0 {03}  2d
  82(neg)  04 02 01 04 00 |1000|1000000| 1 0 {03}  2d
  82(pos)  04 02 01 04 00 |1000|1000000| 1 0 {03}  2d
  83(pos)  05 02 01 04 2d |0010|0000001| 0 0 {03}  02
  83(neg)  05 02 01 04 2d |0010|0000001| 0 0 {03}  02
  83(neg)  05 02 01 04 2d |0010|0000001| 0 0 {03}  02
  83(pos)  05 02 01 04 2d |0010|0000001| 0 0 {03}  02
  84(pos)  05 02 01 04 00 |1000|1000000| 1 0 {02}  55
  84(neg)  05 02 01 04 00 |1000|1000000| 1 0 {02}  55
  84(neg)  05 02 01 04 00 |1000|1000000| 1 0 {02}  55
  84(pos)  05 02 01 04 00 |1000|1000000| 1 0 {02}  55
  85(pos)  06 02 01 04 55 |0100|0010000| 0 0 {02}  01
  85(neg)  06 02 01 04 55 |0100|0010000| 0 0 {02}  01
  85(neg)  06 02 01 04 55 |0100|0010000| 0 0 {02}  01
  85(pos)  06 02 01 04 55 |0100|0010000| 0 0 {02}  01
  86(pos)  06 01 01 04 00 |1000|1000000| 1 0 {02}  06
  86(neg)  06 01 01 04 00 |1000|1000000| 1 0 {02}  06
  86(neg)  06 01 01 04 00 |1000|1000000| 1 0 {02}  06
  86(pos)  06 01 01 04 00 |1000|1000000| 1 0 {02}  06
  87(pos)  07 01 01 04 06 |1000|0001000| 1 0 {02}  04
  87(neg)  07 01 01 04 06 |1000|0001000| 1 0 {02}  04
  87(neg)  07 01 01 04 06 |1000|0001000| 1 0 {02}  04
  87(pos)  07 01 01 04 06 |1000|0001000| 1 0 {02}  04
  88(pos)  08 01 01 04 00 |1000|1000000| 1 0 {02}  b3
  88(neg)  08 01 01 04 00 |1000|1000000| 1 0 {02}  b3
  88(neg)  08 01 01 04 00 |1000|1000000| 1 0 {02}  b3
  88(pos)  08 01 01 04 00 |1000|1000000| 1 0 {02}  b3
  89(pos)  09 01 01 04 b3 |0001|0100000| 0 1 {02}  04
  89(neg)  09 01 01 04 b3 |0001|0100000| 0 1 {02}  04
  89(neg)  09 01 01 04 b3 |0001|0100000| 0 1 {02}  04
  89(pos)  09 01 01 04 b3 |0001|0100000| 0 1 {02}  04
  90(pos)  04 01 01 04 00 |1000|1000000| 1 0 {02}  2d
  90(neg)  04 01 01 04 00 |1000|1000000| 1 0 {02}  2d
  90(neg)  04 01 01 04 00 |1000|1000000| 1 0 {02}  2d
  90(pos)  04 01 01 04 00 |1000|1000000| 1 0 {02}  2d
  91(pos)  05 01 01 04 2d |0010|0000001| 0 0 {02}  01
  91(neg)  05 01 01 04 2d |0010|0000001| 0 0 {02}  01
  91(neg)  05 01 01 04 2d |0010|0000001| 0 0 {02}  01
  91(pos)  05 01 01 04 2d |0010|0000001| 0 0 {02}  01
  92(pos)  05 01 01 04 00 |1000|1000000| 1 0 {01}  55
  92(neg)  05 01 01 04 00 |1000|1000000| 1 0 {01}  55
  92(neg)  05 01 01 04 00 |1000|1000000| 1 0 {01}  55
  92(pos)  05 01 01 04 00 |1000|1000000| 1 0 {01}  55
  93(pos)  06 01 01 04 55 |0100|0010000| 0 0 {01}  00
  93(neg)  06 01 01 04 55 |0100|0010000| 0 0 {01}  00
  93(neg)  06 01 01 04 55 |0100|0010000| 0 0 {01}  00
  93(pos)  06 01 01 04 55 |0100|0010000| 0 0 {01}  00
  94(pos)  06 00 01 04 00 |1000|1000000| 1 0 {01}  06
  94(neg)  06 00 01 04 00 |1000|1000000| 1 0 {01}  06
  94(neg)  06 00 01 04 00 |1000|1000000| 1 0 {01}  06
  94(pos)  06 00 01 04 00 |1000|1000000| 1 0 {01}  06
  95(pos)  07 00 01 04 06 |1000|0001000| 1 0 {01}  04
  95(neg)  07 00 01 04 06 |1000|0001000| 1 0 {01}  04
  95(neg)  07 00 01 04 06 |1000|0001000| 1 0 {01}  04
  95(pos)  07 00 01 04 06 |1000|0001000| 1 0 {01}  04
  96(pos)  08 00 01 04 00 |1000|1000000| 1 0 {01}  b3
  96(neg)  08 00 01 04 00 |1000|1000000| 1 0 {01}  b3
  96(neg)  08 00 01 04 00 |1000|1000000| 1 0 {01}  b3
  96(pos)  08 00 01 04 00 |1000|1000000| 1 0 {01}  b3
  97(pos)  09 00 01 04 b3 |0001|0100000| 0 1 {01}  04
  97(neg)  09 00 01 04 b3 |0001|0100000| 0 1 {01}  04
  97(neg)  09 00 01 04 b3 |0001|0100000| 0 1 {01}  04
  97(pos)  09 00 01 04 b3 |0001|0100000| 0 1 {01}  04
  98(pos)  04 00 01 04 00 |1000|1000000| 1 0 {01}  2d
  98(neg)  04 00 01 04 00 |1000|1000000| 1 0 {01}  2d
  98(neg)  04 00 01 04 00 |1000|1000000| 1 0 {01}  2d
  98(pos)  04 00 01 04 00 |1000|1000000| 1 0 {01}  2d
  99(pos)  05 00 01 04 2d |0010|0000001| 0 0 {01}  00
  99(neg)  05 00 01 04 2d |0010|0000001| 0 0 {01}  00
  99(neg)  05 00 01 04 2d |0010|0000001| 0 0 {01}  00
  99(pos)  05 00 01 04 2d |0010|0000001| 0 0 {01}  00
 100(pos)  05 00 01 04 00 |1000|1000000| 1 0 {00}  55
 100(neg)  05 00 01 04 00 |1000|1000000| 1 0 {00}  55
 100(neg)  05 00 01 04 00 |1000|1000000| 1 0 {00}  55
 100(pos)  05 00 01 04 00 |1000|1000000| 1 0 {00}  55
 101(pos)  06 00 01 04 55 |0100|0010000| 0 1 {00}  ff
 101(neg)  06 00 01 04 55 |0100|0010000| 0 1 {00}  ff
 101(neg)  06 00 01 04 55 |0100|0010000| 0 1 {00}  ff
 101(pos)  06 00 01 04 55 |0100|0010000| 0 1 {00}  ff
 102(pos)  06 ff 01 04 00 |1000|1000000| 1 0 {00}  06
 102(neg)  06 ff 01 04 00 |1000|1000000| 1 0 {00}  06
 102(neg)  06 ff 01 04 00 |1000|1000000| 1 0 {00}  06
 102(pos)  06 ff 01 04 00 |1000|1000000| 1 0 {00}  06
 103(pos)  07 ff 01 04 06 |1000|0001000| 1 0 {00}  04
 103(neg)  07 ff 01 04 06 |1000|0001000| 1 0 {00}  04
 103(neg)  07 ff 01 04 06 |1000|0001000| 1 0 {00}  04
 103(pos)  07 ff 01 04 06 |1000|0001000| 1 0 {00}  04
 104(pos)  08 ff 01 04 00 |1000|1000000| 1 0 {00}  b3
 104(neg)  08 ff 01 04 00 |1000|1000000| 1 0 {00}  b3
 104(neg)  08 ff 01 04 00 |1000|1000000| 1 0 {00}  b3
 104(pos)  08 ff 01 04 00 |1000|1000000| 1 0 {00}  b3
 105(pos)  09 ff 01 04 b3 |0001|0100000| 0 0 {00}  04
 105(neg)  09 ff 01 04 b3 |0001|0100000| 0 0 {00}  04
 105(neg)  09 ff 01 04 b3 |0001|0100000| 0 0 {00}  04
 105(pos)  09 ff 01 04 b3 |0001|0100000| 0 0 {00}  04
 106(pos)  09 ff 01 04 00 |1000|1000000| 1 0 {00}  06
 106(neg)  09 ff 01 04 00 |1000|1000000| 1 0 {00}  06
 106(neg)  09 ff 01 04 00 |1000|1000000| 1 0 {00}  06
 106(pos)  09 ff 01 04 00 |1000|1000000| 1 0 {00}  06
 107(pos)  0a ff 01 04 06 |1000|0001000| 1 0 {00}  02
 107(neg)  0a ff 01 04 06 |1000|0001000| 1 0 {00}  02
 107(neg)  0a ff 01 04 06 |1000|0001000| 1 0 {00}  02
 107(pos)  0a ff 01 04 06 |1000|0001000| 1 0 {00}  02
 108(pos)  0b ff 01 02 00 |1000|1000000| 1 0 {00}  f3
 108(neg)  0b ff 01 02 00 |1000|1000000| 1 0 {00}  f3
 108(neg)  0b ff 01 02 00 |1000|1000000| 1 0 {00}  f3
 108(pos)  0b ff 01 02 00 |1000|1000000| 1 0 {00}  f3
 109(pos)  0c ff 01 02 f3 |0001|0100000| 0 1 {00}  02
 109(neg)  0c ff 01 02 f3 |0001|0100000| 0 1 {00}  02
 109(neg)  0c ff 01 02 f3 |0001|0100000| 0 1 {00}  02
 109(pos)  0c ff 01 02 f3 |0001|0100000| 0 1 {00}  02
 110(pos)  02 ff 01 02 00 |1000|1000000| 1 0 {00}  04
 110(neg)  02 ff 01 02 00 |1000|1000000| 1 0 {00}  04
 110(neg)  02 ff 01 02 00 |1000|1000000| 1 0 {00}  04
 110(pos)  02 ff 01 02 00 |1000|1000000| 1 0 {00}  04
 111(pos)  03 ff 01 02 04 |1000|0010000| 1 0 {00}  05
 111(neg)  03 ff 01 02 04 |1000|0010000| 1 0 {00}  05
 111(neg)  03 ff 01 02 04 |1000|0010000| 1 0 {00}  05
 111(pos)  03 ff 01 02 04 |1000|0010000| 1 0 {00}  05
 112(pos)  04 05 01 02 00 |1000|1000000| 1 0 {00}  2d
 112(neg)  04 05 01 02 00 |1000|1000000| 1 0 {00}  2d
 112(neg)  04 05 01 02 00 |1000|1000000| 1 0 {00}  2d
 112(pos)  04 05 01 02 00 |1000|1000000| 1 0 {00}  2d
 113(pos)  05 05 01 02 2d |0010|0000001| 0 0 {00}  05
 113(neg)  05 05 01 02 2d |0010|0000001| 0 0 {00}  05
 113(neg)  05 05 01 02 2d |0010|0000001| 0 0 {00}  05
 113(pos)  05 05 01 02 2d |0010|0000001| 0 0 {00}  05
 114(pos)  05 05 01 02 00 |1000|1000000| 1 0 {05}  55
 114(neg)  05 05 01 02 00 |1000|1000000| 1 0 {05}  55
 114(neg)  05 05 01 02 00 |1000|1000000| 1 0 {05}  55
 114(pos)  05 05 01 02 00 |1000|1000000| 1 0 {05}  55
 115(pos)  06 05 01 02 55 |0100|0010000| 0 0 {05}  04
 115(neg)  06 05 01 02 55 |0100|0010000| 0 0 {05}  04
 115(neg)  06 05 01 02 55 |0100|0010000| 0 0 {05}  04
 115(pos)  06 05 01 02 55 |0100|0010000| 0 0 {05}  04
 116(pos)  06 04 01 02 00 |1000|1000000| 1 0 {05}  06
 116(neg)  06 04 01 02 00 |1000|1000000| 1 0 {05}  06
 116(neg)  06 04 01 02 00 |1000|1000000| 1 0 {05}  06
 116(pos)  06 04 01 02 00 |1000|1000000| 1 0 {05}  06
 117(pos)  07 04 01 02 06 |1000|0001000| 1 0 {05}  04
 117(neg)  07 04 01 02 06 |1000|0001000| 1 0 {05}  04
 117(neg)  07 04 01 02 06 |1000|0001000| 1 0 {05}  04
 117(pos)  07 04 01 02 06 |1000|0001000| 1 0 {05}  04
 118(pos)  08 04 01 04 00 |1000|1000000| 1 0 {05}  b3
 118(neg)  08 04 01 04 00 |1000|1000000| 1 0 {05}  b3
 118(neg)  08 04 01 04 00 |1000|1000000| 1 0 {05}  b3
 118(pos)  08 04 01 04 00 |1000|1000000| 1 0 {05}  b3
 119(pos)  09 04 01 04 b3 |0001|0100000| 0 1 {05}  04
 119(neg)  09 04 01 04 b3 |0001|0100000| 0 1 {05}  04
 119(neg)  09 04 01 04 b3 |0001|0100000| 0 1 {05}  04
 119(pos)  09 04 01 04 b3 |0001|0100000| 0 1 {05}  04
 120(pos)  04 04 01 04 00 |1000|1000000| 1 0 {05}  2d
 120(neg)  04 04 01 04 00 |1000|1000000| 1 0 {05}  2d
 120(neg)  04 04 01 04 00 |1000|1000000| 1 0 {05}  2d
 120(pos)  04 04 01 04 00 |1000|1000000| 1 0 {05}  2d
 121(pos)  05 04 01 04 2d |0010|0000001| 0 0 {05}  04
 121(neg)  05 04 01 04 2d |0010|0000001| 0 0 {05}  04
 121(neg)  05 04 01 04 2d |0010|0000001| 0 0 {05}  04
 121(pos)  05 04 01 04 2d |0010|0000001| 0 0 {05}  04
 122(pos)  05 04 01 04 00 |1000|1000000| 1 0 {04}  55
 122(neg)  05 04 01 04 00 |1000|1000000| 1 0 {04}  55
 122(neg)  05 04 01 04 00 |1000|1000000| 1 0 {04}  55
 122(pos)  05 04 01 04 00 |1000|1000000| 1 0 {04}  55
 123(pos)  06 04 01 04 55 |0100|0010000| 0 0 {04}  03
 123(neg)  06 04 01 04 55 |0100|0010000| 0 0 {04}  03
 123(neg)  06 04 01 04 55 |0100|0010000| 0 0 {04}  03
 123(pos)  06 04 01 04 55 |0100|0010000| 0 0 {04}  03
 124(pos)  06 03 01 04 00 |1000|1000000| 1 0 {04}  06
 124(neg)  06 03 01 04 00 |1000|1000000| 1 0 {04}  06
 124(neg)  06 03 01 04 00 |1000|1000000| 1 0 {04}  06
 124(pos)  06 03 01 04 00 |1000|1000000| 1 0 {04}  06
 125(pos)  07 03 01 04 06 |1000|0001000| 1 0 {04}  04
 125(neg)  07 03 01 04 06 |1000|0001000| 1 0 {04}  04
 125(neg)  07 03 01 04 06 |1000|0001000| 1 0 {04}  04
 125(pos)  07 03 01 04 06 |1000|0001000| 1 0 {04}  04
 126(pos)  08 03 01 04 00 |1000|1000000| 1 0 {04}  b3
 126(neg)  08 03 01 04 00 |1000|1000000| 1 0 {04}  b3
 126(neg)  08 03 01 04 00 |1000|1000000| 1 0 {04}  b3
 126(pos)  08 03 01 04 00 |1000|1000000| 1 0 {04}  b3
 127(pos)  09 03 01 04 b3 |0001|0100000| 0 1 {04}  04
 127(neg)  09 03 01 04 b3 |0001|0100000| 0 1 {04}  04
 127(neg)  09 03 01 04 b3 |0001|0100000| 0 1 {04}  04
 127(pos)  09 03 01 04 b3 |0001|0100000| 0 1 {04}  04
 128(pos)  04 03 01 04 00 |1000|1000000| 1 0 {04}  2d
 128(neg)  04 03 01 04 00 |1000|1000000| 1 0 {04}  2d
 128(neg)  04 03 01 04 00 |1000|1000000| 1 0 {04}  2d
 128(pos)  04 03 01 04 00 |1000|1000000| 1 0 {04}  2d
 129(pos)  05 03 01 04 2d |0010|0000001| 0 0 {04}  03
 129(neg)  05 03 01 04 2d |0010|0000001| 0 0 {04}  03
 129(neg)  05 03 01 04 2d |0010|0000001| 0 0 {04}  03
 129(pos)  05 03 01 04 2d |0010|0000001| 0 0 {04}  03
 130(pos)  05 03 01 04 00 |1000|1000000| 1 0 {03}  55
 130(neg)  05 03 01 04 00 |1000|1000000| 1 0 {03}  55
 130(neg)  05 03 01 04 00 |1000|1000000| 1 0 {03}  55
 130(pos)  05 03 01 04 00 |1000|1000000| 1 0 {03}  55
 131(pos)  06 03 01 04 55 |0100|0010000| 0 0 {03}  02
 131(neg)  06 03 01 04 55 |0100|0010000| 0 0 {03}  02
 131(neg)  06 03 01 04 55 |0100|0010000| 0 0 {03}  02
 131(pos)  06 03 01 04 55 |0100|0010000| 0 0 {03}  02
 132(pos)  06 02 01 04 00 |1000|1000000| 1 0 {03}  06
 132(neg)  06 02 01 04 00 |1000|1000000| 1 0 {03}  06
 132(neg)  06 02 01 04 00 |1000|1000000| 1 0 {03}  06
 132(pos)  06 02 01 04 00 |1000|1000000| 1 0 {03}  06
 133(pos)  07 02 01 04 06 |1000|0001000| 1 0 {03}  04
 133(neg)  07 02 01 04 06 |1000|0001000| 1 0 {03}  04
 133(neg)  07 02 01 04 06 |1000|0001000| 1 0 {03}  04
 133(pos)  07 02 01 04 06 |1000|0001000| 1 0 {03}  04
 134(pos)  08 02 01 04 00 |1000|1000000| 1 0 {03}  b3
 134(neg)  08 02 01 04 00 |1000|1000000| 1 0 {03}  b3
 134(neg)  08 02 01 04 00 |1000|1000000| 1 0 {03}  b3
 134(pos)  08 02 01 04 00 |1000|1000000| 1 0 {03}  b3
 135(pos)  09 02 01 04 b3 |0001|0100000| 0 1 {03}  04
 135(neg)  09 02 01 04 b3 |0001|0100000| 0 1 {03}  04
 135(neg)  09 02 01 04 b3 |0001|0100000| 0 1 {03}  04
 135(pos)  09 02 01 04 b3 |0001|0100000| 0 1 {03}  04
 136(pos)  04 02 01 04 00 |1000|1000000| 1 0 {03}  2d
 136(neg)  04 02 01 04 00 |1000|1000000| 1 0 {03}  2d
 136(neg)  04 02 01 04 00 |1000|1000000| 1 0 {03}  2d
 136(pos)  04 02 01 04 00 |1000|1000000| 1 0 {03}  2d
 137(pos)  05 02 01 04 2d |0010|0000001| 0 0 {03}  02
 137(neg)  05 02 01 04 2d |0010|0000001| 0 0 {03}  02
 137(neg)  05 02 01 04 2d |0010|0000001| 0 0 {03}  02
 137(pos)  05 02 01 04 2d |0010|0000001| 0 0 {03}  02
 138(pos)  05 02 01 04 00 |1000|1000000| 1 0 {02}  55
 138(neg)  05 02 01 04 00 |1000|1000000| 1 0 {02}  55
 138(neg)  05 02 01 04 00 |1000|1000000| 1 0 {02}  55
 138(pos)  05 02 01 04 00 |1000|1000000| 1 0 {02}  55
 139(pos)  06 02 01 04 55 |0100|0010000| 0 0 {02}  01
 139(neg)  06 02 01 04 55 |0100|0010000| 0 0 {02}  01
 139(neg)  06 02 01 04 55 |0100|0010000| 0 0 {02}  01
 139(pos)  06 02 01 04 55 |0100|0010000| 0 0 {02}  01
 140(pos)  06 01 01 04 00 |1000|1000000| 1 0 {02}  06
 140(neg)  06 01 01 04 00 |1000|1000000| 1 0 {02}  06
 140(neg)  06 01 01 04 00 |1000|1000000| 1 0 {02}  06
 140(pos)  06 01 01 04 00 |1000|1000000| 1 0 {02}  06
 141(pos)  07 01 01 04 06 |1000|0001000| 1 0 {02}  04
 141(neg)  07 01 01 04 06 |1000|0001000| 1 0 {02}  04
 141(neg)  07 01 01 04 06 |1000|0001000| 1 0 {02}  04
 141(pos)  07 01 01 04 06 |1000|0001000| 1 0 {02}  04
 142(pos)  08 01 01 04 00 |1000|1000000| 1 0 {02}  b3
 142(neg)  08 01 01 04 00 |1000|1000000| 1 0 {02}  b3
 142(neg)  08 01 01 04 00 |1000|1000000| 1 0 {02}  b3
 142(pos)  08 01 01 04 00 |1000|1000000| 1 0 {02}  b3
 143(pos)  09 01 01 04 b3 |0001|0100000| 0 1 {02}  04
 143(neg)  09 01 01 04 b3 |0001|0100000| 0 1 {02}  04
 143(neg)  09 01 01 04 b3 |0001|0100000| 0 1 {02}  04
 143(pos)  09 01 01 04 b3 |0001|0100000| 0 1 {02}  04
 144(pos)  04 01 01 04 00 |1000|1000000| 1 0 {02}  2d
 144(neg)  04 01 01 04 00 |1000|1000000| 1 0 {02}  2d
 144(neg)  04 01 01 04 00 |1000|1000000| 1 0 {02}  2d
 144(pos)  04 01 01 04 00 |1000|1000000| 1 0 {02}  2d
 145(pos)  05 01 01 04 2d |0010|0000001| 0 0 {02}  01
 145(neg)  05 01 01 04 2d |0010|0000001| 0 0 {02}  01
 145(neg)  05 01 01 04 2d |0010|0000001| 0 0 {02}  01
 145(pos)  05 01 01 04 2d |0010|0000001| 0 0 {02}  01
 146(pos)  05 01 01 04 00 |1000|1000000| 1 0 {01}  55
 146(neg)  05 01 01 04 00 |1000|1000000| 1 0 {01}  55
 146(neg)  05 01 01 04 00 |1000|1000000| 1 0 {01}  55
 146(pos)  05 01 01 04 00 |1000|1000000| 1 0 {01}  55
 147(pos)  06 01 01 04 55 |0100|0010000| 0 0 {01}  00
 147(neg)  06 01 01 04 55 |0100|0010000| 0 0 {01}  00
 147(neg)  06 01 01 04 55 |0100|0010000| 0 0 {01}  00
 147(pos)  06 01 01 04 55 |0100|0010000| 0 0 {01}  00
 148(pos)  06 00 01 04 00 |1000|1000000| 1 0 {01}  06
 148(neg)  06 00 01 04 00 |1000|1000000| 1 0 {01}  06
 148(neg)  06 00 01 04 00 |1000|1000000| 1 0 {01}  06
 148(pos)  06 00 01 04 00 |1000|1000000| 1 0 {01}  06
 149(pos)  07 00 01 04 06 |1000|0001000| 1 0 {01}  04
 149(neg)  07 00 01 04 06 |1000|0001000| 1 0 {01}  04
 149(neg)  07 00 01 04 06 |1000|0001000| 1 0 {01}  04
 149(pos)  07 00 01 04 06 |1000|0001000| 1 0 {01}  04
 150(pos)  08 00 01 04 00 |1000|1000000| 1 0 {01}  b3
 150(neg)  08 00 01 04 00 |1000|1000000| 1 0 {01}  b3
 150(neg)  08 00 01 04 00 |1000|1000000| 1 0 {01}  b3
