*nic8 simulation*
-------------------------------------------------------
ticks(^)   PC AR BR XR IR  MEAX IPAXBMQ  i j  OUT  dbus
-------------------------------------------------------
   1(pos)  01 00 00 00 04 |1000|0010000| 1 0 {000}  01
   2(pos)  02 01 ~~ ~~ 00 |1000|1000000| 1 0 {000}  2d
   3(pos)  03 ~~ ~~ ~~ 2d |0010|0000001| 0 0 {000}  01
   4(pos)  ~~ ~~ ~~ ~~ 00 |1000|1000000| 1 0 {001}  17
   5(pos)  04 ~~ ~~ ~~ 17 |0100|0001000| 0 0 {001}  01
   6(pos)  ~~ ~~ ~~ 01 00 |1000|1000000| 1 0 {001}  29
   7(pos)  05 ~~ ~~ ~~ 29 |0010|0000100| 0 0 {001}  01
   8(pos)  ~~ ~~ 01 ~~ 00 |1000|1000000| 1 0 {001}  35
   9(pos)  06 ~~ ~~ ~~ 35 |0001|0010000| 0 0 {001}  01
  10(pos)  ~~ ~~ ~~ ~~ 00 |1000|1000000| 1 0 {001}  06
  11(pos)  07 ~~ ~~ ~~ 06 |1000|0001000| 1 0 {001}  02
  12(pos)  08 ~~ ~~ 02 00 |1000|1000000| 1 0 {001}  f3
  13(pos)  09 ~~ ~~ ~~ f3 |0001|0100000| 0 1 {001}  02
  14(pos)  02 ~~ ~~ ~~ 00 |1000|1000000| 1 0 {001}  2d
  15(pos)  03 ~~ ~~ ~~ 2d |0010|0000001| 0 0 {001}  01
  16(pos)  ~~ ~~ ~~ ~~ 00 |1000|1000000| 1 0 {001}  17
  17(pos)  04 ~~ ~~ ~~ 17 |0100|0001000| 0 0 {001}  02
  18(pos)  ~~ ~~ ~~ ~~ 00 |1000|1000000| 1 0 {001}  29
  19(pos)  05 ~~ ~~ ~~ 29 |0010|0000100| 0 0 {001}  01
  20(pos)  ~~ ~~ ~~ ~~ 00 |1000|1000000| 1 0 {001}  35
  21(pos)  06 ~~ ~~ ~~ 35 |0001|0010000| 0 0 {001}  02
  22(pos)  ~~ 02 ~~ ~~ 00 |1000|1000000| 1 0 {001}  06
  23(pos)  07 ~~ ~~ ~~ 06 |1000|0001000| 1 0 {001}  02
  24(pos)  08 ~~ ~~ ~~ 00 |1000|1000000| 1 0 {001}  f3
  25(pos)  09 ~~ ~~ ~~ f3 |0001|0100000| 0 1 {001}  02
  26(pos)  02 ~~ ~~ ~~ 00 |1000|1000000| 1 0 {001}  2d
  27(pos)  03 ~~ ~~ ~~ 2d |0010|0000001| 0 0 {001}  02
  28(pos)  ~~ ~~ ~~ ~~ 00 |1000|1000000| 1 0 {002}  17
  29(pos)  04 ~~ ~~ ~~ 17 |0100|0001000| 0 0 {002}  03
  30(pos)  ~~ ~~ ~~ 03 00 |1000|1000000| 1 0 {002}  29
  31(pos)  05 ~~ ~~ ~~ 29 |0010|0000100| 0 0 {002}  02
  32(pos)  ~~ ~~ 02 ~~ 00 |1000|1000000| 1 0 {002}  35
  33(pos)  06 ~~ ~~ ~~ 35 |0001|0010000| 0 0 {002}  03
  34(pos)  ~~ 03 ~~ ~~ 00 |1000|1000000| 1 0 {002}  06
  35(pos)  07 ~~ ~~ ~~ 06 |1000|0001000| 1 0 {002}  02
  36(pos)  08 ~~ ~~ 02 00 |1000|1000000| 1 0 {002}  f3
  37(pos)  09 ~~ ~~ ~~ f3 |0001|0100000| 0 1 {002}  02
  38(pos)  02 ~~ ~~ ~~ 00 |1000|1000000| 1 0 {002}  2d
  39(pos)  03 ~~ ~~ ~~ 2d |0010|0000001| 0 0 {002}  03
  40(pos)  ~~ ~~ ~~ ~~ 00 |1000|1000000| 1 0 {003}  17
  41(pos)  04 ~~ ~~ ~~ 17 |0100|0001000| 0 0 {003}  05
  42(pos)  ~~ ~~ ~~ 05 00 |1000|1000000| 1 0 {003}  29
  43(pos)  05 ~~ ~~ ~~ 29 |0010|0000100| 0 0 {003}  03
  44(pos)  ~~ ~~ 03 ~~ 00 |1000|1000000| 1 0 {003}  35
  45(pos)  06 ~~ ~~ ~~ 35 |0001|0010000| 0 0 {003}  05
  46(pos)  ~~ 05 ~~ ~~ 00 |1000|1000000| 1 0 {003}  06
  47(pos)  07 ~~ ~~ ~~ 06 |1000|0001000| 1 0 {003}  02
  48(pos)  08 ~~ ~~ 02 00 |1000|1000000| 1 0 {003}  f3
  49(pos)  09 ~~ ~~ ~~ f3 |0001|0100000| 0 1 {003}  02
  50(pos)  02 ~~ ~~ ~~ 00 |1000|1000000| 1 0 {003}  2d
  51(pos)  03 ~~ ~~ ~~ 2d |0010|0000001| 0 0 {003}  05
  52(pos)  ~~ ~~ ~~ ~~ 00 |1000|1000000| 1 0 {005}  17
  53(pos)  04 ~~ ~~ ~~ 17 |0100|0001000| 0 0 {005}  08
  54(pos)  ~~ ~~ ~~ 08 00 |1000|1000000| 1 0 {005}  29
  55(pos)  05 ~~ ~~ ~~ 29 |0010|0000100| 0 0 {005}  05
  56(pos)  ~~ ~~ 05 ~~ 00 |1000|1000000| 1 0 {005}  35
  57(pos)  06 ~~ ~~ ~~ 35 |0001|0010000| 0 0 {005}  08
  58(pos)  ~~ 08 ~~ ~~ 00 |1000|1000000| 1 0 {005}  06
  59(pos)  07 ~~ ~~ ~~ 06 |1000|0001000| 1 0 {005}  02
  60(pos)  08 ~~ ~~ 02 00 |1000|1000000| 1 0 {005}  f3
  61(pos)  09 ~~ ~~ ~~ f3 |0001|0100000| 0 1 {005}  02
  62(pos)  02 ~~ ~~ ~~ 00 |1000|1000000| 1 0 {005}  2d
  63(pos)  03 ~~ ~~ ~~ 2d |0010|0000001| 0 0 {005}  08
  64(pos)  ~~ ~~ ~~ ~~ 00 |1000|1000000| 1 0 {008}  17
  65(pos)  04 ~~ ~~ ~~ 17 |0100|0001000| 0 0 {008}  0d
  66(pos)  ~~ ~~ ~~ 0d 00 |1000|1000000| 1 0 {008}  29
  67(pos)  05 ~~ ~~ ~~ 29 |0010|0000100| 0 0 {008}  08
  68(pos)  ~~ ~~ 08 ~~ 00 |1000|1000000| 1 0 {008}  35
  69(pos)  06 ~~ ~~ ~~ 35 |0001|0010000| 0 0 {008}  0d
  70(pos)  ~~ 0d ~~ ~~ 00 |1000|1000000| 1 0 {008}  06
  71(pos)  07 ~~ ~~ ~~ 06 |1000|0001000| 1 0 {008}  02
  72(pos)  08 ~~ ~~ 02 00 |1000|1000000| 1 0 {008}  f3
  73(pos)  09 ~~ ~~ ~~ f3 |0001|0100000| 0 1 {008}  02
  74(pos)  02 ~~ ~~ ~~ 00 |1000|1000000| 1 0 {008}  2d
  75(pos)  03 ~~ ~~ ~~ 2d |0010|0000001| 0 0 {008}  0d
  76(pos)  ~~ ~~ ~~ ~~ 00 |1000|1000000| 1 0 {013}  17
  77(pos)  04 ~~ ~~ ~~ 17 |0100|0001000| 0 0 {013}  15
  78(pos)  ~~ ~~ ~~ 15 00 |1000|1000000| 1 0 {013}  29
  79(pos)  05 ~~ ~~ ~~ 29 |0010|0000100| 0 0 {013}  0d
  80(pos)  ~~ ~~ 0d ~~ 00 |1000|1000000| 1 0 {013}  35
  81(pos)  06 ~~ ~~ ~~ 35 |0001|0010000| 0 0 {013}  15
  82(pos)  ~~ 15 ~~ ~~ 00 |1000|1000000| 1 0 {013}  06
  83(pos)  07 ~~ ~~ ~~ 06 |1000|0001000| 1 0 {013}  02
  84(pos)  08 ~~ ~~ 02 00 |1000|1000000| 1 0 {013}  f3
  85(pos)  09 ~~ ~~ ~~ f3 |0001|0100000| 0 1 {013}  02
  86(pos)  02 ~~ ~~ ~~ 00 |1000|1000000| 1 0 {013}  2d
  87(pos)  03 ~~ ~~ ~~ 2d |0010|0000001| 0 0 {013}  15
  88(pos)  ~~ ~~ ~~ ~~ 00 |1000|1000000| 1 0 {021}  17
  89(pos)  04 ~~ ~~ ~~ 17 |0100|0001000| 0 0 {021}  22
  90(pos)  ~~ ~~ ~~ 22 00 |1000|1000000| 1 0 {021}  29
  91(pos)  05 ~~ ~~ ~~ 29 |0010|0000100| 0 0 {021}  15
  92(pos)  ~~ ~~ 15 ~~ 00 |1000|1000000| 1 0 {021}  35
  93(pos)  06 ~~ ~~ ~~ 35 |0001|0010000| 0 0 {021}  22
  94(pos)  ~~ 22 ~~ ~~ 00 |1000|1000000| 1 0 {021}  06
  95(pos)  07 ~~ ~~ ~~ 06 |1000|0001000| 1 0 {021}  02
  96(pos)  08 ~~ ~~ 02 00 |1000|1000000| 1 0 {021}  f3
  97(pos)  09 ~~ ~~ ~~ f3 |0001|0100000| 0 1 {021}  02
  98(pos)  02 ~~ ~~ ~~ 00 |1000|1000000| 1 0 {021}  2d
  99(pos)  03 ~~ ~~ ~~ 2d |0010|0000001| 0 0 {021}  22
 100(pos)  ~~ ~~ ~~ ~~ 00 |1000|1000000| 1 0 {034}  17
 101(pos)  04 ~~ ~~ ~~ 17 |0100|0001000| 0 0 {034}  37
 102(pos)  ~~ ~~ ~~ 37 00 |1000|1000000| 1 0 {034}  29
 103(pos)  05 ~~ ~~ ~~ 29 |0010|0000100| 0 0 {034}  22
 104(pos)  ~~ ~~ 22 ~~ 00 |1000|1000000| 1 0 {034}  35
 105(pos)  06 ~~ ~~ ~~ 35 |0001|0010000| 0 0 {034}  37
 106(pos)  ~~ 37 ~~ ~~ 00 |1000|1000000| 1 0 {034}  06
 107(pos)  07 ~~ ~~ ~~ 06 |1000|0001000| 1 0 {034}  02
 108(pos)  08 ~~ ~~ 02 00 |1000|1000000| 1 0 {034}  f3
 109(pos)  09 ~~ ~~ ~~ f3 |0001|0100000| 0 1 {034}  02
 110(pos)  02 ~~ ~~ ~~ 00 |1000|1000000| 1 0 {034}  2d
 111(pos)  03 ~~ ~~ ~~ 2d |0010|0000001| 0 0 {034}  37
 112(pos)  ~~ ~~ ~~ ~~ 00 |1000|1000000| 1 0 {055}  17
 113(pos)  04 ~~ ~~ ~~ 17 |0100|0001000| 0 0 {055}  59
 114(pos)  ~~ ~~ ~~ 59 00 |1000|1000000| 1 0 {055}  29
 115(pos)  05 ~~ ~~ ~~ 29 |0010|0000100| 0 0 {055}  37
 116(pos)  ~~ ~~ 37 ~~ 00 |1000|1000000| 1 0 {055}  35
 117(pos)  06 ~~ ~~ ~~ 35 |0001|0010000| 0 0 {055}  59
 118(pos)  ~~ 59 ~~ ~~ 00 |1000|1000000| 1 0 {055}  06
 119(pos)  07 ~~ ~~ ~~ 06 |1000|0001000| 1 0 {055}  02
 120(pos)  08 ~~ ~~ 02 00 |1000|1000000| 1 0 {055}  f3
 121(pos)  09 ~~ ~~ ~~ f3 |0001|0100000| 0 1 {055}  02
 122(pos)  02 ~~ ~~ ~~ 00 |1000|1000000| 1 0 {055}  2d
 123(pos)  03 ~~ ~~ ~~ 2d |0010|0000001| 0 0 {055}  59
 124(pos)  ~~ ~~ ~~ ~~ 00 |1000|1000000| 1 0 {089}  17
 125(pos)  04 ~~ ~~ ~~ 17 |0100|0001000| 0 0 {089}  90
 126(pos)  ~~ ~~ ~~ 90 00 |1000|1000000| 1 0 {089}  29
 127(pos)  05 ~~ ~~ ~~ 29 |0010|0000100| 0 0 {089}  59
 128(pos)  ~~ ~~ 59 ~~ 00 |1000|1000000| 1 0 {089}  35
 129(pos)  06 ~~ ~~ ~~ 35 |0001|0010000| 0 0 {089}  90
 130(pos)  ~~ 90 ~~ ~~ 00 |1000|1000000| 1 0 {089}  06
 131(pos)  07 ~~ ~~ ~~ 06 |1000|0001000| 1 0 {089}  02
 132(pos)  08 ~~ ~~ 02 00 |1000|1000000| 1 0 {089}  f3
 133(pos)  09 ~~ ~~ ~~ f3 |0001|0100000| 0 1 {089}  02
 134(pos)  02 ~~ ~~ ~~ 00 |1000|1000000| 1 0 {089}  2d
 135(pos)  03 ~~ ~~ ~~ 2d |0010|0000001| 0 0 {089}  90
 136(pos)  ~~ ~~ ~~ ~~ 00 |1000|1000000| 1 0 {144}  17
 137(pos)  04 ~~ ~~ ~~ 17 |0100|0001000| 0 0 {144}  e9
 138(pos)  ~~ ~~ ~~ e9 00 |1000|1000000| 1 0 {144}  29
 139(pos)  05 ~~ ~~ ~~ 29 |0010|0000100| 0 0 {144}  90
 140(pos)  ~~ ~~ 90 ~~ 00 |1000|1000000| 1 0 {144}  35
 141(pos)  06 ~~ ~~ ~~ 35 |0001|0010000| 0 0 {144}  e9
 142(pos)  ~~ e9 ~~ ~~ 00 |1000|1000000| 1 0 {144}  06
 143(pos)  07 ~~ ~~ ~~ 06 |1000|0001000| 1 0 {144}  02
 144(pos)  08 ~~ ~~ 02 00 |1000|1000000| 1 0 {144}  f3
 145(pos)  09 ~~ ~~ ~~ f3 |0001|0100000| 0 1 {144}  02
 146(pos)  02 ~~ ~~ ~~ 00 |1000|1000000| 1 0 {144}  2d
 147(pos)  03 ~~ ~~ ~~ 2d |0010|0000001| 0 0 {144}  e9
 148(pos)  ~~ ~~ ~~ ~~ 00 |1000|1000000| 1 0 {233}  17
 149(pos)  04 ~~ ~~ ~~ 17 |0100|0001000| 0 0 {233}  79
 150(pos)  ~~ ~~ ~~ 79 00 |1000|1000000| 1 0 {233}  29
