*nic8 simulation*
-------------------------------------------------------
ticks(^)   PC AR BR XR IR  MEAX IPAXBMQ  i j  OUT  dbus
-------------------------------------------------------
   1(pos)  01 00 00 00 08 |1000|0000100| 1 0 {00}  01
   2(pos)  02 ~~ 01 ~~ 00 |1000|1000000| 1 0 {~~}  15
   3(pos)  03 ~~ ~~ ~~ 15 |0100|0010000| 0 0 {~~}  01
   4(pos)  ~~ 01 ~~ ~~ 00 |1000|1000000| 1 0 {~~}  2d
   5(pos)  04 ~~ ~~ ~~ 2d |0010|0000001| 0 0 {~~}  01
   6(pos)  ~~ ~~ ~~ ~~ 00 |1000|1000000| 1 0 {01}  00
   7(pos)  05 ~~ ~~ ~~ ~~ |1000|1000000| 1 0 {~~}  ~~
   8(pos)  06 ~~ ~~ ~~ ~~ |1000|1000000| 1 0 {~~}  ~~
   9(pos)  07 ~~ ~~ ~~ ~~ |1000|1000000| 1 0 {~~}  ~~
  10(pos)  08 ~~ ~~ ~~ ~~ |1000|1000000| 1 0 {~~}  ~~
  11(pos)  09 ~~ ~~ ~~ ~~ |1000|1000000| 1 0 {~~}  ~~
  12(pos)  0a ~~ ~~ ~~ ~~ |1000|1000000| 1 0 {~~}  ~~
  13(pos)  0b ~~ ~~ ~~ ~~ |1000|1000000| 1 0 {~~}  ~~
  14(pos)  0c ~~ ~~ ~~ ~~ |1000|1000000| 1 0 {~~}  ~~
  15(pos)  0d ~~ ~~ ~~ ~~ |1000|1000000| 1 0 {~~}  ~~
  16(pos)  0e ~~ ~~ ~~ ~~ |1000|1000000| 1 0 {~~}  ~~
  17(pos)  0f ~~ ~~ ~~ ~~ |1000|1000000| 1 0 {~~}  ~~
  18(pos)  10 ~~ ~~ ~~ ~~ |1000|1000000| 1 0 {~~}  ~~
  19(pos)  11 ~~ ~~ ~~ ~~ |1000|1000000| 1 0 {~~}  ~~
  20(pos)  12 ~~ ~~ ~~ ~~ |1000|1000000| 1 0 {~~}  ~~
  21(pos)  13 ~~ ~~ ~~ ~~ |1000|1000000| 1 0 {~~}  ~~
  22(pos)  14 ~~ ~~ ~~ ~~ |1000|1000000| 1 0 {~~}  ~~
  23(pos)  15 ~~ ~~ ~~ ~~ |1000|1000000| 1 0 {~~}  ~~
  24(pos)  16 ~~ ~~ ~~ ~~ |1000|1000000| 1 0 {~~}  ~~
  25(pos)  17 ~~ ~~ ~~ ~~ |1000|1000000| 1 0 {~~}  ~~
  26(pos)  18 ~~ ~~ ~~ ~~ |1000|1000000| 1 0 {~~}  ~~
  27(pos)  19 ~~ ~~ ~~ ~~ |1000|1000000| 1 0 {~~}  ~~
  28(pos)  1a ~~ ~~ ~~ ~~ |1000|1000000| 1 0 {~~}  ~~
  29(pos)  1b ~~ ~~ ~~ ~~ |1000|1000000| 1 0 {~~}  ~~
  30(pos)  1c ~~ ~~ ~~ ~~ |1000|1000000| 1 0 {~~}  ~~
  31(pos)  1d ~~ ~~ ~~ ~~ |1000|1000000| 1 0 {~~}  ~~
  32(pos)  1e ~~ ~~ ~~ ~~ |1000|1000000| 1 0 {~~}  ~~
  33(pos)  1f ~~ ~~ ~~ ~~ |1000|1000000| 1 0 {~~}  ~~
  34(pos)  20 ~~ ~~ ~~ ~~ |1000|1000000| 1 0 {~~}  ~~
  35(pos)  21 ~~ ~~ ~~ ~~ |1000|1000000| 1 0 {~~}  ~~
  36(pos)  22 ~~ ~~ ~~ ~~ |1000|1000000| 1 0 {~~}  ~~
  37(pos)  23 ~~ ~~ ~~ ~~ |1000|1000000| 1 0 {~~}  ~~
  38(pos)  24 ~~ ~~ ~~ ~~ |1000|1000000| 1 0 {~~}  ~~
  39(pos)  25 ~~ ~~ ~~ ~~ |1000|1000000| 1 0 {~~}  ~~
  40(pos)  26 ~~ ~~ ~~ ~~ |1000|1000000| 1 0 {~~}  ~~
  41(pos)  27 ~~ ~~ ~~ ~~ |1000|1000000| 1 0 {~~}  ~~
  42(pos)  28 ~~ ~~ ~~ ~~ |1000|1000000| 1 0 {~~}  ~~
  43(pos)  29 ~~ ~~ ~~ ~~ |1000|1000000| 1 0 {~~}  ~~
  44(pos)  2a ~~ ~~ ~~ ~~ |1000|1000000| 1 0 {~~}  ~~
  45(pos)  2b ~~ ~~ ~~ ~~ |1000|1000000| 1 0 {~~}  ~~
  46(pos)  2c ~~ ~~ ~~ ~~ |1000|1000000| 1 0 {~~}  ~~
  47(pos)  2d ~~ ~~ ~~ ~~ |1000|1000000| 1 0 {~~}  ~~
  48(pos)  2e ~~ ~~ ~~ ~~ |1000|1000000| 1 0 {~~}  ~~
  49(pos)  2f ~~ ~~ ~~ ~~ |1000|1000000| 1 0 {~~}  ~~
  50(pos)  30 ~~ ~~ ~~ ~~ |1000|1000000| 1 0 {~~}  ~~
  51(pos)  31 ~~ ~~ ~~ ~~ |1000|1000000| 1 0 {~~}  ~~
  52(pos)  32 ~~ ~~ ~~ ~~ |1000|1000000| 1 0 {~~}  ~~
  53(pos)  33 ~~ ~~ ~~ ~~ |1000|1000000| 1 0 {~~}  ~~
  54(pos)  34 ~~ ~~ ~~ ~~ |1000|1000000| 1 0 {~~}  ~~
  55(pos)  35 ~~ ~~ ~~ ~~ |1000|1000000| 1 0 {~~}  ~~
  56(pos)  36 ~~ ~~ ~~ ~~ |1000|1000000| 1 0 {~~}  ~~
  57(pos)  37 ~~ ~~ ~~ ~~ |1000|1000000| 1 0 {~~}  ~~
  58(pos)  38 ~~ ~~ ~~ ~~ |1000|1000000| 1 0 {~~}  ~~
  59(pos)  39 ~~ ~~ ~~ ~~ |1000|1000000| 1 0 {~~}  ~~
  60(pos)  3a ~~ ~~ ~~ ~~ |1000|1000000| 1 0 {~~}  ~~
  61(pos)  3b ~~ ~~ ~~ ~~ |1000|1000000| 1 0 {~~}  ~~
  62(pos)  3c ~~ ~~ ~~ ~~ |1000|1000000| 1 0 {~~}  ~~
  63(pos)  3d ~~ ~~ ~~ ~~ |1000|1000000| 1 0 {~~}  ~~
  64(pos)  3e ~~ ~~ ~~ ~~ |1000|1000000| 1 0 {~~}  ~~
  65(pos)  3f ~~ ~~ ~~ ~~ |1000|1000000| 1 0 {~~}  ~~
  66(pos)  40 ~~ ~~ ~~ ~~ |1000|1000000| 1 0 {~~}  ~~
  67(pos)  41 ~~ ~~ ~~ ~~ |1000|1000000| 1 0 {~~}  ~~
  68(pos)  42 ~~ ~~ ~~ ~~ |1000|1000000| 1 0 {~~}  ~~
  69(pos)  43 ~~ ~~ ~~ ~~ |1000|1000000| 1 0 {~~}  ~~
  70(pos)  44 ~~ ~~ ~~ ~~ |1000|1000000| 1 0 {~~}  ~~
  71(pos)  45 ~~ ~~ ~~ ~~ |1000|1000000| 1 0 {~~}  ~~
  72(pos)  46 ~~ ~~ ~~ ~~ |1000|1000000| 1 0 {~~}  ~~
  73(pos)  47 ~~ ~~ ~~ ~~ |1000|1000000| 1 0 {~~}  ~~
  74(pos)  48 ~~ ~~ ~~ ~~ |1000|1000000| 1 0 {~~}  ~~
  75(pos)  49 ~~ ~~ ~~ ~~ |1000|1000000| 1 0 {~~}  ~~
  76(pos)  4a ~~ ~~ ~~ ~~ |1000|1000000| 1 0 {~~}  ~~
  77(pos)  4b ~~ ~~ ~~ ~~ |1000|1000000| 1 0 {~~}  ~~
  78(pos)  4c ~~ ~~ ~~ ~~ |1000|1000000| 1 0 {~~}  ~~
  79(pos)  4d ~~ ~~ ~~ ~~ |1000|1000000| 1 0 {~~}  ~~
  80(pos)  4e ~~ ~~ ~~ ~~ |1000|1000000| 1 0 {~~}  ~~
  81(pos)  4f ~~ ~~ ~~ ~~ |1000|1000000| 1 0 {~~}  ~~
  82(pos)  50 ~~ ~~ ~~ ~~ |1000|1000000| 1 0 {~~}  ~~
  83(pos)  51 ~~ ~~ ~~ ~~ |1000|1000000| 1 0 {~~}  ~~
  84(pos)  52 ~~ ~~ ~~ ~~ |1000|1000000| 1 0 {~~}  ~~
  85(pos)  53 ~~ ~~ ~~ ~~ |1000|1000000| 1 0 {~~}  ~~
  86(pos)  54 ~~ ~~ ~~ ~~ |1000|1000000| 1 0 {~~}  ~~
  87(pos)  55 ~~ ~~ ~~ ~~ |1000|1000000| 1 0 {~~}  ~~
  88(pos)  56 ~~ ~~ ~~ ~~ |1000|1000000| 1 0 {~~}  ~~
  89(pos)  57 ~~ ~~ ~~ ~~ |1000|1000000| 1 0 {~~}  ~~
  90(pos)  58 ~~ ~~ ~~ ~~ |1000|1000000| 1 0 {~~}  ~~
  91(pos)  59 ~~ ~~ ~~ ~~ |1000|1000000| 1 0 {~~}  ~~
  92(pos)  5a ~~ ~~ ~~ ~~ |1000|1000000| 1 0 {~~}  ~~
  93(pos)  5b ~~ ~~ ~~ ~~ |1000|1000000| 1 0 {~~}  ~~
  94(pos)  5c ~~ ~~ ~~ ~~ |1000|1000000| 1 0 {~~}  ~~
  95(pos)  5d ~~ ~~ ~~ ~~ |1000|1000000| 1 0 {~~}  ~~
  96(pos)  5e ~~ ~~ ~~ ~~ |1000|1000000| 1 0 {~~}  ~~
  97(pos)  5f ~~ ~~ ~~ ~~ |1000|1000000| 1 0 {~~}  ~~
  98(pos)  60 ~~ ~~ ~~ ~~ |1000|1000000| 1 0 {~~}  ~~
  99(pos)  61 ~~ ~~ ~~ ~~ |1000|1000000| 1 0 {~~}  ~~
 100(pos)  62 ~~ ~~ ~~ ~~ |1000|1000000| 1 0 {~~}  ~~
 101(pos)  63 ~~ ~~ ~~ ~~ |1000|1000000| 1 0 {~~}  ~~
 102(pos)  64 ~~ ~~ ~~ ~~ |1000|1000000| 1 0 {~~}  ~~
 103(pos)  65 ~~ ~~ ~~ ~~ |1000|1000000| 1 0 {~~}  ~~
 104(pos)  66 ~~ ~~ ~~ ~~ |1000|1000000| 1 0 {~~}  ~~
 105(pos)  67 ~~ ~~ ~~ ~~ |1000|1000000| 1 0 {~~}  ~~
 106(pos)  68 ~~ ~~ ~~ ~~ |1000|1000000| 1 0 {~~}  ~~
 107(pos)  69 ~~ ~~ ~~ ~~ |1000|1000000| 1 0 {~~}  ~~
 108(pos)  6a ~~ ~~ ~~ ~~ |1000|1000000| 1 0 {~~}  ~~
 109(pos)  6b ~~ ~~ ~~ ~~ |1000|1000000| 1 0 {~~}  ~~
 110(pos)  6c ~~ ~~ ~~ ~~ |1000|1000000| 1 0 {~~}  ~~
 111(pos)  6d ~~ ~~ ~~ ~~ |1000|1000000| 1 0 {~~}  ~~
 112(pos)  6e ~~ ~~ ~~ ~~ |1000|1000000| 1 0 {~~}  ~~
 113(pos)  6f ~~ ~~ ~~ ~~ |1000|1000000| 1 0 {~~}  ~~
 114(pos)  70 ~~ ~~ ~~ ~~ |1000|1000000| 1 0 {~~}  ~~
 115(pos)  71 ~~ ~~ ~~ ~~ |1000|1000000| 1 0 {~~}  ~~
 116(pos)  72 ~~ ~~ ~~ ~~ |1000|1000000| 1 0 {~~}  ~~
 117(pos)  73 ~~ ~~ ~~ ~~ |1000|1000000| 1 0 {~~}  ~~
 118(pos)  74 ~~ ~~ ~~ ~~ |1000|1000000| 1 0 {~~}  ~~
 119(pos)  75 ~~ ~~ ~~ ~~ |1000|1000000| 1 0 {~~}  ~~
 120(pos)  76 ~~ ~~ ~~ ~~ |1000|1000000| 1 0 {~~}  ~~
 121(pos)  77 ~~ ~~ ~~ ~~ |1000|1000000| 1 0 {~~}  ~~
 122(pos)  78 ~~ ~~ ~~ ~~ |1000|1000000| 1 0 {~~}  ~~
 123(pos)  79 ~~ ~~ ~~ ~~ |1000|1000000| 1 0 {~~}  ~~
 124(pos)  7a ~~ ~~ ~~ ~~ |1000|1000000| 1 0 {~~}  ~~
 125(pos)  7b ~~ ~~ ~~ ~~ |1000|1000000| 1 0 {~~}  ~~
 126(pos)  7c ~~ ~~ ~~ ~~ |1000|1000000| 1 0 {~~}  ~~
 127(pos)  7d ~~ ~~ ~~ ~~ |1000|1000000| 1 0 {~~}  ~~
 128(pos)  7e ~~ ~~ ~~ ~~ |1000|1000000| 1 0 {~~}  ~~
 129(pos)  7f ~~ ~~ ~~ ~~ |1000|1000000| 1 0 {~~}  ~~
 130(pos)  80 ~~ ~~ ~~ ~~ |1000|1000000| 1 0 {~~}  ~~
 131(pos)  81 ~~ ~~ ~~ ~~ |1000|1000000| 1 0 {~~}  ~~
 132(pos)  82 ~~ ~~ ~~ ~~ |1000|1000000| 1 0 {~~}  ~~
 133(pos)  83 ~~ ~~ ~~ ~~ |1000|1000000| 1 0 {~~}  ~~
 134(pos)  84 ~~ ~~ ~~ ~~ |1000|1000000| 1 0 {~~}  ~~
 135(pos)  85 ~~ ~~ ~~ ~~ |1000|1000000| 1 0 {~~}  ~~
 136(pos)  86 ~~ ~~ ~~ ~~ |1000|1000000| 1 0 {~~}  ~~
 137(pos)  87 ~~ ~~ ~~ ~~ |1000|1000000| 1 0 {~~}  ~~
 138(pos)  88 ~~ ~~ ~~ ~~ |1000|1000000| 1 0 {~~}  ~~
 139(pos)  89 ~~ ~~ ~~ ~~ |1000|1000000| 1 0 {~~}  ~~
 140(pos)  8a ~~ ~~ ~~ ~~ |1000|1000000| 1 0 {~~}  ~~
 141(pos)  8b ~~ ~~ ~~ ~~ |1000|1000000| 1 0 {~~}  ~~
 142(pos)  8c ~~ ~~ ~~ ~~ |1000|1000000| 1 0 {~~}  ~~
 143(pos)  8d ~~ ~~ ~~ ~~ |1000|1000000| 1 0 {~~}  ~~
 144(pos)  8e ~~ ~~ ~~ ~~ |1000|1000000| 1 0 {~~}  ~~
 145(pos)  8f ~~ ~~ ~~ ~~ |1000|1000000| 1 0 {~~}  ~~
 146(pos)  90 ~~ ~~ ~~ ~~ |1000|1000000| 1 0 {~~}  ~~
 147(pos)  91 ~~ ~~ ~~ ~~ |1000|1000000| 1 0 {~~}  ~~
 148(pos)  92 ~~ ~~ ~~ ~~ |1000|1000000| 1 0 {~~}  ~~
 149(pos)  93 ~~ ~~ ~~ ~~ |1000|1000000| 1 0 {~~}  ~~
 150(pos)  94 ~~ ~~ ~~ ~~ |1000|1000000| 1 0 {~~}  ~~
