*nic8 simulation*
-------------------------------------------------------
ticks(^)   PC AR BR XR IR  MEAX IPAXBMQ  i j  OUT  dbus
-------------------------------------------------------
   1(pos)  01 00 00 00 0c |1000|0000001| 1 0 {000}  02
   2(pos)  02 ~~ ~~ ~~ 00 |1000|1000000| 1 0 {002}  04
   3(pos)  03 ~~ ~~ ~~ 04 |1000|0010000| 1 0 {002}  03
   4(pos)  04 03 ~~ ~~ 00 |1000|1000000| 1 0 {002}  06
   5(pos)  05 ~~ ~~ ~~ 06 |1000|0001000| 1 0 {002}  4f
   6(pos)  06 ~~ ~~ 4f 00 |1000|1000000| 1 0 {002}  2b
   7(pos)  07 ~~ ~~ ~~ 2b |0010|0000010| 0 0 {002}  03
   8(pos)  ~~ ~~ ~~ ~~ 00 |1000|1000000| 1 0 {002}  04
   9(pos)  08 ~~ ~~ ~~ 04 |1000|0010000| 1 0 {002}  00
  10(pos)  09 00 ~~ ~~ 00 |1000|1000000| 1 0 {002}  06
  11(pos)  0a ~~ ~~ ~~ 06 |1000|0001000| 1 0 {002}  51
  12(pos)  0b ~~ ~~ 51 00 |1000|1000000| 1 0 {002}  2b
  13(pos)  0c ~~ ~~ ~~ 2b |0010|0000010| 0 0 {002}  00
  14(pos)  ~~ ~~ ~~ ~~ 00 |1000|1000000| 1 0 {002}  04
  15(pos)  0d ~~ ~~ ~~ 04 |1000|0010000| 1 0 {002}  51
  16(pos)  0e 51 ~~ ~~ 00 |1000|1000000| 1 0 {002}  06
  17(pos)  0f ~~ ~~ ~~ 06 |1000|0001000| 1 0 {002}  50
  18(pos)  10 ~~ ~~ 50 00 |1000|1000000| 1 0 {002}  2b
  19(pos)  11 ~~ ~~ ~~ 2b |0010|0000010| 0 0 {002}  51
  20(pos)  ~~ ~~ ~~ ~~ 00 |1000|1000000| 1 0 {002}  27
  21(pos)  12 ~~ ~~ ~~ 27 |0010|0001000| 0 0 {002}  51
  22(pos)  ~~ ~~ ~~ 51 00 |1000|1000000| 1 0 {002}  07
  23(pos)  13 ~~ ~~ ~~ 07 |1000|0001000| 0 0 {002}  00
  24(pos)  ~~ ~~ ~~ 00 00 |1000|1000000| 1 0 {002}  35
  25(pos)  14 ~~ ~~ ~~ 35 |0001|0010000| 0 0 {002}  00
  26(pos)  ~~ 00 ~~ ~~ 00 |1000|1000000| 1 0 {002}  06
  27(pos)  15 ~~ ~~ ~~ 06 |1000|0001000| 1 0 {002}  2e
  28(pos)  16 ~~ ~~ 2e 00 |1000|1000000| 1 0 {002}  73
  29(pos)  17 ~~ ~~ ~~ 73 |0001|0100000| 0 1 {002}  2e
  30(pos)  2e ~~ ~~ ~~ 00 |1000|1000000| 1 0 {002}  06
  31(pos)  2f ~~ ~~ ~~ 06 |1000|0001000| 1 0 {002}  4f
  32(pos)  30 ~~ ~~ 4f 00 |1000|1000000| 1 0 {002}  05
  33(pos)  31 ~~ ~~ ~~ 05 |1000|0010000| 0 0 {002}  03
  34(pos)  ~~ 03 ~~ ~~ 00 |1000|1000000| 1 0 {002}  2d
  35(pos)  32 ~~ ~~ ~~ 2d |0010|0000001| 0 0 {002}  03
  36(pos)  ~~ ~~ ~~ ~~ 00 |1000|1000000| 1 0 {003}  06
  37(pos)  33 ~~ ~~ ~~ 06 |1000|0001000| 1 0 {003}  50
  38(pos)  34 ~~ ~~ 50 00 |1000|1000000| 1 0 {003}  07
  39(pos)  35 ~~ ~~ ~~ 07 |1000|0001000| 0 0 {003}  51
  40(pos)  ~~ ~~ ~~ 51 00 |1000|1000000| 1 0 {003}  2b
  41(pos)  36 ~~ ~~ ~~ 2b |0010|0000010| 0 0 {003}  03
  42(pos)  ~~ ~~ ~~ ~~ 00 |1000|1000000| 1 0 {003}  35
  43(pos)  37 ~~ ~~ ~~ 35 |0001|0010000| 0 0 {003}  51
  44(pos)  ~~ 51 ~~ ~~ 00 |1000|1000000| 1 0 {003}  08
  45(pos)  38 ~~ ~~ ~~ 08 |1000|0000100| 1 0 {003}  01
  46(pos)  39 ~~ 01 ~~ 00 |1000|1000000| 1 0 {003}  17
  47(pos)  3a ~~ ~~ ~~ 17 |0100|0001000| 0 0 {003}  52
  48(pos)  ~~ ~~ ~~ 52 00 |1000|1000000| 1 0 {003}  04
  49(pos)  3b ~~ ~~ ~~ 04 |1000|0010000| 1 0 {003}  00
  50(pos)  3c 00 ~~ ~~ 00 |1000|1000000| 1 0 {003}  2b
  51(pos)  3d ~~ ~~ ~~ 2b |0010|0000010| 0 0 {003}  00
  52(pos)  ~~ ~~ ~~ ~~ 00 |1000|1000000| 1 0 {003}  06
  53(pos)  3e ~~ ~~ ~~ 06 |1000|0001000| 1 0 {003}  4f
  54(pos)  3f ~~ ~~ 4f 00 |1000|1000000| 1 0 {003}  05
  55(pos)  40 ~~ ~~ ~~ 05 |1000|0010000| 0 0 {003}  03
  56(pos)  ~~ 03 ~~ ~~ 00 |1000|1000000| 1 0 {003}  08
  57(pos)  41 ~~ ~~ ~~ 08 |1000|0000100| 1 0 {003}  02
  58(pos)  42 ~~ 02 ~~ 00 |1000|1000000| 1 0 {003}  15
  59(pos)  43 ~~ ~~ ~~ 15 |0100|0010000| 0 0 {003}  05
  60(pos)  ~~ 05 ~~ ~~ 00 |1000|1000000| 1 0 {003}  06
  61(pos)  44 ~~ ~~ ~~ 06 |1000|0001000| 1 0 {003}  4f
  62(pos)  45 ~~ ~~ ~~ 00 |1000|1000000| 1 0 {003}  2b
  63(pos)  46 ~~ ~~ ~~ 2b |0010|0000010| 0 0 {003}  05
  64(pos)  ~~ ~~ ~~ ~~ 00 |1000|1000000| 1 0 {003}  06
  65(pos)  47 ~~ ~~ ~~ 06 |1000|0001000| 1 0 {003}  4c
  66(pos)  48 ~~ ~~ 4c 00 |1000|1000000| 1 0 {003}  b3
  67(pos)  49 ~~ ~~ ~~ b3 |0001|0100000| 0 0 {003}  4c
  68(pos)  ~~ ~~ ~~ ~~ 00 |1000|1000000| 1 0 {003}  06
  69(pos)  4a ~~ ~~ ~~ 06 |1000|0001000| 1 0 {003}  0c
  70(pos)  4b ~~ ~~ 0c 00 |1000|1000000| 1 0 {003}  f3
  71(pos)  4c ~~ ~~ ~~ f3 |0001|0100000| 0 1 {003}  0c
  72(pos)  0c ~~ ~~ ~~ 00 |1000|1000000| 1 0 {003}  04
  73(pos)  0d ~~ ~~ ~~ 04 |1000|0010000| 1 0 {003}  51
  74(pos)  0e 51 ~~ ~~ 00 |1000|1000000| 1 0 {003}  06
  75(pos)  0f ~~ ~~ ~~ 06 |1000|0001000| 1 0 {003}  50
  76(pos)  10 ~~ ~~ 50 00 |1000|1000000| 1 0 {003}  2b
  77(pos)  11 ~~ ~~ ~~ 2b |0010|0000010| 0 0 {003}  51
  78(pos)  ~~ ~~ ~~ ~~ 00 |1000|1000000| 1 0 {003}  27
  79(pos)  12 ~~ ~~ ~~ 27 |0010|0001000| 0 0 {003}  51
  80(pos)  ~~ ~~ ~~ 51 00 |1000|1000000| 1 0 {003}  07
  81(pos)  13 ~~ ~~ ~~ 07 |1000|0001000| 0 0 {003}  03
  82(pos)  ~~ ~~ ~~ 03 00 |1000|1000000| 1 0 {003}  35
  83(pos)  14 ~~ ~~ ~~ 35 |0001|0010000| 0 0 {003}  03
  84(pos)  ~~ 03 ~~ ~~ 00 |1000|1000000| 1 0 {003}  06
  85(pos)  15 ~~ ~~ ~~ 06 |1000|0001000| 1 0 {003}  2e
  86(pos)  16 ~~ ~~ 2e 00 |1000|1000000| 1 0 {003}  73
  87(pos)  17 ~~ ~~ ~~ 73 |0001|0100000| 0 0 {003}  2e
  88(pos)  ~~ ~~ ~~ ~~ 00 |1000|1000000| 1 0 {003}  29
  89(pos)  18 ~~ ~~ ~~ 29 |0010|0000100| 0 0 {003}  03
  90(pos)  ~~ ~~ 03 ~~ 00 |1000|1000000| 1 0 {003}  06
  91(pos)  19 ~~ ~~ ~~ 06 |1000|0001000| 1 0 {003}  4f
  92(pos)  1a ~~ ~~ 4f 00 |1000|1000000| 1 0 {003}  05
  93(pos)  1b ~~ ~~ ~~ 05 |1000|0010000| 0 0 {003}  ~~
  94(pos)  ~~ 05 ~~ ~~ 00 |1000|1000000| 1 0 {003}  55
  95(pos)  1c ~~ ~~ ~~ 55 |0100|0010000| 0 0 {003}  02
  96(pos)  ~~ 02 ~~ ~~ 00 |1000|1000000| 1 0 {003}  06
  97(pos)  1d ~~ ~~ ~~ 06 |1000|0001000| 1 0 {003}  3d
  98(pos)  1e ~~ ~~ 3d 00 |1000|1000000| 1 0 {003}  73
  99(pos)  1f ~~ ~~ ~~ 73 |0001|0100000| 0 0 {003}  3d
 100(pos)  ~~ ~~ ~~ ~~ 00 |1000|1000000| 1 0 {003}  06
 101(pos)  20 ~~ ~~ ~~ 06 |1000|0001000| 1 0 {003}  1b
 102(pos)  21 ~~ ~~ 1b 00 |1000|1000000| 1 0 {003}  b3
 103(pos)  22 ~~ ~~ ~~ b3 |0001|0100000| 0 1 {003}  1b
 104(pos)  1b ~~ ~~ ~~ 00 |1000|1000000| 1 0 {003}  55
 105(pos)  1c ~~ ~~ ~~ 55 |0100|0010000| 0 0 {003}  ff
 106(pos)  ~~ ff ~~ ~~ 00 |1000|1000000| 1 0 {003}  06
 107(pos)  1d ~~ ~~ ~~ 06 |1000|0001000| 1 0 {003}  3d
 108(pos)  1e ~~ ~~ 3d 00 |1000|1000000| 1 0 {003}  73
 109(pos)  1f ~~ ~~ ~~ 73 |0001|0100000| 0 0 {003}  3d
 110(pos)  ~~ ~~ ~~ ~~ 00 |1000|1000000| 1 0 {003}  06
 111(pos)  20 ~~ ~~ ~~ 06 |1000|0001000| 1 0 {003}  1b
 112(pos)  21 ~~ ~~ 1b 00 |1000|1000000| 1 0 {003}  b3
 113(pos)  22 ~~ ~~ ~~ b3 |0001|0100000| 0 0 {003}  1b
 114(pos)  ~~ ~~ ~~ ~~ 00 |1000|1000000| 1 0 {003}  06
 115(pos)  23 ~~ ~~ ~~ 06 |1000|0001000| 1 0 {003}  50
 116(pos)  24 ~~ ~~ 50 00 |1000|1000000| 1 0 {003}  05
 117(pos)  25 ~~ ~~ ~~ 05 |1000|0010000| 0 0 {003}  51
 118(pos)  ~~ 51 ~~ ~~ 00 |1000|1000000| 1 0 {003}  08
 119(pos)  26 ~~ ~~ ~~ 08 |1000|0000100| 1 0 {003}  01
 120(pos)  27 ~~ 01 ~~ 00 |1000|1000000| 1 0 {003}  15
 121(pos)  28 ~~ ~~ ~~ 15 |0100|0010000| 0 0 {003}  52
 122(pos)  ~~ 52 ~~ ~~ 00 |1000|1000000| 1 0 {003}  06
 123(pos)  29 ~~ ~~ ~~ 06 |1000|0001000| 1 0 {003}  50
 124(pos)  2a ~~ ~~ ~~ 00 |1000|1000000| 1 0 {003}  2b
 125(pos)  2b ~~ ~~ ~~ 2b |0010|0000010| 0 0 {003}  52
 126(pos)  ~~ ~~ ~~ ~~ 00 |1000|1000000| 1 0 {003}  06
 127(pos)  2c ~~ ~~ ~~ 06 |1000|0001000| 1 0 {003}  11
 128(pos)  2d ~~ ~~ 11 00 |1000|1000000| 1 0 {003}  f3
 129(pos)  2e ~~ ~~ ~~ f3 |0001|0100000| 0 1 {003}  11
 130(pos)  11 ~~ ~~ ~~ 00 |1000|1000000| 1 0 {003}  27
 131(pos)  12 ~~ ~~ ~~ 27 |0010|0001000| 0 0 {003}  52
 132(pos)  ~~ ~~ ~~ 52 00 |1000|1000000| 1 0 {003}  07
 133(pos)  13 ~~ ~~ ~~ 07 |1000|0001000| 0 0 {003}  00
 134(pos)  ~~ ~~ ~~ 00 00 |1000|1000000| 1 0 {003}  35
 135(pos)  14 ~~ ~~ ~~ 35 |0001|0010000| 0 0 {003}  00
 136(pos)  ~~ 00 ~~ ~~ 00 |1000|1000000| 1 0 {003}  06
 137(pos)  15 ~~ ~~ ~~ 06 |1000|0001000| 1 0 {003}  2e
 138(pos)  16 ~~ ~~ 2e 00 |1000|1000000| 1 0 {003}  73
 139(pos)  17 ~~ ~~ ~~ 73 |0001|0100000| 0 1 {003}  2e
 140(pos)  2e ~~ ~~ ~~ 00 |1000|1000000| 1 0 {003}  06
 141(pos)  2f ~~ ~~ ~~ 06 |1000|0001000| 1 0 {003}  4f
 142(pos)  30 ~~ ~~ 4f 00 |1000|1000000| 1 0 {003}  05
 143(pos)  31 ~~ ~~ ~~ 05 |1000|0010000| 0 0 {003}  ~~
 144(pos)  ~~ 05 ~~ ~~ 00 |1000|1000000| 1 0 {003}  2d
 145(pos)  32 ~~ ~~ ~~ 2d |0010|0000001| 0 0 {003}  05
 146(pos)  ~~ ~~ ~~ ~~ 00 |1000|1000000| 1 0 {005}  06
 147(pos)  33 ~~ ~~ ~~ 06 |1000|0001000| 1 0 {005}  50
 148(pos)  34 ~~ ~~ 50 00 |1000|1000000| 1 0 {005}  07
 149(pos)  35 ~~ ~~ ~~ 07 |1000|0001000| 0 0 {005}  52
 150(pos)  ~~ ~~ ~~ 52 00 |1000|1000000| 1 0 {005}  2b
