*nic8 simulation*
-------------------------------------------------------
ticks(^)   PC AR BR XR IR  MEAX IPAXBMQ  i j  OUT  dbus
-------------------------------------------------------
   1(pos)  01 00 00 00 08 |1000|0000100| 1 0 {00}  01
   2(pos)  02 ~~ 01 ~~ 00 |1000|1000000| 1 0 {~~}  06
   3(pos)  03 ~~ ~~ ~~ 06 |1000|0001000| 1 0 {~~}  04
   4(pos)  04 ~~ ~~ 04 00 |1000|1000000| 1 0 {~~}  15
   5(pos)  05 ~~ ~~ ~~ 15 |0100|0010000| 0 0 {~~}  01
   6(pos)  ~~ 01 ~~ ~~ 00 |1000|1000000| 1 0 {~~}  2d
   7(pos)  06 ~~ ~~ ~~ 2d |0010|0000001| 0 0 {~~}  01
   8(pos)  ~~ ~~ ~~ ~~ 00 |1000|1000000| 1 0 {01}  f3
   9(pos)  07 ~~ ~~ ~~ f3 |0001|0100000| 0 1 {~~}  04
  10(pos)  04 ~~ ~~ ~~ 00 |1000|1000000| 1 0 {~~}  15
  11(pos)  05 ~~ ~~ ~~ 15 |0100|0010000| 0 0 {~~}  02
  12(pos)  ~~ 02 ~~ ~~ 00 |1000|1000000| 1 0 {~~}  2d
  13(pos)  06 ~~ ~~ ~~ 2d |0010|0000001| 0 0 {~~}  02
  14(pos)  ~~ ~~ ~~ ~~ 00 |1000|1000000| 1 0 {02}  f3
  15(pos)  07 ~~ ~~ ~~ f3 |0001|0100000| 0 1 {~~}  04
  16(pos)  04 ~~ ~~ ~~ 00 |1000|1000000| 1 0 {~~}  15
  17(pos)  05 ~~ ~~ ~~ 15 |0100|0010000| 0 0 {~~}  03
  18(pos)  ~~ 03 ~~ ~~ 00 |1000|1000000| 1 0 {~~}  2d
  19(pos)  06 ~~ ~~ ~~ 2d |0010|0000001| 0 0 {~~}  03
  20(pos)  ~~ ~~ ~~ ~~ 00 |1000|1000000| 1 0 {03}  f3
  21(pos)  07 ~~ ~~ ~~ f3 |0001|0100000| 0 1 {~~}  04
  22(pos)  04 ~~ ~~ ~~ 00 |1000|1000000| 1 0 {~~}  15
  23(pos)  05 ~~ ~~ ~~ 15 |0100|0010000| 0 0 {~~}  04
  24(pos)  ~~ 04 ~~ ~~ 00 |1000|1000000| 1 0 {~~}  2d
  25(pos)  06 ~~ ~~ ~~ 2d |0010|0000001| 0 0 {~~}  04
  26(pos)  ~~ ~~ ~~ ~~ 00 |1000|1000000| 1 0 {04}  f3
  27(pos)  07 ~~ ~~ ~~ f3 |0001|0100000| 0 1 {~~}  04
  28(pos)  04 ~~ ~~ ~~ 00 |1000|1000000| 1 0 {~~}  15
  29(pos)  05 ~~ ~~ ~~ 15 |0100|0010000| 0 0 {~~}  05
  30(pos)  ~~ 05 ~~ ~~ 00 |1000|1000000| 1 0 {~~}  2d
  31(pos)  06 ~~ ~~ ~~ 2d |0010|0000001| 0 0 {~~}  05
  32(pos)  ~~ ~~ ~~ ~~ 00 |1000|1000000| 1 0 {05}  f3
  33(pos)  07 ~~ ~~ ~~ f3 |0001|0100000| 0 1 {~~}  04
  34(pos)  04 ~~ ~~ ~~ 00 |1000|1000000| 1 0 {~~}  15
  35(pos)  05 ~~ ~~ ~~ 15 |0100|0010000| 0 0 {~~}  06
  36(pos)  ~~ 06 ~~ ~~ 00 |1000|1000000| 1 0 {~~}  2d
  37(pos)  06 ~~ ~~ ~~ 2d |0010|0000001| 0 0 {~~}  06
  38(pos)  ~~ ~~ ~~ ~~ 00 |1000|1000000| 1 0 {06}  f3
  39(pos)  07 ~~ ~~ ~~ f3 |0001|0100000| 0 1 {~~}  04
  40(pos)  04 ~~ ~~ ~~ 00 |1000|1000000| 1 0 {~~}  15
  41(pos)  05 ~~ ~~ ~~ 15 |0100|0010000| 0 0 {~~}  07
  42(pos)  ~~ 07 ~~ ~~ 00 |1000|1000000| 1 0 {~~}  2d
  43(pos)  06 ~~ ~~ ~~ 2d |0010|0000001| 0 0 {~~}  07
  44(pos)  ~~ ~~ ~~ ~~ 00 |1000|1000000| 1 0 {07}  f3
  45(pos)  07 ~~ ~~ ~~ f3 |0001|0100000| 0 1 {~~}  04
  46(pos)  04 ~~ ~~ ~~ 00 |1000|1000000| 1 0 {~~}  15
  47(pos)  05 ~~ ~~ ~~ 15 |0100|0010000| 0 0 {~~}  08
  48(pos)  ~~ 08 ~~ ~~ 00 |1000|1000000| 1 0 {~~}  2d
  49(pos)  06 ~~ ~~ ~~ 2d |0010|0000001| 0 0 {~~}  08
  50(pos)  ~~ ~~ ~~ ~~ 00 |1000|1000000| 1 0 {08}  f3
  51(pos)  07 ~~ ~~ ~~ f3 |0001|0100000| 0 1 {~~}  04
  52(pos)  04 ~~ ~~ ~~ 00 |1000|1000000| 1 0 {~~}  15
  53(pos)  05 ~~ ~~ ~~ 15 |0100|0010000| 0 0 {~~}  09
  54(pos)  ~~ 09 ~~ ~~ 00 |1000|1000000| 1 0 {~~}  2d
  55(pos)  06 ~~ ~~ ~~ 2d |0010|0000001| 0 0 {~~}  09
  56(pos)  ~~ ~~ ~~ ~~ 00 |1000|1000000| 1 0 {09}  f3
  57(pos)  07 ~~ ~~ ~~ f3 |0001|0100000| 0 1 {~~}  04
  58(pos)  04 ~~ ~~ ~~ 00 |1000|1000000| 1 0 {~~}  15
  59(pos)  05 ~~ ~~ ~~ 15 |0100|0010000| 0 0 {~~}  0a
  60(pos)  ~~ 0a ~~ ~~ 00 |1000|1000000| 1 0 {~~}  2d
  61(pos)  06 ~~ ~~ ~~ 2d |0010|0000001| 0 0 {~~}  0a
  62(pos)  ~~ ~~ ~~ ~~ 00 |1000|1000000| 1 0 {0a}  f3
  63(pos)  07 ~~ ~~ ~~ f3 |0001|0100000| 0 1 {~~}  04
  64(pos)  04 ~~ ~~ ~~ 00 |1000|1000000| 1 0 {~~}  15
  65(pos)  05 ~~ ~~ ~~ 15 |0100|0010000| 0 0 {~~}  0b
  66(pos)  ~~ 0b ~~ ~~ 00 |1000|1000000| 1 0 {~~}  2d
  67(pos)  06 ~~ ~~ ~~ 2d |0010|0000001| 0 0 {~~}  0b
  68(pos)  ~~ ~~ ~~ ~~ 00 |1000|1000000| 1 0 {0b}  f3
  69(pos)  07 ~~ ~~ ~~ f3 |0001|0100000| 0 1 {~~}  04
  70(pos)  04 ~~ ~~ ~~ 00 |1000|1000000| 1 0 {~~}  15
  71(pos)  05 ~~ ~~ ~~ 15 |0100|0010000| 0 0 {~~}  0c
  72(pos)  ~~ 0c ~~ ~~ 00 |1000|1000000| 1 0 {~~}  2d
  73(pos)  06 ~~ ~~ ~~ 2d |0010|0000001| 0 0 {~~}  0c
  74(pos)  ~~ ~~ ~~ ~~ 00 |1000|1000000| 1 0 {0c}  f3
  75(pos)  07 ~~ ~~ ~~ f3 |0001|0100000| 0 1 {~~}  04
  76(pos)  04 ~~ ~~ ~~ 00 |1000|1000000| 1 0 {~~}  15
  77(pos)  05 ~~ ~~ ~~ 15 |0100|0010000| 0 0 {~~}  0d
  78(pos)  ~~ 0d ~~ ~~ 00 |1000|1000000| 1 0 {~~}  2d
  79(pos)  06 ~~ ~~ ~~ 2d |0010|0000001| 0 0 {~~}  0d
  80(pos)  ~~ ~~ ~~ ~~ 00 |1000|1000000| 1 0 {0d}  f3
  81(pos)  07 ~~ ~~ ~~ f3 |0001|0100000| 0 1 {~~}  04
  82(pos)  04 ~~ ~~ ~~ 00 |1000|1000000| 1 0 {~~}  15
  83(pos)  05 ~~ ~~ ~~ 15 |0100|0010000| 0 0 {~~}  0e
  84(pos)  ~~ 0e ~~ ~~ 00 |1000|1000000| 1 0 {~~}  2d
  85(pos)  06 ~~ ~~ ~~ 2d |0010|0000001| 0 0 {~~}  0e
  86(pos)  ~~ ~~ ~~ ~~ 00 |1000|1000000| 1 0 {0e}  f3
  87(pos)  07 ~~ ~~ ~~ f3 |0001|0100000| 0 1 {~~}  04
  88(pos)  04 ~~ ~~ ~~ 00 |1000|1000000| 1 0 {~~}  15
  89(pos)  05 ~~ ~~ ~~ 15 |0100|0010000| 0 0 {~~}  0f
  90(pos)  ~~ 0f ~~ ~~ 00 |1000|1000000| 1 0 {~~}  2d
  91(pos)  06 ~~ ~~ ~~ 2d |0010|0000001| 0 0 {~~}  0f
  92(pos)  ~~ ~~ ~~ ~~ 00 |1000|1000000| 1 0 {0f}  f3
  93(pos)  07 ~~ ~~ ~~ f3 |0001|0100000| 0 1 {~~}  04
  94(pos)  04 ~~ ~~ ~~ 00 |1000|1000000| 1 0 {~~}  15
  95(pos)  05 ~~ ~~ ~~ 15 |0100|0010000| 0 0 {~~}  10
  96(pos)  ~~ 10 ~~ ~~ 00 |1000|1000000| 1 0 {~~}  2d
  97(pos)  06 ~~ ~~ ~~ 2d |0010|0000001| 0 0 {~~}  10
  98(pos)  ~~ ~~ ~~ ~~ 00 |1000|1000000| 1 0 {10}  f3
  99(pos)  07 ~~ ~~ ~~ f3 |0001|0100000| 0 1 {~~}  04
 100(pos)  04 ~~ ~~ ~~ 00 |1000|1000000| 1 0 {~~}  15
 101(pos)  05 ~~ ~~ ~~ 15 |0100|0010000| 0 0 {~~}  11
 102(pos)  ~~ 11 ~~ ~~ 00 |1000|1000000| 1 0 {~~}  2d
 103(pos)  06 ~~ ~~ ~~ 2d |0010|0000001| 0 0 {~~}  11
 104(pos)  ~~ ~~ ~~ ~~ 00 |1000|1000000| 1 0 {11}  f3
 105(pos)  07 ~~ ~~ ~~ f3 |0001|0100000| 0 1 {~~}  04
 106(pos)  04 ~~ ~~ ~~ 00 |1000|1000000| 1 0 {~~}  15
 107(pos)  05 ~~ ~~ ~~ 15 |0100|0010000| 0 0 {~~}  12
 108(pos)  ~~ 12 ~~ ~~ 00 |1000|1000000| 1 0 {~~}  2d
 109(pos)  06 ~~ ~~ ~~ 2d |0010|0000001| 0 0 {~~}  12
 110(pos)  ~~ ~~ ~~ ~~ 00 |1000|1000000| 1 0 {12}  f3
 111(pos)  07 ~~ ~~ ~~ f3 |0001|0100000| 0 1 {~~}  04
 112(pos)  04 ~~ ~~ ~~ 00 |1000|1000000| 1 0 {~~}  15
 113(pos)  05 ~~ ~~ ~~ 15 |0100|0010000| 0 0 {~~}  13
 114(pos)  ~~ 13 ~~ ~~ 00 |1000|1000000| 1 0 {~~}  2d
 115(pos)  06 ~~ ~~ ~~ 2d |0010|0000001| 0 0 {~~}  13
 116(pos)  ~~ ~~ ~~ ~~ 00 |1000|1000000| 1 0 {13}  f3
 117(pos)  07 ~~ ~~ ~~ f3 |0001|0100000| 0 1 {~~}  04
 118(pos)  04 ~~ ~~ ~~ 00 |1000|1000000| 1 0 {~~}  15
 119(pos)  05 ~~ ~~ ~~ 15 |0100|0010000| 0 0 {~~}  14
 120(pos)  ~~ 14 ~~ ~~ 00 |1000|1000000| 1 0 {~~}  2d
 121(pos)  06 ~~ ~~ ~~ 2d |0010|0000001| 0 0 {~~}  14
 122(pos)  ~~ ~~ ~~ ~~ 00 |1000|1000000| 1 0 {14}  f3
 123(pos)  07 ~~ ~~ ~~ f3 |0001|0100000| 0 1 {~~}  04
 124(pos)  04 ~~ ~~ ~~ 00 |1000|1000000| 1 0 {~~}  15
 125(pos)  05 ~~ ~~ ~~ 15 |0100|0010000| 0 0 {~~}  ~~
 126(pos)  ~~ 15 ~~ ~~ 00 |1000|1000000| 1 0 {~~}  2d
 127(pos)  06 ~~ ~~ ~~ 2d |0010|0000001| 0 0 {~~}  15
 128(pos)  ~~ ~~ ~~ ~~ 00 |1000|1000000| 1 0 {15}  f3
 129(pos)  07 ~~ ~~ ~~ f3 |0001|0100000| 0 1 {~~}  04
 130(pos)  04 ~~ ~~ ~~ 00 |1000|1000000| 1 0 {~~}  15
 131(pos)  05 ~~ ~~ ~~ 15 |0100|0010000| 0 0 {~~}  16
 132(pos)  ~~ 16 ~~ ~~ 00 |1000|1000000| 1 0 {~~}  2d
 133(pos)  06 ~~ ~~ ~~ 2d |0010|0000001| 0 0 {~~}  16
 134(pos)  ~~ ~~ ~~ ~~ 00 |1000|1000000| 1 0 {16}  f3
 135(pos)  07 ~~ ~~ ~~ f3 |0001|0100000| 0 1 {~~}  04
 136(pos)  04 ~~ ~~ ~~ 00 |1000|1000000| 1 0 {~~}  15
 137(pos)  05 ~~ ~~ ~~ 15 |0100|0010000| 0 0 {~~}  17
 138(pos)  ~~ 17 ~~ ~~ 00 |1000|1000000| 1 0 {~~}  2d
 139(pos)  06 ~~ ~~ ~~ 2d |0010|0000001| 0 0 {~~}  17
 140(pos)  ~~ ~~ ~~ ~~ 00 |1000|1000000| 1 0 {17}  f3
 141(pos)  07 ~~ ~~ ~~ f3 |0001|0100000| 0 1 {~~}  04
 142(pos)  04 ~~ ~~ ~~ 00 |1000|1000000| 1 0 {~~}  15
 143(pos)  05 ~~ ~~ ~~ 15 |0100|0010000| 0 0 {~~}  18
 144(pos)  ~~ 18 ~~ ~~ 00 |1000|1000000| 1 0 {~~}  2d
 145(pos)  06 ~~ ~~ ~~ 2d |0010|0000001| 0 0 {~~}  18
 146(pos)  ~~ ~~ ~~ ~~ 00 |1000|1000000| 1 0 {18}  f3
 147(pos)  07 ~~ ~~ ~~ f3 |0001|0100000| 0 1 {~~}  04
 148(pos)  04 ~~ ~~ ~~ 00 |1000|1000000| 1 0 {~~}  15
 149(pos)  05 ~~ ~~ ~~ 15 |0100|0010000| 0 0 {~~}  19
 150(pos)  ~~ 19 ~~ ~~ 00 |1000|1000000| 1 0 {~~}  2d
