*nic8 simulation*
-------------------------------------------------------
ticks(^)   PC AR BR XR IR  MEAX IPAXBMQ  i j  OUT  dbus
-------------------------------------------------------
   0(neg)  00 00 00 00 00 |1000|1000000| 1 0 {000}  08
   0(neg)  00 00 00 00 00 |1000|1000000| 1 0 {000}  08
   0(pos)  00 00 00 00 00 |1000|1000000| 1 0 {000}  08
   1(pos)  01 00 00 00 08 |1000|0000100| 1 0 {000}  01
   1(neg)  01 00 00 00 08 |1000|0000100| 1 0 {000}  01
   1(neg)  01 00 00 00 08 |1000|0000100| 1 0 {000}  01
   1(pos)  01 00 00 00 08 |1000|0000100| 1 0 {000}  01
   2(pos)  02 00 01 00 00 |1000|1000000| 1 0 {000}  06
   2(neg)  02 00 01 00 00 |1000|1000000| 1 0 {000}  06
   2(neg)  02 00 01 00 00 |1000|1000000| 1 0 {000}  06
   2(pos)  02 00 01 00 00 |1000|1000000| 1 0 {000}  06
   3(pos)  03 00 01 00 06 |1000|0001000| 1 0 {000}  0b
   3(neg)  03 00 01 00 06 |1000|0001000| 1 0 {000}  0b
   3(neg)  03 00 01 00 06 |1000|0001000| 1 0 {000}  0b
   3(pos)  03 00 01 00 06 |1000|0001000| 1 0 {000}  0b
   4(pos)  04 00 01 0b 00 |1000|1000000| 1 0 {000}  05
   4(neg)  04 00 01 0b 00 |1000|1000000| 1 0 {000}  05
   4(neg)  04 00 01 0b 00 |1000|1000000| 1 0 {000}  05
   4(pos)  04 00 01 0b 00 |1000|1000000| 1 0 {000}  05
   5(pos)  05 00 01 0b 05 |1000|0010000| 0 0 {000}  11
   5(neg)  05 00 01 0b 05 |1000|0010000| 0 0 {000}  11
   5(neg)  05 00 01 0b 05 |1000|0010000| 0 0 {000}  11
   5(pos)  05 00 01 0b 05 |1000|0010000| 0 0 {000}  11
   6(pos)  05 11 01 0b 00 |1000|1000000| 1 0 {000}  2d
   6(neg)  05 11 01 0b 00 |1000|1000000| 1 0 {000}  2d
   6(neg)  05 11 01 0b 00 |1000|1000000| 1 0 {000}  2d
   6(pos)  05 11 01 0b 00 |1000|1000000| 1 0 {000}  2d
   7(pos)  06 11 01 0b 2d |0010|0000001| 0 0 {000}  11
   7(neg)  06 11 01 0b 2d |0010|0000001| 0 0 {000}  11
   7(neg)  06 11 01 0b 2d |0010|0000001| 0 0 {000}  11
   7(pos)  06 11 01 0b 2d |0010|0000001| 0 0 {000}  11
   8(pos)  06 11 01 0b 00 |1000|1000000| 1 0 {017}  15
   8(neg)  06 11 01 0b 00 |1000|1000000| 1 0 {017}  15
   8(neg)  06 11 01 0b 00 |1000|1000000| 1 0 {017}  15
   8(pos)  06 11 01 0b 00 |1000|1000000| 1 0 {017}  15
   9(pos)  07 11 01 0b 15 |0100|0010000| 0 0 {017}  12
   9(neg)  07 11 01 0b 15 |0100|0010000| 0 0 {017}  12
   9(neg)  07 11 01 0b 15 |0100|0010000| 0 0 {017}  12
   9(pos)  07 11 01 0b 15 |0100|0010000| 0 0 {017}  12
  10(pos)  07 12 01 0b 00 |1000|1000000| 1 0 {017}  2b
  10(neg)  07 12 01 0b 00 |1000|1000000| 1 0 {017}  2b
  10(neg)  07 12 01 0b 00 |1000|1000000| 1 0 {017}  2b
  10(pos)  07 12 01 0b 00 |1000|1000000| 1 0 {017}  2b
  11(pos)  08 12 01 0b 2b |0010|0000010| 0 0 {017}  12
  11(neg)  08 12 01 0b 2b |0010|0000010| 0 0 {017}  12
  11(neg)  08 12 01 0b 2b |0010|0000010| 0 0 {017}  12
  11(pos)  08 12 01 0b 2b |0010|0000010| 0 0 {017}  12
  12(pos)  08 12 01 0b 00 |1000|1000000| 1 0 {017}  06
  12(neg)  08 12 01 0b 00 |1000|1000000| 1 0 {017}  06
  12(neg)  08 12 01 0b 00 |1000|1000000| 1 0 {017}  06
  12(pos)  08 12 01 0b 00 |1000|1000000| 1 0 {017}  06
  13(pos)  09 12 01 0b 06 |1000|0001000| 1 0 {017}  02
  13(neg)  09 12 01 0b 06 |1000|0001000| 1 0 {017}  02
  13(neg)  09 12 01 0b 06 |1000|0001000| 1 0 {017}  02
  13(pos)  09 12 01 0b 06 |1000|0001000| 1 0 {017}  02
  14(pos)  0a 12 01 02 00 |1000|1000000| 1 0 {017}  f3
  14(neg)  0a 12 01 02 00 |1000|1000000| 1 0 {017}  f3
  14(neg)  0a 12 01 02 00 |1000|1000000| 1 0 {017}  f3
  14(pos)  0a 12 01 02 00 |1000|1000000| 1 0 {017}  f3
  15(pos)  0b 12 01 02 f3 |0001|0100000| 0 1 {017}  02
  15(neg)  0b 12 01 02 f3 |0001|0100000| 0 1 {017}  02
  15(neg)  0b 12 01 02 f3 |0001|0100000| 0 1 {017}  02
  15(pos)  0b 12 01 02 f3 |0001|0100000| 0 1 {017}  02
  16(pos)  02 12 01 02 00 |1000|1000000| 1 0 {017}  06
  16(neg)  02 12 01 02 00 |1000|1000000| 1 0 {017}  06
  16(neg)  02 12 01 02 00 |1000|1000000| 1 0 {017}  06
  16(pos)  02 12 01 02 00 |1000|1000000| 1 0 {017}  06
  17(pos)  03 12 01 02 06 |1000|0001000| 1 0 {017}  0b
  17(neg)  03 12 01 02 06 |1000|0001000| 1 0 {017}  0b
  17(neg)  03 12 01 02 06 |1000|0001000| 1 0 {017}  0b
  17(pos)  03 12 01 02 06 |1000|0001000| 1 0 {017}  0b
  18(pos)  04 12 01 0b 00 |1000|1000000| 1 0 {017}  05
  18(neg)  04 12 01 0b 00 |1000|1000000| 1 0 {017}  05
  18(neg)  04 12 01 0b 00 |1000|1000000| 1 0 {017}  05
  18(pos)  04 12 01 0b 00 |1000|1000000| 1 0 {017}  05
  19(pos)  05 12 01 0b 05 |1000|0010000| 0 0 {017}  12
  19(neg)  05 12 01 0b 05 |1000|0010000| 0 0 {017}  12
  19(neg)  05 12 01 0b 05 |1000|0010000| 0 0 {017}  12
  19(pos)  05 12 01 0b 05 |1000|0010000| 0 0 {017}  12
  20(pos)  05 12 01 0b 00 |1000|1000000| 1 0 {017}  2d
  20(neg)  05 12 01 0b 00 |1000|1000000| 1 0 {017}  2d
  20(neg)  05 12 01 0b 00 |1000|1000000| 1 0 {017}  2d
  20(pos)  05 12 01 0b 00 |1000|1000000| 1 0 {017}  2d
  21(pos)  06 12 01 0b 2d |0010|0000001| 0 0 {017}  12
  21(neg)  06 12 01 0b 2d |0010|0000001| 0 0 {017}  12
  21(neg)  06 12 01 0b 2d |0010|0000001| 0 0 {017}  12
  21(pos)  06 12 01 0b 2d |0010|0000001| 0 0 {017}  12
  22(pos)  06 12 01 0b 00 |1000|1000000| 1 0 {018}  15
  22(neg)  06 12 01 0b 00 |1000|1000000| 1 0 {018}  15
  22(neg)  06 12 01 0b 00 |1000|1000000| 1 0 {018}  15
  22(pos)  06 12 01 0b 00 |1000|1000000| 1 0 {018}  15
  23(pos)  07 12 01 0b 15 |0100|0010000| 0 0 {018}  13
  23(neg)  07 12 01 0b 15 |0100|0010000| 0 0 {018}  13
  23(neg)  07 12 01 0b 15 |0100|0010000| 0 0 {018}  13
  23(pos)  07 12 01 0b 15 |0100|0010000| 0 0 {018}  13
  24(pos)  07 13 01 0b 00 |1000|1000000| 1 0 {018}  2b
  24(neg)  07 13 01 0b 00 |1000|1000000| 1 0 {018}  2b
  24(neg)  07 13 01 0b 00 |1000|1000000| 1 0 {018}  2b
  24(pos)  07 13 01 0b 00 |1000|1000000| 1 0 {018}  2b
  25(pos)  08 13 01 0b 2b |0010|0000010| 0 0 {018}  13
  25(neg)  08 13 01 0b 2b |0010|0000010| 0 0 {018}  13
  25(neg)  08 13 01 0b 2b |0010|0000010| 0 0 {018}  13
  25(pos)  08 13 01 0b 2b |0010|0000010| 0 0 {018}  13
  26(pos)  08 13 01 0b 00 |1000|1000000| 1 0 {018}  06
  26(neg)  08 13 01 0b 00 |1000|1000000| 1 0 {018}  06
  26(neg)  08 13 01 0b 00 |1000|1000000| 1 0 {018}  06
  26(pos)  08 13 01 0b 00 |1000|1000000| 1 0 {018}  06
  27(pos)  09 13 01 0b 06 |1000|0001000| 1 0 {018}  02
  27(neg)  09 13 01 0b 06 |1000|0001000| 1 0 {018}  02
  27(neg)  09 13 01 0b 06 |1000|0001000| 1 0 {018}  02
  27(pos)  09 13 01 0b 06 |1000|0001000| 1 0 {018}  02
  28(pos)  0a 13 01 02 00 |1000|1000000| 1 0 {018}  f3
  28(neg)  0a 13 01 02 00 |1000|1000000| 1 0 {018}  f3
  28(neg)  0a 13 01 02 00 |1000|1000000| 1 0 {018}  f3
  28(pos)  0a 13 01 02 00 |1000|1000000| 1 0 {018}  f3
  29(pos)  0b 13 01 02 f3 |0001|0100000| 0 1 {018}  02
  29(neg)  0b 13 01 02 f3 |0001|0100000| 0 1 {018}  02
  29(neg)  0b 13 01 02 f3 |0001|0100000| 0 1 {018}  02
  29(pos)  0b 13 01 02 f3 |0001|0100000| 0 1 {018}  02
  30(pos)  02 13 01 02 00 |1000|1000000| 1 0 {018}  06
  30(neg)  02 13 01 02 00 |1000|1000000| 1 0 {018}  06
  30(neg)  02 13 01 02 00 |1000|1000000| 1 0 {018}  06
  30(pos)  02 13 01 02 00 |1000|1000000| 1 0 {018}  06
  31(pos)  03 13 01 02 06 |1000|0001000| 1 0 {018}  0b
  31(neg)  03 13 01 02 06 |1000|0001000| 1 0 {018}  0b
  31(neg)  03 13 01 02 06 |1000|0001000| 1 0 {018}  0b
  31(pos)  03 13 01 02 06 |1000|0001000| 1 0 {018}  0b
  32(pos)  04 13 01 0b 00 |1000|1000000| 1 0 {018}  05
  32(neg)  04 13 01 0b 00 |1000|1000000| 1 0 {018}  05
  32(neg)  04 13 01 0b 00 |1000|1000000| 1 0 {018}  05
  32(pos)  04 13 01 0b 00 |1000|1000000| 1 0 {018}  05
  33(pos)  05 13 01 0b 05 |1000|0010000| 0 0 {018}  13
  33(neg)  05 13 01 0b 05 |1000|0010000| 0 0 {018}  13
  33(neg)  05 13 01 0b 05 |1000|0010000| 0 0 {018}  13
  33(pos)  05 13 01 0b 05 |1000|0010000| 0 0 {018}  13
  34(pos)  05 13 01 0b 00 |1000|1000000| 1 0 {018}  2d
  34(neg)  05 13 01 0b 00 |1000|1000000| 1 0 {018}  2d
  34(neg)  05 13 01 0b 00 |1000|1000000| 1 0 {018}  2d
  34(pos)  05 13 01 0b 00 |1000|1000000| 1 0 {018}  2d
  35(pos)  06 13 01 0b 2d |0010|0000001| 0 0 {018}  13
  35(neg)  06 13 01 0b 2d |0010|0000001| 0 0 {018}  13
  35(neg)  06 13 01 0b 2d |0010|0000001| 0 0 {018}  13
  35(pos)  06 13 01 0b 2d |0010|0000001| 0 0 {018}  13
  36(pos)  06 13 01 0b 00 |1000|1000000| 1 0 {019}  15
  36(neg)  06 13 01 0b 00 |1000|1000000| 1 0 {019}  15
  36(neg)  06 13 01 0b 00 |1000|1000000| 1 0 {019}  15
  36(pos)  06 13 01 0b 00 |1000|1000000| 1 0 {019}  15
  37(pos)  07 13 01 0b 15 |0100|0010000| 0 0 {019}  14
  37(neg)  07 13 01 0b 15 |0100|0010000| 0 0 {019}  14
  37(neg)  07 13 01 0b 15 |0100|0010000| 0 0 {019}  14
  37(pos)  07 13 01 0b 15 |0100|0010000| 0 0 {019}  14
  38(pos)  07 14 01 0b 00 |1000|1000000| 1 0 {019}  2b
  38(neg)  07 14 01 0b 00 |1000|1000000| 1 0 {019}  2b
  38(neg)  07 14 01 0b 00 |1000|1000000| 1 0 {019}  2b
  38(pos)  07 14 01 0b 00 |1000|1000000| 1 0 {019}  2b
  39(pos)  08 14 01 0b 2b |0010|0000010| 0 0 {019}  14
  39(neg)  08 14 01 0b 2b |0010|0000010| 0 0 {019}  14
  39(neg)  08 14 01 0b 2b |0010|0000010| 0 0 {019}  14
  39(pos)  08 14 01 0b 2b |0010|0000010| 0 0 {019}  14
  40(pos)  08 14 01 0b 00 |1000|1000000| 1 0 {019}  06
  40(neg)  08 14 01 0b 00 |1000|1000000| 1 0 {019}  06
  40(neg)  08 14 01 0b 00 |1000|1000000| 1 0 {019}  06
  40(pos)  08 14 01 0b 00 |1000|1000000| 1 0 {019}  06
  41(pos)  09 14 01 0b 06 |1000|0001000| 1 0 {019}  02
  41(neg)  09 14 01 0b 06 |1000|0001000| 1 0 {019}  02
  41(neg)  09 14 01 0b 06 |1000|0001000| 1 0 {019}  02
  41(pos)  09 14 01 0b 06 |1000|0001000| 1 0 {019}  02
  42(pos)  0a 14 01 02 00 |1000|1000000| 1 0 {019}  f3
  42(neg)  0a 14 01 02 00 |1000|1000000| 1 0 {019}  f3
  42(neg)  0a 14 01 02 00 |1000|1000000| 1 0 {019}  f3
  42(pos)  0a 14 01 02 00 |1000|1000000| 1 0 {019}  f3
  43(pos)  0b 14 01 02 f3 |0001|0100000| 0 1 {019}  02
  43(neg)  0b 14 01 02 f3 |0001|0100000| 0 1 {019}  02
  43(neg)  0b 14 01 02 f3 |0001|0100000| 0 1 {019}  02
  43(pos)  0b 14 01 02 f3 |0001|0100000| 0 1 {019}  02
  44(pos)  02 14 01 02 00 |1000|1000000| 1 0 {019}  06
  44(neg)  02 14 01 02 00 |1000|1000000| 1 0 {019}  06
  44(neg)  02 14 01 02 00 |1000|1000000| 1 0 {019}  06
  44(pos)  02 14 01 02 00 |1000|1000000| 1 0 {019}  06
  45(pos)  03 14 01 02 06 |1000|0001000| 1 0 {019}  0b
  45(neg)  03 14 01 02 06 |1000|0001000| 1 0 {019}  0b
  45(neg)  03 14 01 02 06 |1000|0001000| 1 0 {019}  0b
  45(pos)  03 14 01 02 06 |1000|0001000| 1 0 {019}  0b
  46(pos)  04 14 01 0b 00 |1000|1000000| 1 0 {019}  05
  46(neg)  04 14 01 0b 00 |1000|1000000| 1 0 {019}  05
  46(neg)  04 14 01 0b 00 |1000|1000000| 1 0 {019}  05
  46(pos)  04 14 01 0b 00 |1000|1000000| 1 0 {019}  05
  47(pos)  05 14 01 0b 05 |1000|0010000| 0 0 {019}  14
  47(neg)  05 14 01 0b 05 |1000|0010000| 0 0 {019}  14
  47(neg)  05 14 01 0b 05 |1000|0010000| 0 0 {019}  14
  47(pos)  05 14 01 0b 05 |1000|0010000| 0 0 {019}  14
  48(pos)  05 14 01 0b 00 |1000|1000000| 1 0 {019}  2d
  48(neg)  05 14 01 0b 00 |1000|1000000| 1 0 {019}  2d
  48(neg)  05 14 01 0b 00 |1000|1000000| 1 0 {019}  2d
  48(pos)  05 14 01 0b 00 |1000|1000000| 1 0 {019}  2d
  49(pos)  06 14 01 0b 2d |0010|0000001| 0 0 {019}  14
  49(neg)  06 14 01 0b 2d |0010|0000001| 0 0 {019}  14
  49(neg)  06 14 01 0b 2d |0010|0000001| 0 0 {019}  14
  49(pos)  06 14 01 0b 2d |0010|0000001| 0 0 {019}  14
  50(pos)  06 14 01 0b 00 |1000|1000000| 1 0 {020}  15
  50(neg)  06 14 01 0b 00 |1000|1000000| 1 0 {020}  15
  50(neg)  06 14 01 0b 00 |1000|1000000| 1 0 {020}  15
  50(pos)  06 14 01 0b 00 |1000|1000000| 1 0 {020}  15
  51(pos)  07 14 01 0b 15 |0100|0010000| 0 0 {020}  15
  51(neg)  07 14 01 0b 15 |0100|0010000| 0 0 {020}  15
  51(neg)  07 14 01 0b 15 |0100|0010000| 0 0 {020}  15
  51(pos)  07 14 01 0b 15 |0100|0010000| 0 0 {020}  15
  52(pos)  07 15 01 0b 00 |1000|1000000| 1 0 {020}  2b
  52(neg)  07 15 01 0b 00 |1000|1000000| 1 0 {020}  2b
  52(neg)  07 15 01 0b 00 |1000|1000000| 1 0 {020}  2b
  52(pos)  07 15 01 0b 00 |1000|1000000| 1 0 {020}  2b
  53(pos)  08 15 01 0b 2b |0010|0000010| 0 0 {020}  15
  53(neg)  08 15 01 0b 2b |0010|0000010| 0 0 {020}  15
  53(neg)  08 15 01 0b 2b |0010|0000010| 0 0 {020}  15
  53(pos)  08 15 01 0b 2b |0010|0000010| 0 0 {020}  15
  54(pos)  08 15 01 0b 00 |1000|1000000| 1 0 {020}  06
  54(neg)  08 15 01 0b 00 |1000|1000000| 1 0 {020}  06
  54(neg)  08 15 01 0b 00 |1000|1000000| 1 0 {020}  06
  54(pos)  08 15 01 0b 00 |1000|1000000| 1 0 {020}  06
  55(pos)  09 15 01 0b 06 |1000|0001000| 1 0 {020}  02
  55(neg)  09 15 01 0b 06 |1000|0001000| 1 0 {020}  02
  55(neg)  09 15 01 0b 06 |1000|0001000| 1 0 {020}  02
  55(pos)  09 15 01 0b 06 |1000|0001000| 1 0 {020}  02
  56(pos)  0a 15 01 02 00 |1000|1000000| 1 0 {020}  f3
  56(neg)  0a 15 01 02 00 |1000|1000000| 1 0 {020}  f3
  56(neg)  0a 15 01 02 00 |1000|1000000| 1 0 {020}  f3
  56(pos)  0a 15 01 02 00 |1000|1000000| 1 0 {020}  f3
  57(pos)  0b 15 01 02 f3 |0001|0100000| 0 1 {020}  02
  57(neg)  0b 15 01 02 f3 |0001|0100000| 0 1 {020}  02
  57(neg)  0b 15 01 02 f3 |0001|0100000| 0 1 {020}  02
  57(pos)  0b 15 01 02 f3 |0001|0100000| 0 1 {020}  02
  58(pos)  02 15 01 02 00 |1000|1000000| 1 0 {020}  06
  58(neg)  02 15 01 02 00 |1000|1000000| 1 0 {020}  06
  58(neg)  02 15 01 02 00 |1000|1000000| 1 0 {020}  06
  58(pos)  02 15 01 02 00 |1000|1000000| 1 0 {020}  06
  59(pos)  03 15 01 02 06 |1000|0001000| 1 0 {020}  0b
  59(neg)  03 15 01 02 06 |1000|0001000| 1 0 {020}  0b
  59(neg)  03 15 01 02 06 |1000|0001000| 1 0 {020}  0b
  59(pos)  03 15 01 02 06 |1000|0001000| 1 0 {020}  0b
  60(pos)  04 15 01 0b 00 |1000|1000000| 1 0 {020}  05
  60(neg)  04 15 01 0b 00 |1000|1000000| 1 0 {020}  05
  60(neg)  04 15 01 0b 00 |1000|1000000| 1 0 {020}  05
  60(pos)  04 15 01 0b 00 |1000|1000000| 1 0 {020}  05
  61(pos)  05 15 01 0b 05 |1000|0010000| 0 0 {020}  15
  61(neg)  05 15 01 0b 05 |1000|0010000| 0 0 {020}  15
  61(neg)  05 15 01 0b 05 |1000|0010000| 0 0 {020}  15
  61(pos)  05 15 01 0b 05 |1000|0010000| 0 0 {020}  15
  62(pos)  05 15 01 0b 00 |1000|1000000| 1 0 {020}  2d
  62(neg)  05 15 01 0b 00 |1000|1000000| 1 0 {020}  2d
  62(neg)  05 15 01 0b 00 |1000|1000000| 1 0 {020}  2d
  62(pos)  05 15 01 0b 00 |1000|1000000| 1 0 {020}  2d
  63(pos)  06 15 01 0b 2d |0010|0000001| 0 0 {020}  15
  63(neg)  06 15 01 0b 2d |0010|0000001| 0 0 {020}  15
  63(neg)  06 15 01 0b 2d |0010|0000001| 0 0 {020}  15
  63(pos)  06 15 01 0b 2d |0010|0000001| 0 0 {020}  15
  64(pos)  06 15 01 0b 00 |1000|1000000| 1 0 {021}  15
  64(neg)  06 15 01 0b 00 |1000|1000000| 1 0 {021}  15
  64(neg)  06 15 01 0b 00 |1000|1000000| 1 0 {021}  15
  64(pos)  06 15 01 0b 00 |1000|1000000| 1 0 {021}  15
  65(pos)  07 15 01 0b 15 |0100|0010000| 0 0 {021}  16
  65(neg)  07 15 01 0b 15 |0100|0010000| 0 0 {021}  16
  65(neg)  07 15 01 0b 15 |0100|0010000| 0 0 {021}  16
  65(pos)  07 15 01 0b 15 |0100|0010000| 0 0 {021}  16
  66(pos)  07 16 01 0b 00 |1000|1000000| 1 0 {021}  2b
  66(neg)  07 16 01 0b 00 |1000|1000000| 1 0 {021}  2b
  66(neg)  07 16 01 0b 00 |1000|1000000| 1 0 {021}  2b
  66(pos)  07 16 01 0b 00 |1000|1000000| 1 0 {021}  2b
  67(pos)  08 16 01 0b 2b |0010|0000010| 0 0 {021}  16
  67(neg)  08 16 01 0b 2b |0010|0000010| 0 0 {021}  16
  67(neg)  08 16 01 0b 2b |0010|0000010| 0 0 {021}  16
  67(pos)  08 16 01 0b 2b |0010|0000010| 0 0 {021}  16
  68(pos)  08 16 01 0b 00 |1000|1000000| 1 0 {021}  06
  68(neg)  08 16 01 0b 00 |1000|1000000| 1 0 {021}  06
  68(neg)  08 16 01 0b 00 |1000|1000000| 1 0 {021}  06
  68(pos)  08 16 01 0b 00 |1000|1000000| 1 0 {021}  06
  69(pos)  09 16 01 0b 06 |1000|0001000| 1 0 {021}  02
  69(neg)  09 16 01 0b 06 |1000|0001000| 1 0 {021}  02
  69(neg)  09 16 01 0b 06 |1000|0001000| 1 0 {021}  02
  69(pos)  09 16 01 0b 06 |1000|0001000| 1 0 {021}  02
  70(pos)  0a 16 01 02 00 |1000|1000000| 1 0 {021}  f3
  70(neg)  0a 16 01 02 00 |1000|1000000| 1 0 {021}  f3
  70(neg)  0a 16 01 02 00 |1000|1000000| 1 0 {021}  f3
  70(pos)  0a 16 01 02 00 |1000|1000000| 1 0 {021}  f3
  71(pos)  0b 16 01 02 f3 |0001|0100000| 0 1 {021}  02
  71(neg)  0b 16 01 02 f3 |0001|0100000| 0 1 {021}  02
  71(neg)  0b 16 01 02 f3 |0001|0100000| 0 1 {021}  02
  71(pos)  0b 16 01 02 f3 |0001|0100000| 0 1 {021}  02
  72(pos)  02 16 01 02 00 |1000|1000000| 1 0 {021}  06
  72(neg)  02 16 01 02 00 |1000|1000000| 1 0 {021}  06
  72(neg)  02 16 01 02 00 |1000|1000000| 1 0 {021}  06
  72(pos)  02 16 01 02 00 |1000|1000000| 1 0 {021}  06
  73(pos)  03 16 01 02 06 |1000|0001000| 1 0 {021}  0b
  73(neg)  03 16 01 02 06 |1000|0001000| 1 0 {021}  0b
  73(neg)  03 16 01 02 06 |1000|0001000| 1 0 {021}  0b
  73(pos)  03 16 01 02 06 |1000|0001000| 1 0 {021}  0b
  74(pos)  04 16 01 0b 00 |1000|1000000| 1 0 {021}  05
  74(neg)  04 16 01 0b 00 |1000|1000000| 1 0 {021}  05
  74(neg)  04 16 01 0b 00 |1000|1000000| 1 0 {021}  05
  74(pos)  04 16 01 0b 00 |1000|1000000| 1 0 {021}  05
  75(pos)  05 16 01 0b 05 |1000|0010000| 0 0 {021}  16
  75(neg)  05 16 01 0b 05 |1000|0010000| 0 0 {021}  16
  75(neg)  05 16 01 0b 05 |1000|0010000| 0 0 {021}  16
  75(pos)  05 16 01 0b 05 |1000|0010000| 0 0 {021}  16
  76(pos)  05 16 01 0b 00 |1000|1000000| 1 0 {021}  2d
  76(neg)  05 16 01 0b 00 |1000|1000000| 1 0 {021}  2d
  76(neg)  05 16 01 0b 00 |1000|1000000| 1 0 {021}  2d
  76(pos)  05 16 01 0b 00 |1000|1000000| 1 0 {021}  2d
  77(pos)  06 16 01 0b 2d |0010|0000001| 0 0 {021}  16
  77(neg)  06 16 01 0b 2d |0010|0000001| 0 0 {021}  16
  77(neg)  06 16 01 0b 2d |0010|0000001| 0 0 {021}  16
  77(pos)  06 16 01 0b 2d |0010|0000001| 0 0 {021}  16
  78(pos)  06 16 01 0b 00 |1000|1000000| 1 0 {022}  15
  78(neg)  06 16 01 0b 00 |1000|1000000| 1 0 {022}  15
  78(neg)  06 16 01 0b 00 |1000|1000000| 1 0 {022}  15
  78(pos)  06 16 01 0b 00 |1000|1000000| 1 0 {022}  15
  79(pos)  07 16 01 0b 15 |0100|0010000| 0 0 {022}  17
  79(neg)  07 16 01 0b 15 |0100|0010000| 0 0 {022}  17
  79(neg)  07 16 01 0b 15 |0100|0010000| 0 0 {022}  17
  79(pos)  07 16 01 0b 15 |0100|0010000| 0 0 {022}  17
  80(pos)  07 17 01 0b 00 |1000|1000000| 1 0 {022}  2b
  80(neg)  07 17 01 0b 00 |1000|1000000| 1 0 {022}  2b
  80(neg)  07 17 01 0b 00 |1000|1000000| 1 0 {022}  2b
  80(pos)  07 17 01 0b 00 |1000|1000000| 1 0 {022}  2b
  81(pos)  08 17 01 0b 2b |0010|0000010| 0 0 {022}  17
  81(neg)  08 17 01 0b 2b |0010|0000010| 0 0 {022}  17
  81(neg)  08 17 01 0b 2b |0010|0000010| 0 0 {022}  17
  81(pos)  08 17 01 0b 2b |0010|0000010| 0 0 {022}  17
  82(pos)  08 17 01 0b 00 |1000|1000000| 1 0 {022}  06
  82(neg)  08 17 01 0b 00 |1000|1000000| 1 0 {022}  06
  82(neg)  08 17 01 0b 00 |1000|1000000| 1 0 {022}  06
  82(pos)  08 17 01 0b 00 |1000|1000000| 1 0 {022}  06
  83(pos)  09 17 01 0b 06 |1000|0001000| 1 0 {022}  02
  83(neg)  09 17 01 0b 06 |1000|0001000| 1 0 {022}  02
  83(neg)  09 17 01 0b 06 |1000|0001000| 1 0 {022}  02
  83(pos)  09 17 01 0b 06 |1000|0001000| 1 0 {022}  02
  84(pos)  0a 17 01 02 00 |1000|1000000| 1 0 {022}  f3
  84(neg)  0a 17 01 02 00 |1000|1000000| 1 0 {022}  f3
  84(neg)  0a 17 01 02 00 |1000|1000000| 1 0 {022}  f3
  84(pos)  0a 17 01 02 00 |1000|1000000| 1 0 {022}  f3
  85(pos)  0b 17 01 02 f3 |0001|0100000| 0 1 {022}  02
  85(neg)  0b 17 01 02 f3 |0001|0100000| 0 1 {022}  02
  85(neg)  0b 17 01 02 f3 |0001|0100000| 0 1 {022}  02
  85(pos)  0b 17 01 02 f3 |0001|0100000| 0 1 {022}  02
  86(pos)  02 17 01 02 00 |1000|1000000| 1 0 {022}  06
  86(neg)  02 17 01 02 00 |1000|1000000| 1 0 {022}  06
  86(neg)  02 17 01 02 00 |1000|1000000| 1 0 {022}  06
  86(pos)  02 17 01 02 00 |1000|1000000| 1 0 {022}  06
  87(pos)  03 17 01 02 06 |1000|0001000| 1 0 {022}  0b
  87(neg)  03 17 01 02 06 |1000|0001000| 1 0 {022}  0b
  87(neg)  03 17 01 02 06 |1000|0001000| 1 0 {022}  0b
  87(pos)  03 17 01 02 06 |1000|0001000| 1 0 {022}  0b
  88(pos)  04 17 01 0b 00 |1000|1000000| 1 0 {022}  05
  88(neg)  04 17 01 0b 00 |1000|1000000| 1 0 {022}  05
  88(neg)  04 17 01 0b 00 |1000|1000000| 1 0 {022}  05
  88(pos)  04 17 01 0b 00 |1000|1000000| 1 0 {022}  05
  89(pos)  05 17 01 0b 05 |1000|0010000| 0 0 {022}  17
  89(neg)  05 17 01 0b 05 |1000|0010000| 0 0 {022}  17
  89(neg)  05 17 01 0b 05 |1000|0010000| 0 0 {022}  17
  89(pos)  05 17 01 0b 05 |1000|0010000| 0 0 {022}  17
  90(pos)  05 17 01 0b 00 |1000|1000000| 1 0 {022}  2d
  90(neg)  05 17 01 0b 00 |1000|1000000| 1 0 {022}  2d
  90(neg)  05 17 01 0b 00 |1000|1000000| 1 0 {022}  2d
  90(pos)  05 17 01 0b 00 |1000|1000000| 1 0 {022}  2d
  91(pos)  06 17 01 0b 2d |0010|0000001| 0 0 {022}  17
  91(neg)  06 17 01 0b 2d |0010|0000001| 0 0 {022}  17
  91(neg)  06 17 01 0b 2d |0010|0000001| 0 0 {022}  17
  91(pos)  06 17 01 0b 2d |0010|0000001| 0 0 {022}  17
  92(pos)  06 17 01 0b 00 |1000|1000000| 1 0 {023}  15
  92(neg)  06 17 01 0b 00 |1000|1000000| 1 0 {023}  15
  92(neg)  06 17 01 0b 00 |1000|1000000| 1 0 {023}  15
  92(pos)  06 17 01 0b 00 |1000|1000000| 1 0 {023}  15
  93(pos)  07 17 01 0b 15 |0100|0010000| 0 0 {023}  18
  93(neg)  07 17 01 0b 15 |0100|0010000| 0 0 {023}  18
  93(neg)  07 17 01 0b 15 |0100|0010000| 0 0 {023}  18
  93(pos)  07 17 01 0b 15 |0100|0010000| 0 0 {023}  18
  94(pos)  07 18 01 0b 00 |1000|1000000| 1 0 {023}  2b
  94(neg)  07 18 01 0b 00 |1000|1000000| 1 0 {023}  2b
  94(neg)  07 18 01 0b 00 |1000|1000000| 1 0 {023}  2b
  94(pos)  07 18 01 0b 00 |1000|1000000| 1 0 {023}  2b
  95(pos)  08 18 01 0b 2b |0010|0000010| 0 0 {023}  18
  95(neg)  08 18 01 0b 2b |0010|0000010| 0 0 {023}  18
  95(neg)  08 18 01 0b 2b |0010|0000010| 0 0 {023}  18
  95(pos)  08 18 01 0b 2b |0010|0000010| 0 0 {023}  18
  96(pos)  08 18 01 0b 00 |1000|1000000| 1 0 {023}  06
  96(neg)  08 18 01 0b 00 |1000|1000000| 1 0 {023}  06
  96(neg)  08 18 01 0b 00 |1000|1000000| 1 0 {023}  06
  96(pos)  08 18 01 0b 00 |1000|1000000| 1 0 {023}  06
  97(pos)  09 18 01 0b 06 |1000|0001000| 1 0 {023}  02
  97(neg)  09 18 01 0b 06 |1000|0001000| 1 0 {023}  02
  97(neg)  09 18 01 0b 06 |1000|0001000| 1 0 {023}  02
  97(pos)  09 18 01 0b 06 |1000|0001000| 1 0 {023}  02
  98(pos)  0a 18 01 02 00 |1000|1000000| 1 0 {023}  f3
  98(neg)  0a 18 01 02 00 |1000|1000000| 1 0 {023}  f3
  98(neg)  0a 18 01 02 00 |1000|1000000| 1 0 {023}  f3
  98(pos)  0a 18 01 02 00 |1000|1000000| 1 0 {023}  f3
  99(pos)  0b 18 01 02 f3 |0001|0100000| 0 1 {023}  02
  99(neg)  0b 18 01 02 f3 |0001|0100000| 0 1 {023}  02
  99(neg)  0b 18 01 02 f3 |0001|0100000| 0 1 {023}  02
  99(pos)  0b 18 01 02 f3 |0001|0100000| 0 1 {023}  02
 100(pos)  02 18 01 02 00 |1000|1000000| 1 0 {023}  06
 100(neg)  02 18 01 02 00 |1000|1000000| 1 0 {023}  06
 100(neg)  02 18 01 02 00 |1000|1000000| 1 0 {023}  06
 100(pos)  02 18 01 02 00 |1000|1000000| 1 0 {023}  06
 101(pos)  03 18 01 02 06 |1000|0001000| 1 0 {023}  0b
 101(neg)  03 18 01 02 06 |1000|0001000| 1 0 {023}  0b
 101(neg)  03 18 01 02 06 |1000|0001000| 1 0 {023}  0b
 101(pos)  03 18 01 02 06 |1000|0001000| 1 0 {023}  0b
 102(pos)  04 18 01 0b 00 |1000|1000000| 1 0 {023}  05
 102(neg)  04 18 01 0b 00 |1000|1000000| 1 0 {023}  05
 102(neg)  04 18 01 0b 00 |1000|1000000| 1 0 {023}  05
 102(pos)  04 18 01 0b 00 |1000|1000000| 1 0 {023}  05
 103(pos)  05 18 01 0b 05 |1000|0010000| 0 0 {023}  18
 103(neg)  05 18 01 0b 05 |1000|0010000| 0 0 {023}  18
 103(neg)  05 18 01 0b 05 |1000|0010000| 0 0 {023}  18
 103(pos)  05 18 01 0b 05 |1000|0010000| 0 0 {023}  18
 104(pos)  05 18 01 0b 00 |1000|1000000| 1 0 {023}  2d
 104(neg)  05 18 01 0b 00 |1000|1000000| 1 0 {023}  2d
 104(neg)  05 18 01 0b 00 |1000|1000000| 1 0 {023}  2d
 104(pos)  05 18 01 0b 00 |1000|1000000| 1 0 {023}  2d
 105(pos)  06 18 01 0b 2d |0010|0000001| 0 0 {023}  18
 105(neg)  06 18 01 0b 2d |0010|0000001| 0 0 {023}  18
 105(neg)  06 18 01 0b 2d |0010|0000001| 0 0 {023}  18
 105(pos)  06 18 01 0b 2d |0010|0000001| 0 0 {023}  18
 106(pos)  06 18 01 0b 00 |1000|1000000| 1 0 {024}  15
 106(neg)  06 18 01 0b 00 |1000|1000000| 1 0 {024}  15
 106(neg)  06 18 01 0b 00 |1000|1000000| 1 0 {024}  15
 106(pos)  06 18 01 0b 00 |1000|1000000| 1 0 {024}  15
 107(pos)  07 18 01 0b 15 |0100|0010000| 0 0 {024}  19
 107(neg)  07 18 01 0b 15 |0100|0010000| 0 0 {024}  19
 107(neg)  07 18 01 0b 15 |0100|0010000| 0 0 {024}  19
 107(pos)  07 18 01 0b 15 |0100|0010000| 0 0 {024}  19
 108(pos)  07 19 01 0b 00 |1000|1000000| 1 0 {024}  2b
 108(neg)  07 19 01 0b 00 |1000|1000000| 1 0 {024}  2b
 108(neg)  07 19 01 0b 00 |1000|1000000| 1 0 {024}  2b
 108(pos)  07 19 01 0b 00 |1000|1000000| 1 0 {024}  2b
 109(pos)  08 19 01 0b 2b |0010|0000010| 0 0 {024}  19
 109(neg)  08 19 01 0b 2b |0010|0000010| 0 0 {024}  19
 109(neg)  08 19 01 0b 2b |0010|0000010| 0 0 {024}  19
 109(pos)  08 19 01 0b 2b |0010|0000010| 0 0 {024}  19
 110(pos)  08 19 01 0b 00 |1000|1000000| 1 0 {024}  06
 110(neg)  08 19 01 0b 00 |1000|1000000| 1 0 {024}  06
 110(neg)  08 19 01 0b 00 |1000|1000000| 1 0 {024}  06
 110(pos)  08 19 01 0b 00 |1000|1000000| 1 0 {024}  06
 111(pos)  09 19 01 0b 06 |1000|0001000| 1 0 {024}  02
 111(neg)  09 19 01 0b 06 |1000|0001000| 1 0 {024}  02
 111(neg)  09 19 01 0b 06 |1000|0001000| 1 0 {024}  02
 111(pos)  09 19 01 0b 06 |1000|0001000| 1 0 {024}  02
 112(pos)  0a 19 01 02 00 |1000|1000000| 1 0 {024}  f3
 112(neg)  0a 19 01 02 00 |1000|1000000| 1 0 {024}  f3
 112(neg)  0a 19 01 02 00 |1000|1000000| 1 0 {024}  f3
 112(pos)  0a 19 01 02 00 |1000|1000000| 1 0 {024}  f3
 113(pos)  0b 19 01 02 f3 |0001|0100000| 0 1 {024}  02
 113(neg)  0b 19 01 02 f3 |0001|0100000| 0 1 {024}  02
 113(neg)  0b 19 01 02 f3 |0001|0100000| 0 1 {024}  02
 113(pos)  0b 19 01 02 f3 |0001|0100000| 0 1 {024}  02
 114(pos)  02 19 01 02 00 |1000|1000000| 1 0 {024}  06
 114(neg)  02 19 01 02 00 |1000|1000000| 1 0 {024}  06
 114(neg)  02 19 01 02 00 |1000|1000000| 1 0 {024}  06
 114(pos)  02 19 01 02 00 |1000|1000000| 1 0 {024}  06
 115(pos)  03 19 01 02 06 |1000|0001000| 1 0 {024}  0b
 115(neg)  03 19 01 02 06 |1000|0001000| 1 0 {024}  0b
 115(neg)  03 19 01 02 06 |1000|0001000| 1 0 {024}  0b
 115(pos)  03 19 01 02 06 |1000|0001000| 1 0 {024}  0b
 116(pos)  04 19 01 0b 00 |1000|1000000| 1 0 {024}  05
 116(neg)  04 19 01 0b 00 |1000|1000000| 1 0 {024}  05
 116(neg)  04 19 01 0b 00 |1000|1000000| 1 0 {024}  05
 116(pos)  04 19 01 0b 00 |1000|1000000| 1 0 {024}  05
 117(pos)  05 19 01 0b 05 |1000|0010000| 0 0 {024}  19
 117(neg)  05 19 01 0b 05 |1000|0010000| 0 0 {024}  19
 117(neg)  05 19 01 0b 05 |1000|0010000| 0 0 {024}  19
 117(pos)  05 19 01 0b 05 |1000|0010000| 0 0 {024}  19
 118(pos)  05 19 01 0b 00 |1000|1000000| 1 0 {024}  2d
 118(neg)  05 19 01 0b 00 |1000|1000000| 1 0 {024}  2d
 118(neg)  05 19 01 0b 00 |1000|1000000| 1 0 {024}  2d
 118(pos)  05 19 01 0b 00 |1000|1000000| 1 0 {024}  2d
 119(pos)  06 19 01 0b 2d |0010|0000001| 0 0 {024}  19
 119(neg)  06 19 01 0b 2d |0010|0000001| 0 0 {024}  19
 119(neg)  06 19 01 0b 2d |0010|0000001| 0 0 {024}  19
 119(pos)  06 19 01 0b 2d |0010|0000001| 0 0 {024}  19
 120(pos)  06 19 01 0b 00 |1000|1000000| 1 0 {025}  15
 120(neg)  06 19 01 0b 00 |1000|1000000| 1 0 {025}  15
 120(neg)  06 19 01 0b 00 |1000|1000000| 1 0 {025}  15
 120(pos)  06 19 01 0b 00 |1000|1000000| 1 0 {025}  15
 121(pos)  07 19 01 0b 15 |0100|0010000| 0 0 {025}  1a
 121(neg)  07 19 01 0b 15 |0100|0010000| 0 0 {025}  1a
 121(neg)  07 19 01 0b 15 |0100|0010000| 0 0 {025}  1a
 121(pos)  07 19 01 0b 15 |0100|0010000| 0 0 {025}  1a
 122(pos)  07 1a 01 0b 00 |1000|1000000| 1 0 {025}  2b
 122(neg)  07 1a 01 0b 00 |1000|1000000| 1 0 {025}  2b
 122(neg)  07 1a 01 0b 00 |1000|1000000| 1 0 {025}  2b
 122(pos)  07 1a 01 0b 00 |1000|1000000| 1 0 {025}  2b
 123(pos)  08 1a 01 0b 2b |0010|0000010| 0 0 {025}  1a
 123(neg)  08 1a 01 0b 2b |0010|0000010| 0 0 {025}  1a
 123(neg)  08 1a 01 0b 2b |0010|0000010| 0 0 {025}  1a
 123(pos)  08 1a 01 0b 2b |0010|0000010| 0 0 {025}  1a
 124(pos)  08 1a 01 0b 00 |1000|1000000| 1 0 {025}  06
 124(neg)  08 1a 01 0b 00 |1000|1000000| 1 0 {025}  06
 124(neg)  08 1a 01 0b 00 |1000|1000000| 1 0 {025}  06
 124(pos)  08 1a 01 0b 00 |1000|1000000| 1 0 {025}  06
 125(pos)  09 1a 01 0b 06 |1000|0001000| 1 0 {025}  02
 125(neg)  09 1a 01 0b 06 |1000|0001000| 1 0 {025}  02
 125(neg)  09 1a 01 0b 06 |1000|0001000| 1 0 {025}  02
 125(pos)  09 1a 01 0b 06 |1000|0001000| 1 0 {025}  02
 126(pos)  0a 1a 01 02 00 |1000|1000000| 1 0 {025}  f3
 126(neg)  0a 1a 01 02 00 |1000|1000000| 1 0 {025}  f3
 126(neg)  0a 1a 01 02 00 |1000|1000000| 1 0 {025}  f3
 126(pos)  0a 1a 01 02 00 |1000|1000000| 1 0 {025}  f3
 127(pos)  0b 1a 01 02 f3 |0001|0100000| 0 1 {025}  02
 127(neg)  0b 1a 01 02 f3 |0001|0100000| 0 1 {025}  02
 127(neg)  0b 1a 01 02 f3 |0001|0100000| 0 1 {025}  02
 127(pos)  0b 1a 01 02 f3 |0001|0100000| 0 1 {025}  02
 128(pos)  02 1a 01 02 00 |1000|1000000| 1 0 {025}  06
 128(neg)  02 1a 01 02 00 |1000|1000000| 1 0 {025}  06
 128(neg)  02 1a 01 02 00 |1000|1000000| 1 0 {025}  06
 128(pos)  02 1a 01 02 00 |1000|1000000| 1 0 {025}  06
 129(pos)  03 1a 01 02 06 |1000|0001000| 1 0 {025}  0b
 129(neg)  03 1a 01 02 06 |1000|0001000| 1 0 {025}  0b
 129(neg)  03 1a 01 02 06 |1000|0001000| 1 0 {025}  0b
 129(pos)  03 1a 01 02 06 |1000|0001000| 1 0 {025}  0b
 130(pos)  04 1a 01 0b 00 |1000|1000000| 1 0 {025}  05
 130(neg)  04 1a 01 0b 00 |1000|1000000| 1 0 {025}  05
 130(neg)  04 1a 01 0b 00 |1000|1000000| 1 0 {025}  05
 130(pos)  04 1a 01 0b 00 |1000|1000000| 1 0 {025}  05
 131(pos)  05 1a 01 0b 05 |1000|0010000| 0 0 {025}  1a
 131(neg)  05 1a 01 0b 05 |1000|0010000| 0 0 {025}  1a
 131(neg)  05 1a 01 0b 05 |1000|0010000| 0 0 {025}  1a
 131(pos)  05 1a 01 0b 05 |1000|0010000| 0 0 {025}  1a
 132(pos)  05 1a 01 0b 00 |1000|1000000| 1 0 {025}  2d
 132(neg)  05 1a 01 0b 00 |1000|1000000| 1 0 {025}  2d
 132(neg)  05 1a 01 0b 00 |1000|1000000| 1 0 {025}  2d
 132(pos)  05 1a 01 0b 00 |1000|1000000| 1 0 {025}  2d
 133(pos)  06 1a 01 0b 2d |0010|0000001| 0 0 {025}  1a
 133(neg)  06 1a 01 0b 2d |0010|0000001| 0 0 {025}  1a
 133(neg)  06 1a 01 0b 2d |0010|0000001| 0 0 {025}  1a
 133(pos)  06 1a 01 0b 2d |0010|0000001| 0 0 {025}  1a
 134(pos)  06 1a 01 0b 00 |1000|1000000| 1 0 {026}  15
 134(neg)  06 1a 01 0b 00 |1000|1000000| 1 0 {026}  15
 134(neg)  06 1a 01 0b 00 |1000|1000000| 1 0 {026}  15
 134(pos)  06 1a 01 0b 00 |1000|1000000| 1 0 {026}  15
 135(pos)  07 1a 01 0b 15 |0100|0010000| 0 0 {026}  1b
 135(neg)  07 1a 01 0b 15 |0100|0010000| 0 0 {026}  1b
 135(neg)  07 1a 01 0b 15 |0100|0010000| 0 0 {026}  1b
 135(pos)  07 1a 01 0b 15 |0100|0010000| 0 0 {026}  1b
 136(pos)  07 1b 01 0b 00 |1000|1000000| 1 0 {026}  2b
 136(neg)  07 1b 01 0b 00 |1000|1000000| 1 0 {026}  2b
 136(neg)  07 1b 01 0b 00 |1000|1000000| 1 0 {026}  2b
 136(pos)  07 1b 01 0b 00 |1000|1000000| 1 0 {026}  2b
 137(pos)  08 1b 01 0b 2b |0010|0000010| 0 0 {026}  1b
 137(neg)  08 1b 01 0b 2b |0010|0000010| 0 0 {026}  1b
 137(neg)  08 1b 01 0b 2b |0010|0000010| 0 0 {026}  1b
 137(pos)  08 1b 01 0b 2b |0010|0000010| 0 0 {026}  1b
 138(pos)  08 1b 01 0b 00 |1000|1000000| 1 0 {026}  06
 138(neg)  08 1b 01 0b 00 |1000|1000000| 1 0 {026}  06
 138(neg)  08 1b 01 0b 00 |1000|1000000| 1 0 {026}  06
 138(pos)  08 1b 01 0b 00 |1000|1000000| 1 0 {026}  06
 139(pos)  09 1b 01 0b 06 |1000|0001000| 1 0 {026}  02
 139(neg)  09 1b 01 0b 06 |1000|0001000| 1 0 {026}  02
 139(neg)  09 1b 01 0b 06 |1000|0001000| 1 0 {026}  02
 139(pos)  09 1b 01 0b 06 |1000|0001000| 1 0 {026}  02
 140(pos)  0a 1b 01 02 00 |1000|1000000| 1 0 {026}  f3
 140(neg)  0a 1b 01 02 00 |1000|1000000| 1 0 {026}  f3
 140(neg)  0a 1b 01 02 00 |1000|1000000| 1 0 {026}  f3
 140(pos)  0a 1b 01 02 00 |1000|1000000| 1 0 {026}  f3
 141(pos)  0b 1b 01 02 f3 |0001|0100000| 0 1 {026}  02
 141(neg)  0b 1b 01 02 f3 |0001|0100000| 0 1 {026}  02
 141(neg)  0b 1b 01 02 f3 |0001|0100000| 0 1 {026}  02
 141(pos)  0b 1b 01 02 f3 |0001|0100000| 0 1 {026}  02
 142(pos)  02 1b 01 02 00 |1000|1000000| 1 0 {026}  06
 142(neg)  02 1b 01 02 00 |1000|1000000| 1 0 {026}  06
 142(neg)  02 1b 01 02 00 |1000|1000000| 1 0 {026}  06
 142(pos)  02 1b 01 02 00 |1000|1000000| 1 0 {026}  06
 143(pos)  03 1b 01 02 06 |1000|0001000| 1 0 {026}  0b
 143(neg)  03 1b 01 02 06 |1000|0001000| 1 0 {026}  0b
 143(neg)  03 1b 01 02 06 |1000|0001000| 1 0 {026}  0b
 143(pos)  03 1b 01 02 06 |1000|0001000| 1 0 {026}  0b
 144(pos)  04 1b 01 0b 00 |1000|1000000| 1 0 {026}  05
 144(neg)  04 1b 01 0b 00 |1000|1000000| 1 0 {026}  05
 144(neg)  04 1b 01 0b 00 |1000|1000000| 1 0 {026}  05
 144(pos)  04 1b 01 0b 00 |1000|1000000| 1 0 {026}  05
 145(pos)  05 1b 01 0b 05 |1000|0010000| 0 0 {026}  1b
 145(neg)  05 1b 01 0b 05 |1000|0010000| 0 0 {026}  1b
 145(neg)  05 1b 01 0b 05 |1000|0010000| 0 0 {026}  1b
 145(pos)  05 1b 01 0b 05 |1000|0010000| 0 0 {026}  1b
 146(pos)  05 1b 01 0b 00 |1000|1000000| 1 0 {026}  2d
 146(neg)  05 1b 01 0b 00 |1000|1000000| 1 0 {026}  2d
 146(neg)  05 1b 01 0b 00 |1000|1000000| 1 0 {026}  2d
 146(pos)  05 1b 01 0b 00 |1000|1000000| 1 0 {026}  2d
 147(pos)  06 1b 01 0b 2d |0010|0000001| 0 0 {026}  1b
 147(neg)  06 1b 01 0b 2d |0010|0000001| 0 0 {026}  1b
 147(neg)  06 1b 01 0b 2d |0010|0000001| 0 0 {026}  1b
 147(pos)  06 1b 01 0b 2d |0010|0000001| 0 0 {026}  1b
 148(pos)  06 1b 01 0b 00 |1000|1000000| 1 0 {027}  15
 148(neg)  06 1b 01 0b 00 |1000|1000000| 1 0 {027}  15
 148(neg)  06 1b 01 0b 00 |1000|1000000| 1 0 {027}  15
 148(pos)  06 1b 01 0b 00 |1000|1000000| 1 0 {027}  15
 149(pos)  07 1b 01 0b 15 |0100|0010000| 0 0 {027}  1c
 149(neg)  07 1b 01 0b 15 |0100|0010000| 0 0 {027}  1c
 149(neg)  07 1b 01 0b 15 |0100|0010000| 0 0 {027}  1c
 149(pos)  07 1b 01 0b 15 |0100|0010000| 0 0 {027}  1c
 150(pos)  07 1c 01 0b 00 |1000|1000000| 1 0 {027}  2b
 150(neg)  07 1c 01 0b 00 |1000|1000000| 1 0 {027}  2b
 150(neg)  07 1c 01 0b 00 |1000|1000000| 1 0 {027}  2b
