*nic8 simulation*
-------------------------------------------------------
ticks(^)   PC AR BR XR IR  MEAX IPAXBMQ  i j  OUT  dbus
-------------------------------------------------------
   1(pos)  01 00 00 00 08 |1000|0000100| 1 0 {000}  01
   2(pos)  02 ~~ 01 ~~ 00 |1000|1000000| 1 0 {000}  06
   3(pos)  03 ~~ ~~ ~~ 06 |1000|0001000| 1 0 {000}  99
   4(pos)  04 ~~ ~~ 99 00 |1000|1000000| 1 0 {000}  04
   5(pos)  05 ~~ ~~ ~~ 04 |1000|0010000| 1 0 {000}  42
   6(pos)  06 42 ~~ ~~ 00 |1000|1000000| 1 0 {000}  2b
   7(pos)  07 ~~ ~~ ~~ 2b |0010|0000010| 0 0 {000}  42
   8(pos)  ~~ ~~ ~~ ~~ 00 |1000|1000000| 1 0 {000}  06
   9(pos)  08 ~~ ~~ ~~ 06 |1000|0001000| 1 0 {000}  99
  10(pos)  09 ~~ ~~ ~~ 00 |1000|1000000| 1 0 {000}  05
  11(pos)  0a ~~ ~~ ~~ 05 |1000|0010000| 0 0 {000}  42
  12(pos)  ~~ ~~ ~~ ~~ 00 |1000|1000000| 1 0 {000}  2d
  13(pos)  0b ~~ ~~ ~~ 2d |0010|0000001| 0 0 {000}  42
  14(pos)  ~~ ~~ ~~ ~~ 00 |1000|1000000| 1 0 {066}  15
  15(pos)  0c ~~ ~~ ~~ 15 |0100|0010000| 0 0 {066}  43
  16(pos)  ~~ 43 ~~ ~~ 00 |1000|1000000| 1 0 {066}  2b
  17(pos)  0d ~~ ~~ ~~ 2b |0010|0000010| 0 0 {066}  43
  18(pos)  ~~ ~~ ~~ ~~ 00 |1000|1000000| 1 0 {066}  06
  19(pos)  0e ~~ ~~ ~~ 06 |1000|0001000| 1 0 {066}  07
  20(pos)  0f ~~ ~~ 07 00 |1000|1000000| 1 0 {066}  f3
  21(pos)  10 ~~ ~~ ~~ f3 |0001|0100000| 0 1 {066}  07
  22(pos)  07 ~~ ~~ ~~ 00 |1000|1000000| 1 0 {066}  06
  23(pos)  08 ~~ ~~ ~~ 06 |1000|0001000| 1 0 {066}  99
  24(pos)  09 ~~ ~~ 99 00 |1000|1000000| 1 0 {066}  05
  25(pos)  0a ~~ ~~ ~~ 05 |1000|0010000| 0 0 {066}  43
  26(pos)  ~~ ~~ ~~ ~~ 00 |1000|1000000| 1 0 {066}  2d
  27(pos)  0b ~~ ~~ ~~ 2d |0010|0000001| 0 0 {066}  43
  28(pos)  ~~ ~~ ~~ ~~ 00 |1000|1000000| 1 0 {067}  15
  29(pos)  0c ~~ ~~ ~~ 15 |0100|0010000| 0 0 {067}  44
  30(pos)  ~~ 44 ~~ ~~ 00 |1000|1000000| 1 0 {067}  2b
  31(pos)  0d ~~ ~~ ~~ 2b |0010|0000010| 0 0 {067}  44
  32(pos)  ~~ ~~ ~~ ~~ 00 |1000|1000000| 1 0 {067}  06
  33(pos)  0e ~~ ~~ ~~ 06 |1000|0001000| 1 0 {067}  07
  34(pos)  0f ~~ ~~ 07 00 |1000|1000000| 1 0 {067}  f3
  35(pos)  10 ~~ ~~ ~~ f3 |0001|0100000| 0 1 {067}  07
  36(pos)  07 ~~ ~~ ~~ 00 |1000|1000000| 1 0 {067}  06
  37(pos)  08 ~~ ~~ ~~ 06 |1000|0001000| 1 0 {067}  99
  38(pos)  09 ~~ ~~ 99 00 |1000|1000000| 1 0 {067}  05
  39(pos)  0a ~~ ~~ ~~ 05 |1000|0010000| 0 0 {067}  44
  40(pos)  ~~ ~~ ~~ ~~ 00 |1000|1000000| 1 0 {067}  2d
  41(pos)  0b ~~ ~~ ~~ 2d |0010|0000001| 0 0 {067}  44
  42(pos)  ~~ ~~ ~~ ~~ 00 |1000|1000000| 1 0 {068}  15
  43(pos)  0c ~~ ~~ ~~ 15 |0100|0010000| 0 0 {068}  45
  44(pos)  ~~ 45 ~~ ~~ 00 |1000|1000000| 1 0 {068}  2b
  45(pos)  0d ~~ ~~ ~~ 2b |0010|0000010| 0 0 {068}  45
  46(pos)  ~~ ~~ ~~ ~~ 00 |1000|1000000| 1 0 {068}  06
  47(pos)  0e ~~ ~~ ~~ 06 |1000|0001000| 1 0 {068}  07
  48(pos)  0f ~~ ~~ 07 00 |1000|1000000| 1 0 {068}  f3
  49(pos)  10 ~~ ~~ ~~ f3 |0001|0100000| 0 1 {068}  07
  50(pos)  07 ~~ ~~ ~~ 00 |1000|1000000| 1 0 {068}  06
  51(pos)  08 ~~ ~~ ~~ 06 |1000|0001000| 1 0 {068}  99
  52(pos)  09 ~~ ~~ 99 00 |1000|1000000| 1 0 {068}  05
  53(pos)  0a ~~ ~~ ~~ 05 |1000|0010000| 0 0 {068}  45
  54(pos)  ~~ ~~ ~~ ~~ 00 |1000|1000000| 1 0 {068}  2d
  55(pos)  0b ~~ ~~ ~~ 2d |0010|0000001| 0 0 {068}  45
  56(pos)  ~~ ~~ ~~ ~~ 00 |1000|1000000| 1 0 {069}  15
  57(pos)  0c ~~ ~~ ~~ 15 |0100|0010000| 0 0 {069}  46
  58(pos)  ~~ 46 ~~ ~~ 00 |1000|1000000| 1 0 {069}  2b
  59(pos)  0d ~~ ~~ ~~ 2b |0010|0000010| 0 0 {069}  46
  60(pos)  ~~ ~~ ~~ ~~ 00 |1000|1000000| 1 0 {069}  06
  61(pos)  0e ~~ ~~ ~~ 06 |1000|0001000| 1 0 {069}  07
  62(pos)  0f ~~ ~~ 07 00 |1000|1000000| 1 0 {069}  f3
  63(pos)  10 ~~ ~~ ~~ f3 |0001|0100000| 0 1 {069}  07
  64(pos)  07 ~~ ~~ ~~ 00 |1000|1000000| 1 0 {069}  06
  65(pos)  08 ~~ ~~ ~~ 06 |1000|0001000| 1 0 {069}  99
  66(pos)  09 ~~ ~~ 99 00 |1000|1000000| 1 0 {069}  05
  67(pos)  0a ~~ ~~ ~~ 05 |1000|0010000| 0 0 {069}  46
  68(pos)  ~~ ~~ ~~ ~~ 00 |1000|1000000| 1 0 {069}  2d
  69(pos)  0b ~~ ~~ ~~ 2d |0010|0000001| 0 0 {069}  46
  70(pos)  ~~ ~~ ~~ ~~ 00 |1000|1000000| 1 0 {070}  15
  71(pos)  0c ~~ ~~ ~~ 15 |0100|0010000| 0 0 {070}  47
  72(pos)  ~~ 47 ~~ ~~ 00 |1000|1000000| 1 0 {070}  2b
  73(pos)  0d ~~ ~~ ~~ 2b |0010|0000010| 0 0 {070}  47
  74(pos)  ~~ ~~ ~~ ~~ 00 |1000|1000000| 1 0 {070}  06
  75(pos)  0e ~~ ~~ ~~ 06 |1000|0001000| 1 0 {070}  07
  76(pos)  0f ~~ ~~ 07 00 |1000|1000000| 1 0 {070}  f3
  77(pos)  10 ~~ ~~ ~~ f3 |0001|0100000| 0 1 {070}  07
  78(pos)  07 ~~ ~~ ~~ 00 |1000|1000000| 1 0 {070}  06
  79(pos)  08 ~~ ~~ ~~ 06 |1000|0001000| 1 0 {070}  99
  80(pos)  09 ~~ ~~ 99 00 |1000|1000000| 1 0 {070}  05
  81(pos)  0a ~~ ~~ ~~ 05 |1000|0010000| 0 0 {070}  47
  82(pos)  ~~ ~~ ~~ ~~ 00 |1000|1000000| 1 0 {070}  2d
  83(pos)  0b ~~ ~~ ~~ 2d |0010|0000001| 0 0 {070}  47
  84(pos)  ~~ ~~ ~~ ~~ 00 |1000|1000000| 1 0 {071}  15
  85(pos)  0c ~~ ~~ ~~ 15 |0100|0010000| 0 0 {071}  48
  86(pos)  ~~ 48 ~~ ~~ 00 |1000|1000000| 1 0 {071}  2b
  87(pos)  0d ~~ ~~ ~~ 2b |0010|0000010| 0 0 {071}  48
  88(pos)  ~~ ~~ ~~ ~~ 00 |1000|1000000| 1 0 {071}  06
  89(pos)  0e ~~ ~~ ~~ 06 |1000|0001000| 1 0 {071}  07
  90(pos)  0f ~~ ~~ 07 00 |1000|1000000| 1 0 {071}  f3
  91(pos)  10 ~~ ~~ ~~ f3 |0001|0100000| 0 1 {071}  07
  92(pos)  07 ~~ ~~ ~~ 00 |1000|1000000| 1 0 {071}  06
  93(pos)  08 ~~ ~~ ~~ 06 |1000|0001000| 1 0 {071}  99
  94(pos)  09 ~~ ~~ 99 00 |1000|1000000| 1 0 {071}  05
  95(pos)  0a ~~ ~~ ~~ 05 |1000|0010000| 0 0 {071}  48
  96(pos)  ~~ ~~ ~~ ~~ 00 |1000|1000000| 1 0 {071}  2d
  97(pos)  0b ~~ ~~ ~~ 2d |0010|0000001| 0 0 {071}  48
  98(pos)  ~~ ~~ ~~ ~~ 00 |1000|1000000| 1 0 {072}  15
  99(pos)  0c ~~ ~~ ~~ 15 |0100|0010000| 0 0 {072}  49
 100(pos)  ~~ 49 ~~ ~~ 00 |1000|1000000| 1 0 {072}  2b
 101(pos)  0d ~~ ~~ ~~ 2b |0010|0000010| 0 0 {072}  49
 102(pos)  ~~ ~~ ~~ ~~ 00 |1000|1000000| 1 0 {072}  06
 103(pos)  0e ~~ ~~ ~~ 06 |1000|0001000| 1 0 {072}  07
 104(pos)  0f ~~ ~~ 07 00 |1000|1000000| 1 0 {072}  f3
 105(pos)  10 ~~ ~~ ~~ f3 |0001|0100000| 0 1 {072}  07
 106(pos)  07 ~~ ~~ ~~ 00 |1000|1000000| 1 0 {072}  06
 107(pos)  08 ~~ ~~ ~~ 06 |1000|0001000| 1 0 {072}  99
 108(pos)  09 ~~ ~~ 99 00 |1000|1000000| 1 0 {072}  05
 109(pos)  0a ~~ ~~ ~~ 05 |1000|0010000| 0 0 {072}  49
 110(pos)  ~~ ~~ ~~ ~~ 00 |1000|1000000| 1 0 {072}  2d
 111(pos)  0b ~~ ~~ ~~ 2d |0010|0000001| 0 0 {072}  49
 112(pos)  ~~ ~~ ~~ ~~ 00 |1000|1000000| 1 0 {073}  15
 113(pos)  0c ~~ ~~ ~~ 15 |0100|0010000| 0 0 {073}  4a
 114(pos)  ~~ 4a ~~ ~~ 00 |1000|1000000| 1 0 {073}  2b
 115(pos)  0d ~~ ~~ ~~ 2b |0010|0000010| 0 0 {073}  4a
 116(pos)  ~~ ~~ ~~ ~~ 00 |1000|1000000| 1 0 {073}  06
 117(pos)  0e ~~ ~~ ~~ 06 |1000|0001000| 1 0 {073}  07
 118(pos)  0f ~~ ~~ 07 00 |1000|1000000| 1 0 {073}  f3
 119(pos)  10 ~~ ~~ ~~ f3 |0001|0100000| 0 1 {073}  07
 120(pos)  07 ~~ ~~ ~~ 00 |1000|1000000| 1 0 {073}  06
 121(pos)  08 ~~ ~~ ~~ 06 |1000|0001000| 1 0 {073}  99
 122(pos)  09 ~~ ~~ 99 00 |1000|1000000| 1 0 {073}  05
 123(pos)  0a ~~ ~~ ~~ 05 |1000|0010000| 0 0 {073}  4a
 124(pos)  ~~ ~~ ~~ ~~ 00 |1000|1000000| 1 0 {073}  2d
 125(pos)  0b ~~ ~~ ~~ 2d |0010|0000001| 0 0 {073}  4a
 126(pos)  ~~ ~~ ~~ ~~ 00 |1000|1000000| 1 0 {074}  15
 127(pos)  0c ~~ ~~ ~~ 15 |0100|0010000| 0 0 {074}  4b
 128(pos)  ~~ 4b ~~ ~~ 00 |1000|1000000| 1 0 {074}  2b
 129(pos)  0d ~~ ~~ ~~ 2b |0010|0000010| 0 0 {074}  4b
 130(pos)  ~~ ~~ ~~ ~~ 00 |1000|1000000| 1 0 {074}  06
 131(pos)  0e ~~ ~~ ~~ 06 |1000|0001000| 1 0 {074}  07
 132(pos)  0f ~~ ~~ 07 00 |1000|1000000| 1 0 {074}  f3
 133(pos)  10 ~~ ~~ ~~ f3 |0001|0100000| 0 1 {074}  07
 134(pos)  07 ~~ ~~ ~~ 00 |1000|1000000| 1 0 {074}  06
 135(pos)  08 ~~ ~~ ~~ 06 |1000|0001000| 1 0 {074}  99
 136(pos)  09 ~~ ~~ 99 00 |1000|1000000| 1 0 {074}  05
 137(pos)  0a ~~ ~~ ~~ 05 |1000|0010000| 0 0 {074}  4b
 138(pos)  ~~ ~~ ~~ ~~ 00 |1000|1000000| 1 0 {074}  2d
 139(pos)  0b ~~ ~~ ~~ 2d |0010|0000001| 0 0 {074}  4b
 140(pos)  ~~ ~~ ~~ ~~ 00 |1000|1000000| 1 0 {075}  15
 141(pos)  0c ~~ ~~ ~~ 15 |0100|0010000| 0 0 {075}  4c
 142(pos)  ~~ 4c ~~ ~~ 00 |1000|1000000| 1 0 {075}  2b
 143(pos)  0d ~~ ~~ ~~ 2b |0010|0000010| 0 0 {075}  4c
 144(pos)  ~~ ~~ ~~ ~~ 00 |1000|1000000| 1 0 {075}  06
 145(pos)  0e ~~ ~~ ~~ 06 |1000|0001000| 1 0 {075}  07
 146(pos)  0f ~~ ~~ 07 00 |1000|1000000| 1 0 {075}  f3
 147(pos)  10 ~~ ~~ ~~ f3 |0001|0100000| 0 1 {075}  07
 148(pos)  07 ~~ ~~ ~~ 00 |1000|1000000| 1 0 {075}  06
 149(pos)  08 ~~ ~~ ~~ 06 |1000|0001000| 1 0 {075}  99
 150(pos)  09 ~~ ~~ 99 00 |1000|1000000| 1 0 {075}  05
