------------------------------
 IR | AR BR XR | PC | QR [dec]
------------------------------
 00 | 00 00 00 | 00 | 00 [000]
 41 | ~~ ~~ ~~ | 01 | ~~ [000]
 00 | ~~ ~~ 68 | 02 | ~~ [000]
 51 | ~~ ~~ ~~ | 03 | ~~ [000]
 00 | ~~ ~~ ~~ | 04 | ~~ [000]
 41 | ~~ ~~ ~~ | 05 | ~~ [000]
 00 | ~~ ~~ ~~ | 06 | ~~ [000]
 25 | ~~ ~~ ~~ | 07 | ~~ [000]
 00 | 03 ~~ ~~ | ~~ | ~~ [000]
 41 | ~~ ~~ ~~ | 08 | ~~ [000]
 00 | ~~ ~~ 69 | 09 | ~~ [000]
 52 | ~~ ~~ ~~ | 0a | ~~ [000]
 00 | ~~ ~~ ~~ | ~~ | ~~ [000]
 31 | ~~ ~~ ~~ | 0b | ~~ [000]
 00 | ~~ 01 ~~ | 0c | ~~ [000]
 26 | ~~ ~~ ~~ | 0d | ~~ [000]
 00 | 04 ~~ ~~ | ~~ | ~~ [000]
 41 | ~~ ~~ ~~ | 0e | ~~ [000]
 00 | ~~ ~~ 68 | 0f | ~~ [000]
 52 | ~~ ~~ ~~ | 10 | ~~ [000]
 00 | ~~ ~~ ~~ | ~~ | ~~ [000]
 21 | ~~ ~~ ~~ | 11 | ~~ [000]
 00 | 00 ~~ ~~ | 12 | ~~ [000]
 41 | ~~ ~~ ~~ | 13 | ~~ [000]
 00 | ~~ ~~ 6a | 14 | ~~ [000]
 52 | ~~ ~~ ~~ | 15 | ~~ [000]
 00 | ~~ ~~ ~~ | ~~ | ~~ [000]
 41 | ~~ ~~ ~~ | 16 | ~~ [000]
 00 | ~~ ~~ ~~ | 17 | ~~ [000]
 25 | ~~ ~~ ~~ | 18 | ~~ [000]
 00 | ~~ ~~ ~~ | ~~ | ~~ [000]
 31 | ~~ ~~ ~~ | 19 | ~~ [000]
 00 | ~~ ~~ ~~ | 1a | ~~ [000]
 26 | ~~ ~~ ~~ | 1b | ~~ [000]
 00 | 01 ~~ ~~ | ~~ | ~~ [000]
 41 | ~~ ~~ ~~ | 1c | ~~ [000]
 00 | ~~ ~~ ~~ | 1d | ~~ [000]
 52 | ~~ ~~ ~~ | 1e | ~~ [000]
 00 | ~~ ~~ ~~ | ~~ | ~~ [000]
 41 | ~~ ~~ ~~ | 1f | ~~ [000]
 00 | ~~ ~~ 69 | 20 | ~~ [000]
 25 | ~~ ~~ ~~ | 21 | ~~ [000]
 00 | 03 ~~ ~~ | ~~ | ~~ [000]
 62 | ~~ ~~ ~~ | 22 | ~~ [000]
 00 | ~~ ~~ ~~ | ~~ | 03 [003]
 31 | ~~ ~~ ~~ | 23 | ~~ [003]
 00 | ~~ ~~ ~~ | 24 | ~~ [003]
 2e | ~~ ~~ ~~ | 25 | ~~ [003]
 00 | 02 ~~ ~~ | ~~ | ~~ [003]
 79 | ~~ ~~ ~~ | 26 | ~~ [003]
 00 | ~~ ~~ ~~ | 27 | ~~ [003]
 26 | ~~ ~~ ~~ | 28 | ~~ [003]
 00 | 03 ~~ ~~ | ~~ | ~~ [003]
 41 | ~~ ~~ ~~ | 29 | ~~ [003]
 00 | ~~ ~~ 53 | 2a | ~~ [003]
 52 | ~~ ~~ ~~ | 2b | ~~ [003]
 00 | ~~ ~~ ~~ | ~~ | ~~ [003]
 21 | ~~ ~~ ~~ | 2c | ~~ [003]
 00 | 00 ~~ ~~ | 2d | ~~ [003]
 41 | ~~ ~~ ~~ | 2e | ~~ [003]
 00 | ~~ ~~ 52 | 2f | ~~ [003]
 52 | ~~ ~~ ~~ | 30 | ~~ [003]
 00 | ~~ ~~ ~~ | ~~ | ~~ [003]
 41 | ~~ ~~ ~~ | 31 | ~~ [003]
 00 | ~~ ~~ 53 | 32 | ~~ [003]
 25 | ~~ ~~ ~~ | 33 | ~~ [003]
 00 | 03 ~~ ~~ | ~~ | ~~ [003]
 79 | ~~ ~~ ~~ | 34 | ~~ [003]
 00 | ~~ ~~ ~~ | 35 | ~~ [003]
 31 | ~~ ~~ ~~ | 36 | ~~ [003]
 00 | ~~ 02 ~~ | 37 | ~~ [003]
 2e | ~~ ~~ ~~ | 38 | ~~ [003]
 00 | 01 ~~ ~~ | ~~ | ~~ [003]
 f1 | ~~ ~~ ~~ | 39 | ~~ [003]
 00 | ~~ ~~ ~~ | 3c | ~~ [003]
 41 | ~~ ~~ ~~ | 3d | ~~ [003]
 00 | ~~ ~~ ~~ | 3e | ~~ [003]
 52 | ~~ ~~ ~~ | 3f | ~~ [003]
 00 | ~~ ~~ ~~ | ~~ | ~~ [003]
 41 | ~~ ~~ ~~ | 40 | ~~ [003]
 00 | ~~ ~~ 52 | 41 | ~~ [003]
 25 | ~~ ~~ ~~ | 42 | ~~ [003]
 00 | 00 ~~ ~~ | ~~ | ~~ [003]
 31 | ~~ ~~ ~~ | 43 | ~~ [003]
 00 | ~~ 01 ~~ | 44 | ~~ [003]
 26 | ~~ ~~ ~~ | 45 | ~~ [003]
 00 | 01 ~~ ~~ | ~~ | ~~ [003]
 41 | ~~ ~~ ~~ | 46 | ~~ [003]
 00 | ~~ ~~ ~~ | 47 | ~~ [003]
 52 | ~~ ~~ ~~ | 48 | ~~ [003]
 00 | ~~ ~~ ~~ | ~~ | ~~ [003]
 71 | ~~ ~~ ~~ | 49 | ~~ [003]
 00 | ~~ ~~ ~~ | 30 | ~~ [003]
 41 | ~~ ~~ ~~ | 31 | ~~ [003]
 00 | ~~ ~~ 53 | 32 | ~~ [003]
 25 | ~~ ~~ ~~ | 33 | ~~ [003]
 00 | ~~ ~~ ~~ | ~~ | ~~ [003]
 79 | ~~ ~~ ~~ | 34 | ~~ [003]
 00 | ~~ ~~ ~~ | 35 | ~~ [003]
 31 | ~~ ~~ ~~ | 36 | ~~ [003]
 00 | ~~ 02 ~~ | 37 | ~~ [003]
 2e | ~~ ~~ ~~ | 38 | ~~ [003]
 00 | ff ~~ ~~ | ~~ | ~~ [003]
 f1 | ~~ ~~ ~~ | 39 | ~~ [003]
 00 | ~~ ~~ ~~ | 3a | ~~ [003]
 71 | ~~ ~~ ~~ | 3b | ~~ [003]
 00 | ~~ ~~ ~~ | 54 | ~~ [003]
 41 | ~~ ~~ ~~ | 55 | ~~ [003]
 00 | ~~ ~~ 69 | 56 | ~~ [003]
 25 | ~~ ~~ ~~ | 57 | ~~ [003]
 00 | 03 ~~ ~~ | ~~ | ~~ [003]
 32 | ~~ ~~ ~~ | 58 | ~~ [003]
 00 | ~~ 03 ~~ | ~~ | ~~ [003]
 26 | ~~ ~~ ~~ | 59 | ~~ [003]
 00 | 06 ~~ ~~ | ~~ | ~~ [003]
 26 | ~~ ~~ ~~ | 5a | ~~ [003]
 00 | 09 ~~ ~~ | ~~ | ~~ [003]
 31 | ~~ ~~ ~~ | 5b | ~~ [003]
 00 | ~~ 01 ~~ | 5c | ~~ [003]
 26 | ~~ ~~ ~~ | 5d | ~~ [003]
 00 | 0a ~~ ~~ | ~~ | ~~ [003]
 41 | ~~ ~~ ~~ | 5e | ~~ [003]
 00 | ~~ ~~ ~~ | 5f | ~~ [003]
 52 | ~~ ~~ ~~ | 60 | ~~ [003]
 00 | ~~ ~~ ~~ | ~~ | ~~ [003]
 71 | ~~ ~~ ~~ | 61 | ~~ [003]
 00 | ~~ ~~ ~~ | 15 | ~~ [003]
 41 | ~~ ~~ ~~ | 16 | ~~ [003]
 00 | ~~ ~~ 6a | 17 | ~~ [003]
 25 | ~~ ~~ ~~ | 18 | ~~ [003]
 00 | 01 ~~ ~~ | ~~ | ~~ [003]
 31 | ~~ ~~ ~~ | 19 | ~~ [003]
 00 | ~~ ~~ ~~ | 1a | ~~ [003]
 26 | ~~ ~~ ~~ | 1b | ~~ [003]
 00 | 02 ~~ ~~ | ~~ | ~~ [003]
 41 | ~~ ~~ ~~ | 1c | ~~ [003]
 00 | ~~ ~~ ~~ | 1d | ~~ [003]
 52 | ~~ ~~ ~~ | 1e | ~~ [003]
 00 | ~~ ~~ ~~ | ~~ | ~~ [003]
 41 | ~~ ~~ ~~ | 1f | ~~ [003]
 00 | ~~ ~~ 69 | 20 | ~~ [003]
 25 | ~~ ~~ ~~ | 21 | ~~ [003]
 00 | 0a ~~ ~~ | ~~ | ~~ [003]
 62 | ~~ ~~ ~~ | 22 | ~~ [003]
 00 | ~~ ~~ ~~ | ~~ | 0a [010]
 31 | ~~ ~~ ~~ | 23 | ~~ [010]
 00 | ~~ ~~ ~~ | 24 | ~~ [010]
 2e | ~~ ~~ ~~ | 25 | ~~ [010]
 00 | 09 ~~ ~~ | ~~ | ~~ [010]
 79 | ~~ ~~ ~~ | 26 | ~~ [010]
 00 | ~~ ~~ ~~ | 27 | ~~ [010]
