*nic8 simulation*
---------------------------------
ticks (^)   PC AR BR XR IR  {OUT}
---------------------------------
    1(pos)  01 00 00 00 30  {000}
    2(pos)  02 ~~ 01 ~~ 00  {000}
    3(pos)  03 ~~ ~~ ~~ 20  {000}
    4(pos)  04 05 ~~ ~~ 00  {000}
    5(pos)  05 ~~ ~~ ~~ 62  {000}
    6(pos)  ~~ ~~ ~~ ~~ 00  {005}
    7(pos)  06 ~~ ~~ ~~ 40  {005}
    8(pos)  07 ~~ ~~ 02 00  {005}
    9(pos)  08 ~~ ~~ ~~ 5c  {005}
   10(pos)  ~~ ~~ ~~ ~~ 00  {005}
   11(pos)  09 ~~ ~~ ~~ 2d  {005}
   12(pos)  ~~ 04 ~~ ~~ 00  {005}
   13(pos)  0a ~~ ~~ ~~ 50  {005}
   14(pos)  04 ~~ ~~ ~~ 00  {005}
   15(pos)  05 ~~ ~~ ~~ 62  {005}
   16(pos)  ~~ ~~ ~~ ~~ 00  {004}
   17(pos)  06 ~~ ~~ ~~ 40  {004}
   18(pos)  07 ~~ ~~ ~~ 00  {004}
   19(pos)  08 ~~ ~~ ~~ 5c  {004}
   20(pos)  ~~ ~~ ~~ ~~ 00  {004}
   21(pos)  09 ~~ ~~ ~~ 2d  {004}
   22(pos)  ~~ 03 ~~ ~~ 00  {004}
   23(pos)  0a ~~ ~~ ~~ 50  {004}
   24(pos)  04 ~~ ~~ ~~ 00  {004}
   25(pos)  05 ~~ ~~ ~~ 62  {004}
   26(pos)  ~~ ~~ ~~ ~~ 00  {003}
   27(pos)  06 ~~ ~~ ~~ 40  {003}
   28(pos)  07 ~~ ~~ ~~ 00  {003}
   29(pos)  08 ~~ ~~ ~~ 5c  {003}
   30(pos)  ~~ ~~ ~~ ~~ 00  {003}
   31(pos)  09 ~~ ~~ ~~ 2d  {003}
   32(pos)  ~~ 02 ~~ ~~ 00  {003}
   33(pos)  0a ~~ ~~ ~~ 50  {003}
   34(pos)  04 ~~ ~~ ~~ 00  {003}
   35(pos)  05 ~~ ~~ ~~ 62  {003}
   36(pos)  ~~ ~~ ~~ ~~ 00  {002}
   37(pos)  06 ~~ ~~ ~~ 40  {002}
   38(pos)  07 ~~ ~~ ~~ 00  {002}
   39(pos)  08 ~~ ~~ ~~ 5c  {002}
   40(pos)  ~~ ~~ ~~ ~~ 00  {002}
   41(pos)  09 ~~ ~~ ~~ 2d  {002}
   42(pos)  ~~ 01 ~~ ~~ 00  {002}
   43(pos)  0a ~~ ~~ ~~ 50  {002}
   44(pos)  04 ~~ ~~ ~~ 00  {002}
   45(pos)  05 ~~ ~~ ~~ 62  {002}
   46(pos)  ~~ ~~ ~~ ~~ 00  {001}
   47(pos)  06 ~~ ~~ ~~ 40  {001}
   48(pos)  07 ~~ ~~ ~~ 00  {001}
   49(pos)  08 ~~ ~~ ~~ 5c  {001}
   50(pos)  ~~ ~~ ~~ ~~ 00  {001}
   51(pos)  09 ~~ ~~ ~~ 2d  {001}
   52(pos)  ~~ 00 ~~ ~~ 00  {001}
   53(pos)  0a ~~ ~~ ~~ 50  {001}
   54(pos)  04 ~~ ~~ ~~ 00  {001}
   55(pos)  05 ~~ ~~ ~~ 62  {001}
   56(pos)  ~~ ~~ ~~ ~~ 00  {000}
   57(pos)  06 ~~ ~~ ~~ 40  {000}
   58(pos)  07 ~~ ~~ ~~ 00  {000}
   59(pos)  08 ~~ ~~ ~~ 5c  {000}
   60(pos)  02 ~~ ~~ ~~ 00  {000}
   61(pos)  03 ~~ ~~ ~~ 20  {000}
   62(pos)  04 05 ~~ ~~ 00  {000}
   63(pos)  05 ~~ ~~ ~~ 62  {000}
   64(pos)  ~~ ~~ ~~ ~~ 00  {005}
   65(pos)  06 ~~ ~~ ~~ 40  {005}
   66(pos)  07 ~~ ~~ ~~ 00  {005}
   67(pos)  08 ~~ ~~ ~~ 5c  {005}
   68(pos)  ~~ ~~ ~~ ~~ 00  {005}
   69(pos)  09 ~~ ~~ ~~ 2d  {005}
   70(pos)  ~~ 04 ~~ ~~ 00  {005}
   71(pos)  0a ~~ ~~ ~~ 50  {005}
   72(pos)  04 ~~ ~~ ~~ 00  {005}
   73(pos)  05 ~~ ~~ ~~ 62  {005}
   74(pos)  ~~ ~~ ~~ ~~ 00  {004}
   75(pos)  06 ~~ ~~ ~~ 40  {004}
   76(pos)  07 ~~ ~~ ~~ 00  {004}
   77(pos)  08 ~~ ~~ ~~ 5c  {004}
   78(pos)  ~~ ~~ ~~ ~~ 00  {004}
   79(pos)  09 ~~ ~~ ~~ 2d  {004}
   80(pos)  ~~ 03 ~~ ~~ 00  {004}
   81(pos)  0a ~~ ~~ ~~ 50  {004}
   82(pos)  04 ~~ ~~ ~~ 00  {004}
   83(pos)  05 ~~ ~~ ~~ 62  {004}
   84(pos)  ~~ ~~ ~~ ~~ 00  {003}
   85(pos)  06 ~~ ~~ ~~ 40  {003}
   86(pos)  07 ~~ ~~ ~~ 00  {003}
   87(pos)  08 ~~ ~~ ~~ 5c  {003}
   88(pos)  ~~ ~~ ~~ ~~ 00  {003}
   89(pos)  09 ~~ ~~ ~~ 2d  {003}
   90(pos)  ~~ 02 ~~ ~~ 00  {003}
   91(pos)  0a ~~ ~~ ~~ 50  {003}
   92(pos)  04 ~~ ~~ ~~ 00  {003}
   93(pos)  05 ~~ ~~ ~~ 62  {003}
   94(pos)  ~~ ~~ ~~ ~~ 00  {002}
   95(pos)  06 ~~ ~~ ~~ 40  {002}
   96(pos)  07 ~~ ~~ ~~ 00  {002}
   97(pos)  08 ~~ ~~ ~~ 5c  {002}
   98(pos)  ~~ ~~ ~~ ~~ 00  {002}
   99(pos)  09 ~~ ~~ ~~ 2d  {002}
  100(pos)  ~~ 01 ~~ ~~ 00  {002}
  101(pos)  0a ~~ ~~ ~~ 50  {002}
  102(pos)  04 ~~ ~~ ~~ 00  {002}
  103(pos)  05 ~~ ~~ ~~ 62  {002}
  104(pos)  ~~ ~~ ~~ ~~ 00  {001}
  105(pos)  06 ~~ ~~ ~~ 40  {001}
  106(pos)  07 ~~ ~~ ~~ 00  {001}
  107(pos)  08 ~~ ~~ ~~ 5c  {001}
  108(pos)  ~~ ~~ ~~ ~~ 00  {001}
  109(pos)  09 ~~ ~~ ~~ 2d  {001}
  110(pos)  ~~ 00 ~~ ~~ 00  {001}
  111(pos)  0a ~~ ~~ ~~ 50  {001}
  112(pos)  04 ~~ ~~ ~~ 00  {001}
  113(pos)  05 ~~ ~~ ~~ 62  {001}
  114(pos)  ~~ ~~ ~~ ~~ 00  {000}
  115(pos)  06 ~~ ~~ ~~ 40  {000}
  116(pos)  07 ~~ ~~ ~~ 00  {000}
  117(pos)  08 ~~ ~~ ~~ 5c  {000}
  118(pos)  02 ~~ ~~ ~~ 00  {000}
  119(pos)  03 ~~ ~~ ~~ 20  {000}
  120(pos)  04 05 ~~ ~~ 00  {000}
  121(pos)  05 ~~ ~~ ~~ 62  {000}
  122(pos)  ~~ ~~ ~~ ~~ 00  {005}
  123(pos)  06 ~~ ~~ ~~ 40  {005}
  124(pos)  07 ~~ ~~ ~~ 00  {005}
  125(pos)  08 ~~ ~~ ~~ 5c  {005}
  126(pos)  ~~ ~~ ~~ ~~ 00  {005}
  127(pos)  09 ~~ ~~ ~~ 2d  {005}
  128(pos)  ~~ 04 ~~ ~~ 00  {005}
  129(pos)  0a ~~ ~~ ~~ 50  {005}
  130(pos)  04 ~~ ~~ ~~ 00  {005}
  131(pos)  05 ~~ ~~ ~~ 62  {005}
  132(pos)  ~~ ~~ ~~ ~~ 00  {004}
  133(pos)  06 ~~ ~~ ~~ 40  {004}
  134(pos)  07 ~~ ~~ ~~ 00  {004}
  135(pos)  08 ~~ ~~ ~~ 5c  {004}
  136(pos)  ~~ ~~ ~~ ~~ 00  {004}
  137(pos)  09 ~~ ~~ ~~ 2d  {004}
  138(pos)  ~~ 03 ~~ ~~ 00  {004}
  139(pos)  0a ~~ ~~ ~~ 50  {004}
  140(pos)  04 ~~ ~~ ~~ 00  {004}
  141(pos)  05 ~~ ~~ ~~ 62  {004}
  142(pos)  ~~ ~~ ~~ ~~ 00  {003}
  143(pos)  06 ~~ ~~ ~~ 40  {003}
  144(pos)  07 ~~ ~~ ~~ 00  {003}
  145(pos)  08 ~~ ~~ ~~ 5c  {003}
  146(pos)  ~~ ~~ ~~ ~~ 00  {003}
  147(pos)  09 ~~ ~~ ~~ 2d  {003}
  148(pos)  ~~ 02 ~~ ~~ 00  {003}
  149(pos)  0a ~~ ~~ ~~ 50  {003}
  150(pos)  04 ~~ ~~ ~~ 00  {003}
