------------------------------
 IR | AR BR XR | PC | QR [dec]
------------------------------
 00 | 00 00 00 | 00 | 00 [000]
 30 | ~~ ~~ ~~ | 01 | ~~ [000]
 00 | ~~ 01 ~~ | 02 | ~~ [000]
 20 | ~~ ~~ ~~ | 03 | ~~ [000]
 00 | 05 ~~ ~~ | 04 | ~~ [000]
 62 | ~~ ~~ ~~ | 05 | ~~ [000]
 00 | ~~ ~~ ~~ | ~~ | 05 [005]
 2e | ~~ ~~ ~~ | 06 | ~~ [005]
 00 | 04 ~~ ~~ | ~~ | ~~ [005]
 f0 | ~~ ~~ ~~ | 07 | ~~ [005]
 00 | ~~ ~~ ~~ | 04 | ~~ [005]
 62 | ~~ ~~ ~~ | 05 | ~~ [005]
 00 | ~~ ~~ ~~ | ~~ | 04 [004]
 2e | ~~ ~~ ~~ | 06 | ~~ [004]
 00 | 03 ~~ ~~ | ~~ | ~~ [004]
 f0 | ~~ ~~ ~~ | 07 | ~~ [004]
 00 | ~~ ~~ ~~ | 04 | ~~ [004]
 62 | ~~ ~~ ~~ | 05 | ~~ [004]
 00 | ~~ ~~ ~~ | ~~ | 03 [003]
 2e | ~~ ~~ ~~ | 06 | ~~ [003]
 00 | 02 ~~ ~~ | ~~ | ~~ [003]
 f0 | ~~ ~~ ~~ | 07 | ~~ [003]
 00 | ~~ ~~ ~~ | 04 | ~~ [003]
 62 | ~~ ~~ ~~ | 05 | ~~ [003]
 00 | ~~ ~~ ~~ | ~~ | 02 [002]
 2e | ~~ ~~ ~~ | 06 | ~~ [002]
 00 | 01 ~~ ~~ | ~~ | ~~ [002]
 f0 | ~~ ~~ ~~ | 07 | ~~ [002]
 00 | ~~ ~~ ~~ | 04 | ~~ [002]
 62 | ~~ ~~ ~~ | 05 | ~~ [002]
 00 | ~~ ~~ ~~ | ~~ | 01 [001]
 2e | ~~ ~~ ~~ | 06 | ~~ [001]
 00 | 00 ~~ ~~ | ~~ | ~~ [001]
 f0 | ~~ ~~ ~~ | 07 | ~~ [001]
 00 | ~~ ~~ ~~ | 04 | ~~ [001]
 62 | ~~ ~~ ~~ | 05 | ~~ [001]
 00 | ~~ ~~ ~~ | ~~ | 00 [000]
 2e | ~~ ~~ ~~ | 06 | ~~ [000]
 00 | ff ~~ ~~ | ~~ | ~~ [000]
 f0 | ~~ ~~ ~~ | 07 | ~~ [000]
 00 | ~~ ~~ ~~ | 08 | ~~ [000]
 70 | ~~ ~~ ~~ | 09 | ~~ [000]
 00 | ~~ ~~ ~~ | 02 | ~~ [000]
 20 | ~~ ~~ ~~ | 03 | ~~ [000]
 00 | 05 ~~ ~~ | 04 | ~~ [000]
 62 | ~~ ~~ ~~ | 05 | ~~ [000]
 00 | ~~ ~~ ~~ | ~~ | 05 [005]
 2e | ~~ ~~ ~~ | 06 | ~~ [005]
 00 | 04 ~~ ~~ | ~~ | ~~ [005]
 f0 | ~~ ~~ ~~ | 07 | ~~ [005]
 00 | ~~ ~~ ~~ | 04 | ~~ [005]
 62 | ~~ ~~ ~~ | 05 | ~~ [005]
 00 | ~~ ~~ ~~ | ~~ | 04 [004]
 2e | ~~ ~~ ~~ | 06 | ~~ [004]
 00 | 03 ~~ ~~ | ~~ | ~~ [004]
 f0 | ~~ ~~ ~~ | 07 | ~~ [004]
 00 | ~~ ~~ ~~ | 04 | ~~ [004]
 62 | ~~ ~~ ~~ | 05 | ~~ [004]
 00 | ~~ ~~ ~~ | ~~ | 03 [003]
 2e | ~~ ~~ ~~ | 06 | ~~ [003]
 00 | 02 ~~ ~~ | ~~ | ~~ [003]
 f0 | ~~ ~~ ~~ | 07 | ~~ [003]
 00 | ~~ ~~ ~~ | 04 | ~~ [003]
 62 | ~~ ~~ ~~ | 05 | ~~ [003]
 00 | ~~ ~~ ~~ | ~~ | 02 [002]
 2e | ~~ ~~ ~~ | 06 | ~~ [002]
 00 | 01 ~~ ~~ | ~~ | ~~ [002]
 f0 | ~~ ~~ ~~ | 07 | ~~ [002]
 00 | ~~ ~~ ~~ | 04 | ~~ [002]
 62 | ~~ ~~ ~~ | 05 | ~~ [002]
 00 | ~~ ~~ ~~ | ~~ | 01 [001]
 2e | ~~ ~~ ~~ | 06 | ~~ [001]
 00 | 00 ~~ ~~ | ~~ | ~~ [001]
 f0 | ~~ ~~ ~~ | 07 | ~~ [001]
 00 | ~~ ~~ ~~ | 04 | ~~ [001]
 62 | ~~ ~~ ~~ | 05 | ~~ [001]
 00 | ~~ ~~ ~~ | ~~ | 00 [000]
 2e | ~~ ~~ ~~ | 06 | ~~ [000]
 00 | ff ~~ ~~ | ~~ | ~~ [000]
 f0 | ~~ ~~ ~~ | 07 | ~~ [000]
 00 | ~~ ~~ ~~ | 08 | ~~ [000]
 70 | ~~ ~~ ~~ | 09 | ~~ [000]
 00 | ~~ ~~ ~~ | 02 | ~~ [000]
 20 | ~~ ~~ ~~ | 03 | ~~ [000]
 00 | 05 ~~ ~~ | 04 | ~~ [000]
 62 | ~~ ~~ ~~ | 05 | ~~ [000]
 00 | ~~ ~~ ~~ | ~~ | 05 [005]
 2e | ~~ ~~ ~~ | 06 | ~~ [005]
 00 | 04 ~~ ~~ | ~~ | ~~ [005]
 f0 | ~~ ~~ ~~ | 07 | ~~ [005]
 00 | ~~ ~~ ~~ | 04 | ~~ [005]
 62 | ~~ ~~ ~~ | 05 | ~~ [005]
 00 | ~~ ~~ ~~ | ~~ | 04 [004]
 2e | ~~ ~~ ~~ | 06 | ~~ [004]
 00 | 03 ~~ ~~ | ~~ | ~~ [004]
 f0 | ~~ ~~ ~~ | 07 | ~~ [004]
 00 | ~~ ~~ ~~ | 04 | ~~ [004]
 62 | ~~ ~~ ~~ | 05 | ~~ [004]
 00 | ~~ ~~ ~~ | ~~ | 03 [003]
 2e | ~~ ~~ ~~ | 06 | ~~ [003]
 00 | 02 ~~ ~~ | ~~ | ~~ [003]
 f0 | ~~ ~~ ~~ | 07 | ~~ [003]
 00 | ~~ ~~ ~~ | 04 | ~~ [003]
 62 | ~~ ~~ ~~ | 05 | ~~ [003]
 00 | ~~ ~~ ~~ | ~~ | 02 [002]
 2e | ~~ ~~ ~~ | 06 | ~~ [002]
 00 | 01 ~~ ~~ | ~~ | ~~ [002]
 f0 | ~~ ~~ ~~ | 07 | ~~ [002]
 00 | ~~ ~~ ~~ | 04 | ~~ [002]
 62 | ~~ ~~ ~~ | 05 | ~~ [002]
 00 | ~~ ~~ ~~ | ~~ | 01 [001]
 2e | ~~ ~~ ~~ | 06 | ~~ [001]
 00 | 00 ~~ ~~ | ~~ | ~~ [001]
 f0 | ~~ ~~ ~~ | 07 | ~~ [001]
 00 | ~~ ~~ ~~ | 04 | ~~ [001]
 62 | ~~ ~~ ~~ | 05 | ~~ [001]
 00 | ~~ ~~ ~~ | ~~ | 00 [000]
 2e | ~~ ~~ ~~ | 06 | ~~ [000]
 00 | ff ~~ ~~ | ~~ | ~~ [000]
 f0 | ~~ ~~ ~~ | 07 | ~~ [000]
 00 | ~~ ~~ ~~ | 08 | ~~ [000]
 70 | ~~ ~~ ~~ | 09 | ~~ [000]
 00 | ~~ ~~ ~~ | 02 | ~~ [000]
 20 | ~~ ~~ ~~ | 03 | ~~ [000]
 00 | 05 ~~ ~~ | 04 | ~~ [000]
 62 | ~~ ~~ ~~ | 05 | ~~ [000]
 00 | ~~ ~~ ~~ | ~~ | 05 [005]
 2e | ~~ ~~ ~~ | 06 | ~~ [005]
 00 | 04 ~~ ~~ | ~~ | ~~ [005]
 f0 | ~~ ~~ ~~ | 07 | ~~ [005]
 00 | ~~ ~~ ~~ | 04 | ~~ [005]
 62 | ~~ ~~ ~~ | 05 | ~~ [005]
 00 | ~~ ~~ ~~ | ~~ | 04 [004]
 2e | ~~ ~~ ~~ | 06 | ~~ [004]
 00 | 03 ~~ ~~ | ~~ | ~~ [004]
 f0 | ~~ ~~ ~~ | 07 | ~~ [004]
 00 | ~~ ~~ ~~ | 04 | ~~ [004]
 62 | ~~ ~~ ~~ | 05 | ~~ [004]
 00 | ~~ ~~ ~~ | ~~ | 03 [003]
 2e | ~~ ~~ ~~ | 06 | ~~ [003]
 00 | 02 ~~ ~~ | ~~ | ~~ [003]
 f0 | ~~ ~~ ~~ | 07 | ~~ [003]
 00 | ~~ ~~ ~~ | 04 | ~~ [003]
 62 | ~~ ~~ ~~ | 05 | ~~ [003]
 00 | ~~ ~~ ~~ | ~~ | 02 [002]
 2e | ~~ ~~ ~~ | 06 | ~~ [002]
 00 | 01 ~~ ~~ | ~~ | ~~ [002]
 f0 | ~~ ~~ ~~ | 07 | ~~ [002]
 00 | ~~ ~~ ~~ | 04 | ~~ [002]
 62 | ~~ ~~ ~~ | 05 | ~~ [002]
 00 | ~~ ~~ ~~ | ~~ | 01 [001]
