000
001
002
003
005
008
013
021
034
055
089
144
233
121
098
219
061
024
085
109
194
047
241
032
017
049
066
115
181
040
221
005
226
231
201
176
121
041
162
203
109
056
165
221
130
095
225
064
033
097
130
227
101
072
173
245
162
151
057
208
009
217
226
187
157
088
245
077
066
143
209
096
049
145
194
083
021
104
125
229
098
071
169
240
153
137
034
171
205
120
069
189
002
191
193
128
065
193
002
195
197
136
077
213
034
247
025
016
041
057
098
155
253
152
149
045
194
239
177
160
081
241
066
051
117
168
029
197
226
167
137
048
185
233
162
139
045
184
229
157
130
031
161
192
097
033
130
163
037
200
