*nic8 simulation*
---------------------------------
ticks (^)   PC AR BR XR IR  {OUT}
---------------------------------
    1(pos)  01 00 00 00 02  {000}
    2(pos)  02 01 ~~ ~~ 00  {000}
    3(pos)  03 ~~ ~~ ~~ 2e  {000}
    4(pos)  ~~ ~~ ~~ ~~ 00  {001}
    5(pos)  04 ~~ ~~ ~~ 1c  {001}
    6(pos)  ~~ ~~ ~~ 01 00  {001}
    7(pos)  05 ~~ ~~ ~~ 2b  {001}
    8(pos)  ~~ ~~ 01 ~~ 00  {001}
    9(pos)  06 ~~ ~~ ~~ 3a  {001}
   10(pos)  ~~ ~~ ~~ ~~ 00  {001}
   11(pos)  07 ~~ ~~ ~~ 04  {001}
   12(pos)  08 ~~ ~~ 02 00  {001}
   13(pos)  09 ~~ ~~ ~~ f9  {001}
   14(pos)  02 ~~ ~~ ~~ 00  {001}
   15(pos)  03 ~~ ~~ ~~ 2e  {001}
   16(pos)  ~~ ~~ ~~ ~~ 00  {001}
   17(pos)  04 ~~ ~~ ~~ 1c  {001}
   18(pos)  ~~ ~~ ~~ ~~ 00  {001}
   19(pos)  05 ~~ ~~ ~~ 2b  {001}
   20(pos)  ~~ ~~ ~~ ~~ 00  {001}
   21(pos)  06 ~~ ~~ ~~ 3a  {001}
   22(pos)  ~~ 02 ~~ ~~ 00  {001}
   23(pos)  07 ~~ ~~ ~~ 04  {001}
   24(pos)  08 ~~ ~~ ~~ 00  {001}
   25(pos)  09 ~~ ~~ ~~ f9  {001}
   26(pos)  02 ~~ ~~ ~~ 00  {001}
   27(pos)  03 ~~ ~~ ~~ 2e  {001}
   28(pos)  ~~ ~~ ~~ ~~ 00  {002}
   29(pos)  04 ~~ ~~ ~~ 1c  {002}
   30(pos)  ~~ ~~ ~~ 03 00  {002}
   31(pos)  05 ~~ ~~ ~~ 2b  {002}
   32(pos)  ~~ ~~ 02 ~~ 00  {002}
   33(pos)  06 ~~ ~~ ~~ 3a  {002}
   34(pos)  ~~ 03 ~~ ~~ 00  {002}
   35(pos)  07 ~~ ~~ ~~ 04  {002}
   36(pos)  08 ~~ ~~ 02 00  {002}
   37(pos)  09 ~~ ~~ ~~ f9  {002}
   38(pos)  02 ~~ ~~ ~~ 00  {002}
   39(pos)  03 ~~ ~~ ~~ 2e  {002}
   40(pos)  ~~ ~~ ~~ ~~ 00  {003}
   41(pos)  04 ~~ ~~ ~~ 1c  {003}
   42(pos)  ~~ ~~ ~~ 05 00  {003}
   43(pos)  05 ~~ ~~ ~~ 2b  {003}
   44(pos)  ~~ ~~ 03 ~~ 00  {003}
   45(pos)  06 ~~ ~~ ~~ 3a  {003}
   46(pos)  ~~ 05 ~~ ~~ 00  {003}
   47(pos)  07 ~~ ~~ ~~ 04  {003}
   48(pos)  08 ~~ ~~ 02 00  {003}
   49(pos)  09 ~~ ~~ ~~ f9  {003}
   50(pos)  02 ~~ ~~ ~~ 00  {003}
   51(pos)  03 ~~ ~~ ~~ 2e  {003}
   52(pos)  ~~ ~~ ~~ ~~ 00  {005}
   53(pos)  04 ~~ ~~ ~~ 1c  {005}
   54(pos)  ~~ ~~ ~~ 08 00  {005}
   55(pos)  05 ~~ ~~ ~~ 2b  {005}
   56(pos)  ~~ ~~ 05 ~~ 00  {005}
   57(pos)  06 ~~ ~~ ~~ 3a  {005}
   58(pos)  ~~ 08 ~~ ~~ 00  {005}
   59(pos)  07 ~~ ~~ ~~ 04  {005}
   60(pos)  08 ~~ ~~ 02 00  {005}
   61(pos)  09 ~~ ~~ ~~ f9  {005}
   62(pos)  02 ~~ ~~ ~~ 00  {005}
   63(pos)  03 ~~ ~~ ~~ 2e  {005}
   64(pos)  ~~ ~~ ~~ ~~ 00  {008}
   65(pos)  04 ~~ ~~ ~~ 1c  {008}
   66(pos)  ~~ ~~ ~~ 0d 00  {008}
   67(pos)  05 ~~ ~~ ~~ 2b  {008}
   68(pos)  ~~ ~~ 08 ~~ 00  {008}
   69(pos)  06 ~~ ~~ ~~ 3a  {008}
   70(pos)  ~~ 0d ~~ ~~ 00  {008}
   71(pos)  07 ~~ ~~ ~~ 04  {008}
   72(pos)  08 ~~ ~~ 02 00  {008}
   73(pos)  09 ~~ ~~ ~~ f9  {008}
   74(pos)  02 ~~ ~~ ~~ 00  {008}
   75(pos)  03 ~~ ~~ ~~ 2e  {008}
   76(pos)  ~~ ~~ ~~ ~~ 00  {013}
   77(pos)  04 ~~ ~~ ~~ 1c  {013}
   78(pos)  ~~ ~~ ~~ 15 00  {013}
   79(pos)  05 ~~ ~~ ~~ 2b  {013}
   80(pos)  ~~ ~~ 0d ~~ 00  {013}
   81(pos)  06 ~~ ~~ ~~ 3a  {013}
   82(pos)  ~~ 15 ~~ ~~ 00  {013}
   83(pos)  07 ~~ ~~ ~~ 04  {013}
   84(pos)  08 ~~ ~~ 02 00  {013}
   85(pos)  09 ~~ ~~ ~~ f9  {013}
   86(pos)  02 ~~ ~~ ~~ 00  {013}
   87(pos)  03 ~~ ~~ ~~ 2e  {013}
   88(pos)  ~~ ~~ ~~ ~~ 00  {021}
   89(pos)  04 ~~ ~~ ~~ 1c  {021}
   90(pos)  ~~ ~~ ~~ 22 00  {021}
   91(pos)  05 ~~ ~~ ~~ 2b  {021}
   92(pos)  ~~ ~~ 15 ~~ 00  {021}
   93(pos)  06 ~~ ~~ ~~ 3a  {021}
   94(pos)  ~~ 22 ~~ ~~ 00  {021}
   95(pos)  07 ~~ ~~ ~~ 04  {021}
   96(pos)  08 ~~ ~~ 02 00  {021}
   97(pos)  09 ~~ ~~ ~~ f9  {021}
   98(pos)  02 ~~ ~~ ~~ 00  {021}
   99(pos)  03 ~~ ~~ ~~ 2e  {021}
  100(pos)  ~~ ~~ ~~ ~~ 00  {034}
  101(pos)  04 ~~ ~~ ~~ 1c  {034}
  102(pos)  ~~ ~~ ~~ 37 00  {034}
  103(pos)  05 ~~ ~~ ~~ 2b  {034}
  104(pos)  ~~ ~~ 22 ~~ 00  {034}
  105(pos)  06 ~~ ~~ ~~ 3a  {034}
  106(pos)  ~~ 37 ~~ ~~ 00  {034}
  107(pos)  07 ~~ ~~ ~~ 04  {034}
  108(pos)  08 ~~ ~~ 02 00  {034}
  109(pos)  09 ~~ ~~ ~~ f9  {034}
  110(pos)  02 ~~ ~~ ~~ 00  {034}
  111(pos)  03 ~~ ~~ ~~ 2e  {034}
  112(pos)  ~~ ~~ ~~ ~~ 00  {055}
  113(pos)  04 ~~ ~~ ~~ 1c  {055}
  114(pos)  ~~ ~~ ~~ 59 00  {055}
  115(pos)  05 ~~ ~~ ~~ 2b  {055}
  116(pos)  ~~ ~~ 37 ~~ 00  {055}
  117(pos)  06 ~~ ~~ ~~ 3a  {055}
  118(pos)  ~~ 59 ~~ ~~ 00  {055}
  119(pos)  07 ~~ ~~ ~~ 04  {055}
  120(pos)  08 ~~ ~~ 02 00  {055}
  121(pos)  09 ~~ ~~ ~~ f9  {055}
  122(pos)  02 ~~ ~~ ~~ 00  {055}
  123(pos)  03 ~~ ~~ ~~ 2e  {055}
  124(pos)  ~~ ~~ ~~ ~~ 00  {089}
  125(pos)  04 ~~ ~~ ~~ 1c  {089}
  126(pos)  ~~ ~~ ~~ 90 00  {089}
  127(pos)  05 ~~ ~~ ~~ 2b  {089}
  128(pos)  ~~ ~~ 59 ~~ 00  {089}
  129(pos)  06 ~~ ~~ ~~ 3a  {089}
  130(pos)  ~~ 90 ~~ ~~ 00  {089}
  131(pos)  07 ~~ ~~ ~~ 04  {089}
  132(pos)  08 ~~ ~~ 02 00  {089}
  133(pos)  09 ~~ ~~ ~~ f9  {089}
  134(pos)  02 ~~ ~~ ~~ 00  {089}
  135(pos)  03 ~~ ~~ ~~ 2e  {089}
  136(pos)  ~~ ~~ ~~ ~~ 00  {144}
  137(pos)  04 ~~ ~~ ~~ 1c  {144}
  138(pos)  ~~ ~~ ~~ e9 00  {144}
  139(pos)  05 ~~ ~~ ~~ 2b  {144}
  140(pos)  ~~ ~~ 90 ~~ 00  {144}
  141(pos)  06 ~~ ~~ ~~ 3a  {144}
  142(pos)  ~~ e9 ~~ ~~ 00  {144}
  143(pos)  07 ~~ ~~ ~~ 04  {144}
  144(pos)  08 ~~ ~~ 02 00  {144}
  145(pos)  09 ~~ ~~ ~~ f9  {144}
  146(pos)  02 ~~ ~~ ~~ 00  {144}
  147(pos)  03 ~~ ~~ ~~ 2e  {144}
  148(pos)  ~~ ~~ ~~ ~~ 00  {233}
  149(pos)  04 ~~ ~~ ~~ 1c  {233}
  150(pos)  ~~ ~~ ~~ 79 00  {233}
