------------------------------
 IR | AR BR XR | PC | QR [dec]
------------------------------
 00 | 00 00 00 | 00 | 00 [000]
 41 | ~~ ~~ ~~ | 01 | ~~ [000]
 00 | ~~ ~~ 02 | 02 | ~~ [000]
 21 | ~~ ~~ ~~ | 03 | ~~ [000]
 00 | 01 ~~ ~~ | 04 | ~~ [000]
 62 | ~~ ~~ ~~ | 05 | ~~ [000]
 32 | ~~ ~~ ~~ | 06 | 01 [001]
 26 | ~~ 01 ~~ | 07 | ~~ [001]
 f4 | 02 ~~ ~~ | 08 | ~~ [001]
 62 | ~~ ~~ ~~ | 09 | ~~ [001]
 36 | ~~ ~~ ~~ | 0a | 02 [002]
 f4 | ~~ 03 ~~ | 0b | ~~ [002]
 63 | ~~ ~~ ~~ | 0c | ~~ [002]
 71 | ~~ ~~ ~~ | 0d | 03 [003]
 00 | ~~ ~~ ~~ | 06 | ~~ [003]
 26 | ~~ ~~ ~~ | 07 | ~~ [003]
 f4 | 05 ~~ ~~ | 08 | ~~ [003]
 62 | ~~ ~~ ~~ | 09 | ~~ [003]
 36 | ~~ ~~ ~~ | 0a | 05 [005]
 f4 | ~~ 08 ~~ | 0b | ~~ [005]
 63 | ~~ ~~ ~~ | 0c | ~~ [005]
 71 | ~~ ~~ ~~ | 0d | 08 [008]
 00 | ~~ ~~ ~~ | 06 | ~~ [008]
 26 | ~~ ~~ ~~ | 07 | ~~ [008]
 f4 | 0d ~~ ~~ | 08 | ~~ [008]
 62 | ~~ ~~ ~~ | 09 | ~~ [008]
 36 | ~~ ~~ ~~ | 0a | 0d [013]
 f4 | ~~ 15 ~~ | 0b | ~~ [013]
 63 | ~~ ~~ ~~ | 0c | ~~ [013]
 71 | ~~ ~~ ~~ | 0d | 15 [021]
 00 | ~~ ~~ ~~ | 06 | ~~ [021]
 26 | ~~ ~~ ~~ | 07 | ~~ [021]
 f4 | 22 ~~ ~~ | 08 | ~~ [021]
 62 | ~~ ~~ ~~ | 09 | ~~ [021]
 36 | ~~ ~~ ~~ | 0a | 22 [034]
 f4 | ~~ 37 ~~ | 0b | ~~ [034]
 63 | ~~ ~~ ~~ | 0c | ~~ [034]
 71 | ~~ ~~ ~~ | 0d | 37 [055]
 00 | ~~ ~~ ~~ | 06 | ~~ [055]
 26 | ~~ ~~ ~~ | 07 | ~~ [055]
 f4 | 59 ~~ ~~ | 08 | ~~ [055]
 62 | ~~ ~~ ~~ | 09 | ~~ [055]
 36 | ~~ ~~ ~~ | 0a | 59 [089]
 f4 | ~~ 90 ~~ | 0b | ~~ [089]
 63 | ~~ ~~ ~~ | 0c | ~~ [089]
 71 | ~~ ~~ ~~ | 0d | 90 [144]
 00 | ~~ ~~ ~~ | 06 | ~~ [144]
 26 | ~~ ~~ ~~ | 07 | ~~ [144]
 f4 | e9 ~~ ~~ | 08 | ~~ [144]
 62 | ~~ ~~ ~~ | 09 | ~~ [144]
 36 | ~~ ~~ ~~ | 0a | e9 [233]
 f4 | ~~ 79 ~~ | 0b | ~~ [233]
 00 | ~~ ~~ ~~ | 02 | ~~ [233]
 21 | ~~ ~~ ~~ | 03 | ~~ [233]
 00 | 01 ~~ ~~ | 04 | ~~ [233]
 62 | ~~ ~~ ~~ | 05 | ~~ [233]
 32 | ~~ ~~ ~~ | 06 | 01 [001]
 26 | ~~ 01 ~~ | 07 | ~~ [001]
 f4 | 02 ~~ ~~ | 08 | ~~ [001]
 62 | ~~ ~~ ~~ | 09 | ~~ [001]
 36 | ~~ ~~ ~~ | 0a | 02 [002]
 f4 | ~~ 03 ~~ | 0b | ~~ [002]
 63 | ~~ ~~ ~~ | 0c | ~~ [002]
 71 | ~~ ~~ ~~ | 0d | 03 [003]
 00 | ~~ ~~ ~~ | 06 | ~~ [003]
 26 | ~~ ~~ ~~ | 07 | ~~ [003]
 f4 | 05 ~~ ~~ | 08 | ~~ [003]
 62 | ~~ ~~ ~~ | 09 | ~~ [003]
 36 | ~~ ~~ ~~ | 0a | 05 [005]
 f4 | ~~ 08 ~~ | 0b | ~~ [005]
 63 | ~~ ~~ ~~ | 0c | ~~ [005]
 71 | ~~ ~~ ~~ | 0d | 08 [008]
 00 | ~~ ~~ ~~ | 06 | ~~ [008]
 26 | ~~ ~~ ~~ | 07 | ~~ [008]
 f4 | 0d ~~ ~~ | 08 | ~~ [008]
 62 | ~~ ~~ ~~ | 09 | ~~ [008]
 36 | ~~ ~~ ~~ | 0a | 0d [013]
 f4 | ~~ 15 ~~ | 0b | ~~ [013]
 63 | ~~ ~~ ~~ | 0c | ~~ [013]
 71 | ~~ ~~ ~~ | 0d | 15 [021]
 00 | ~~ ~~ ~~ | 06 | ~~ [021]
 26 | ~~ ~~ ~~ | 07 | ~~ [021]
 f4 | 22 ~~ ~~ | 08 | ~~ [021]
 62 | ~~ ~~ ~~ | 09 | ~~ [021]
 36 | ~~ ~~ ~~ | 0a | 22 [034]
 f4 | ~~ 37 ~~ | 0b | ~~ [034]
 63 | ~~ ~~ ~~ | 0c | ~~ [034]
 71 | ~~ ~~ ~~ | 0d | 37 [055]
 00 | ~~ ~~ ~~ | 06 | ~~ [055]
 26 | ~~ ~~ ~~ | 07 | ~~ [055]
 f4 | 59 ~~ ~~ | 08 | ~~ [055]
 62 | ~~ ~~ ~~ | 09 | ~~ [055]
 36 | ~~ ~~ ~~ | 0a | 59 [089]
 f4 | ~~ 90 ~~ | 0b | ~~ [089]
 63 | ~~ ~~ ~~ | 0c | ~~ [089]
 71 | ~~ ~~ ~~ | 0d | 90 [144]
 00 | ~~ ~~ ~~ | 06 | ~~ [144]
 26 | ~~ ~~ ~~ | 07 | ~~ [144]
 f4 | e9 ~~ ~~ | 08 | ~~ [144]
 62 | ~~ ~~ ~~ | 09 | ~~ [144]
 36 | ~~ ~~ ~~ | 0a | e9 [233]
 f4 | ~~ 79 ~~ | 0b | ~~ [233]
 00 | ~~ ~~ ~~ | 02 | ~~ [233]
 21 | ~~ ~~ ~~ | 03 | ~~ [233]
 00 | 01 ~~ ~~ | 04 | ~~ [233]
 62 | ~~ ~~ ~~ | 05 | ~~ [233]
 32 | ~~ ~~ ~~ | 06 | 01 [001]
 26 | ~~ 01 ~~ | 07 | ~~ [001]
 f4 | 02 ~~ ~~ | 08 | ~~ [001]
 62 | ~~ ~~ ~~ | 09 | ~~ [001]
 36 | ~~ ~~ ~~ | 0a | 02 [002]
 f4 | ~~ 03 ~~ | 0b | ~~ [002]
 63 | ~~ ~~ ~~ | 0c | ~~ [002]
 71 | ~~ ~~ ~~ | 0d | 03 [003]
 00 | ~~ ~~ ~~ | 06 | ~~ [003]
 26 | ~~ ~~ ~~ | 07 | ~~ [003]
 f4 | 05 ~~ ~~ | 08 | ~~ [003]
 62 | ~~ ~~ ~~ | 09 | ~~ [003]
 36 | ~~ ~~ ~~ | 0a | 05 [005]
 f4 | ~~ 08 ~~ | 0b | ~~ [005]
 63 | ~~ ~~ ~~ | 0c | ~~ [005]
 71 | ~~ ~~ ~~ | 0d | 08 [008]
 00 | ~~ ~~ ~~ | 06 | ~~ [008]
 26 | ~~ ~~ ~~ | 07 | ~~ [008]
 f4 | 0d ~~ ~~ | 08 | ~~ [008]
 62 | ~~ ~~ ~~ | 09 | ~~ [008]
 36 | ~~ ~~ ~~ | 0a | 0d [013]
 f4 | ~~ 15 ~~ | 0b | ~~ [013]
 63 | ~~ ~~ ~~ | 0c | ~~ [013]
 71 | ~~ ~~ ~~ | 0d | 15 [021]
 00 | ~~ ~~ ~~ | 06 | ~~ [021]
 26 | ~~ ~~ ~~ | 07 | ~~ [021]
 f4 | 22 ~~ ~~ | 08 | ~~ [021]
 62 | ~~ ~~ ~~ | 09 | ~~ [021]
 36 | ~~ ~~ ~~ | 0a | 22 [034]
 f4 | ~~ 37 ~~ | 0b | ~~ [034]
 63 | ~~ ~~ ~~ | 0c | ~~ [034]
 71 | ~~ ~~ ~~ | 0d | 37 [055]
 00 | ~~ ~~ ~~ | 06 | ~~ [055]
 26 | ~~ ~~ ~~ | 07 | ~~ [055]
 f4 | 59 ~~ ~~ | 08 | ~~ [055]
 62 | ~~ ~~ ~~ | 09 | ~~ [055]
 36 | ~~ ~~ ~~ | 0a | 59 [089]
 f4 | ~~ 90 ~~ | 0b | ~~ [089]
 63 | ~~ ~~ ~~ | 0c | ~~ [089]
 71 | ~~ ~~ ~~ | 0d | 90 [144]
 00 | ~~ ~~ ~~ | 06 | ~~ [144]
 26 | ~~ ~~ ~~ | 07 | ~~ [144]
 f4 | e9 ~~ ~~ | 08 | ~~ [144]
 62 | ~~ ~~ ~~ | 09 | ~~ [144]
 36 | ~~ ~~ ~~ | 0a | e9 [233]
