000
003
006
012
024
048
096
192
096
048
024
012
006
003
006
012
024
048
096
192
096
048
024
012
006
003
006
012
024
048
096
192
096
048
024
012
006
003
006
012
024
048
096
192
096
048
024
012
006
003
006
012
024
048
096
192
096
048
024
012
006
003
006
012
024
048
096
192
096
048
024
012
006
003
006
012
024
048
096
192
096
048
024
012
006
003
006
012
024
048
096
192
096
048
024
012
006
003
006
012
024
048
096
192
096
048
024
012
006
003
006
012
024
048
096
192
096
048
024
012
006
003
006
012
024
048
096
192
