------------------------------
 IR | AR BR XR | PC | QR [dec]
------------------------------
 00 | 00 00 00 | 00 | 00 [000]
 21 | ~~ ~~ ~~ | 01 | ~~ [000]
 00 | 03 ~~ ~~ | 02 | ~~ [000]
 62 | ~~ ~~ ~~ | 03 | ~~ [000]
 32 | ~~ ~~ ~~ | 04 | 03 [003]
 16 | ~~ 03 ~~ | 05 | ~~ [003]
 f1 | ~~ ~~ ~~ | 06 | ~~ [003]
 00 | ~~ ~~ ~~ | 07 | ~~ [003]
 26 | ~~ ~~ ~~ | 08 | ~~ [003]
 62 | 06 ~~ ~~ | 09 | ~~ [003]
 71 | ~~ ~~ ~~ | 0a | 06 [006]
 00 | ~~ ~~ ~~ | 03 | ~~ [006]
 32 | ~~ ~~ ~~ | 04 | ~~ [006]
 16 | ~~ 06 ~~ | 05 | ~~ [006]
 f1 | ~~ ~~ ~~ | 06 | ~~ [006]
 00 | ~~ ~~ ~~ | 07 | ~~ [006]
 26 | ~~ ~~ ~~ | 08 | ~~ [006]
 62 | 0c ~~ ~~ | 09 | ~~ [006]
 71 | ~~ ~~ ~~ | 0a | 0c [012]
 00 | ~~ ~~ ~~ | 03 | ~~ [012]
 32 | ~~ ~~ ~~ | 04 | ~~ [012]
 16 | ~~ 0c ~~ | 05 | ~~ [012]
 f1 | ~~ ~~ ~~ | 06 | ~~ [012]
 00 | ~~ ~~ ~~ | 07 | ~~ [012]
 26 | ~~ ~~ ~~ | 08 | ~~ [012]
 62 | 18 ~~ ~~ | 09 | ~~ [012]
 71 | ~~ ~~ ~~ | 0a | 18 [024]
 00 | ~~ ~~ ~~ | 03 | ~~ [024]
 32 | ~~ ~~ ~~ | 04 | ~~ [024]
 16 | ~~ 18 ~~ | 05 | ~~ [024]
 f1 | ~~ ~~ ~~ | 06 | ~~ [024]
 00 | ~~ ~~ ~~ | 07 | ~~ [024]
 26 | ~~ ~~ ~~ | 08 | ~~ [024]
 62 | 30 ~~ ~~ | 09 | ~~ [024]
 71 | ~~ ~~ ~~ | 0a | 30 [048]
 00 | ~~ ~~ ~~ | 03 | ~~ [048]
 32 | ~~ ~~ ~~ | 04 | ~~ [048]
 16 | ~~ 30 ~~ | 05 | ~~ [048]
 f1 | ~~ ~~ ~~ | 06 | ~~ [048]
 00 | ~~ ~~ ~~ | 07 | ~~ [048]
 26 | ~~ ~~ ~~ | 08 | ~~ [048]
 62 | 60 ~~ ~~ | 09 | ~~ [048]
 71 | ~~ ~~ ~~ | 0a | 60 [096]
 00 | ~~ ~~ ~~ | 03 | ~~ [096]
 32 | ~~ ~~ ~~ | 04 | ~~ [096]
 16 | ~~ 60 ~~ | 05 | ~~ [096]
 f1 | ~~ ~~ ~~ | 06 | ~~ [096]
 00 | ~~ ~~ ~~ | 07 | ~~ [096]
 26 | ~~ ~~ ~~ | 08 | ~~ [096]
 62 | c0 ~~ ~~ | 09 | ~~ [096]
 71 | ~~ ~~ ~~ | 0a | c0 [192]
 00 | ~~ ~~ ~~ | 03 | ~~ [192]
 32 | ~~ ~~ ~~ | 04 | ~~ [192]
 16 | ~~ c0 ~~ | 05 | ~~ [192]
 f1 | ~~ ~~ ~~ | 06 | ~~ [192]
 00 | ~~ ~~ ~~ | 0b | ~~ [192]
 17 | ~~ ~~ ~~ | 0c | ~~ [192]
 f9 | ~~ ~~ ~~ | 0d | ~~ [192]
 00 | ~~ ~~ ~~ | 0e | ~~ [192]
 27 | ~~ ~~ ~~ | 0f | ~~ [192]
 62 | 60 ~~ ~~ | 10 | ~~ [192]
 71 | ~~ ~~ ~~ | 11 | 60 [096]
 00 | ~~ ~~ ~~ | 0b | ~~ [096]
 17 | ~~ ~~ ~~ | 0c | ~~ [096]
 f9 | ~~ ~~ ~~ | 0d | ~~ [096]
 00 | ~~ ~~ ~~ | 0e | ~~ [096]
 27 | ~~ ~~ ~~ | 0f | ~~ [096]
 62 | 30 ~~ ~~ | 10 | ~~ [096]
 71 | ~~ ~~ ~~ | 11 | 30 [048]
 00 | ~~ ~~ ~~ | 0b | ~~ [048]
 17 | ~~ ~~ ~~ | 0c | ~~ [048]
 f9 | ~~ ~~ ~~ | 0d | ~~ [048]
 00 | ~~ ~~ ~~ | 0e | ~~ [048]
 27 | ~~ ~~ ~~ | 0f | ~~ [048]
 62 | 18 ~~ ~~ | 10 | ~~ [048]
 71 | ~~ ~~ ~~ | 11 | 18 [024]
 00 | ~~ ~~ ~~ | 0b | ~~ [024]
 17 | ~~ ~~ ~~ | 0c | ~~ [024]
 f9 | ~~ ~~ ~~ | 0d | ~~ [024]
 00 | ~~ ~~ ~~ | 0e | ~~ [024]
 27 | ~~ ~~ ~~ | 0f | ~~ [024]
 62 | 0c ~~ ~~ | 10 | ~~ [024]
 71 | ~~ ~~ ~~ | 11 | 0c [012]
 00 | ~~ ~~ ~~ | 0b | ~~ [012]
 17 | ~~ ~~ ~~ | 0c | ~~ [012]
 f9 | ~~ ~~ ~~ | 0d | ~~ [012]
 00 | ~~ ~~ ~~ | 0e | ~~ [012]
 27 | ~~ ~~ ~~ | 0f | ~~ [012]
 62 | 06 ~~ ~~ | 10 | ~~ [012]
 71 | ~~ ~~ ~~ | 11 | 06 [006]
 00 | ~~ ~~ ~~ | 0b | ~~ [006]
 17 | ~~ ~~ ~~ | 0c | ~~ [006]
 f9 | ~~ ~~ ~~ | 0d | ~~ [006]
 00 | ~~ ~~ ~~ | 0e | ~~ [006]
 27 | ~~ ~~ ~~ | 0f | ~~ [006]
 62 | 03 ~~ ~~ | 10 | ~~ [006]
 71 | ~~ ~~ ~~ | 11 | 03 [003]
 00 | ~~ ~~ ~~ | 0b | ~~ [003]
 17 | ~~ ~~ ~~ | 0c | ~~ [003]
 f9 | ~~ ~~ ~~ | 0d | ~~ [003]
 00 | ~~ ~~ ~~ | 03 | ~~ [003]
 32 | ~~ ~~ ~~ | 04 | ~~ [003]
 16 | ~~ 03 ~~ | 05 | ~~ [003]
 f1 | ~~ ~~ ~~ | 06 | ~~ [003]
 00 | ~~ ~~ ~~ | 07 | ~~ [003]
 26 | ~~ ~~ ~~ | 08 | ~~ [003]
 62 | 06 ~~ ~~ | 09 | ~~ [003]
 71 | ~~ ~~ ~~ | 0a | 06 [006]
 00 | ~~ ~~ ~~ | 03 | ~~ [006]
 32 | ~~ ~~ ~~ | 04 | ~~ [006]
 16 | ~~ 06 ~~ | 05 | ~~ [006]
 f1 | ~~ ~~ ~~ | 06 | ~~ [006]
 00 | ~~ ~~ ~~ | 07 | ~~ [006]
 26 | ~~ ~~ ~~ | 08 | ~~ [006]
 62 | 0c ~~ ~~ | 09 | ~~ [006]
 71 | ~~ ~~ ~~ | 0a | 0c [012]
 00 | ~~ ~~ ~~ | 03 | ~~ [012]
 32 | ~~ ~~ ~~ | 04 | ~~ [012]
 16 | ~~ 0c ~~ | 05 | ~~ [012]
 f1 | ~~ ~~ ~~ | 06 | ~~ [012]
 00 | ~~ ~~ ~~ | 07 | ~~ [012]
 26 | ~~ ~~ ~~ | 08 | ~~ [012]
 62 | 18 ~~ ~~ | 09 | ~~ [012]
 71 | ~~ ~~ ~~ | 0a | 18 [024]
 00 | ~~ ~~ ~~ | 03 | ~~ [024]
 32 | ~~ ~~ ~~ | 04 | ~~ [024]
 16 | ~~ 18 ~~ | 05 | ~~ [024]
 f1 | ~~ ~~ ~~ | 06 | ~~ [024]
 00 | ~~ ~~ ~~ | 07 | ~~ [024]
 26 | ~~ ~~ ~~ | 08 | ~~ [024]
 62 | 30 ~~ ~~ | 09 | ~~ [024]
 71 | ~~ ~~ ~~ | 0a | 30 [048]
 00 | ~~ ~~ ~~ | 03 | ~~ [048]
 32 | ~~ ~~ ~~ | 04 | ~~ [048]
 16 | ~~ 30 ~~ | 05 | ~~ [048]
 f1 | ~~ ~~ ~~ | 06 | ~~ [048]
 00 | ~~ ~~ ~~ | 07 | ~~ [048]
 26 | ~~ ~~ ~~ | 08 | ~~ [048]
 62 | 60 ~~ ~~ | 09 | ~~ [048]
 71 | ~~ ~~ ~~ | 0a | 60 [096]
 00 | ~~ ~~ ~~ | 03 | ~~ [096]
 32 | ~~ ~~ ~~ | 04 | ~~ [096]
 16 | ~~ 60 ~~ | 05 | ~~ [096]
 f1 | ~~ ~~ ~~ | 06 | ~~ [096]
 00 | ~~ ~~ ~~ | 07 | ~~ [096]
 26 | ~~ ~~ ~~ | 08 | ~~ [096]
 62 | c0 ~~ ~~ | 09 | ~~ [096]
 71 | ~~ ~~ ~~ | 0a | c0 [192]
 00 | ~~ ~~ ~~ | 03 | ~~ [192]
 32 | ~~ ~~ ~~ | 04 | ~~ [192]
 16 | ~~ c0 ~~ | 05 | ~~ [192]
