------------------------------
 IR | AR BR XR | PC | QR [dec]
------------------------------
 00 | 00 00 00 | 00 | 00 [000]
 41 | ~~ ~~ ~~ | 01 | ~~ [000]
 00 | ~~ ~~ f3 | 02 | ~~ [000]
 51 | ~~ ~~ ~~ | 03 | ~~ [000]
 00 | ~~ ~~ ~~ | 04 | ~~ [000]
 41 | ~~ ~~ ~~ | 05 | ~~ [000]
 00 | ~~ ~~ f5 | 06 | ~~ [000]
 51 | ~~ ~~ ~~ | 07 | ~~ [000]
 00 | ~~ ~~ ~~ | 08 | ~~ [000]
 41 | ~~ ~~ ~~ | 09 | ~~ [000]
 00 | ~~ ~~ f1 | 0a | ~~ [000]
 50 | ~~ ~~ ~~ | 0b | ~~ [000]
 41 | ~~ ~~ ~~ | 0c | ~~ [000]
 00 | ~~ ~~ f2 | 0d | ~~ [000]
 50 | ~~ ~~ ~~ | 0e | ~~ [000]
 41 | ~~ ~~ ~~ | 0f | ~~ [000]
 00 | ~~ ~~ f4 | 10 | ~~ [000]
 50 | ~~ ~~ ~~ | 11 | ~~ [000]
 71 | ~~ ~~ ~~ | 12 | ~~ [000]
 00 | ~~ ~~ ~~ | 22 | ~~ [000]
 41 | ~~ ~~ ~~ | 23 | ~~ [000]
 00 | ~~ ~~ f5 | 24 | ~~ [000]
 25 | ~~ ~~ ~~ | 25 | ~~ [000]
 57 | 67 ~~ ~~ | 26 | ~~ [000]
 f9 | ~~ ~~ ~~ | 27 | ~~ [000]
 00 | ~~ ~~ ~~ | 2a | ~~ [000]
 41 | ~~ ~~ ~~ | 2b | ~~ [000]
 00 | ~~ ~~ f3 | 2c | ~~ [000]
 25 | ~~ ~~ ~~ | 2d | ~~ [000]
 41 | c9 ~~ ~~ | 2e | ~~ [000]
 00 | ~~ ~~ f1 | 2f | ~~ [000]
 35 | ~~ ~~ ~~ | 30 | ~~ [000]
 56 | ~~ ~~ ~~ | 31 | ~~ [000]
 41 | ~~ ~~ ~~ | 32 | ~~ [000]
 00 | ~~ ~~ f4 | 33 | ~~ [000]
 25 | ~~ ~~ ~~ | 34 | ~~ [000]
 41 | 00 ~~ ~~ | 35 | ~~ [000]
 00 | ~~ ~~ f2 | 36 | ~~ [000]
 35 | ~~ ~~ ~~ | 37 | ~~ [000]
 d6 | ~~ ~~ ~~ | 38 | ~~ [000]
 71 | ~~ ~~ ~~ | 39 | ~~ [000]
 00 | ~~ ~~ ~~ | 13 | ~~ [000]
 41 | ~~ ~~ ~~ | 14 | ~~ [000]
 00 | ~~ ~~ f5 | 15 | ~~ [000]
 25 | ~~ ~~ ~~ | 16 | ~~ [000]
 79 | 33 ~~ ~~ | 17 | ~~ [000]
 00 | ~~ ~~ ~~ | 18 | ~~ [000]
 41 | ~~ ~~ ~~ | 19 | ~~ [000]
 00 | ~~ ~~ f3 | 1a | ~~ [000]
 25 | ~~ ~~ ~~ | 1b | ~~ [000]
 32 | c9 ~~ ~~ | 1c | ~~ [000]
 56 | ~~ c9 ~~ | 1d | ~~ [000]
 41 | ~~ ~~ ~~ | 1e | ~~ [000]
 00 | ~~ ~~ f4 | 1f | ~~ [000]
 25 | ~~ ~~ ~~ | 20 | ~~ [000]
 32 | 00 ~~ ~~ | 21 | ~~ [000]
 d6 | ~~ 00 ~~ | 22 | ~~ [000]
 41 | ~~ ~~ ~~ | 23 | ~~ [000]
 00 | ~~ ~~ f5 | 24 | ~~ [000]
 25 | ~~ ~~ ~~ | 25 | ~~ [000]
 57 | 33 ~~ ~~ | 26 | ~~ [000]
 f9 | ~~ ~~ ~~ | 27 | ~~ [000]
 00 | ~~ ~~ ~~ | 2a | ~~ [000]
 41 | ~~ ~~ ~~ | 2b | ~~ [000]
 00 | ~~ ~~ f3 | 2c | ~~ [000]
 25 | ~~ ~~ ~~ | 2d | ~~ [000]
 41 | 92 ~~ ~~ | 2e | ~~ [000]
 00 | ~~ ~~ f1 | 2f | ~~ [000]
 35 | ~~ ~~ ~~ | 30 | ~~ [000]
 56 | ~~ c9 ~~ | 31 | ~~ [000]
 41 | ~~ ~~ ~~ | 32 | ~~ [000]
 00 | ~~ ~~ f4 | 33 | ~~ [000]
 25 | ~~ ~~ ~~ | 34 | ~~ [000]
 41 | 01 ~~ ~~ | 35 | ~~ [000]
 00 | ~~ ~~ f2 | 36 | ~~ [000]
 35 | ~~ ~~ ~~ | 37 | ~~ [000]
 d6 | ~~ 00 ~~ | 38 | ~~ [000]
 71 | ~~ ~~ ~~ | 39 | ~~ [000]
 00 | ~~ ~~ ~~ | 13 | ~~ [000]
 41 | ~~ ~~ ~~ | 14 | ~~ [000]
 00 | ~~ ~~ f5 | 15 | ~~ [000]
 25 | ~~ ~~ ~~ | 16 | ~~ [000]
 79 | 19 ~~ ~~ | 17 | ~~ [000]
 00 | ~~ ~~ ~~ | 18 | ~~ [000]
 41 | ~~ ~~ ~~ | 19 | ~~ [000]
 00 | ~~ ~~ f3 | 1a | ~~ [000]
 25 | ~~ ~~ ~~ | 1b | ~~ [000]
 32 | 92 ~~ ~~ | 1c | ~~ [000]
 56 | ~~ 92 ~~ | 1d | ~~ [000]
 41 | ~~ ~~ ~~ | 1e | ~~ [000]
 00 | ~~ ~~ f4 | 1f | ~~ [000]
 25 | ~~ ~~ ~~ | 20 | ~~ [000]
 32 | 01 ~~ ~~ | 21 | ~~ [000]
 d6 | ~~ 01 ~~ | 22 | ~~ [000]
 41 | ~~ ~~ ~~ | 23 | ~~ [000]
 00 | ~~ ~~ f5 | 24 | ~~ [000]
 25 | ~~ ~~ ~~ | 25 | ~~ [000]
 57 | 19 ~~ ~~ | 26 | ~~ [000]
 f9 | ~~ ~~ ~~ | 27 | ~~ [000]
 00 | ~~ ~~ ~~ | 2a | ~~ [000]
 41 | ~~ ~~ ~~ | 2b | ~~ [000]
 00 | ~~ ~~ f3 | 2c | ~~ [000]
 25 | ~~ ~~ ~~ | 2d | ~~ [000]
 41 | 24 ~~ ~~ | 2e | ~~ [000]
 00 | ~~ ~~ f1 | 2f | ~~ [000]
 35 | ~~ ~~ ~~ | 30 | ~~ [000]
 56 | ~~ 5b ~~ | 31 | ~~ [000]
 41 | ~~ ~~ ~~ | 32 | ~~ [000]
 00 | ~~ ~~ f4 | 33 | ~~ [000]
 25 | ~~ ~~ ~~ | 34 | ~~ [000]
 41 | 03 ~~ ~~ | 35 | ~~ [000]
 00 | ~~ ~~ f2 | 36 | ~~ [000]
 35 | ~~ ~~ ~~ | 37 | ~~ [000]
 d6 | ~~ 02 ~~ | 38 | ~~ [000]
 71 | ~~ ~~ ~~ | 39 | ~~ [000]
 00 | ~~ ~~ ~~ | 13 | ~~ [000]
 41 | ~~ ~~ ~~ | 14 | ~~ [000]
 00 | ~~ ~~ f5 | 15 | ~~ [000]
 25 | ~~ ~~ ~~ | 16 | ~~ [000]
 79 | 0c ~~ ~~ | 17 | ~~ [000]
 00 | ~~ ~~ ~~ | 18 | ~~ [000]
 41 | ~~ ~~ ~~ | 19 | ~~ [000]
 00 | ~~ ~~ f3 | 1a | ~~ [000]
 25 | ~~ ~~ ~~ | 1b | ~~ [000]
 32 | 24 ~~ ~~ | 1c | ~~ [000]
 56 | ~~ 24 ~~ | 1d | ~~ [000]
 41 | ~~ ~~ ~~ | 1e | ~~ [000]
 00 | ~~ ~~ f4 | 1f | ~~ [000]
 25 | ~~ ~~ ~~ | 20 | ~~ [000]
 32 | 03 ~~ ~~ | 21 | ~~ [000]
 d6 | ~~ 03 ~~ | 22 | ~~ [000]
 41 | ~~ ~~ ~~ | 23 | ~~ [000]
 00 | ~~ ~~ f5 | 24 | ~~ [000]
 25 | ~~ ~~ ~~ | 25 | ~~ [000]
 57 | 0c ~~ ~~ | 26 | ~~ [000]
 f9 | ~~ ~~ ~~ | 27 | ~~ [000]
 00 | ~~ ~~ ~~ | 28 | ~~ [000]
 71 | ~~ ~~ ~~ | 29 | ~~ [000]
 00 | ~~ ~~ ~~ | 13 | ~~ [000]
 41 | ~~ ~~ ~~ | 14 | ~~ [000]
 00 | ~~ ~~ ~~ | 15 | ~~ [000]
 25 | ~~ ~~ ~~ | 16 | ~~ [000]
 79 | 06 ~~ ~~ | 17 | ~~ [000]
 00 | ~~ ~~ ~~ | 18 | ~~ [000]
 41 | ~~ ~~ ~~ | 19 | ~~ [000]
 00 | ~~ ~~ f3 | 1a | ~~ [000]
 25 | ~~ ~~ ~~ | 1b | ~~ [000]
 32 | 48 ~~ ~~ | 1c | ~~ [000]
 56 | ~~ 48 ~~ | 1d | ~~ [000]
 41 | ~~ ~~ ~~ | 1e | ~~ [000]
 00 | ~~ ~~ f4 | 1f | ~~ [000]
