------------------------------
 IR | AR BR XR | PC | QR [dec]
------------------------------
 00 | 00 00 00 | 00 | 00 [000]
 30 | ~~ ~~ ~~ | 01 | ~~ [000]
 00 | ~~ 01 ~~ | 02 | ~~ [000]
 26 | ~~ ~~ ~~ | 03 | ~~ [000]
 00 | 01 ~~ ~~ | ~~ | ~~ [000]
 62 | ~~ ~~ ~~ | 04 | ~~ [000]
 00 | ~~ ~~ ~~ | ~~ | 01 [001]
 ~~ | ~~ ~~ ~~ | 05 | ~~ [001]
 ~~ | ~~ ~~ ~~ | 06 | ~~ [001]
 ~~ | ~~ ~~ ~~ | 07 | ~~ [001]
 ~~ | ~~ ~~ ~~ | 08 | ~~ [001]
 ~~ | ~~ ~~ ~~ | 09 | ~~ [001]
 ~~ | ~~ ~~ ~~ | 0a | ~~ [001]
 ~~ | ~~ ~~ ~~ | 0b | ~~ [001]
 ~~ | ~~ ~~ ~~ | 0c | ~~ [001]
 ~~ | ~~ ~~ ~~ | 0d | ~~ [001]
 ~~ | ~~ ~~ ~~ | 0e | ~~ [001]
 ~~ | ~~ ~~ ~~ | 0f | ~~ [001]
 ~~ | ~~ ~~ ~~ | 10 | ~~ [001]
 ~~ | ~~ ~~ ~~ | 11 | ~~ [001]
 ~~ | ~~ ~~ ~~ | 12 | ~~ [001]
 ~~ | ~~ ~~ ~~ | 13 | ~~ [001]
 ~~ | ~~ ~~ ~~ | 14 | ~~ [001]
 ~~ | ~~ ~~ ~~ | 15 | ~~ [001]
 ~~ | ~~ ~~ ~~ | 16 | ~~ [001]
 ~~ | ~~ ~~ ~~ | 17 | ~~ [001]
 ~~ | ~~ ~~ ~~ | 18 | ~~ [001]
 ~~ | ~~ ~~ ~~ | 19 | ~~ [001]
 ~~ | ~~ ~~ ~~ | 1a | ~~ [001]
 ~~ | ~~ ~~ ~~ | 1b | ~~ [001]
 ~~ | ~~ ~~ ~~ | 1c | ~~ [001]
 ~~ | ~~ ~~ ~~ | 1d | ~~ [001]
 ~~ | ~~ ~~ ~~ | 1e | ~~ [001]
 ~~ | ~~ ~~ ~~ | 1f | ~~ [001]
 ~~ | ~~ ~~ ~~ | 20 | ~~ [001]
 ~~ | ~~ ~~ ~~ | 21 | ~~ [001]
 ~~ | ~~ ~~ ~~ | 22 | ~~ [001]
 ~~ | ~~ ~~ ~~ | 23 | ~~ [001]
 ~~ | ~~ ~~ ~~ | 24 | ~~ [001]
 ~~ | ~~ ~~ ~~ | 25 | ~~ [001]
 ~~ | ~~ ~~ ~~ | 26 | ~~ [001]
 ~~ | ~~ ~~ ~~ | 27 | ~~ [001]
 ~~ | ~~ ~~ ~~ | 28 | ~~ [001]
 ~~ | ~~ ~~ ~~ | 29 | ~~ [001]
 ~~ | ~~ ~~ ~~ | 2a | ~~ [001]
 ~~ | ~~ ~~ ~~ | 2b | ~~ [001]
 ~~ | ~~ ~~ ~~ | 2c | ~~ [001]
 ~~ | ~~ ~~ ~~ | 2d | ~~ [001]
 ~~ | ~~ ~~ ~~ | 2e | ~~ [001]
 ~~ | ~~ ~~ ~~ | 2f | ~~ [001]
 ~~ | ~~ ~~ ~~ | 30 | ~~ [001]
 ~~ | ~~ ~~ ~~ | 31 | ~~ [001]
 ~~ | ~~ ~~ ~~ | 32 | ~~ [001]
 ~~ | ~~ ~~ ~~ | 33 | ~~ [001]
 ~~ | ~~ ~~ ~~ | 34 | ~~ [001]
 ~~ | ~~ ~~ ~~ | 35 | ~~ [001]
 ~~ | ~~ ~~ ~~ | 36 | ~~ [001]
 ~~ | ~~ ~~ ~~ | 37 | ~~ [001]
 ~~ | ~~ ~~ ~~ | 38 | ~~ [001]
 ~~ | ~~ ~~ ~~ | 39 | ~~ [001]
 ~~ | ~~ ~~ ~~ | 3a | ~~ [001]
 ~~ | ~~ ~~ ~~ | 3b | ~~ [001]
 ~~ | ~~ ~~ ~~ | 3c | ~~ [001]
 ~~ | ~~ ~~ ~~ | 3d | ~~ [001]
 ~~ | ~~ ~~ ~~ | 3e | ~~ [001]
 ~~ | ~~ ~~ ~~ | 3f | ~~ [001]
 ~~ | ~~ ~~ ~~ | 40 | ~~ [001]
 ~~ | ~~ ~~ ~~ | 41 | ~~ [001]
 ~~ | ~~ ~~ ~~ | 42 | ~~ [001]
 ~~ | ~~ ~~ ~~ | 43 | ~~ [001]
 ~~ | ~~ ~~ ~~ | 44 | ~~ [001]
 ~~ | ~~ ~~ ~~ | 45 | ~~ [001]
 ~~ | ~~ ~~ ~~ | 46 | ~~ [001]
 ~~ | ~~ ~~ ~~ | 47 | ~~ [001]
 ~~ | ~~ ~~ ~~ | 48 | ~~ [001]
 ~~ | ~~ ~~ ~~ | 49 | ~~ [001]
 ~~ | ~~ ~~ ~~ | 4a | ~~ [001]
 ~~ | ~~ ~~ ~~ | 4b | ~~ [001]
 ~~ | ~~ ~~ ~~ | 4c | ~~ [001]
 ~~ | ~~ ~~ ~~ | 4d | ~~ [001]
 ~~ | ~~ ~~ ~~ | 4e | ~~ [001]
 ~~ | ~~ ~~ ~~ | 4f | ~~ [001]
 ~~ | ~~ ~~ ~~ | 50 | ~~ [001]
 ~~ | ~~ ~~ ~~ | 51 | ~~ [001]
 ~~ | ~~ ~~ ~~ | 52 | ~~ [001]
 ~~ | ~~ ~~ ~~ | 53 | ~~ [001]
 ~~ | ~~ ~~ ~~ | 54 | ~~ [001]
 ~~ | ~~ ~~ ~~ | 55 | ~~ [001]
 ~~ | ~~ ~~ ~~ | 56 | ~~ [001]
 ~~ | ~~ ~~ ~~ | 57 | ~~ [001]
 ~~ | ~~ ~~ ~~ | 58 | ~~ [001]
 ~~ | ~~ ~~ ~~ | 59 | ~~ [001]
 ~~ | ~~ ~~ ~~ | 5a | ~~ [001]
 ~~ | ~~ ~~ ~~ | 5b | ~~ [001]
 ~~ | ~~ ~~ ~~ | 5c | ~~ [001]
 ~~ | ~~ ~~ ~~ | 5d | ~~ [001]
 ~~ | ~~ ~~ ~~ | 5e | ~~ [001]
 ~~ | ~~ ~~ ~~ | 5f | ~~ [001]
 ~~ | ~~ ~~ ~~ | 60 | ~~ [001]
 ~~ | ~~ ~~ ~~ | 61 | ~~ [001]
 ~~ | ~~ ~~ ~~ | 62 | ~~ [001]
 ~~ | ~~ ~~ ~~ | 63 | ~~ [001]
 ~~ | ~~ ~~ ~~ | 64 | ~~ [001]
 ~~ | ~~ ~~ ~~ | 65 | ~~ [001]
 ~~ | ~~ ~~ ~~ | 66 | ~~ [001]
 ~~ | ~~ ~~ ~~ | 67 | ~~ [001]
 ~~ | ~~ ~~ ~~ | 68 | ~~ [001]
 ~~ | ~~ ~~ ~~ | 69 | ~~ [001]
 ~~ | ~~ ~~ ~~ | 6a | ~~ [001]
 ~~ | ~~ ~~ ~~ | 6b | ~~ [001]
 ~~ | ~~ ~~ ~~ | 6c | ~~ [001]
 ~~ | ~~ ~~ ~~ | 6d | ~~ [001]
 ~~ | ~~ ~~ ~~ | 6e | ~~ [001]
 ~~ | ~~ ~~ ~~ | 6f | ~~ [001]
 ~~ | ~~ ~~ ~~ | 70 | ~~ [001]
 ~~ | ~~ ~~ ~~ | 71 | ~~ [001]
 ~~ | ~~ ~~ ~~ | 72 | ~~ [001]
 ~~ | ~~ ~~ ~~ | 73 | ~~ [001]
 ~~ | ~~ ~~ ~~ | 74 | ~~ [001]
 ~~ | ~~ ~~ ~~ | 75 | ~~ [001]
 ~~ | ~~ ~~ ~~ | 76 | ~~ [001]
 ~~ | ~~ ~~ ~~ | 77 | ~~ [001]
 ~~ | ~~ ~~ ~~ | 78 | ~~ [001]
 ~~ | ~~ ~~ ~~ | 79 | ~~ [001]
 ~~ | ~~ ~~ ~~ | 7a | ~~ [001]
 ~~ | ~~ ~~ ~~ | 7b | ~~ [001]
 ~~ | ~~ ~~ ~~ | 7c | ~~ [001]
 ~~ | ~~ ~~ ~~ | 7d | ~~ [001]
 ~~ | ~~ ~~ ~~ | 7e | ~~ [001]
 ~~ | ~~ ~~ ~~ | 7f | ~~ [001]
 ~~ | ~~ ~~ ~~ | 80 | ~~ [001]
 ~~ | ~~ ~~ ~~ | 81 | ~~ [001]
 ~~ | ~~ ~~ ~~ | 82 | ~~ [001]
 ~~ | ~~ ~~ ~~ | 83 | ~~ [001]
 ~~ | ~~ ~~ ~~ | 84 | ~~ [001]
 ~~ | ~~ ~~ ~~ | 85 | ~~ [001]
 ~~ | ~~ ~~ ~~ | 86 | ~~ [001]
 ~~ | ~~ ~~ ~~ | 87 | ~~ [001]
 ~~ | ~~ ~~ ~~ | 88 | ~~ [001]
 ~~ | ~~ ~~ ~~ | 89 | ~~ [001]
 ~~ | ~~ ~~ ~~ | 8a | ~~ [001]
 ~~ | ~~ ~~ ~~ | 8b | ~~ [001]
 ~~ | ~~ ~~ ~~ | 8c | ~~ [001]
 ~~ | ~~ ~~ ~~ | 8d | ~~ [001]
 ~~ | ~~ ~~ ~~ | 8e | ~~ [001]
 ~~ | ~~ ~~ ~~ | 8f | ~~ [001]
 ~~ | ~~ ~~ ~~ | 90 | ~~ [001]
 ~~ | ~~ ~~ ~~ | 91 | ~~ [001]
 ~~ | ~~ ~~ ~~ | 92 | ~~ [001]
 ~~ | ~~ ~~ ~~ | 93 | ~~ [001]
 ~~ | ~~ ~~ ~~ | 94 | ~~ [001]
