------------------------------
 IR | AR BR XR | PC | QR [dec]
------------------------------
 00 | 00 00 00 | 00 | 00 [000]
 61 | ~~ ~~ ~~ | 01 | ~~ [000]
 00 | ~~ ~~ ~~ | 02 | 02 [002]
 61 | ~~ ~~ ~~ | 03 | ~~ [002]
 00 | ~~ ~~ ~~ | 04 | 03 [003]
 61 | ~~ ~~ ~~ | 05 | ~~ [003]
 00 | ~~ ~~ ~~ | 06 | 05 [005]
 61 | ~~ ~~ ~~ | 07 | ~~ [005]
 00 | ~~ ~~ ~~ | 08 | 07 [007]
 61 | ~~ ~~ ~~ | 09 | ~~ [007]
 00 | ~~ ~~ ~~ | 0a | 0b [011]
 61 | ~~ ~~ ~~ | 0b | ~~ [011]
 00 | ~~ ~~ ~~ | 0c | 0d [013]
 21 | ~~ ~~ ~~ | 0d | ~~ [013]
 00 | 03 ~~ ~~ | 0e | ~~ [013]
 41 | ~~ ~~ ~~ | 0f | ~~ [013]
 00 | ~~ ~~ e1 | 10 | ~~ [013]
 52 | ~~ ~~ ~~ | 11 | ~~ [013]
 31 | ~~ ~~ ~~ | 12 | ~~ [013]
 00 | ~~ c0 ~~ | 13 | ~~ [013]
 41 | ~~ ~~ ~~ | 14 | ~~ [013]
 00 | ~~ ~~ ~~ | 15 | ~~ [013]
 25 | ~~ ~~ ~~ | 16 | ~~ [013]
 1e | ~~ ~~ ~~ | 17 | ~~ [013]
 f1 | ~~ ~~ ~~ | 18 | ~~ [013]
 00 | ~~ ~~ ~~ | 19 | ~~ [013]
 71 | ~~ ~~ ~~ | 1a | ~~ [013]
 00 | ~~ ~~ ~~ | 1e | ~~ [013]
 42 | ~~ ~~ ~~ | 1f | ~~ [013]
 23 | ~~ ~~ 03 | 20 | ~~ [013]
 37 | c0 ~~ ~~ | 21 | ~~ [013]
 24 | ~~ 60 ~~ | 22 | ~~ [013]
 f9 | 03 ~~ ~~ | 23 | ~~ [013]
 00 | ~~ ~~ ~~ | 24 | ~~ [013]
 71 | ~~ ~~ ~~ | 25 | ~~ [013]
 00 | ~~ ~~ ~~ | 16 | ~~ [013]
 1e | ~~ ~~ ~~ | 17 | ~~ [013]
 f1 | ~~ ~~ ~~ | 18 | ~~ [013]
 00 | ~~ ~~ ~~ | 19 | ~~ [013]
 71 | ~~ ~~ ~~ | 1a | ~~ [013]
 00 | ~~ ~~ ~~ | 1e | ~~ [013]
 42 | ~~ ~~ ~~ | 1f | ~~ [013]
 23 | ~~ ~~ ~~ | 20 | ~~ [013]
 37 | 60 ~~ ~~ | 21 | ~~ [013]
 24 | ~~ 30 ~~ | 22 | ~~ [013]
 f9 | 03 ~~ ~~ | 23 | ~~ [013]
 00 | ~~ ~~ ~~ | 24 | ~~ [013]
 71 | ~~ ~~ ~~ | 25 | ~~ [013]
 00 | ~~ ~~ ~~ | 16 | ~~ [013]
 1e | ~~ ~~ ~~ | 17 | ~~ [013]
 f1 | ~~ ~~ ~~ | 18 | ~~ [013]
 00 | ~~ ~~ ~~ | 19 | ~~ [013]
 71 | ~~ ~~ ~~ | 1a | ~~ [013]
 00 | ~~ ~~ ~~ | 1e | ~~ [013]
 42 | ~~ ~~ ~~ | 1f | ~~ [013]
 23 | ~~ ~~ ~~ | 20 | ~~ [013]
 37 | 30 ~~ ~~ | 21 | ~~ [013]
 24 | ~~ 18 ~~ | 22 | ~~ [013]
 f9 | 03 ~~ ~~ | 23 | ~~ [013]
 00 | ~~ ~~ ~~ | 24 | ~~ [013]
 71 | ~~ ~~ ~~ | 25 | ~~ [013]
 00 | ~~ ~~ ~~ | 16 | ~~ [013]
 1e | ~~ ~~ ~~ | 17 | ~~ [013]
 f1 | ~~ ~~ ~~ | 18 | ~~ [013]
 00 | ~~ ~~ ~~ | 19 | ~~ [013]
 71 | ~~ ~~ ~~ | 1a | ~~ [013]
 00 | ~~ ~~ ~~ | 1e | ~~ [013]
 42 | ~~ ~~ ~~ | 1f | ~~ [013]
 23 | ~~ ~~ ~~ | 20 | ~~ [013]
 37 | 18 ~~ ~~ | 21 | ~~ [013]
 24 | ~~ 0c ~~ | 22 | ~~ [013]
 f9 | 03 ~~ ~~ | 23 | ~~ [013]
 00 | ~~ ~~ ~~ | 24 | ~~ [013]
 71 | ~~ ~~ ~~ | 25 | ~~ [013]
 00 | ~~ ~~ ~~ | 16 | ~~ [013]
 1e | ~~ ~~ ~~ | 17 | ~~ [013]
 f1 | ~~ ~~ ~~ | 18 | ~~ [013]
 00 | ~~ ~~ ~~ | 19 | ~~ [013]
 71 | ~~ ~~ ~~ | 1a | ~~ [013]
 00 | ~~ ~~ ~~ | 1e | ~~ [013]
 42 | ~~ ~~ ~~ | 1f | ~~ [013]
 23 | ~~ ~~ ~~ | 20 | ~~ [013]
 37 | 0c ~~ ~~ | 21 | ~~ [013]
 24 | ~~ 06 ~~ | 22 | ~~ [013]
 f9 | 03 ~~ ~~ | 23 | ~~ [013]
 00 | ~~ ~~ ~~ | 24 | ~~ [013]
 71 | ~~ ~~ ~~ | 25 | ~~ [013]
 00 | ~~ ~~ ~~ | 16 | ~~ [013]
 1e | ~~ ~~ ~~ | 17 | ~~ [013]
 f1 | ~~ ~~ ~~ | 18 | ~~ [013]
 00 | ~~ ~~ ~~ | 19 | ~~ [013]
 71 | ~~ ~~ ~~ | 1a | ~~ [013]
 00 | ~~ ~~ ~~ | 1e | ~~ [013]
 42 | ~~ ~~ ~~ | 1f | ~~ [013]
 23 | ~~ ~~ ~~ | 20 | ~~ [013]
 37 | 06 ~~ ~~ | 21 | ~~ [013]
 24 | ~~ 03 ~~ | 22 | ~~ [013]
 f9 | 03 ~~ ~~ | 23 | ~~ [013]
 00 | ~~ ~~ ~~ | 24 | ~~ [013]
 71 | ~~ ~~ ~~ | 25 | ~~ [013]
 00 | ~~ ~~ ~~ | 16 | ~~ [013]
 1e | ~~ ~~ ~~ | 17 | ~~ [013]
 f1 | ~~ ~~ ~~ | 18 | ~~ [013]
 00 | ~~ ~~ ~~ | 1b | ~~ [013]
 2e | ~~ ~~ ~~ | 1c | ~~ [013]
 79 | 00 ~~ ~~ | 1d | ~~ [013]
 00 | ~~ ~~ ~~ | 80 | ~~ [013]
 41 | ~~ ~~ ~~ | 81 | ~~ [013]
 00 | ~~ ~~ e1 | 82 | ~~ [013]
 25 | ~~ ~~ ~~ | 83 | ~~ [013]
 31 | 03 ~~ ~~ | 84 | ~~ [013]
 00 | ~~ 02 ~~ | 85 | ~~ [013]
 26 | ~~ ~~ ~~ | 86 | ~~ [013]
 41 | 05 ~~ ~~ | 87 | ~~ [013]
 00 | ~~ ~~ ~~ | 88 | ~~ [013]
 52 | ~~ ~~ ~~ | 89 | ~~ [013]
 f1 | ~~ ~~ ~~ | 8a | ~~ [013]
 00 | ~~ ~~ ~~ | 8b | ~~ [013]
 71 | ~~ ~~ ~~ | 8c | ~~ [013]
 00 | ~~ ~~ ~~ | 11 | ~~ [013]
 31 | ~~ ~~ ~~ | 12 | ~~ [013]
 00 | ~~ c0 ~~ | 13 | ~~ [013]
 41 | ~~ ~~ ~~ | 14 | ~~ [013]
 00 | ~~ ~~ ~~ | 15 | ~~ [013]
 25 | ~~ ~~ ~~ | 16 | ~~ [013]
 1e | ~~ ~~ ~~ | 17 | ~~ [013]
 f1 | ~~ ~~ ~~ | 18 | ~~ [013]
 00 | ~~ ~~ ~~ | 19 | ~~ [013]
 71 | ~~ ~~ ~~ | 1a | ~~ [013]
 00 | ~~ ~~ ~~ | 1e | ~~ [013]
 42 | ~~ ~~ ~~ | 1f | ~~ [013]
 23 | ~~ ~~ 05 | 20 | ~~ [013]
 37 | c0 ~~ ~~ | 21 | ~~ [013]
 24 | ~~ 60 ~~ | 22 | ~~ [013]
 f9 | 05 ~~ ~~ | 23 | ~~ [013]
 00 | ~~ ~~ ~~ | 24 | ~~ [013]
 71 | ~~ ~~ ~~ | 25 | ~~ [013]
 00 | ~~ ~~ ~~ | 16 | ~~ [013]
 1e | ~~ ~~ ~~ | 17 | ~~ [013]
 f1 | ~~ ~~ ~~ | 18 | ~~ [013]
 00 | ~~ ~~ ~~ | 19 | ~~ [013]
 71 | ~~ ~~ ~~ | 1a | ~~ [013]
 00 | ~~ ~~ ~~ | 1e | ~~ [013]
 42 | ~~ ~~ ~~ | 1f | ~~ [013]
 23 | ~~ ~~ ~~ | 20 | ~~ [013]
 37 | 60 ~~ ~~ | 21 | ~~ [013]
 24 | ~~ 30 ~~ | 22 | ~~ [013]
 f9 | 05 ~~ ~~ | 23 | ~~ [013]
 00 | ~~ ~~ ~~ | 24 | ~~ [013]
 71 | ~~ ~~ ~~ | 25 | ~~ [013]
 00 | ~~ ~~ ~~ | 16 | ~~ [013]
