------------------------------
 IR | AR BR XR | PC | QR [dec]
------------------------------
 00 | 00 00 00 | 00 | 00 [000]
 60 | ~~ ~~ ~~ | 01 | ~~ [000]
 00 | ~~ ~~ ~~ | 02 | 02 [002]
 40 | ~~ ~~ ~~ | 03 | ~~ [002]
 00 | ~~ ~~ 81 | 04 | ~~ [002]
 50 | ~~ ~~ ~~ | 05 | ~~ [002]
 00 | ~~ ~~ ~~ | 06 | ~~ [002]
 20 | ~~ ~~ ~~ | 07 | ~~ [002]
 00 | ~~ ~~ ~~ | 08 | ~~ [002]
 40 | ~~ ~~ ~~ | 09 | ~~ [002]
 00 | ~~ ~~ 83 | 0a | ~~ [002]
 52 | ~~ ~~ ~~ | 0b | ~~ [002]
 00 | ~~ ~~ ~~ | ~~ | ~~ [002]
 20 | ~~ ~~ ~~ | 0c | ~~ [002]
 00 | 83 ~~ ~~ | 0d | ~~ [002]
 40 | ~~ ~~ ~~ | 0e | ~~ [002]
 00 | ~~ ~~ 82 | 0f | ~~ [002]
 52 | ~~ ~~ ~~ | 10 | ~~ [002]
 00 | ~~ ~~ ~~ | ~~ | ~~ [002]
 42 | ~~ ~~ ~~ | 11 | ~~ [002]
 00 | ~~ ~~ 83 | ~~ | ~~ [002]
 45 | ~~ ~~ ~~ | 12 | ~~ [002]
 00 | ~~ ~~ 00 | ~~ | ~~ [002]
 24 | ~~ ~~ ~~ | 13 | ~~ [002]
 00 | 00 ~~ ~~ | ~~ | ~~ [002]
 78 | ~~ ~~ ~~ | 14 | ~~ [002]
 00 | ~~ ~~ ~~ | 29 | ~~ [002]
 40 | ~~ ~~ ~~ | 2a | ~~ [002]
 00 | ~~ ~~ 81 | 2b | ~~ [002]
 25 | ~~ ~~ ~~ | 2c | ~~ [002]
 00 | 03 ~~ ~~ | ~~ | ~~ [002]
 62 | ~~ ~~ ~~ | 2d | ~~ [002]
 00 | ~~ ~~ ~~ | ~~ | 03 [003]
 40 | ~~ ~~ ~~ | 2e | ~~ [003]
 00 | ~~ ~~ 82 | 2f | ~~ [003]
 45 | ~~ ~~ ~~ | 30 | ~~ [003]
 00 | ~~ ~~ 83 | ~~ | ~~ [003]
 52 | ~~ ~~ ~~ | 31 | ~~ [003]
 00 | ~~ ~~ ~~ | ~~ | ~~ [003]
 24 | ~~ ~~ ~~ | 32 | ~~ [003]
 00 | 83 ~~ ~~ | ~~ | ~~ [003]
 30 | ~~ ~~ ~~ | 33 | ~~ [003]
 00 | ~~ 01 ~~ | 34 | ~~ [003]
 46 | ~~ ~~ ~~ | 35 | ~~ [003]
 00 | ~~ ~~ 84 | ~~ | ~~ [003]
 20 | ~~ ~~ ~~ | 36 | ~~ [003]
 00 | 00 ~~ ~~ | 37 | ~~ [003]
 52 | ~~ ~~ ~~ | 38 | ~~ [003]
 00 | ~~ ~~ ~~ | ~~ | ~~ [003]
 40 | ~~ ~~ ~~ | 39 | ~~ [003]
 00 | ~~ ~~ 81 | 3a | ~~ [003]
 25 | ~~ ~~ ~~ | 3b | ~~ [003]
 00 | 03 ~~ ~~ | ~~ | ~~ [003]
 30 | ~~ ~~ ~~ | 3c | ~~ [003]
 00 | ~~ 02 ~~ | 3d | ~~ [003]
 26 | ~~ ~~ ~~ | 3e | ~~ [003]
 00 | 05 ~~ ~~ | ~~ | ~~ [003]
 40 | ~~ ~~ ~~ | 3f | ~~ [003]
 00 | ~~ ~~ ~~ | 40 | ~~ [003]
 52 | ~~ ~~ ~~ | 41 | ~~ [003]
 00 | ~~ ~~ ~~ | ~~ | ~~ [003]
 f0 | ~~ ~~ ~~ | 42 | ~~ [003]
 00 | ~~ ~~ ~~ | 43 | ~~ [003]
 70 | ~~ ~~ ~~ | 44 | ~~ [003]
 00 | ~~ ~~ ~~ | 0b | ~~ [003]
 20 | ~~ ~~ ~~ | 0c | ~~ [003]
 00 | 83 ~~ ~~ | 0d | ~~ [003]
 40 | ~~ ~~ ~~ | 0e | ~~ [003]
 00 | ~~ ~~ 82 | 0f | ~~ [003]
 52 | ~~ ~~ ~~ | 10 | ~~ [003]
 00 | ~~ ~~ ~~ | ~~ | ~~ [003]
 42 | ~~ ~~ ~~ | 11 | ~~ [003]
 00 | ~~ ~~ 83 | ~~ | ~~ [003]
 45 | ~~ ~~ ~~ | 12 | ~~ [003]
 00 | ~~ ~~ 03 | ~~ | ~~ [003]
 24 | ~~ ~~ ~~ | 13 | ~~ [003]
 00 | 03 ~~ ~~ | ~~ | ~~ [003]
 78 | ~~ ~~ ~~ | 14 | ~~ [003]
 00 | ~~ ~~ ~~ | 15 | ~~ [003]
 32 | ~~ ~~ ~~ | 16 | ~~ [003]
 00 | ~~ 03 ~~ | ~~ | ~~ [003]
 40 | ~~ ~~ ~~ | 17 | ~~ [003]
 00 | ~~ ~~ 81 | 18 | ~~ [003]
 25 | ~~ ~~ ~~ | 19 | ~~ [003]
 00 | 05 ~~ ~~ | ~~ | ~~ [003]
 2e | ~~ ~~ ~~ | 1a | ~~ [003]
 00 | 02 ~~ ~~ | ~~ | ~~ [003]
 78 | ~~ ~~ ~~ | 1b | ~~ [003]
 00 | ~~ ~~ ~~ | 1c | ~~ [003]
 f0 | ~~ ~~ ~~ | 1d | ~~ [003]
 00 | ~~ ~~ ~~ | 19 | ~~ [003]
 2e | ~~ ~~ ~~ | 1a | ~~ [003]
 00 | ff ~~ ~~ | ~~ | ~~ [003]
 78 | ~~ ~~ ~~ | 1b | ~~ [003]
 00 | ~~ ~~ ~~ | 1c | ~~ [003]
 f0 | ~~ ~~ ~~ | 1d | ~~ [003]
 00 | ~~ ~~ ~~ | 1e | ~~ [003]
 40 | ~~ ~~ ~~ | 1f | ~~ [003]
 00 | ~~ ~~ 82 | 20 | ~~ [003]
 25 | ~~ ~~ ~~ | 21 | ~~ [003]
 00 | 83 ~~ ~~ | ~~ | ~~ [003]
 30 | ~~ ~~ ~~ | 22 | ~~ [003]
 00 | ~~ 01 ~~ | 23 | ~~ [003]
 26 | ~~ ~~ ~~ | 24 | ~~ [003]
 00 | 84 ~~ ~~ | ~~ | ~~ [003]
 40 | ~~ ~~ ~~ | 25 | ~~ [003]
 00 | ~~ ~~ ~~ | 26 | ~~ [003]
 52 | ~~ ~~ ~~ | 27 | ~~ [003]
 00 | ~~ ~~ ~~ | ~~ | ~~ [003]
 70 | ~~ ~~ ~~ | 28 | ~~ [003]
 00 | ~~ ~~ ~~ | 10 | ~~ [003]
 42 | ~~ ~~ ~~ | 11 | ~~ [003]
 00 | ~~ ~~ 84 | ~~ | ~~ [003]
 45 | ~~ ~~ ~~ | 12 | ~~ [003]
 00 | ~~ ~~ 00 | ~~ | ~~ [003]
 24 | ~~ ~~ ~~ | 13 | ~~ [003]
 00 | 00 ~~ ~~ | ~~ | ~~ [003]
 78 | ~~ ~~ ~~ | 14 | ~~ [003]
 00 | ~~ ~~ ~~ | 29 | ~~ [003]
 40 | ~~ ~~ ~~ | 2a | ~~ [003]
 00 | ~~ ~~ 81 | 2b | ~~ [003]
 25 | ~~ ~~ ~~ | 2c | ~~ [003]
 00 | 05 ~~ ~~ | ~~ | ~~ [003]
 62 | ~~ ~~ ~~ | 2d | ~~ [003]
 00 | ~~ ~~ ~~ | ~~ | 05 [005]
 40 | ~~ ~~ ~~ | 2e | ~~ [005]
 00 | ~~ ~~ 82 | 2f | ~~ [005]
 45 | ~~ ~~ ~~ | 30 | ~~ [005]
 00 | ~~ ~~ 84 | ~~ | ~~ [005]
 52 | ~~ ~~ ~~ | 31 | ~~ [005]
 00 | ~~ ~~ ~~ | ~~ | ~~ [005]
 24 | ~~ ~~ ~~ | 32 | ~~ [005]
 00 | 84 ~~ ~~ | ~~ | ~~ [005]
 30 | ~~ ~~ ~~ | 33 | ~~ [005]
 00 | ~~ ~~ ~~ | 34 | ~~ [005]
 46 | ~~ ~~ ~~ | 35 | ~~ [005]
 00 | ~~ ~~ 85 | ~~ | ~~ [005]
 20 | ~~ ~~ ~~ | 36 | ~~ [005]
 00 | 00 ~~ ~~ | 37 | ~~ [005]
 52 | ~~ ~~ ~~ | 38 | ~~ [005]
 00 | ~~ ~~ ~~ | ~~ | ~~ [005]
 40 | ~~ ~~ ~~ | 39 | ~~ [005]
 00 | ~~ ~~ 81 | 3a | ~~ [005]
 25 | ~~ ~~ ~~ | 3b | ~~ [005]
 00 | 05 ~~ ~~ | ~~ | ~~ [005]
 30 | ~~ ~~ ~~ | 3c | ~~ [005]
 00 | ~~ 02 ~~ | 3d | ~~ [005]
 26 | ~~ ~~ ~~ | 3e | ~~ [005]
 00 | 07 ~~ ~~ | ~~ | ~~ [005]
 40 | ~~ ~~ ~~ | 3f | ~~ [005]
 00 | ~~ ~~ ~~ | 40 | ~~ [005]
