------------------------------
 IR | AR BR XR | PC | QR [dec]
------------------------------
 00 | 00 00 00 | 00 | 00 [000]
 31 | ~~ ~~ ~~ | 01 | ~~ [000]
 00 | ~~ 01 ~~ | 02 | ~~ [000]
 21 | ~~ ~~ ~~ | 03 | ~~ [000]
 00 | ~~ ~~ ~~ | 04 | ~~ [000]
 42 | ~~ ~~ ~~ | 05 | ~~ [000]
 52 | ~~ ~~ ~~ | 06 | ~~ [000]
 26 | ~~ ~~ ~~ | 07 | ~~ [000]
 f1 | 01 ~~ ~~ | 08 | ~~ [000]
 00 | ~~ ~~ ~~ | 09 | ~~ [000]
 71 | ~~ ~~ ~~ | 0a | ~~ [000]
 00 | ~~ ~~ ~~ | 04 | ~~ [000]
 42 | ~~ ~~ ~~ | 05 | ~~ [000]
 52 | ~~ ~~ 01 | 06 | ~~ [000]
 26 | ~~ ~~ ~~ | 07 | ~~ [000]
 f1 | 02 ~~ ~~ | 08 | ~~ [000]
 00 | ~~ ~~ ~~ | 09 | ~~ [000]
 71 | ~~ ~~ ~~ | 0a | ~~ [000]
 00 | ~~ ~~ ~~ | 04 | ~~ [000]
 42 | ~~ ~~ ~~ | 05 | ~~ [000]
 52 | ~~ ~~ 02 | 06 | ~~ [000]
 26 | ~~ ~~ ~~ | 07 | ~~ [000]
 f1 | 03 ~~ ~~ | 08 | ~~ [000]
 00 | ~~ ~~ ~~ | 09 | ~~ [000]
 71 | ~~ ~~ ~~ | 0a | ~~ [000]
 00 | ~~ ~~ ~~ | 04 | ~~ [000]
 42 | ~~ ~~ ~~ | 05 | ~~ [000]
 52 | ~~ ~~ 03 | 06 | ~~ [000]
 26 | ~~ ~~ ~~ | 07 | ~~ [000]
 f1 | 04 ~~ ~~ | 08 | ~~ [000]
 00 | ~~ ~~ ~~ | 09 | ~~ [000]
 71 | ~~ ~~ ~~ | 0a | ~~ [000]
 00 | ~~ ~~ ~~ | 04 | ~~ [000]
 42 | ~~ ~~ ~~ | 05 | ~~ [000]
 52 | ~~ ~~ 04 | 06 | ~~ [000]
 26 | ~~ ~~ ~~ | 07 | ~~ [000]
 f1 | 05 ~~ ~~ | 08 | ~~ [000]
 00 | ~~ ~~ ~~ | 09 | ~~ [000]
 71 | ~~ ~~ ~~ | 0a | ~~ [000]
 00 | ~~ ~~ ~~ | 04 | ~~ [000]
 42 | ~~ ~~ ~~ | 05 | ~~ [000]
 52 | ~~ ~~ 05 | 06 | ~~ [000]
 26 | ~~ ~~ ~~ | 07 | ~~ [000]
 f1 | 06 ~~ ~~ | 08 | ~~ [000]
 00 | ~~ ~~ ~~ | 09 | ~~ [000]
 71 | ~~ ~~ ~~ | 0a | ~~ [000]
 00 | ~~ ~~ ~~ | 04 | ~~ [000]
 42 | ~~ ~~ ~~ | 05 | ~~ [000]
 52 | ~~ ~~ 06 | 06 | ~~ [000]
 26 | ~~ ~~ ~~ | 07 | ~~ [000]
 f1 | 07 ~~ ~~ | 08 | ~~ [000]
 00 | ~~ ~~ ~~ | 09 | ~~ [000]
 71 | ~~ ~~ ~~ | 0a | ~~ [000]
 00 | ~~ ~~ ~~ | 04 | ~~ [000]
 42 | ~~ ~~ ~~ | 05 | ~~ [000]
 52 | ~~ ~~ 07 | 06 | ~~ [000]
 26 | ~~ ~~ ~~ | 07 | ~~ [000]
 f1 | 08 ~~ ~~ | 08 | ~~ [000]
 00 | ~~ ~~ ~~ | 09 | ~~ [000]
 71 | ~~ ~~ ~~ | 0a | ~~ [000]
 00 | ~~ ~~ ~~ | 04 | ~~ [000]
 42 | ~~ ~~ ~~ | 05 | ~~ [000]
 52 | ~~ ~~ 08 | 06 | ~~ [000]
 26 | ~~ ~~ ~~ | 07 | ~~ [000]
 f1 | 09 ~~ ~~ | 08 | ~~ [000]
 00 | ~~ ~~ ~~ | 09 | ~~ [000]
 71 | ~~ ~~ ~~ | 0a | ~~ [000]
 00 | ~~ ~~ ~~ | 04 | ~~ [000]
 42 | ~~ ~~ ~~ | 05 | ~~ [000]
 52 | ~~ ~~ 09 | 06 | ~~ [000]
 26 | ~~ ~~ ~~ | 07 | ~~ [000]
 f1 | 0a ~~ ~~ | 08 | ~~ [000]
 00 | ~~ ~~ ~~ | 09 | ~~ [000]
 71 | ~~ ~~ ~~ | 0a | ~~ [000]
 00 | ~~ ~~ ~~ | 04 | ~~ [000]
 42 | ~~ ~~ ~~ | 05 | ~~ [000]
 52 | ~~ ~~ 0a | 06 | ~~ [000]
 26 | ~~ ~~ ~~ | 07 | ~~ [000]
 f1 | 0b ~~ ~~ | 08 | ~~ [000]
 00 | ~~ ~~ ~~ | 09 | ~~ [000]
 71 | ~~ ~~ ~~ | 0a | ~~ [000]
 00 | ~~ ~~ ~~ | 04 | ~~ [000]
 42 | ~~ ~~ ~~ | 05 | ~~ [000]
 52 | ~~ ~~ 0b | 06 | ~~ [000]
 26 | ~~ ~~ ~~ | 07 | ~~ [000]
 f1 | 0c ~~ ~~ | 08 | ~~ [000]
 00 | ~~ ~~ ~~ | 09 | ~~ [000]
 71 | ~~ ~~ ~~ | 0a | ~~ [000]
 00 | ~~ ~~ ~~ | 04 | ~~ [000]
 42 | ~~ ~~ ~~ | 05 | ~~ [000]
 52 | ~~ ~~ 0c | 06 | ~~ [000]
 26 | ~~ ~~ ~~ | 07 | ~~ [000]
 f1 | 0d ~~ ~~ | 08 | ~~ [000]
 00 | ~~ ~~ ~~ | 09 | ~~ [000]
 71 | ~~ ~~ ~~ | 0a | ~~ [000]
 00 | ~~ ~~ ~~ | 04 | ~~ [000]
 42 | ~~ ~~ ~~ | 05 | ~~ [000]
 52 | ~~ ~~ 0d | 06 | ~~ [000]
 26 | ~~ ~~ ~~ | 07 | ~~ [000]
 f1 | 0e ~~ ~~ | 08 | ~~ [000]
 00 | ~~ ~~ ~~ | 09 | ~~ [000]
 71 | ~~ ~~ ~~ | 0a | ~~ [000]
 00 | ~~ ~~ ~~ | 04 | ~~ [000]
 42 | ~~ ~~ ~~ | 05 | ~~ [000]
 52 | ~~ ~~ 0e | 06 | ~~ [000]
 26 | ~~ ~~ ~~ | 07 | ~~ [000]
 f1 | 0f ~~ ~~ | 08 | ~~ [000]
 00 | ~~ ~~ ~~ | 09 | ~~ [000]
 71 | ~~ ~~ ~~ | 0a | ~~ [000]
 00 | ~~ ~~ ~~ | 04 | ~~ [000]
 42 | ~~ ~~ ~~ | 05 | ~~ [000]
 52 | ~~ ~~ 0f | 06 | ~~ [000]
 26 | ~~ ~~ ~~ | 07 | ~~ [000]
 f1 | 10 ~~ ~~ | 08 | ~~ [000]
 00 | ~~ ~~ ~~ | 09 | ~~ [000]
 71 | ~~ ~~ ~~ | 0a | ~~ [000]
 00 | ~~ ~~ ~~ | 04 | ~~ [000]
 42 | ~~ ~~ ~~ | 05 | ~~ [000]
 52 | ~~ ~~ 10 | 06 | ~~ [000]
 26 | ~~ ~~ ~~ | 07 | ~~ [000]
 f1 | 11 ~~ ~~ | 08 | ~~ [000]
 00 | ~~ ~~ ~~ | 09 | ~~ [000]
 71 | ~~ ~~ ~~ | 0a | ~~ [000]
 00 | ~~ ~~ ~~ | 04 | ~~ [000]
 42 | ~~ ~~ ~~ | 05 | ~~ [000]
 52 | ~~ ~~ 11 | 06 | ~~ [000]
 26 | ~~ ~~ ~~ | 07 | ~~ [000]
 f1 | 12 ~~ ~~ | 08 | ~~ [000]
 00 | ~~ ~~ ~~ | 09 | ~~ [000]
 71 | ~~ ~~ ~~ | 0a | ~~ [000]
 00 | ~~ ~~ ~~ | 04 | ~~ [000]
 42 | ~~ ~~ ~~ | 05 | ~~ [000]
 52 | ~~ ~~ 12 | 06 | ~~ [000]
 26 | ~~ ~~ ~~ | 07 | ~~ [000]
 f1 | 13 ~~ ~~ | 08 | ~~ [000]
 00 | ~~ ~~ ~~ | 09 | ~~ [000]
 71 | ~~ ~~ ~~ | 0a | ~~ [000]
 00 | ~~ ~~ ~~ | 04 | ~~ [000]
 42 | ~~ ~~ ~~ | 05 | ~~ [000]
 52 | ~~ ~~ 13 | 06 | ~~ [000]
 26 | ~~ ~~ ~~ | 07 | ~~ [000]
 f1 | 14 ~~ ~~ | 08 | ~~ [000]
 00 | ~~ ~~ ~~ | 09 | ~~ [000]
 71 | ~~ ~~ ~~ | 0a | ~~ [000]
 00 | ~~ ~~ ~~ | 04 | ~~ [000]
 42 | ~~ ~~ ~~ | 05 | ~~ [000]
 52 | ~~ ~~ 14 | 06 | ~~ [000]
 26 | ~~ ~~ ~~ | 07 | ~~ [000]
 f1 | 15 ~~ ~~ | 08 | ~~ [000]
 00 | ~~ ~~ ~~ | 09 | ~~ [000]
 71 | ~~ ~~ ~~ | 0a | ~~ [000]
