------------------------------
 IR | AR BR XR | PC | QR [dec]
------------------------------
 00 | 00 00 00 | 00 | 00 [000]
 20 | ~~ ~~ ~~ | 01 | ~~ [000]
 00 | 40 ~~ ~~ | 02 | ~~ [000]
 62 | ~~ ~~ ~~ | 03 | ~~ [000]
 00 | ~~ ~~ ~~ | ~~ | 40 [064]
 2f | ~~ ~~ ~~ | 04 | ~~ [064]
 00 | 20 ~~ ~~ | ~~ | ~~ [064]
 70 | ~~ ~~ ~~ | 05 | ~~ [064]
 00 | ~~ ~~ ~~ | 02 | ~~ [064]
 62 | ~~ ~~ ~~ | 03 | ~~ [064]
 00 | ~~ ~~ ~~ | ~~ | 20 [032]
 2f | ~~ ~~ ~~ | 04 | ~~ [032]
 00 | 10 ~~ ~~ | ~~ | ~~ [032]
 70 | ~~ ~~ ~~ | 05 | ~~ [032]
 00 | ~~ ~~ ~~ | 02 | ~~ [032]
 62 | ~~ ~~ ~~ | 03 | ~~ [032]
 00 | ~~ ~~ ~~ | ~~ | 10 [016]
 2f | ~~ ~~ ~~ | 04 | ~~ [016]
 00 | 08 ~~ ~~ | ~~ | ~~ [016]
 70 | ~~ ~~ ~~ | 05 | ~~ [016]
 00 | ~~ ~~ ~~ | 02 | ~~ [016]
 62 | ~~ ~~ ~~ | 03 | ~~ [016]
 00 | ~~ ~~ ~~ | ~~ | 08 [008]
 2f | ~~ ~~ ~~ | 04 | ~~ [008]
 00 | 04 ~~ ~~ | ~~ | ~~ [008]
 70 | ~~ ~~ ~~ | 05 | ~~ [008]
 00 | ~~ ~~ ~~ | 02 | ~~ [008]
 62 | ~~ ~~ ~~ | 03 | ~~ [008]
 00 | ~~ ~~ ~~ | ~~ | 04 [004]
 2f | ~~ ~~ ~~ | 04 | ~~ [004]
 00 | 02 ~~ ~~ | ~~ | ~~ [004]
 70 | ~~ ~~ ~~ | 05 | ~~ [004]
 00 | ~~ ~~ ~~ | 02 | ~~ [004]
 62 | ~~ ~~ ~~ | 03 | ~~ [004]
 00 | ~~ ~~ ~~ | ~~ | 02 [002]
 2f | ~~ ~~ ~~ | 04 | ~~ [002]
 00 | 01 ~~ ~~ | ~~ | ~~ [002]
 70 | ~~ ~~ ~~ | 05 | ~~ [002]
 00 | ~~ ~~ ~~ | 02 | ~~ [002]
 62 | ~~ ~~ ~~ | 03 | ~~ [002]
 00 | ~~ ~~ ~~ | ~~ | 01 [001]
 2f | ~~ ~~ ~~ | 04 | ~~ [001]
 00 | 00 ~~ ~~ | ~~ | ~~ [001]
 70 | ~~ ~~ ~~ | 05 | ~~ [001]
 00 | ~~ ~~ ~~ | 02 | ~~ [001]
 62 | ~~ ~~ ~~ | 03 | ~~ [001]
 00 | ~~ ~~ ~~ | ~~ | 00 [000]
 2f | ~~ ~~ ~~ | 04 | ~~ [000]
 00 | 80 ~~ ~~ | ~~ | ~~ [000]
 70 | ~~ ~~ ~~ | 05 | ~~ [000]
 00 | ~~ ~~ ~~ | 02 | ~~ [000]
 62 | ~~ ~~ ~~ | 03 | ~~ [000]
 00 | ~~ ~~ ~~ | ~~ | 80 [128]
 2f | ~~ ~~ ~~ | 04 | ~~ [128]
 00 | 40 ~~ ~~ | ~~ | ~~ [128]
 70 | ~~ ~~ ~~ | 05 | ~~ [128]
 00 | ~~ ~~ ~~ | 02 | ~~ [128]
 62 | ~~ ~~ ~~ | 03 | ~~ [128]
 00 | ~~ ~~ ~~ | ~~ | 40 [064]
 2f | ~~ ~~ ~~ | 04 | ~~ [064]
 00 | 20 ~~ ~~ | ~~ | ~~ [064]
 70 | ~~ ~~ ~~ | 05 | ~~ [064]
 00 | ~~ ~~ ~~ | 02 | ~~ [064]
 62 | ~~ ~~ ~~ | 03 | ~~ [064]
 00 | ~~ ~~ ~~ | ~~ | 20 [032]
 2f | ~~ ~~ ~~ | 04 | ~~ [032]
 00 | 10 ~~ ~~ | ~~ | ~~ [032]
 70 | ~~ ~~ ~~ | 05 | ~~ [032]
 00 | ~~ ~~ ~~ | 02 | ~~ [032]
 62 | ~~ ~~ ~~ | 03 | ~~ [032]
 00 | ~~ ~~ ~~ | ~~ | 10 [016]
 2f | ~~ ~~ ~~ | 04 | ~~ [016]
 00 | 08 ~~ ~~ | ~~ | ~~ [016]
 70 | ~~ ~~ ~~ | 05 | ~~ [016]
 00 | ~~ ~~ ~~ | 02 | ~~ [016]
 62 | ~~ ~~ ~~ | 03 | ~~ [016]
 00 | ~~ ~~ ~~ | ~~ | 08 [008]
 2f | ~~ ~~ ~~ | 04 | ~~ [008]
 00 | 04 ~~ ~~ | ~~ | ~~ [008]
 70 | ~~ ~~ ~~ | 05 | ~~ [008]
 00 | ~~ ~~ ~~ | 02 | ~~ [008]
 62 | ~~ ~~ ~~ | 03 | ~~ [008]
 00 | ~~ ~~ ~~ | ~~ | 04 [004]
 2f | ~~ ~~ ~~ | 04 | ~~ [004]
 00 | 02 ~~ ~~ | ~~ | ~~ [004]
 70 | ~~ ~~ ~~ | 05 | ~~ [004]
 00 | ~~ ~~ ~~ | 02 | ~~ [004]
 62 | ~~ ~~ ~~ | 03 | ~~ [004]
 00 | ~~ ~~ ~~ | ~~ | 02 [002]
 2f | ~~ ~~ ~~ | 04 | ~~ [002]
 00 | 01 ~~ ~~ | ~~ | ~~ [002]
 70 | ~~ ~~ ~~ | 05 | ~~ [002]
 00 | ~~ ~~ ~~ | 02 | ~~ [002]
 62 | ~~ ~~ ~~ | 03 | ~~ [002]
 00 | ~~ ~~ ~~ | ~~ | 01 [001]
 2f | ~~ ~~ ~~ | 04 | ~~ [001]
 00 | 00 ~~ ~~ | ~~ | ~~ [001]
 70 | ~~ ~~ ~~ | 05 | ~~ [001]
 00 | ~~ ~~ ~~ | 02 | ~~ [001]
 62 | ~~ ~~ ~~ | 03 | ~~ [001]
 00 | ~~ ~~ ~~ | ~~ | 00 [000]
 2f | ~~ ~~ ~~ | 04 | ~~ [000]
 00 | 80 ~~ ~~ | ~~ | ~~ [000]
 70 | ~~ ~~ ~~ | 05 | ~~ [000]
 00 | ~~ ~~ ~~ | 02 | ~~ [000]
 62 | ~~ ~~ ~~ | 03 | ~~ [000]
 00 | ~~ ~~ ~~ | ~~ | 80 [128]
 2f | ~~ ~~ ~~ | 04 | ~~ [128]
 00 | 40 ~~ ~~ | ~~ | ~~ [128]
 70 | ~~ ~~ ~~ | 05 | ~~ [128]
 00 | ~~ ~~ ~~ | 02 | ~~ [128]
 62 | ~~ ~~ ~~ | 03 | ~~ [128]
 00 | ~~ ~~ ~~ | ~~ | 40 [064]
 2f | ~~ ~~ ~~ | 04 | ~~ [064]
 00 | 20 ~~ ~~ | ~~ | ~~ [064]
 70 | ~~ ~~ ~~ | 05 | ~~ [064]
 00 | ~~ ~~ ~~ | 02 | ~~ [064]
 62 | ~~ ~~ ~~ | 03 | ~~ [064]
 00 | ~~ ~~ ~~ | ~~ | 20 [032]
 2f | ~~ ~~ ~~ | 04 | ~~ [032]
 00 | 10 ~~ ~~ | ~~ | ~~ [032]
 70 | ~~ ~~ ~~ | 05 | ~~ [032]
 00 | ~~ ~~ ~~ | 02 | ~~ [032]
 62 | ~~ ~~ ~~ | 03 | ~~ [032]
 00 | ~~ ~~ ~~ | ~~ | 10 [016]
 2f | ~~ ~~ ~~ | 04 | ~~ [016]
 00 | 08 ~~ ~~ | ~~ | ~~ [016]
 70 | ~~ ~~ ~~ | 05 | ~~ [016]
 00 | ~~ ~~ ~~ | 02 | ~~ [016]
 62 | ~~ ~~ ~~ | 03 | ~~ [016]
 00 | ~~ ~~ ~~ | ~~ | 08 [008]
 2f | ~~ ~~ ~~ | 04 | ~~ [008]
 00 | 04 ~~ ~~ | ~~ | ~~ [008]
 70 | ~~ ~~ ~~ | 05 | ~~ [008]
 00 | ~~ ~~ ~~ | 02 | ~~ [008]
 62 | ~~ ~~ ~~ | 03 | ~~ [008]
 00 | ~~ ~~ ~~ | ~~ | 04 [004]
 2f | ~~ ~~ ~~ | 04 | ~~ [004]
 00 | 02 ~~ ~~ | ~~ | ~~ [004]
 70 | ~~ ~~ ~~ | 05 | ~~ [004]
 00 | ~~ ~~ ~~ | 02 | ~~ [004]
 62 | ~~ ~~ ~~ | 03 | ~~ [004]
 00 | ~~ ~~ ~~ | ~~ | 02 [002]
 2f | ~~ ~~ ~~ | 04 | ~~ [002]
 00 | 01 ~~ ~~ | ~~ | ~~ [002]
 70 | ~~ ~~ ~~ | 05 | ~~ [002]
 00 | ~~ ~~ ~~ | 02 | ~~ [002]
 62 | ~~ ~~ ~~ | 03 | ~~ [002]
 00 | ~~ ~~ ~~ | ~~ | 01 [001]
 2f | ~~ ~~ ~~ | 04 | ~~ [001]
 00 | 00 ~~ ~~ | ~~ | ~~ [001]
