*nic8 simulation*
---------------------------------
ticks (^)   PC AR BR XR IR  {OUT}
---------------------------------
    1(pos)  01 00 00 00 20  {000}
    2(pos)  02 20 ~~ ~~ 00  {000}
    3(pos)  03 ~~ ~~ ~~ 62  {000}
    4(pos)  ~~ ~~ ~~ ~~ 00  {032}
    5(pos)  04 ~~ ~~ ~~ 2f  {032}
    6(pos)  ~~ 10 ~~ ~~ 00  {032}
    7(pos)  05 ~~ ~~ ~~ 10  {032}
    8(pos)  02 ~~ ~~ ~~ 00  {032}
    9(pos)  03 ~~ ~~ ~~ 62  {032}
   10(pos)  ~~ ~~ ~~ ~~ 00  {016}
   11(pos)  04 ~~ ~~ ~~ 2f  {016}
   12(pos)  ~~ 08 ~~ ~~ 00  {016}
   13(pos)  05 ~~ ~~ ~~ 10  {016}
   14(pos)  02 ~~ ~~ ~~ 00  {016}
   15(pos)  03 ~~ ~~ ~~ 62  {016}
   16(pos)  ~~ ~~ ~~ ~~ 00  {008}
   17(pos)  04 ~~ ~~ ~~ 2f  {008}
   18(pos)  ~~ 04 ~~ ~~ 00  {008}
   19(pos)  05 ~~ ~~ ~~ 10  {008}
   20(pos)  02 ~~ ~~ ~~ 00  {008}
   21(pos)  03 ~~ ~~ ~~ 62  {008}
   22(pos)  ~~ ~~ ~~ ~~ 00  {004}
   23(pos)  04 ~~ ~~ ~~ 2f  {004}
   24(pos)  ~~ 02 ~~ ~~ 00  {004}
   25(pos)  05 ~~ ~~ ~~ 10  {004}
   26(pos)  02 ~~ ~~ ~~ 00  {004}
   27(pos)  03 ~~ ~~ ~~ 62  {004}
   28(pos)  ~~ ~~ ~~ ~~ 00  {002}
   29(pos)  04 ~~ ~~ ~~ 2f  {002}
   30(pos)  ~~ 01 ~~ ~~ 00  {002}
   31(pos)  05 ~~ ~~ ~~ 10  {002}
   32(pos)  02 ~~ ~~ ~~ 00  {002}
   33(pos)  03 ~~ ~~ ~~ 62  {002}
   34(pos)  ~~ ~~ ~~ ~~ 00  {001}
   35(pos)  04 ~~ ~~ ~~ 2f  {001}
   36(pos)  ~~ 00 ~~ ~~ 00  {001}
   37(pos)  05 ~~ ~~ ~~ 10  {001}
   38(pos)  02 ~~ ~~ ~~ 00  {001}
   39(pos)  03 ~~ ~~ ~~ 62  {001}
   40(pos)  ~~ ~~ ~~ ~~ 00  {000}
   41(pos)  04 ~~ ~~ ~~ 2f  {000}
   42(pos)  ~~ 80 ~~ ~~ 00  {000}
   43(pos)  05 ~~ ~~ ~~ 10  {000}
   44(pos)  02 ~~ ~~ ~~ 00  {000}
   45(pos)  03 ~~ ~~ ~~ 62  {000}
   46(pos)  ~~ ~~ ~~ ~~ 00  {128}
   47(pos)  04 ~~ ~~ ~~ 2f  {128}
   48(pos)  ~~ 40 ~~ ~~ 00  {128}
   49(pos)  05 ~~ ~~ ~~ 10  {128}
   50(pos)  02 ~~ ~~ ~~ 00  {128}
   51(pos)  03 ~~ ~~ ~~ 62  {128}
   52(pos)  ~~ ~~ ~~ ~~ 00  {064}
   53(pos)  04 ~~ ~~ ~~ 2f  {064}
   54(pos)  ~~ 20 ~~ ~~ 00  {064}
   55(pos)  05 ~~ ~~ ~~ 10  {064}
   56(pos)  02 ~~ ~~ ~~ 00  {064}
   57(pos)  03 ~~ ~~ ~~ 62  {064}
   58(pos)  ~~ ~~ ~~ ~~ 00  {032}
   59(pos)  04 ~~ ~~ ~~ 2f  {032}
   60(pos)  ~~ 10 ~~ ~~ 00  {032}
   61(pos)  05 ~~ ~~ ~~ 10  {032}
   62(pos)  02 ~~ ~~ ~~ 00  {032}
   63(pos)  03 ~~ ~~ ~~ 62  {032}
   64(pos)  ~~ ~~ ~~ ~~ 00  {016}
   65(pos)  04 ~~ ~~ ~~ 2f  {016}
   66(pos)  ~~ 08 ~~ ~~ 00  {016}
   67(pos)  05 ~~ ~~ ~~ 10  {016}
   68(pos)  02 ~~ ~~ ~~ 00  {016}
   69(pos)  03 ~~ ~~ ~~ 62  {016}
   70(pos)  ~~ ~~ ~~ ~~ 00  {008}
   71(pos)  04 ~~ ~~ ~~ 2f  {008}
   72(pos)  ~~ 04 ~~ ~~ 00  {008}
   73(pos)  05 ~~ ~~ ~~ 10  {008}
   74(pos)  02 ~~ ~~ ~~ 00  {008}
   75(pos)  03 ~~ ~~ ~~ 62  {008}
   76(pos)  ~~ ~~ ~~ ~~ 00  {004}
   77(pos)  04 ~~ ~~ ~~ 2f  {004}
   78(pos)  ~~ 02 ~~ ~~ 00  {004}
   79(pos)  05 ~~ ~~ ~~ 10  {004}
   80(pos)  02 ~~ ~~ ~~ 00  {004}
   81(pos)  03 ~~ ~~ ~~ 62  {004}
   82(pos)  ~~ ~~ ~~ ~~ 00  {002}
   83(pos)  04 ~~ ~~ ~~ 2f  {002}
   84(pos)  ~~ 01 ~~ ~~ 00  {002}
   85(pos)  05 ~~ ~~ ~~ 10  {002}
   86(pos)  02 ~~ ~~ ~~ 00  {002}
   87(pos)  03 ~~ ~~ ~~ 62  {002}
   88(pos)  ~~ ~~ ~~ ~~ 00  {001}
   89(pos)  04 ~~ ~~ ~~ 2f  {001}
   90(pos)  ~~ 00 ~~ ~~ 00  {001}
   91(pos)  05 ~~ ~~ ~~ 10  {001}
   92(pos)  02 ~~ ~~ ~~ 00  {001}
   93(pos)  03 ~~ ~~ ~~ 62  {001}
   94(pos)  ~~ ~~ ~~ ~~ 00  {000}
   95(pos)  04 ~~ ~~ ~~ 2f  {000}
   96(pos)  ~~ 80 ~~ ~~ 00  {000}
   97(pos)  05 ~~ ~~ ~~ 10  {000}
   98(pos)  02 ~~ ~~ ~~ 00  {000}
   99(pos)  03 ~~ ~~ ~~ 62  {000}
  100(pos)  ~~ ~~ ~~ ~~ 00  {128}
  101(pos)  04 ~~ ~~ ~~ 2f  {128}
  102(pos)  ~~ 40 ~~ ~~ 00  {128}
  103(pos)  05 ~~ ~~ ~~ 10  {128}
  104(pos)  02 ~~ ~~ ~~ 00  {128}
  105(pos)  03 ~~ ~~ ~~ 62  {128}
  106(pos)  ~~ ~~ ~~ ~~ 00  {064}
  107(pos)  04 ~~ ~~ ~~ 2f  {064}
  108(pos)  ~~ 20 ~~ ~~ 00  {064}
  109(pos)  05 ~~ ~~ ~~ 10  {064}
  110(pos)  02 ~~ ~~ ~~ 00  {064}
  111(pos)  03 ~~ ~~ ~~ 62  {064}
  112(pos)  ~~ ~~ ~~ ~~ 00  {032}
  113(pos)  04 ~~ ~~ ~~ 2f  {032}
  114(pos)  ~~ 10 ~~ ~~ 00  {032}
  115(pos)  05 ~~ ~~ ~~ 10  {032}
  116(pos)  02 ~~ ~~ ~~ 00  {032}
  117(pos)  03 ~~ ~~ ~~ 62  {032}
  118(pos)  ~~ ~~ ~~ ~~ 00  {016}
  119(pos)  04 ~~ ~~ ~~ 2f  {016}
  120(pos)  ~~ 08 ~~ ~~ 00  {016}
  121(pos)  05 ~~ ~~ ~~ 10  {016}
  122(pos)  02 ~~ ~~ ~~ 00  {016}
  123(pos)  03 ~~ ~~ ~~ 62  {016}
  124(pos)  ~~ ~~ ~~ ~~ 00  {008}
  125(pos)  04 ~~ ~~ ~~ 2f  {008}
  126(pos)  ~~ 04 ~~ ~~ 00  {008}
  127(pos)  05 ~~ ~~ ~~ 10  {008}
  128(pos)  02 ~~ ~~ ~~ 00  {008}
  129(pos)  03 ~~ ~~ ~~ 62  {008}
  130(pos)  ~~ ~~ ~~ ~~ 00  {004}
  131(pos)  04 ~~ ~~ ~~ 2f  {004}
  132(pos)  ~~ 02 ~~ ~~ 00  {004}
  133(pos)  05 ~~ ~~ ~~ 10  {004}
  134(pos)  02 ~~ ~~ ~~ 00  {004}
  135(pos)  03 ~~ ~~ ~~ 62  {004}
  136(pos)  ~~ ~~ ~~ ~~ 00  {002}
  137(pos)  04 ~~ ~~ ~~ 2f  {002}
  138(pos)  ~~ 01 ~~ ~~ 00  {002}
  139(pos)  05 ~~ ~~ ~~ 10  {002}
  140(pos)  02 ~~ ~~ ~~ 00  {002}
  141(pos)  03 ~~ ~~ ~~ 62  {002}
  142(pos)  ~~ ~~ ~~ ~~ 00  {001}
  143(pos)  04 ~~ ~~ ~~ 2f  {001}
  144(pos)  ~~ 00 ~~ ~~ 00  {001}
  145(pos)  05 ~~ ~~ ~~ 10  {001}
  146(pos)  02 ~~ ~~ ~~ 00  {001}
  147(pos)  03 ~~ ~~ ~~ 62  {001}
  148(pos)  ~~ ~~ ~~ ~~ 00  {000}
  149(pos)  04 ~~ ~~ ~~ 2f  {000}
  150(pos)  ~~ 80 ~~ ~~ 00  {000}
