000
001
002
004
008
016
032
064
128
000
001
002
004
008
016
032
064
128
000
001
002
004
008
016
032
064
128
000
001
002
004
008
016
032
064
128
000
001
002
004
008
016
032
064
128
000
001
002
004
008
016
032
064
128
000
001
002
004
008
016
032
064
128
000
001
002
004
008
016
032
064
128
000
001
002
004
008
016
032
064
128
000
001
002
004
008
016
032
064
128
000
001
002
004
008
016
032
064
128
000
001
002
004
008
016
032
064
128
000
001
002
004
008
016
032
064
128
000
001
002
004
008
016
032
064
128
000
001
002
004
008
016
032
064
128
000
001
002
004
008
016
032
064
128
000
001
002
004
008
016
032
064
128
000
001
002
004
008
016
032
064
128
000
001
002
004
008
016
032
064
128
000
001
002
004
008
016
032
064
128
000
001
002
004
008
016
032
064
128
