000
032
016
008
004
002
001
000
128
064
032
016
008
004
002
001
000
128
064
032
016
008
004
002
001
000
128
064
032
016
008
004
002
001
000
128
064
032
016
008
004
002
001
000
128
064
032
016
008
004
002
001
000
128
064
032
016
008
004
002
001
000
128
064
032
016
008
004
002
001
000
128
064
032
016
008
004
002
001
000
128
064
032
016
008
004
002
001
000
128
064
032
016
008
004
002
001
000
128
064
032
016
008
004
002
001
000
128
064
032
016
008
004
002
001
000
128
064
032
016
008
004
002
001
000
128
064
032
016
008
004
002
001
000
128
064
032
016
008
004
002
001
000
128
064
032
016
008
004
002
001
000
128
064
032
016
008
004
002
001
000
128
064
032
016
008
004
002
001
000
128
064
032
016
008
004
002
001
000
128
064
032
016
008
004
002
001
000
128
064
032
016
008
004
002
001
000
128
064
032
016
008
004
002
001
000
128
064
032
016
008
004
002
001
000
128
064
032
016
008
004
002
001
000
128
064
032
016
008
004
002
001
000
128
064
032
016
008
004
002
001
000
128
064
032
016
008
004
002
001
000
