------------------------------
 IR | AR BR XR | PC | QR [dec]
------------------------------
 00 | 00 00 00 | 00 | 00 [000]
 21 | ~~ ~~ ~~ | 01 | ~~ [000]
 00 | 01 ~~ ~~ | 02 | ~~ [000]
 62 | ~~ ~~ ~~ | 03 | ~~ [000]
 32 | ~~ ~~ ~~ | 04 | 01 [001]
 a6 | ~~ 01 ~~ | 05 | ~~ [001]
 71 | 02 ~~ ~~ | 06 | ~~ [001]
 00 | ~~ ~~ ~~ | 02 | ~~ [001]
 62 | ~~ ~~ ~~ | 03 | ~~ [001]
 32 | ~~ ~~ ~~ | 04 | 02 [002]
 a6 | ~~ 02 ~~ | 05 | ~~ [002]
 71 | 04 ~~ ~~ | 06 | ~~ [002]
 00 | ~~ ~~ ~~ | 02 | ~~ [002]
 62 | ~~ ~~ ~~ | 03 | ~~ [002]
 32 | ~~ ~~ ~~ | 04 | 04 [004]
 a6 | ~~ 04 ~~ | 05 | ~~ [004]
 71 | 08 ~~ ~~ | 06 | ~~ [004]
 00 | ~~ ~~ ~~ | 02 | ~~ [004]
 62 | ~~ ~~ ~~ | 03 | ~~ [004]
 32 | ~~ ~~ ~~ | 04 | 08 [008]
 a6 | ~~ 08 ~~ | 05 | ~~ [008]
 71 | 10 ~~ ~~ | 06 | ~~ [008]
 00 | ~~ ~~ ~~ | 02 | ~~ [008]
 62 | ~~ ~~ ~~ | 03 | ~~ [008]
 32 | ~~ ~~ ~~ | 04 | 10 [016]
 a6 | ~~ 10 ~~ | 05 | ~~ [016]
 71 | 20 ~~ ~~ | 06 | ~~ [016]
 00 | ~~ ~~ ~~ | 02 | ~~ [016]
 62 | ~~ ~~ ~~ | 03 | ~~ [016]
 32 | ~~ ~~ ~~ | 04 | 20 [032]
 a6 | ~~ 20 ~~ | 05 | ~~ [032]
 71 | 40 ~~ ~~ | 06 | ~~ [032]
 00 | ~~ ~~ ~~ | 02 | ~~ [032]
 62 | ~~ ~~ ~~ | 03 | ~~ [032]
 32 | ~~ ~~ ~~ | 04 | 40 [064]
 a6 | ~~ 40 ~~ | 05 | ~~ [064]
 71 | 80 ~~ ~~ | 06 | ~~ [064]
 00 | ~~ ~~ ~~ | 02 | ~~ [064]
 62 | ~~ ~~ ~~ | 03 | ~~ [064]
 32 | ~~ ~~ ~~ | 04 | 80 [128]
 a6 | ~~ 80 ~~ | 05 | ~~ [128]
 71 | 00 ~~ ~~ | 06 | ~~ [128]
 00 | ~~ ~~ ~~ | 02 | ~~ [128]
 62 | ~~ ~~ ~~ | 03 | ~~ [128]
 32 | ~~ ~~ ~~ | 04 | 00 [000]
 a6 | ~~ 00 ~~ | 05 | ~~ [000]
 71 | 01 ~~ ~~ | 06 | ~~ [000]
 00 | ~~ ~~ ~~ | 02 | ~~ [000]
 62 | ~~ ~~ ~~ | 03 | ~~ [000]
 32 | ~~ ~~ ~~ | 04 | 01 [001]
 a6 | ~~ 01 ~~ | 05 | ~~ [001]
 71 | 02 ~~ ~~ | 06 | ~~ [001]
 00 | ~~ ~~ ~~ | 02 | ~~ [001]
 62 | ~~ ~~ ~~ | 03 | ~~ [001]
 32 | ~~ ~~ ~~ | 04 | 02 [002]
 a6 | ~~ 02 ~~ | 05 | ~~ [002]
 71 | 04 ~~ ~~ | 06 | ~~ [002]
 00 | ~~ ~~ ~~ | 02 | ~~ [002]
 62 | ~~ ~~ ~~ | 03 | ~~ [002]
 32 | ~~ ~~ ~~ | 04 | 04 [004]
 a6 | ~~ 04 ~~ | 05 | ~~ [004]
 71 | 08 ~~ ~~ | 06 | ~~ [004]
 00 | ~~ ~~ ~~ | 02 | ~~ [004]
 62 | ~~ ~~ ~~ | 03 | ~~ [004]
 32 | ~~ ~~ ~~ | 04 | 08 [008]
 a6 | ~~ 08 ~~ | 05 | ~~ [008]
 71 | 10 ~~ ~~ | 06 | ~~ [008]
 00 | ~~ ~~ ~~ | 02 | ~~ [008]
 62 | ~~ ~~ ~~ | 03 | ~~ [008]
 32 | ~~ ~~ ~~ | 04 | 10 [016]
 a6 | ~~ 10 ~~ | 05 | ~~ [016]
 71 | 20 ~~ ~~ | 06 | ~~ [016]
 00 | ~~ ~~ ~~ | 02 | ~~ [016]
 62 | ~~ ~~ ~~ | 03 | ~~ [016]
 32 | ~~ ~~ ~~ | 04 | 20 [032]
 a6 | ~~ 20 ~~ | 05 | ~~ [032]
 71 | 40 ~~ ~~ | 06 | ~~ [032]
 00 | ~~ ~~ ~~ | 02 | ~~ [032]
 62 | ~~ ~~ ~~ | 03 | ~~ [032]
 32 | ~~ ~~ ~~ | 04 | 40 [064]
 a6 | ~~ 40 ~~ | 05 | ~~ [064]
 71 | 80 ~~ ~~ | 06 | ~~ [064]
 00 | ~~ ~~ ~~ | 02 | ~~ [064]
 62 | ~~ ~~ ~~ | 03 | ~~ [064]
 32 | ~~ ~~ ~~ | 04 | 80 [128]
 a6 | ~~ 80 ~~ | 05 | ~~ [128]
 71 | 00 ~~ ~~ | 06 | ~~ [128]
 00 | ~~ ~~ ~~ | 02 | ~~ [128]
 62 | ~~ ~~ ~~ | 03 | ~~ [128]
 32 | ~~ ~~ ~~ | 04 | 00 [000]
 a6 | ~~ 00 ~~ | 05 | ~~ [000]
 71 | 01 ~~ ~~ | 06 | ~~ [000]
 00 | ~~ ~~ ~~ | 02 | ~~ [000]
 62 | ~~ ~~ ~~ | 03 | ~~ [000]
 32 | ~~ ~~ ~~ | 04 | 01 [001]
 a6 | ~~ 01 ~~ | 05 | ~~ [001]
 71 | 02 ~~ ~~ | 06 | ~~ [001]
 00 | ~~ ~~ ~~ | 02 | ~~ [001]
 62 | ~~ ~~ ~~ | 03 | ~~ [001]
 32 | ~~ ~~ ~~ | 04 | 02 [002]
 a6 | ~~ 02 ~~ | 05 | ~~ [002]
 71 | 04 ~~ ~~ | 06 | ~~ [002]
 00 | ~~ ~~ ~~ | 02 | ~~ [002]
 62 | ~~ ~~ ~~ | 03 | ~~ [002]
 32 | ~~ ~~ ~~ | 04 | 04 [004]
 a6 | ~~ 04 ~~ | 05 | ~~ [004]
 71 | 08 ~~ ~~ | 06 | ~~ [004]
 00 | ~~ ~~ ~~ | 02 | ~~ [004]
 62 | ~~ ~~ ~~ | 03 | ~~ [004]
 32 | ~~ ~~ ~~ | 04 | 08 [008]
 a6 | ~~ 08 ~~ | 05 | ~~ [008]
 71 | 10 ~~ ~~ | 06 | ~~ [008]
 00 | ~~ ~~ ~~ | 02 | ~~ [008]
 62 | ~~ ~~ ~~ | 03 | ~~ [008]
 32 | ~~ ~~ ~~ | 04 | 10 [016]
 a6 | ~~ 10 ~~ | 05 | ~~ [016]
 71 | 20 ~~ ~~ | 06 | ~~ [016]
 00 | ~~ ~~ ~~ | 02 | ~~ [016]
 62 | ~~ ~~ ~~ | 03 | ~~ [016]
 32 | ~~ ~~ ~~ | 04 | 20 [032]
 a6 | ~~ 20 ~~ | 05 | ~~ [032]
 71 | 40 ~~ ~~ | 06 | ~~ [032]
 00 | ~~ ~~ ~~ | 02 | ~~ [032]
 62 | ~~ ~~ ~~ | 03 | ~~ [032]
 32 | ~~ ~~ ~~ | 04 | 40 [064]
 a6 | ~~ 40 ~~ | 05 | ~~ [064]
 71 | 80 ~~ ~~ | 06 | ~~ [064]
 00 | ~~ ~~ ~~ | 02 | ~~ [064]
 62 | ~~ ~~ ~~ | 03 | ~~ [064]
 32 | ~~ ~~ ~~ | 04 | 80 [128]
 a6 | ~~ 80 ~~ | 05 | ~~ [128]
 71 | 00 ~~ ~~ | 06 | ~~ [128]
 00 | ~~ ~~ ~~ | 02 | ~~ [128]
 62 | ~~ ~~ ~~ | 03 | ~~ [128]
 32 | ~~ ~~ ~~ | 04 | 00 [000]
 a6 | ~~ 00 ~~ | 05 | ~~ [000]
 71 | 01 ~~ ~~ | 06 | ~~ [000]
 00 | ~~ ~~ ~~ | 02 | ~~ [000]
 62 | ~~ ~~ ~~ | 03 | ~~ [000]
 32 | ~~ ~~ ~~ | 04 | 01 [001]
 a6 | ~~ 01 ~~ | 05 | ~~ [001]
 71 | 02 ~~ ~~ | 06 | ~~ [001]
 00 | ~~ ~~ ~~ | 02 | ~~ [001]
 62 | ~~ ~~ ~~ | 03 | ~~ [001]
 32 | ~~ ~~ ~~ | 04 | 02 [002]
 a6 | ~~ 02 ~~ | 05 | ~~ [002]
 71 | 04 ~~ ~~ | 06 | ~~ [002]
 00 | ~~ ~~ ~~ | 02 | ~~ [002]
 62 | ~~ ~~ ~~ | 03 | ~~ [002]
 32 | ~~ ~~ ~~ | 04 | 04 [004]
 a6 | ~~ 04 ~~ | 05 | ~~ [004]
