------------------------------
 IR | AR BR XR | PC | QR [dec]
------------------------------
 00 | 00 00 00 | 00 | 00 [000]
 31 | ~~ ~~ ~~ | 01 | ~~ [000]
 00 | ~~ 01 ~~ | 02 | ~~ [000]
 41 | ~~ ~~ ~~ | 03 | ~~ [000]
 00 | ~~ ~~ 04 | 04 | ~~ [000]
 26 | ~~ ~~ ~~ | 05 | ~~ [000]
 62 | 01 ~~ ~~ | 06 | ~~ [000]
 74 | ~~ ~~ ~~ | 07 | 01 [001]
 00 | ~~ ~~ ~~ | 04 | ~~ [001]
 26 | ~~ ~~ ~~ | 05 | ~~ [001]
 62 | 02 ~~ ~~ | 06 | ~~ [001]
 74 | ~~ ~~ ~~ | 07 | 02 [002]
 00 | ~~ ~~ ~~ | 04 | ~~ [002]
 26 | ~~ ~~ ~~ | 05 | ~~ [002]
 62 | 03 ~~ ~~ | 06 | ~~ [002]
 74 | ~~ ~~ ~~ | 07 | 03 [003]
 00 | ~~ ~~ ~~ | 04 | ~~ [003]
 26 | ~~ ~~ ~~ | 05 | ~~ [003]
 62 | 04 ~~ ~~ | 06 | ~~ [003]
 74 | ~~ ~~ ~~ | 07 | 04 [004]
 00 | ~~ ~~ ~~ | 04 | ~~ [004]
 26 | ~~ ~~ ~~ | 05 | ~~ [004]
 62 | 05 ~~ ~~ | 06 | ~~ [004]
 74 | ~~ ~~ ~~ | 07 | 05 [005]
 00 | ~~ ~~ ~~ | 04 | ~~ [005]
 26 | ~~ ~~ ~~ | 05 | ~~ [005]
 62 | 06 ~~ ~~ | 06 | ~~ [005]
 74 | ~~ ~~ ~~ | 07 | 06 [006]
 00 | ~~ ~~ ~~ | 04 | ~~ [006]
 26 | ~~ ~~ ~~ | 05 | ~~ [006]
 62 | 07 ~~ ~~ | 06 | ~~ [006]
 74 | ~~ ~~ ~~ | 07 | 07 [007]
 00 | ~~ ~~ ~~ | 04 | ~~ [007]
 26 | ~~ ~~ ~~ | 05 | ~~ [007]
 62 | 08 ~~ ~~ | 06 | ~~ [007]
 74 | ~~ ~~ ~~ | 07 | 08 [008]
 00 | ~~ ~~ ~~ | 04 | ~~ [008]
 26 | ~~ ~~ ~~ | 05 | ~~ [008]
 62 | 09 ~~ ~~ | 06 | ~~ [008]
 74 | ~~ ~~ ~~ | 07 | 09 [009]
 00 | ~~ ~~ ~~ | 04 | ~~ [009]
 26 | ~~ ~~ ~~ | 05 | ~~ [009]
 62 | 0a ~~ ~~ | 06 | ~~ [009]
 74 | ~~ ~~ ~~ | 07 | 0a [010]
 00 | ~~ ~~ ~~ | 04 | ~~ [010]
 26 | ~~ ~~ ~~ | 05 | ~~ [010]
 62 | 0b ~~ ~~ | 06 | ~~ [010]
 74 | ~~ ~~ ~~ | 07 | 0b [011]
 00 | ~~ ~~ ~~ | 04 | ~~ [011]
 26 | ~~ ~~ ~~ | 05 | ~~ [011]
 62 | 0c ~~ ~~ | 06 | ~~ [011]
 74 | ~~ ~~ ~~ | 07 | 0c [012]
 00 | ~~ ~~ ~~ | 04 | ~~ [012]
 26 | ~~ ~~ ~~ | 05 | ~~ [012]
 62 | 0d ~~ ~~ | 06 | ~~ [012]
 74 | ~~ ~~ ~~ | 07 | 0d [013]
 00 | ~~ ~~ ~~ | 04 | ~~ [013]
 26 | ~~ ~~ ~~ | 05 | ~~ [013]
 62 | 0e ~~ ~~ | 06 | ~~ [013]
 74 | ~~ ~~ ~~ | 07 | 0e [014]
 00 | ~~ ~~ ~~ | 04 | ~~ [014]
 26 | ~~ ~~ ~~ | 05 | ~~ [014]
 62 | 0f ~~ ~~ | 06 | ~~ [014]
 74 | ~~ ~~ ~~ | 07 | 0f [015]
 00 | ~~ ~~ ~~ | 04 | ~~ [015]
 26 | ~~ ~~ ~~ | 05 | ~~ [015]
 62 | 10 ~~ ~~ | 06 | ~~ [015]
 74 | ~~ ~~ ~~ | 07 | 10 [016]
 00 | ~~ ~~ ~~ | 04 | ~~ [016]
 26 | ~~ ~~ ~~ | 05 | ~~ [016]
 62 | 11 ~~ ~~ | 06 | ~~ [016]
 74 | ~~ ~~ ~~ | 07 | 11 [017]
 00 | ~~ ~~ ~~ | 04 | ~~ [017]
 26 | ~~ ~~ ~~ | 05 | ~~ [017]
 62 | 12 ~~ ~~ | 06 | ~~ [017]
 74 | ~~ ~~ ~~ | 07 | 12 [018]
 00 | ~~ ~~ ~~ | 04 | ~~ [018]
 26 | ~~ ~~ ~~ | 05 | ~~ [018]
 62 | 13 ~~ ~~ | 06 | ~~ [018]
 74 | ~~ ~~ ~~ | 07 | 13 [019]
 00 | ~~ ~~ ~~ | 04 | ~~ [019]
 26 | ~~ ~~ ~~ | 05 | ~~ [019]
 62 | 14 ~~ ~~ | 06 | ~~ [019]
 74 | ~~ ~~ ~~ | 07 | 14 [020]
 00 | ~~ ~~ ~~ | 04 | ~~ [020]
 26 | ~~ ~~ ~~ | 05 | ~~ [020]
 62 | 15 ~~ ~~ | 06 | ~~ [020]
 74 | ~~ ~~ ~~ | 07 | 15 [021]
 00 | ~~ ~~ ~~ | 04 | ~~ [021]
 26 | ~~ ~~ ~~ | 05 | ~~ [021]
 62 | 16 ~~ ~~ | 06 | ~~ [021]
 74 | ~~ ~~ ~~ | 07 | 16 [022]
 00 | ~~ ~~ ~~ | 04 | ~~ [022]
 26 | ~~ ~~ ~~ | 05 | ~~ [022]
 62 | 17 ~~ ~~ | 06 | ~~ [022]
 74 | ~~ ~~ ~~ | 07 | 17 [023]
 00 | ~~ ~~ ~~ | 04 | ~~ [023]
 26 | ~~ ~~ ~~ | 05 | ~~ [023]
 62 | 18 ~~ ~~ | 06 | ~~ [023]
 74 | ~~ ~~ ~~ | 07 | 18 [024]
 00 | ~~ ~~ ~~ | 04 | ~~ [024]
 26 | ~~ ~~ ~~ | 05 | ~~ [024]
 62 | 19 ~~ ~~ | 06 | ~~ [024]
 74 | ~~ ~~ ~~ | 07 | 19 [025]
 00 | ~~ ~~ ~~ | 04 | ~~ [025]
 26 | ~~ ~~ ~~ | 05 | ~~ [025]
 62 | 1a ~~ ~~ | 06 | ~~ [025]
 74 | ~~ ~~ ~~ | 07 | 1a [026]
 00 | ~~ ~~ ~~ | 04 | ~~ [026]
 26 | ~~ ~~ ~~ | 05 | ~~ [026]
 62 | 1b ~~ ~~ | 06 | ~~ [026]
 74 | ~~ ~~ ~~ | 07 | 1b [027]
 00 | ~~ ~~ ~~ | 04 | ~~ [027]
 26 | ~~ ~~ ~~ | 05 | ~~ [027]
 62 | 1c ~~ ~~ | 06 | ~~ [027]
 74 | ~~ ~~ ~~ | 07 | 1c [028]
 00 | ~~ ~~ ~~ | 04 | ~~ [028]
 26 | ~~ ~~ ~~ | 05 | ~~ [028]
 62 | 1d ~~ ~~ | 06 | ~~ [028]
 74 | ~~ ~~ ~~ | 07 | 1d [029]
 00 | ~~ ~~ ~~ | 04 | ~~ [029]
 26 | ~~ ~~ ~~ | 05 | ~~ [029]
 62 | 1e ~~ ~~ | 06 | ~~ [029]
 74 | ~~ ~~ ~~ | 07 | 1e [030]
 00 | ~~ ~~ ~~ | 04 | ~~ [030]
 26 | ~~ ~~ ~~ | 05 | ~~ [030]
 62 | 1f ~~ ~~ | 06 | ~~ [030]
 74 | ~~ ~~ ~~ | 07 | 1f [031]
 00 | ~~ ~~ ~~ | 04 | ~~ [031]
 26 | ~~ ~~ ~~ | 05 | ~~ [031]
 62 | 20 ~~ ~~ | 06 | ~~ [031]
 74 | ~~ ~~ ~~ | 07 | 20 [032]
 00 | ~~ ~~ ~~ | 04 | ~~ [032]
 26 | ~~ ~~ ~~ | 05 | ~~ [032]
 62 | 21 ~~ ~~ | 06 | ~~ [032]
 74 | ~~ ~~ ~~ | 07 | 21 [033]
 00 | ~~ ~~ ~~ | 04 | ~~ [033]
 26 | ~~ ~~ ~~ | 05 | ~~ [033]
 62 | 22 ~~ ~~ | 06 | ~~ [033]
 74 | ~~ ~~ ~~ | 07 | 22 [034]
 00 | ~~ ~~ ~~ | 04 | ~~ [034]
 26 | ~~ ~~ ~~ | 05 | ~~ [034]
 62 | 23 ~~ ~~ | 06 | ~~ [034]
 74 | ~~ ~~ ~~ | 07 | 23 [035]
 00 | ~~ ~~ ~~ | 04 | ~~ [035]
 26 | ~~ ~~ ~~ | 05 | ~~ [035]
 62 | 24 ~~ ~~ | 06 | ~~ [035]
 74 | ~~ ~~ ~~ | 07 | 24 [036]
 00 | ~~ ~~ ~~ | 04 | ~~ [036]
 26 | ~~ ~~ ~~ | 05 | ~~ [036]
 62 | 25 ~~ ~~ | 06 | ~~ [036]
