------------------------------
 IR | AR BR XR | PC | QR [dec]
------------------------------
 00 | 00 00 00 | 00 | 00 [000]
 20 | ~~ ~~ ~~ | 01 | ~~ [000]
 00 | ff ~~ ~~ | 02 | ~~ [000]
 62 | ~~ ~~ ~~ | 03 | ~~ [000]
 00 | ~~ ~~ ~~ | ~~ | ff [255]
 27 | ~~ ~~ ~~ | 04 | ~~ [255]
 00 | 7f ~~ ~~ | ~~ | ~~ [255]
 70 | ~~ ~~ ~~ | 05 | ~~ [255]
 00 | ~~ ~~ ~~ | 02 | ~~ [255]
 62 | ~~ ~~ ~~ | 03 | ~~ [255]
 00 | ~~ ~~ ~~ | ~~ | 7f [127]
 27 | ~~ ~~ ~~ | 04 | ~~ [127]
 00 | 3f ~~ ~~ | ~~ | ~~ [127]
 70 | ~~ ~~ ~~ | 05 | ~~ [127]
 00 | ~~ ~~ ~~ | 02 | ~~ [127]
 62 | ~~ ~~ ~~ | 03 | ~~ [127]
 00 | ~~ ~~ ~~ | ~~ | 3f [063]
 27 | ~~ ~~ ~~ | 04 | ~~ [063]
 00 | 1f ~~ ~~ | ~~ | ~~ [063]
 70 | ~~ ~~ ~~ | 05 | ~~ [063]
 00 | ~~ ~~ ~~ | 02 | ~~ [063]
 62 | ~~ ~~ ~~ | 03 | ~~ [063]
 00 | ~~ ~~ ~~ | ~~ | 1f [031]
 27 | ~~ ~~ ~~ | 04 | ~~ [031]
 00 | 0f ~~ ~~ | ~~ | ~~ [031]
 70 | ~~ ~~ ~~ | 05 | ~~ [031]
 00 | ~~ ~~ ~~ | 02 | ~~ [031]
 62 | ~~ ~~ ~~ | 03 | ~~ [031]
 00 | ~~ ~~ ~~ | ~~ | 0f [015]
 27 | ~~ ~~ ~~ | 04 | ~~ [015]
 00 | 07 ~~ ~~ | ~~ | ~~ [015]
 70 | ~~ ~~ ~~ | 05 | ~~ [015]
 00 | ~~ ~~ ~~ | 02 | ~~ [015]
 62 | ~~ ~~ ~~ | 03 | ~~ [015]
 00 | ~~ ~~ ~~ | ~~ | 07 [007]
 27 | ~~ ~~ ~~ | 04 | ~~ [007]
 00 | 03 ~~ ~~ | ~~ | ~~ [007]
 70 | ~~ ~~ ~~ | 05 | ~~ [007]
 00 | ~~ ~~ ~~ | 02 | ~~ [007]
 62 | ~~ ~~ ~~ | 03 | ~~ [007]
 00 | ~~ ~~ ~~ | ~~ | 03 [003]
 27 | ~~ ~~ ~~ | 04 | ~~ [003]
 00 | 01 ~~ ~~ | ~~ | ~~ [003]
 70 | ~~ ~~ ~~ | 05 | ~~ [003]
 00 | ~~ ~~ ~~ | 02 | ~~ [003]
 62 | ~~ ~~ ~~ | 03 | ~~ [003]
 00 | ~~ ~~ ~~ | ~~ | 01 [001]
 27 | ~~ ~~ ~~ | 04 | ~~ [001]
 00 | 00 ~~ ~~ | ~~ | ~~ [001]
 70 | ~~ ~~ ~~ | 05 | ~~ [001]
 00 | ~~ ~~ ~~ | 02 | ~~ [001]
 62 | ~~ ~~ ~~ | 03 | ~~ [001]
 00 | ~~ ~~ ~~ | ~~ | 00 [000]
 27 | ~~ ~~ ~~ | 04 | ~~ [000]
 00 | ~~ ~~ ~~ | ~~ | ~~ [000]
 70 | ~~ ~~ ~~ | 05 | ~~ [000]
 00 | ~~ ~~ ~~ | 02 | ~~ [000]
 62 | ~~ ~~ ~~ | 03 | ~~ [000]
 00 | ~~ ~~ ~~ | ~~ | ~~ [000]
 27 | ~~ ~~ ~~ | 04 | ~~ [000]
 00 | ~~ ~~ ~~ | ~~ | ~~ [000]
 70 | ~~ ~~ ~~ | 05 | ~~ [000]
 00 | ~~ ~~ ~~ | 02 | ~~ [000]
 62 | ~~ ~~ ~~ | 03 | ~~ [000]
 00 | ~~ ~~ ~~ | ~~ | ~~ [000]
 27 | ~~ ~~ ~~ | 04 | ~~ [000]
 00 | ~~ ~~ ~~ | ~~ | ~~ [000]
 70 | ~~ ~~ ~~ | 05 | ~~ [000]
 00 | ~~ ~~ ~~ | 02 | ~~ [000]
 62 | ~~ ~~ ~~ | 03 | ~~ [000]
 00 | ~~ ~~ ~~ | ~~ | ~~ [000]
 27 | ~~ ~~ ~~ | 04 | ~~ [000]
 00 | ~~ ~~ ~~ | ~~ | ~~ [000]
 70 | ~~ ~~ ~~ | 05 | ~~ [000]
 00 | ~~ ~~ ~~ | 02 | ~~ [000]
 62 | ~~ ~~ ~~ | 03 | ~~ [000]
 00 | ~~ ~~ ~~ | ~~ | ~~ [000]
 27 | ~~ ~~ ~~ | 04 | ~~ [000]
 00 | ~~ ~~ ~~ | ~~ | ~~ [000]
 70 | ~~ ~~ ~~ | 05 | ~~ [000]
 00 | ~~ ~~ ~~ | 02 | ~~ [000]
 62 | ~~ ~~ ~~ | 03 | ~~ [000]
 00 | ~~ ~~ ~~ | ~~ | ~~ [000]
 27 | ~~ ~~ ~~ | 04 | ~~ [000]
 00 | ~~ ~~ ~~ | ~~ | ~~ [000]
 70 | ~~ ~~ ~~ | 05 | ~~ [000]
 00 | ~~ ~~ ~~ | 02 | ~~ [000]
 62 | ~~ ~~ ~~ | 03 | ~~ [000]
 00 | ~~ ~~ ~~ | ~~ | ~~ [000]
 27 | ~~ ~~ ~~ | 04 | ~~ [000]
 00 | ~~ ~~ ~~ | ~~ | ~~ [000]
 70 | ~~ ~~ ~~ | 05 | ~~ [000]
 00 | ~~ ~~ ~~ | 02 | ~~ [000]
 62 | ~~ ~~ ~~ | 03 | ~~ [000]
 00 | ~~ ~~ ~~ | ~~ | ~~ [000]
 27 | ~~ ~~ ~~ | 04 | ~~ [000]
 00 | ~~ ~~ ~~ | ~~ | ~~ [000]
 70 | ~~ ~~ ~~ | 05 | ~~ [000]
 00 | ~~ ~~ ~~ | 02 | ~~ [000]
 62 | ~~ ~~ ~~ | 03 | ~~ [000]
 00 | ~~ ~~ ~~ | ~~ | ~~ [000]
 27 | ~~ ~~ ~~ | 04 | ~~ [000]
 00 | ~~ ~~ ~~ | ~~ | ~~ [000]
 70 | ~~ ~~ ~~ | 05 | ~~ [000]
 00 | ~~ ~~ ~~ | 02 | ~~ [000]
 62 | ~~ ~~ ~~ | 03 | ~~ [000]
 00 | ~~ ~~ ~~ | ~~ | ~~ [000]
 27 | ~~ ~~ ~~ | 04 | ~~ [000]
 00 | ~~ ~~ ~~ | ~~ | ~~ [000]
 70 | ~~ ~~ ~~ | 05 | ~~ [000]
 00 | ~~ ~~ ~~ | 02 | ~~ [000]
 62 | ~~ ~~ ~~ | 03 | ~~ [000]
 00 | ~~ ~~ ~~ | ~~ | ~~ [000]
 27 | ~~ ~~ ~~ | 04 | ~~ [000]
 00 | ~~ ~~ ~~ | ~~ | ~~ [000]
 70 | ~~ ~~ ~~ | 05 | ~~ [000]
 00 | ~~ ~~ ~~ | 02 | ~~ [000]
 62 | ~~ ~~ ~~ | 03 | ~~ [000]
 00 | ~~ ~~ ~~ | ~~ | ~~ [000]
 27 | ~~ ~~ ~~ | 04 | ~~ [000]
 00 | ~~ ~~ ~~ | ~~ | ~~ [000]
 70 | ~~ ~~ ~~ | 05 | ~~ [000]
 00 | ~~ ~~ ~~ | 02 | ~~ [000]
 62 | ~~ ~~ ~~ | 03 | ~~ [000]
 00 | ~~ ~~ ~~ | ~~ | ~~ [000]
 27 | ~~ ~~ ~~ | 04 | ~~ [000]
 00 | ~~ ~~ ~~ | ~~ | ~~ [000]
 70 | ~~ ~~ ~~ | 05 | ~~ [000]
 00 | ~~ ~~ ~~ | 02 | ~~ [000]
 62 | ~~ ~~ ~~ | 03 | ~~ [000]
 00 | ~~ ~~ ~~ | ~~ | ~~ [000]
 27 | ~~ ~~ ~~ | 04 | ~~ [000]
 00 | ~~ ~~ ~~ | ~~ | ~~ [000]
 70 | ~~ ~~ ~~ | 05 | ~~ [000]
 00 | ~~ ~~ ~~ | 02 | ~~ [000]
 62 | ~~ ~~ ~~ | 03 | ~~ [000]
 00 | ~~ ~~ ~~ | ~~ | ~~ [000]
 27 | ~~ ~~ ~~ | 04 | ~~ [000]
 00 | ~~ ~~ ~~ | ~~ | ~~ [000]
 70 | ~~ ~~ ~~ | 05 | ~~ [000]
 00 | ~~ ~~ ~~ | 02 | ~~ [000]
 62 | ~~ ~~ ~~ | 03 | ~~ [000]
 00 | ~~ ~~ ~~ | ~~ | ~~ [000]
 27 | ~~ ~~ ~~ | 04 | ~~ [000]
 00 | ~~ ~~ ~~ | ~~ | ~~ [000]
 70 | ~~ ~~ ~~ | 05 | ~~ [000]
 00 | ~~ ~~ ~~ | 02 | ~~ [000]
 62 | ~~ ~~ ~~ | 03 | ~~ [000]
 00 | ~~ ~~ ~~ | ~~ | ~~ [000]
 27 | ~~ ~~ ~~ | 04 | ~~ [000]
 00 | ~~ ~~ ~~ | ~~ | ~~ [000]
