------------------------------
 IR | AR BR XR | PC | QR [dec]
------------------------------
 00 | 00 00 00 | 00 | 00 [000]
 30 | ~~ ~~ ~~ | 01 | ~~ [000]
 00 | ~~ 01 ~~ | 02 | ~~ [000]
 40 | ~~ ~~ ~~ | 03 | ~~ [000]
 00 | ~~ ~~ 99 | 04 | ~~ [000]
 20 | ~~ ~~ ~~ | 05 | ~~ [000]
 00 | 42 ~~ ~~ | 06 | ~~ [000]
 52 | ~~ ~~ ~~ | 07 | ~~ [000]
 00 | ~~ ~~ ~~ | ~~ | ~~ [000]
 40 | ~~ ~~ ~~ | 08 | ~~ [000]
 00 | ~~ ~~ ~~ | 09 | ~~ [000]
 25 | ~~ ~~ ~~ | 0a | ~~ [000]
 00 | ~~ ~~ ~~ | ~~ | ~~ [000]
 62 | ~~ ~~ ~~ | 0b | ~~ [000]
 00 | ~~ ~~ ~~ | ~~ | 42 [066]
 26 | ~~ ~~ ~~ | 0c | ~~ [066]
 00 | 43 ~~ ~~ | ~~ | ~~ [066]
 52 | ~~ ~~ ~~ | 0d | ~~ [066]
 00 | ~~ ~~ ~~ | ~~ | ~~ [066]
 70 | ~~ ~~ ~~ | 0e | ~~ [066]
 00 | ~~ ~~ ~~ | 07 | ~~ [066]
 40 | ~~ ~~ ~~ | 08 | ~~ [066]
 00 | ~~ ~~ ~~ | 09 | ~~ [066]
 25 | ~~ ~~ ~~ | 0a | ~~ [066]
 00 | ~~ ~~ ~~ | ~~ | ~~ [066]
 62 | ~~ ~~ ~~ | 0b | ~~ [066]
 00 | ~~ ~~ ~~ | ~~ | 43 [067]
 26 | ~~ ~~ ~~ | 0c | ~~ [067]
 00 | 44 ~~ ~~ | ~~ | ~~ [067]
 52 | ~~ ~~ ~~ | 0d | ~~ [067]
 00 | ~~ ~~ ~~ | ~~ | ~~ [067]
 70 | ~~ ~~ ~~ | 0e | ~~ [067]
 00 | ~~ ~~ ~~ | 07 | ~~ [067]
 40 | ~~ ~~ ~~ | 08 | ~~ [067]
 00 | ~~ ~~ ~~ | 09 | ~~ [067]
 25 | ~~ ~~ ~~ | 0a | ~~ [067]
 00 | ~~ ~~ ~~ | ~~ | ~~ [067]
 62 | ~~ ~~ ~~ | 0b | ~~ [067]
 00 | ~~ ~~ ~~ | ~~ | 44 [068]
 26 | ~~ ~~ ~~ | 0c | ~~ [068]
 00 | 45 ~~ ~~ | ~~ | ~~ [068]
 52 | ~~ ~~ ~~ | 0d | ~~ [068]
 00 | ~~ ~~ ~~ | ~~ | ~~ [068]
 70 | ~~ ~~ ~~ | 0e | ~~ [068]
 00 | ~~ ~~ ~~ | 07 | ~~ [068]
 40 | ~~ ~~ ~~ | 08 | ~~ [068]
 00 | ~~ ~~ ~~ | 09 | ~~ [068]
 25 | ~~ ~~ ~~ | 0a | ~~ [068]
 00 | ~~ ~~ ~~ | ~~ | ~~ [068]
 62 | ~~ ~~ ~~ | 0b | ~~ [068]
 00 | ~~ ~~ ~~ | ~~ | 45 [069]
 26 | ~~ ~~ ~~ | 0c | ~~ [069]
 00 | 46 ~~ ~~ | ~~ | ~~ [069]
 52 | ~~ ~~ ~~ | 0d | ~~ [069]
 00 | ~~ ~~ ~~ | ~~ | ~~ [069]
 70 | ~~ ~~ ~~ | 0e | ~~ [069]
 00 | ~~ ~~ ~~ | 07 | ~~ [069]
 40 | ~~ ~~ ~~ | 08 | ~~ [069]
 00 | ~~ ~~ ~~ | 09 | ~~ [069]
 25 | ~~ ~~ ~~ | 0a | ~~ [069]
 00 | ~~ ~~ ~~ | ~~ | ~~ [069]
 62 | ~~ ~~ ~~ | 0b | ~~ [069]
 00 | ~~ ~~ ~~ | ~~ | 46 [070]
 26 | ~~ ~~ ~~ | 0c | ~~ [070]
 00 | 47 ~~ ~~ | ~~ | ~~ [070]
 52 | ~~ ~~ ~~ | 0d | ~~ [070]
 00 | ~~ ~~ ~~ | ~~ | ~~ [070]
 70 | ~~ ~~ ~~ | 0e | ~~ [070]
 00 | ~~ ~~ ~~ | 07 | ~~ [070]
 40 | ~~ ~~ ~~ | 08 | ~~ [070]
 00 | ~~ ~~ ~~ | 09 | ~~ [070]
 25 | ~~ ~~ ~~ | 0a | ~~ [070]
 00 | ~~ ~~ ~~ | ~~ | ~~ [070]
 62 | ~~ ~~ ~~ | 0b | ~~ [070]
 00 | ~~ ~~ ~~ | ~~ | 47 [071]
 26 | ~~ ~~ ~~ | 0c | ~~ [071]
 00 | 48 ~~ ~~ | ~~ | ~~ [071]
 52 | ~~ ~~ ~~ | 0d | ~~ [071]
 00 | ~~ ~~ ~~ | ~~ | ~~ [071]
 70 | ~~ ~~ ~~ | 0e | ~~ [071]
 00 | ~~ ~~ ~~ | 07 | ~~ [071]
 40 | ~~ ~~ ~~ | 08 | ~~ [071]
 00 | ~~ ~~ ~~ | 09 | ~~ [071]
 25 | ~~ ~~ ~~ | 0a | ~~ [071]
 00 | ~~ ~~ ~~ | ~~ | ~~ [071]
 62 | ~~ ~~ ~~ | 0b | ~~ [071]
 00 | ~~ ~~ ~~ | ~~ | 48 [072]
 26 | ~~ ~~ ~~ | 0c | ~~ [072]
 00 | 49 ~~ ~~ | ~~ | ~~ [072]
 52 | ~~ ~~ ~~ | 0d | ~~ [072]
 00 | ~~ ~~ ~~ | ~~ | ~~ [072]
 70 | ~~ ~~ ~~ | 0e | ~~ [072]
 00 | ~~ ~~ ~~ | 07 | ~~ [072]
 40 | ~~ ~~ ~~ | 08 | ~~ [072]
 00 | ~~ ~~ ~~ | 09 | ~~ [072]
 25 | ~~ ~~ ~~ | 0a | ~~ [072]
 00 | ~~ ~~ ~~ | ~~ | ~~ [072]
 62 | ~~ ~~ ~~ | 0b | ~~ [072]
 00 | ~~ ~~ ~~ | ~~ | 49 [073]
 26 | ~~ ~~ ~~ | 0c | ~~ [073]
 00 | 4a ~~ ~~ | ~~ | ~~ [073]
 52 | ~~ ~~ ~~ | 0d | ~~ [073]
 00 | ~~ ~~ ~~ | ~~ | ~~ [073]
 70 | ~~ ~~ ~~ | 0e | ~~ [073]
 00 | ~~ ~~ ~~ | 07 | ~~ [073]
 40 | ~~ ~~ ~~ | 08 | ~~ [073]
 00 | ~~ ~~ ~~ | 09 | ~~ [073]
 25 | ~~ ~~ ~~ | 0a | ~~ [073]
 00 | ~~ ~~ ~~ | ~~ | ~~ [073]
 62 | ~~ ~~ ~~ | 0b | ~~ [073]
 00 | ~~ ~~ ~~ | ~~ | 4a [074]
 26 | ~~ ~~ ~~ | 0c | ~~ [074]
 00 | 4b ~~ ~~ | ~~ | ~~ [074]
 52 | ~~ ~~ ~~ | 0d | ~~ [074]
 00 | ~~ ~~ ~~ | ~~ | ~~ [074]
 70 | ~~ ~~ ~~ | 0e | ~~ [074]
 00 | ~~ ~~ ~~ | 07 | ~~ [074]
 40 | ~~ ~~ ~~ | 08 | ~~ [074]
 00 | ~~ ~~ ~~ | 09 | ~~ [074]
 25 | ~~ ~~ ~~ | 0a | ~~ [074]
 00 | ~~ ~~ ~~ | ~~ | ~~ [074]
 62 | ~~ ~~ ~~ | 0b | ~~ [074]
 00 | ~~ ~~ ~~ | ~~ | 4b [075]
 26 | ~~ ~~ ~~ | 0c | ~~ [075]
 00 | 4c ~~ ~~ | ~~ | ~~ [075]
 52 | ~~ ~~ ~~ | 0d | ~~ [075]
 00 | ~~ ~~ ~~ | ~~ | ~~ [075]
 70 | ~~ ~~ ~~ | 0e | ~~ [075]
 00 | ~~ ~~ ~~ | 07 | ~~ [075]
 40 | ~~ ~~ ~~ | 08 | ~~ [075]
 00 | ~~ ~~ ~~ | 09 | ~~ [075]
 25 | ~~ ~~ ~~ | 0a | ~~ [075]
 00 | ~~ ~~ ~~ | ~~ | ~~ [075]
 62 | ~~ ~~ ~~ | 0b | ~~ [075]
 00 | ~~ ~~ ~~ | ~~ | 4c [076]
 26 | ~~ ~~ ~~ | 0c | ~~ [076]
 00 | 4d ~~ ~~ | ~~ | ~~ [076]
 52 | ~~ ~~ ~~ | 0d | ~~ [076]
 00 | ~~ ~~ ~~ | ~~ | ~~ [076]
 70 | ~~ ~~ ~~ | 0e | ~~ [076]
 00 | ~~ ~~ ~~ | 07 | ~~ [076]
 40 | ~~ ~~ ~~ | 08 | ~~ [076]
 00 | ~~ ~~ ~~ | 09 | ~~ [076]
 25 | ~~ ~~ ~~ | 0a | ~~ [076]
 00 | ~~ ~~ ~~ | ~~ | ~~ [076]
 62 | ~~ ~~ ~~ | 0b | ~~ [076]
 00 | ~~ ~~ ~~ | ~~ | 4d [077]
 26 | ~~ ~~ ~~ | 0c | ~~ [077]
 00 | 4e ~~ ~~ | ~~ | ~~ [077]
 52 | ~~ ~~ ~~ | 0d | ~~ [077]
 00 | ~~ ~~ ~~ | ~~ | ~~ [077]
